#
# There is insufficient memory for the Java Runtime Environment to continue.
# Native memory allocation (malloc) failed to allocate 32744 bytes for ChunkPool::allocate
# Possible reasons:
#   The system is out of physical RAM or swap space
#   In 32 bit mode, the process size limit was hit
# Possible solutions:
#   Reduce memory load on the system
#   Increase physical memory or swap space
#   Check if swap backing store is full
#   Use 64 bit Java on a 64 bit OS
#   Decrease Java heap size (-Xmx/-Xms)
#   Decrease number of Java threads
#   Decrease Java thread stack sizes (-Xss)
#   Set larger code cache with -XX:ReservedCodeCacheSize=
# This output file may be truncated or incomplete.
#
#  Out of Memory Error (allocation.cpp:273), pid=4844, tid=0x000000000000251c
#
# JRE version: Java(TM) SE Runtime Environment (8.0_92-b14) (build 1.8.0_92-b14)
# Java VM: Java HotSpot(TM) 64-Bit Server VM (25.92-b14 mixed mode windows-amd64 compressed oops)
# Failed to write core dump. Minidumps are not enabled by default on client versions of Windows
#

---------------  T H R E A D  ---------------

Current thread (0x0000000017b69000):  JavaThread "C2 CompilerThread1" daemon [_thread_in_native, id=9500, stack(0x0000000018340000,0x0000000018440000)]

Stack: [0x0000000018340000,0x0000000018440000]
[error occurred during error reporting (printing stack bounds), id 0xc0000005]

Native frames: (J=compiled Java code, j=interpreted, Vv=VM code, C=native code)


Current CompileTask:
C2:  34376 4059       4       java.lang.Class::getMethod0 (40 bytes)


---------------  P R O C E S S  ---------------

Java Threads: ( => current thread )
  0x000000001c774800 JavaThread "File lock request listener" [_thread_in_native, id=836, stack(0x000000001bee0000,0x000000001bfe0000)]
  0x0000000019b4d000 JavaThread "Stdin handler" [_thread_blocked, id=9660, stack(0x000000001a810000,0x000000001a910000)]
  0x0000000019888800 JavaThread "Daemon worker" [_thread_in_native, id=9488, stack(0x000000001a6d0000,0x000000001a7d0000)]
  0x0000000019823000 JavaThread "Cancel handler" [_thread_blocked, id=16064, stack(0x000000001a5d0000,0x000000001a6d0000)]
  0x00000000197de000 JavaThread "Handler for socket connection from /127.0.0.1:55823 to /127.0.0.1:55825" [_thread_in_native, id=14232, stack(0x000000001a4d0000,0x000000001a5d0000)]
  0x00000000197da800 JavaThread "Daemon" [_thread_blocked, id=14620, stack(0x000000001a3d0000,0x000000001a4d0000)]
  0x00000000196ac000 JavaThread "Incoming local TCP Connector on port 55823" [_thread_in_native, id=16120, stack(0x0000000019040000,0x0000000019140000)]
  0x0000000017c14000 JavaThread "Service Thread" daemon [_thread_blocked, id=12572, stack(0x0000000018640000,0x0000000018740000)]
  0x0000000017b77800 JavaThread "C1 CompilerThread3" daemon [_thread_blocked, id=5924, stack(0x0000000018540000,0x0000000018640000)]
  0x0000000017b6e000 JavaThread "C2 CompilerThread2" daemon [_thread_blocked, id=9292, stack(0x0000000018440000,0x0000000018540000)]
=>0x0000000017b69000 JavaThread "C2 CompilerThread1" daemon [_thread_in_native, id=9500, stack(0x0000000018340000,0x0000000018440000)]
  0x0000000015c1c800 JavaThread "C2 CompilerThread0" daemon [_thread_blocked, id=1816, stack(0x0000000018240000,0x0000000018340000)]
  0x0000000015c1a000 JavaThread "Attach Listener" daemon [_thread_blocked, id=9700, stack(0x0000000018140000,0x0000000018240000)]
  0x0000000017b1c000 JavaThread "Signal Dispatcher" daemon [_thread_blocked, id=10208, stack(0x0000000018040000,0x0000000018140000)]
  0x00000000030ee800 JavaThread "Finalizer" daemon [_thread_blocked, id=16296, stack(0x0000000017ee0000,0x0000000017fe0000)]
  0x00000000030e5000 JavaThread "Reference Handler" daemon [_thread_blocked, id=4796, stack(0x00000000179e0000,0x0000000017ae0000)]
  0x0000000002b6e000 JavaThread "main" [_thread_blocked, id=5192, stack(0x0000000002ef0000,0x0000000002ff0000)]

Other Threads:
  0x0000000015c0a000 VMThread [stack: 0x00000000178e0000,0x00000000179e0000] [id=11624]
  0x0000000017c78800 WatcherThread [stack: 0x0000000018740000,0x0000000018840000] [id=15284]

VM state:not at safepoint (normal execution)

VM Mutex/Monitor currently owned by a thread: None

Heap:
 PSYoungGen      total 47616K, used 3524K [0x00000000eab00000, 0x00000000eed00000, 0x0000000100000000)
  eden space 35840K, 9% used [0x00000000eab00000,0x00000000eae71040,0x00000000ece00000)
  from space 11776K, 0% used [0x00000000edb80000,0x00000000edb80000,0x00000000ee700000)
  to   space 13824K, 0% used [0x00000000ece00000,0x00000000ece00000,0x00000000edb80000)
 ParOldGen       total 74240K, used 20903K [0x00000000c0000000, 0x00000000c4880000, 0x00000000eab00000)
  object space 74240K, 28% used [0x00000000c0000000,0x00000000c1469d60,0x00000000c4880000)
 Metaspace       used 35756K, capacity 36438K, committed 36608K, reserved 1081344K
  class space    used 4865K, capacity 5083K, committed 5120K, reserved 1048576K

Card table byte_map: [0x00000000124b0000,0x00000000126c0000] byte_map_base: 0x0000000011eb0000

Marking Bits: (ParMarkBitMap*) 0x00000000736764f0
 Begin Bits: [0x0000000013020000, 0x0000000014020000)
 End Bits:   [0x0000000014020000, 0x0000000015020000)

Polling page: 0x0000000000f70000

CodeCache: size=245760Kb used=15118Kb max_used=15154Kb free=230641Kb
 bounds [0x00000000030f0000, 0x0000000003fd0000, 0x00000000120f0000]
 total_blobs=4496 nmethods=3824 adapters=584
 compilation: enabled

Compilation events (10 events):
Event: 34.297 Thread 0x0000000017b77800 nmethod 4087 0x0000000003f9a890 code [0x0000000003f9a9e0, 0x0000000003f9aaf0]
Event: 34.297 Thread 0x0000000017b77800 4089       3       sun.reflect.AccessorGenerator::getClassName (184 bytes)
Event: 34.299 Thread 0x0000000017b77800 nmethod 4089 0x0000000003f9ab50 code [0x0000000003f9aea0, 0x0000000003f9c8d8]
Event: 34.299 Thread 0x0000000017b77800 4092       1       com.sun.xml.internal.bind.v2.model.impl.TypeInfoImpl::reader (8 bytes)
Event: 34.299 Thread 0x0000000017b77800 nmethod 4092 0x0000000003f9d0d0 code [0x0000000003f9d220, 0x0000000003f9d330]
Event: 34.299 Thread 0x0000000017b77800 4090       3       com.sun.xml.internal.bind.v2.model.nav.ReflectionNavigator::isSameType (13 bytes)
Event: 34.299 Thread 0x0000000017b77800 nmethod 4090 0x0000000003f9d3d0 code [0x0000000003f9d560, 0x0000000003f9da68]
Event: 34.299 Thread 0x0000000017b77800 4091       3       com.sun.xml.internal.bind.v2.model.nav.ReflectionNavigator::isSameType (6 bytes)
Event: 34.299 Thread 0x0000000017b77800 nmethod 4091 0x0000000003f9dbd0 code [0x0000000003f9dd40, 0x0000000003f9df68]
Event: 34.317 Thread 0x0000000015c1c800 nmethod 4041 0x0000000003fa8ad0 code [0x0000000003fa9e80, 0x0000000003fb3520]

GC Heap History (10 events):
Event: 24.234 GC heap before
{Heap before GC invocations=10 (full 1):
 PSYoungGen      total 40960K, used 37371K [0x00000000eab00000, 0x00000000ede80000, 0x0000000100000000)
  eden space 31232K, 100% used [0x00000000eab00000,0x00000000ec980000,0x00000000ec980000)
  from space 9728K, 63% used [0x00000000ed500000,0x00000000edafec88,0x00000000ede80000)
  to   space 10752K, 0% used [0x00000000ec980000,0x00000000ec980000,0x00000000ed400000)
 ParOldGen       total 51712K, used 12627K [0x00000000c0000000, 0x00000000c3280000, 0x00000000eab00000)
  object space 51712K, 24% used [0x00000000c0000000,0x00000000c0c54f90,0x00000000c3280000)
 Metaspace       used 30718K, capacity 31268K, committed 31488K, reserved 1077248K
  class space    used 4142K, capacity 4314K, committed 4352K, reserved 1048576K
Event: 24.244 GC heap after
Heap after GC invocations=10 (full 1):
 PSYoungGen      total 36864K, used 5827K [0x00000000eab00000, 0x00000000edd00000, 0x0000000100000000)
  eden space 30720K, 0% used [0x00000000eab00000,0x00000000eab00000,0x00000000ec900000)
  from space 6144K, 94% used [0x00000000ec980000,0x00000000ecf30c30,0x00000000ecf80000)
  to   space 10240K, 0% used [0x00000000ed300000,0x00000000ed300000,0x00000000edd00000)
 ParOldGen       total 51712K, used 12635K [0x00000000c0000000, 0x00000000c3280000, 0x00000000eab00000)
  object space 51712K, 24% used [0x00000000c0000000,0x00000000c0c56f90,0x00000000c3280000)
 Metaspace       used 30718K, capacity 31268K, committed 31488K, reserved 1077248K
  class space    used 4142K, capacity 4314K, committed 4352K, reserved 1048576K
}
Event: 26.568 GC heap before
{Heap before GC invocations=11 (full 1):
 PSYoungGen      total 36864K, used 36547K [0x00000000eab00000, 0x00000000edd00000, 0x0000000100000000)
  eden space 30720K, 100% used [0x00000000eab00000,0x00000000ec900000,0x00000000ec900000)
  from space 6144K, 94% used [0x00000000ec980000,0x00000000ecf30c30,0x00000000ecf80000)
  to   space 10240K, 0% used [0x00000000ed300000,0x00000000ed300000,0x00000000edd00000)
 ParOldGen       total 51712K, used 12635K [0x00000000c0000000, 0x00000000c3280000, 0x00000000eab00000)
  object space 51712K, 24% used [0x00000000c0000000,0x00000000c0c56f90,0x00000000c3280000)
 Metaspace       used 33072K, capacity 33646K, committed 33920K, reserved 1079296K
  class space    used 4445K, capacity 4610K, committed 4736K, reserved 1048576K
Event: 26.579 GC heap after
Heap after GC invocations=11 (full 1):
 PSYoungGen      total 40448K, used 8460K [0x00000000eab00000, 0x00000000ee580000, 0x0000000100000000)
  eden space 30208K, 0% used [0x00000000eab00000,0x00000000eab00000,0x00000000ec880000)
  from space 10240K, 82% used [0x00000000ed300000,0x00000000edb43250,0x00000000edd00000)
  to   space 10752K, 0% used [0x00000000ec880000,0x00000000ec880000,0x00000000ed300000)
 ParOldGen       total 51712K, used 12643K [0x00000000c0000000, 0x00000000c3280000, 0x00000000eab00000)
  object space 51712K, 24% used [0x00000000c0000000,0x00000000c0c58f90,0x00000000c3280000)
 Metaspace       used 33072K, capacity 33646K, committed 33920K, reserved 1079296K
  class space    used 4445K, capacity 4610K, committed 4736K, reserved 1048576K
}
Event: 28.988 GC heap before
{Heap before GC invocations=12 (full 1):
 PSYoungGen      total 40448K, used 38668K [0x00000000eab00000, 0x00000000ee580000, 0x0000000100000000)
  eden space 30208K, 100% used [0x00000000eab00000,0x00000000ec880000,0x00000000ec880000)
  from space 10240K, 82% used [0x00000000ed300000,0x00000000edb43250,0x00000000edd00000)
  to   space 10752K, 0% used [0x00000000ec880000,0x00000000ec880000,0x00000000ed300000)
 ParOldGen       total 51712K, used 12643K [0x00000000c0000000, 0x00000000c3280000, 0x00000000eab00000)
  object space 51712K, 24% used [0x00000000c0000000,0x00000000c0c58f90,0x00000000c3280000)
 Metaspace       used 33630K, capacity 34188K, committed 34432K, reserved 1079296K
  class space    used 4512K, capacity 4682K, committed 4736K, reserved 1048576K
Event: 28.997 GC heap after
Heap after GC invocations=12 (full 1):
 PSYoungGen      total 40960K, used 10539K [0x00000000eab00000, 0x00000000ee700000, 0x0000000100000000)
  eden space 30208K, 0% used [0x00000000eab00000,0x00000000eab00000,0x00000000ec880000)
  from space 10752K, 98% used [0x00000000ec880000,0x00000000ed2cafb8,0x00000000ed300000)
  to   space 11776K, 0% used [0x00000000edb80000,0x00000000edb80000,0x00000000ee700000)
 ParOldGen       total 51712K, used 12651K [0x00000000c0000000, 0x00000000c3280000, 0x00000000eab00000)
  object space 51712K, 24% used [0x00000000c0000000,0x00000000c0c5af90,0x00000000c3280000)
 Metaspace       used 33630K, capacity 34188K, committed 34432K, reserved 1079296K
  class space    used 4512K, capacity 4682K, committed 4736K, reserved 1048576K
}
Event: 29.701 GC heap before
{Heap before GC invocations=13 (full 1):
 PSYoungGen      total 40960K, used 33250K [0x00000000eab00000, 0x00000000ee700000, 0x0000000100000000)
  eden space 30208K, 75% used [0x00000000eab00000,0x00000000ec12d908,0x00000000ec880000)
  from space 10752K, 98% used [0x00000000ec880000,0x00000000ed2cafb8,0x00000000ed300000)
  to   space 11776K, 0% used [0x00000000edb80000,0x00000000edb80000,0x00000000ee700000)
 ParOldGen       total 51712K, used 12651K [0x00000000c0000000, 0x00000000c3280000, 0x00000000eab00000)
  object space 51712K, 24% used [0x00000000c0000000,0x00000000c0c5af90,0x00000000c3280000)
 Metaspace       used 34619K, capacity 35264K, committed 35496K, reserved 1079296K
  class space    used 4670K, capacity 4850K, committed 4864K, reserved 1048576K
Event: 29.712 GC heap after
Heap after GC invocations=13 (full 1):
 PSYoungGen      total 47616K, used 11762K [0x00000000eab00000, 0x00000000eed00000, 0x0000000100000000)
  eden space 35840K, 0% used [0x00000000eab00000,0x00000000eab00000,0x00000000ece00000)
  from space 11776K, 99% used [0x00000000edb80000,0x00000000ee6fcaa8,0x00000000ee700000)
  to   space 13824K, 0% used [0x00000000ece00000,0x00000000ece00000,0x00000000edb80000)
 ParOldGen       total 51712K, used 13858K [0x00000000c0000000, 0x00000000c3280000, 0x00000000eab00000)
  object space 51712K, 26% used [0x00000000c0000000,0x00000000c0d888c8,0x00000000c3280000)
 Metaspace       used 34619K, capacity 35264K, committed 35496K, reserved 1079296K
  class space    used 4670K, capacity 4850K, committed 4864K, reserved 1048576K
}
Event: 29.712 GC heap before
{Heap before GC invocations=14 (full 2):
 PSYoungGen      total 47616K, used 11762K [0x00000000eab00000, 0x00000000eed00000, 0x0000000100000000)
  eden space 35840K, 0% used [0x00000000eab00000,0x00000000eab00000,0x00000000ece00000)
  from space 11776K, 99% used [0x00000000edb80000,0x00000000ee6fcaa8,0x00000000ee700000)
  to   space 13824K, 0% used [0x00000000ece00000,0x00000000ece00000,0x00000000edb80000)
 ParOldGen       total 51712K, used 13858K [0x00000000c0000000, 0x00000000c3280000, 0x00000000eab00000)
  object space 51712K, 26% used [0x00000000c0000000,0x00000000c0d888c8,0x00000000c3280000)
 Metaspace       used 34619K, capacity 35264K, committed 35496K, reserved 1079296K
  class space    used 4670K, capacity 4850K, committed 4864K, reserved 1048576K
Event: 29.803 GC heap after
Heap after GC invocations=14 (full 2):
 PSYoungGen      total 47616K, used 0K [0x00000000eab00000, 0x00000000eed00000, 0x0000000100000000)
  eden space 35840K, 0% used [0x00000000eab00000,0x00000000eab00000,0x00000000ece00000)
  from space 11776K, 0% used [0x00000000edb80000,0x00000000edb80000,0x00000000ee700000)
  to   space 13824K, 0% used [0x00000000ece00000,0x00000000ece00000,0x00000000edb80000)
 ParOldGen       total 74240K, used 20903K [0x00000000c0000000, 0x00000000c4880000, 0x00000000eab00000)
  object space 74240K, 28% used [0x00000000c0000000,0x00000000c1469d60,0x00000000c4880000)
 Metaspace       used 34619K, capacity 35264K, committed 35496K, reserved 1079296K
  class space    used 4670K, capacity 4850K, committed 4864K, reserved 1048576K
}

Deoptimization events (10 events):
Event: 28.643 Thread 0x0000000019888800 Uncommon trap: reason=class_check action=maybe_recompile pc=0x0000000003c626f0 method=sun.security.provider.DigestBase.engineUpdate([BII)V @ 128
Event: 28.664 Thread 0x0000000019888800 Uncommon trap: reason=unstable_if action=reinterpret pc=0x0000000003c09180 method=java.util.LinkedHashMap.get(Ljava/lang/Object;)Ljava/lang/Object; @ 20
Event: 28.693 Thread 0x0000000019888800 Uncommon trap: reason=class_check action=maybe_recompile pc=0x0000000003c626f0 method=sun.security.provider.DigestBase.engineUpdate([BII)V @ 128
Event: 28.694 Thread 0x0000000019888800 Uncommon trap: reason=class_check action=maybe_recompile pc=0x0000000003c626f0 method=sun.security.provider.DigestBase.engineUpdate([BII)V @ 128
Event: 28.911 Thread 0x0000000019888800 Uncommon trap: reason=unstable_if action=reinterpret pc=0x0000000003279050 method=java.util.WeakHashMap.put(Ljava/lang/Object;Ljava/lang/Object;)Ljava/lang/Object; @ 59
Event: 29.016 Thread 0x0000000019888800 Uncommon trap: reason=bimorphic action=maybe_recompile pc=0x0000000003e1aed4 method=java.util.regex.Pattern$Curly.match(Ljava/util/regex/Matcher;ILjava/lang/CharSequence;)Z @ 19
Event: 33.963 Thread 0x0000000019888800 Uncommon trap: reason=bimorphic action=maybe_recompile pc=0x0000000003b0fa3c method=java.util.AbstractList$Itr.next()Ljava/lang/Object; @ 14
Event: 34.130 Thread 0x0000000019888800 Uncommon trap: reason=bimorphic action=maybe_recompile pc=0x0000000003b0fa3c method=java.util.AbstractList$Itr.next()Ljava/lang/Object; @ 14
Event: 34.130 Thread 0x0000000019888800 Uncommon trap: reason=bimorphic action=maybe_recompile pc=0x0000000003b0fa3c method=java.util.AbstractList$Itr.next()Ljava/lang/Object; @ 14
Event: 34.217 Thread 0x0000000019888800 Uncommon trap: reason=bimorphic action=maybe_recompile pc=0x0000000003b0fa3c method=java.util.AbstractList$Itr.next()Ljava/lang/Object; @ 14

Internal exceptions (10 events):
Event: 29.205 Thread 0x0000000019888800 Exception <a 'java/lang/ClassNotFoundException': org/gradle/api/file/FileTreeBeanInfo> (0x00000000eb94e578) thrown at [D:\re\workspace\8-2-build-windows-amd64-cygwin\jdk8u92\6642\hotspot\src\share\vm\classfile\systemDictionary.cpp, line 210]
Event: 29.206 Thread 0x0000000019888800 Exception <a 'java/lang/ClassNotFoundException': org/gradle/api/file/FileTreeCustomizer> (0x00000000eb96d9d8) thrown at [D:\re\workspace\8-2-build-windows-amd64-cygwin\jdk8u92\6642\hotspot\src\share\vm\classfile\systemDictionary.cpp, line 210]
Event: 29.206 Thread 0x0000000019888800 Exception <a 'java/lang/ClassNotFoundException': org/gradle/api/file/ConfigurableFileTreeBeanInfo> (0x00000000eb9a4a40) thrown at [D:\re\workspace\8-2-build-windows-amd64-cygwin\jdk8u92\6642\hotspot\src\share\vm\classfile\systemDictionary.cpp, line 210]
Event: 29.207 Thread 0x0000000019888800 Exception <a 'java/lang/ClassNotFoundException': org/gradle/api/file/ConfigurableFileTreeCustomizer> (0x00000000eb9c8128) thrown at [D:\re\workspace\8-2-build-windows-amd64-cygwin\jdk8u92\6642\hotspot\src\share\vm\classfile\systemDictionary.cpp, line 210]
Event: 29.207 Thread 0x0000000019888800 Exception <a 'java/lang/ClassNotFoundException': org/gradle/api/file/DirectoryTreeBeanInfo> (0x00000000eb9fb920) thrown at [D:\re\workspace\8-2-build-windows-amd64-cygwin\jdk8u92\6642\hotspot\src\share\vm\classfile\systemDictionary.cpp, line 210]
Event: 29.208 Thread 0x0000000019888800 Exception <a 'java/lang/ClassNotFoundException': org/gradle/api/file/DirectoryTreeCustomizer> (0x00000000eba1d618) thrown at [D:\re\workspace\8-2-build-windows-amd64-cygwin\jdk8u92\6642\hotspot\src\share\vm\classfile\systemDictionary.cpp, line 210]
Event: 29.208 Thread 0x0000000019888800 Exception <a 'java/lang/ClassNotFoundException': org/gradle/api/tasks/util/PatternFilterableBeanInfo> (0x00000000eba516d0) thrown at [D:\re\workspace\8-2-build-windows-amd64-cygwin\jdk8u92\6642\hotspot\src\share\vm\classfile\systemDictionary.cpp, line 210]öW…`5=@
Event: 29.209 Thread 0x0000000019888800 Exception <a 'java/lang/ClassNotFoundException': org/gradle/api/tasks/util/PatternFilterableCustomizer> (0x00000000eba77348) thrown at [D:\re\workspace\8-2-build-windows-amd64-cygwin\jdk8u92\6642\hotspot\src\share\vm\classfile\systemDictionary.cpp, line 21uÎ€‹m|>@
Event: 30.486 Thread 0x0000000019888800 Exception <a 'java/lang/ClassNotFoundException': com/sun/org/glassfish/hk2/osgiresourcelocator/ServiceLoader> (0x00000000eabd6b00) thrown at [D:\re\workspace\8-2-build-windows-amd64-cygwin\jdk8u92\6642\hotspot\src\share\vm\classfile\systemDictionary.cpp, l
Event: 30.988 Thread 0x0000000019888800 Exception <a 'java/lang/NullPointerException'> (0x00000000eac0b688) thrown at [D:\re\workspace\8-2-build-windows-amd64-cygwin\jdk8u92\6642\hotspot\src\share\vm\interpreter\linkResolver.cpp, line 1280]

Events (10 events):
Event: 34.287 loading class com/sun/xml/internal/bind/v2/model/impl/RuntimeValuePropertyInfoImpl done
Event: 34.290 loading class sun/reflect/generics/repository/FieldRepository
Event: 34.290 loading class sun/reflect/generics/repository/FieldRepository done
Event: 34.290 loading class com/sun/xml/internal/bind/v2/model/nav/ReflectionNavigator$BinderArg
Event: 34.290 loading class com/sun/xml/internal/bind/v2/model/nav/ReflectionNavigator$BinderArg done
Event: 34.290 loading class com/sun/xml/internal/bind/v2/model/nav/ParameterizedTypeImpl
Event: 34.290 loading class com/sun/xml/internal/bind/v2/model/nav/ParameterizedTypeImpl done
Event: 34.298 loading class com/sun/xml/internal/bind/api/impl/NameConverter
Event: 34.347 loading class com/sun/xml/internal/bind/api/impl/NameConverter done
Event: 34.347 loading class com/sun/xml/internal/bind/api/impl/NameConverter$Standard


Dynamic libraries:
0x00007ff663d70000 - 0x00007ff663da7000 	D:\java\JDK\bin\java.exe
0x00007ffaa9fa0000 - 0x00007ffaaa171000 	C:\WINDOWS\SYSTEM32\ntdll.dll
0x00007ffaa86c0000 - 0x00007ffaa876b000 	C:\WINDOWS\System32\KERNEL32.DLL
0x00007ffaa70e0000 - 0x00007ffaa72fd000 	C:\WINDOWS\System32\KERNELBASE.dll
0x00007ffaa77d0000 - 0x00007ffaa7872000 	C:\WINDOWS\System32\ADVAPI32.dll
0x00007ffaa8770000 - 0x00007ffaa880e000 	C:\WINDOWS\System32\msvcrt.dll
0x00007ffaa88f0000 - 0x00007ffaa8949000 	C:\WINDOWS\System32\sechost.dll
0x00007ffaa8590000 - 0x00007ffaa86b1000 	C:\WINDOWS\System32\RPCRT4.dll
0x00007ffaa7650000 - 0x00007ffaa77b5000 	C:\WINDOWS\System32\USER32.dll
0x00007ffaa6870000 - 0x00007ffaa688e000 	C:\WINDOWS\System32\win32u.dll
0x00007ffaa75f0000 - 0x00007ffaa7624000 	C:\WINDOWS\System32\GDI32.dll
0x00007ffaa66e0000 - 0x00007ffaa6862000 	C:\WINDOWS\System32\gdi32full.dll
0x00007ffa95560000 - 0x00007ffa957da000 	C:\WINDOWS\WinSxS\amd64_microsoft.windows.common-controls_6595b64144ccf1df_6.0.14393.953_none_42151e83c686086b\COMCTL32.dll
0x00007ffaa8190000 - 0x00007ffaa8458000 	C:\WINDOWS\System32\combase.dll
0x00007ffaa6890000 - 0x00007ffaa6985000 	C:\WINDOWS\System32\ucrtbase.dll
0x00007ffaa6990000 - 0x00007ffaa69fa000 	C:\WINDOWS\System32\bcryptPrimitives.dll
0x00007ffaa8460000 - 0x00007ffaa848e000 	C:\WINDOWS\System32\IMM32.DLL
0x0000000077d80000 - 0x0000000077e52000 	D:\java\JDK\jre\bin\msvcr100.dll
0x0000000072e60000 - 0x00000000736f6000 	D:\java\JDK\jre\bin\server\jvm.dll
0x00007ffaa7630000 - 0x00007ffaa7638000 	C:\WINDOWS\System32\PSAPI.DLL
0x00007ffa9ae70000 - 0x00007ffa9ae79000 	C:\WINDOWS\SYSTEM32\WSOCK32.dll
0x00007ffaa4600000 - 0x00007ffaa4623000 	C:\WINDOWS\SYSTEM32\WINMM.dll
0x00007ffaa3bf0000 - 0x00007ffaa3bfa000 	C:\WINDOWS\SYSTEM32\VERSION.dll
0x00007ffaa7d10000 - 0x00007ffaa7d7a000 	C:\WINDOWS\System32\WS2_32.dll
0x00007ffaa4030000 - 0x00007ffaa405b000 	C:\WINDOWS\SYSTEM32\WINMMBASE.dll
0x00007ffaa6690000 - 0x00007ffaa66d2000 	C:\WINDOWS\System32\cfgmgr32.dll
0x0000000077590000 - 0x000000007759f000 	D:\java\JDK\jre\bin\verify.dll
0x0000000077560000 - 0x0000000077589000 	D:\java\JDK\jre\bin\java.dll
0x0000000077540000 - 0x0000000077556000 	D:\java\JDK\jre\bin\zip.dll
0x00007ffaa8950000 - 0x00007ffaa9e59000 	C:\WINDOWS\System32\SHELL32.dll
0x00007ffaa6a00000 - 0x00007ffaa70da000 	C:\WINDOWS\System32\windows.storage.dll
0x00007ffaa6410000 - 0x00007ffaa645c000 	C:\WINDOWS\System32\powrprof.dll
0x00007ffaa7530000 - 0x00007ffaa7582000 	C:\WINDOWS\System32\shlwapi.dll
0x00007ffaa6460000 - 0x00007ffaa646f000 	C:\WINDOWS\System32\kernel.appcore.dll
0x00007ffaa65e0000 - 0x00007ffaa6689000 	C:\WINDOWS\System32\shcore.dll
0x00007ffaa6470000 - 0x00007ffaa6484000 	C:\WINDOWS\System32\profapi.dll
0x0000000077520000 - 0x000000007753a000 	D:\java\JDK\jre\bin\net.dll
0x00007ffaa5ca0000 - 0x00007ffaa5cfc000 	C:\WINDOWS\system32\mswsock.dll
0x0000000077500000 - 0x0000000077511000 	D:\java\JDK\jre\bin\nio.dll
0x00007ffa99870000 - 0x00007ffa99882000 	C:\Users\EdwardPC\.gradle\native\19\windows-amd64\native-platform.dll
0x00007ffaa5a20000 - 0x00007ffaa5a58000 	C:\WINDOWS\SYSTEM32\IPHLPAPI.DLL
0x00007ffaa7640000 - 0x00007ffaa7648000 	C:\WINDOWS\System32\NSI.dll
0x00007ffaa0e70000 - 0x00007ffaa0e86000 	C:\WINDOWS\SYSTEM32\dhcpcsvc6.DLL
0x00007ffaa0d70000 - 0x00007ffaa0d8a000 	C:\WINDOWS\SYSTEM32\dhcpcsvc.DLL
0x00007ffaa5e40000 - 0x00007ffaa5e57000 	C:\WINDOWS\SYSTEM32\CRYPTSP.dll
0x00007ffaa58a0000 - 0x00007ffaa58d3000 	C:\WINDOWS\system32\rsaenh.dll
0x00007ffaa6350000 - 0x00007ffaa637b000 	C:\WINDOWS\SYSTEM32\bcrypt.dll
0x00007ffaa5b30000 - 0x00007ffaa5b4f000 	C:\WINDOWS\SYSTEM32\USERENV.dll
0x00007ffaa5e60000 - 0x00007ffaa5e6b000 	C:\WINDOWS\SYSTEM32\CRYPTBASE.dll
0x0000000077300000 - 0x000000007730d000 	D:\java\JDK\jre\bin\management.dll

VM Arguments:
jvm_args: -XX:MaxPermSize=256m -XX:+HeapDumpOnOutOfMemoryError -Xmx1024m -Dfile.encoding=GBK -Duser.country=CN -Duser.language=zh -Duser.variant 
java_command: org.gradle.launcher.daemon.bootstrap.GradleDaemon 2.10
java_class_path (initial): C:\Users\EdwardPC\.gradle\wrapper\dists\gradle-2.10-all\a4w5fzrkeut1ox71xslb49gst\gradle-2.10\lib\gradle-launcher-2.10.jar
Launcher Type: SUN_STANDARD

Environment Variables:
JAVA_HOME=D:\java\JDK
PATH=C:\Program Files (x86)\Tesseract-OCR;C:\Python27\Scripts\;C:\WINDOWS\system32;C:\WINDOWS;C:\WINDOWS\System32\Wbem;C:\WINDOWS\System32\WindowsPowerShell\v1.0\;C:\Program Files\Microsoft SQL Server\110\Tools\Binn\;C:\Program Files\Microsoft SQL Server\120\Tools\Binn\;C:\WINDOWS\system32\config\systemprofile\.dnx\bin;C:\Program Files\Microsoft DNX\Dnvm\;C:\Program Files (x86)\Windows Kits\10\Windows Performance Toolkit\;C:\Python27;D:\Git\bin;C:\Program Files\MATLAB\MATLAB Runtime\v90\bin;C:\Program Files\MATLAB\MATLAB Runtime\v90\runtime\win64;D:\java\JDK\bin;D:\java\JRE\bin;C:\Program Files (x86)\IDM Computer Solutions\UltraEdit;C:\Users\EdwardPC\AppData\Local\Microsoft\WindowsApps;C:\Users\EdwardPC\AppData\Roaming\npm;C:\Python27;C:\Python36;C:\Program Files\SQLite Expert\Personal 4;C:\Python27\Scripts\;C:\Program Files\MATLAB\MATLAB Runtime\v90\bin\win64;C:\Program Files\MATLAB\MATLAB Runtime\v90\bin
USERNAME=EdwardPC
OS=Windows_NT
PROCESSOR_IDENTIFIER=Intel64 Family 6 Model 60 Stepping 3, GenuineIntel



---------------  S Y S T E M  ---------------

OS: Windows 10.0 , 64 bit Build 14393 (10.0.14393.0)

CPU:total 8 (4 cores per cpu, 2 threads per core) family 6 model 60 stepping 3, cmov, cx8, fxsr, mmx, sse, sse2, sse3, ssse3, sse4.1, sse4.2, popcnt, avx, avx2, aes, clmul, erms, lzcnt, ht, tsc, tscinvbit, bmi1, bmi2

Memory: 4k page, physical 8277272k(1038092k free), swap 8277272k(8540k free)

vm_info: Java HotSpot(TM) 64-Bit Server VM (25.92-b14) for windows-amd64 JRE (1.8.0_92-b14), built on Mar 31 2016 21:03:04 by "java_re" with MS VC++ 10.0 (VS2010)

time: Wed May 10 23:38:08 2017
elapsed time: 34 seconds (0d 0h 0m 34s)

