#
# There is insufficient memory for the Java Runtime Environment to continue.
# Native memory allocation (malloc) failed to allocate 1121456 bytes for Chunk::new
# Possible reasons:
#   The system is out of physical RAM or swap space
#   In 32 bit mode, the process size limit was hit
# Possible solutions:
#   Reduce memory load on the system
#   Increase physical memory or swap space
#   Check if swap backing store is full
#   Use 64 bit Java on a 64 bit OS
#   Decrease Java heap size (-Xmx/-Xms)
#   Decrease number of Java threads
#   Decrease Java thread stack sizes (-Xss)
#   Set larger code cache with -XX:ReservedCodeCacheSize=
# This output file may be truncated or incomplete.
#
#  Out of Memory Error (allocation.cpp:390), pid=18044, tid=0x00000000000051d8
#
# JRE version: Java(TM) SE Runtime Environment (8.0_92-b14) (build 1.8.0_92-b14)
# Java VM: Java HotSpot(TM) 64-Bit Server VM (25.92-b14 mixed mode windows-amd64 compressed oops)
# Failed to write core dump. Minidumps are not enabled by default on client versions of Windows
#

---------------  T H R E A D  ---------------

Current thread (0x0000000017568000):  JavaThread "C2 CompilerThread1" daemon [_thread_in_native, id=20952, stack(0x0000000017d50000,0x0000000017e50000)]

Stack: [0x0000000017d50000,0x0000000017e50000]
[error occurred during error reporting (printing stack bounds), id 0xc0000005]

Native frames: (J=compiled Java code, j=interpreted, Vv=VM code, C=native code)


Current CompileTask:
C2:   4913 1416       4       java.net.URLClassLoader$1::run (5 bytes)


---------------  P R O C E S S  ---------------

Java Threads: ( => current thread )
  0x0000000019359800 JavaThread "Stdin handler" [_thread_blocked, id=7708, stack(0x000000001a520000,0x000000001a620000)]
  0x000000001935b000 JavaThread "Daemon worker" [_thread_in_native, id=14264, stack(0x000000001a420000,0x000000001a520000)]
  0x00000000193ea000 JavaThread "Cancel handler" [_thread_blocked, id=11760, stack(0x000000001a320000,0x000000001a420000)]
  0x00000000192b6800 JavaThread "Handler for socket connection from /127.0.0.1:61043 to /127.0.0.1:61049" [_thread_in_native, id=16772, stack(0x000000001a220000,0x000000001a320000)]
  0x00000000192bf000 JavaThread "Daemon" [_thread_blocked, id=11400, stack(0x000000001a120000,0x000000001a220000)]
  0x0000000019090800 JavaThread "Incoming local TCP Connector on port 61043" [_thread_in_native, id=18196, stack(0x0000000018a90000,0x0000000018b90000)]
  0x0000000017594000 JavaThread "Service Thread" daemon [_thread_blocked, id=20408, stack(0x0000000018050000,0x0000000018150000)]
  0x000000001757e000 JavaThread "C1 CompilerThread3" daemon [_thread_blocked, id=15592, stack(0x0000000017f50000,0x0000000018050000)]
  0x000000001756e000 JavaThread "C2 CompilerThread2" daemon [_thread_blocked, id=8912, stack(0x0000000017e50000,0x0000000017f50000)]
=>0x0000000017568000 JavaThread "C2 CompilerThread1" daemon [_thread_in_native, id=20952, stack(0x0000000017d50000,0x0000000017e50000)]
  0x0000000017566000 JavaThread "C2 CompilerThread0" daemon [_thread_blocked, id=16500, stack(0x0000000017c50000,0x0000000017d50000)]
  0x0000000017563800 JavaThread "Attach Listener" daemon [_thread_blocked, id=15840, stack(0x0000000017b50000,0x0000000017c50000)]
  0x0000000017563000 JavaThread "Signal Dispatcher" daemon [_thread_blocked, id=13888, stack(0x0000000017a50000,0x0000000017b50000)]
  0x0000000002aa8800 JavaThread "Finalizer" daemon [_thread_blocked, id=19880, stack(0x00000000178e0000,0x00000000179e0000)]
  0x0000000002aa5000 JavaThread "Reference Handler" daemon [_thread_blocked, id=20852, stack(0x00000000173e0000,0x00000000174e0000)]
  0x000000000251e800 JavaThread "main" [_thread_blocked, id=20080, stack(0x0000000002560000,0x0000000002660000)]

Other Threads:
  0x00000000155fa000 VMThread [stack: 0x00000000172e0000,0x00000000173e0000] [id=20892]
  0x0000000017678000 WatcherThread [stack: 0x0000000018150000,0x0000000018250000] [id=19416]

VM state:not at safepoint (normal execution)

VM Mutex/Monitor currently owned by a thread: None

Heap:
 PSYoungGen      total 38400K, used 25477K [0x00000000eab00000, 0x00000000ed580000, 0x0000000100000000)
  eden space 33280K, 61% used [0x00000000eab00000,0x00000000ebee65d0,0x00000000ecb80000)
  from space 5120K, 99% used [0x00000000ed080000,0x00000000ed57af70,0x00000000ed580000)
  to   space 5120K, 0% used [0x00000000ecb80000,0x00000000ecb80000,0x00000000ed080000)
 ParOldGen       total 87552K, used 1950K [0x00000000c0000000, 0x00000000c5580000, 0x00000000eab00000)
  object space 87552K, 2% used [0x00000000c0000000,0x00000000c01e7ae8,0x00000000c5580000)
 Metaspace       used 16858K, capacity 17258K, committed 17536K, reserved 1064960K
  class space    used 2263K, capacity 2389K, committed 2432K, reserved 1048576K

Card table byte_map: [0x0000000011e80000,0x0000000012090000] byte_map_base: 0x0000000011880000

Marking Bits: (ParMarkBitMap*) 0x000000005c0f64f0
 Begin Bits: [0x00000000129f0000, 0x00000000139f0000)
 End Bits:   [0x00000000139f0000, 0x00000000149f0000)

Polling page: 0x00000000024f0000

CodeCache: size=245760Kb used=4810Kb max_used=4810Kb free=240949Kb
 bounds [0x0000000002ac0000, 0x0000000002f80000, 0x0000000011ac0000]
 total_blobs=1795 nmethods=1421 adapters=286
 compilation: enabled

Compilation events (10 events):
Event: 4.659 Thread 0x000000001757e000 1418       3       sun.misc.JarIndex::get (49 bytes)
Event: 4.659 Thread 0x000000001757e000 nmethod 1418 0x0000000002f698d0 code [0x0000000002f69aa0, 0x0000000002f6a318]
Event: 4.671 Thread 0x000000001757e000 1419       3       sun.net.util.URLUtil::urlNoFragString (114 bytes)
Event: 4.672 Thread 0x000000001757e000 nmethod 1419 0x0000000002f74510 code [0x0000000002f747a0, 0x0000000002f75c68]
Event: 4.689 Thread 0x000000001757e000 1420       3       java.util.regex.Pattern$1::isSatisfiedBy (13 bytes)
Event: 4.690 Thread 0x000000001757e000 nmethod 1420 0x0000000002f67550 code [0x0000000002f676c0, 0x0000000002f67970]
Event: 4.690 Thread 0x000000001757e000 1421       3       java.util.regex.Pattern::access$200 (7 bytes)
Event: 4.690 Thread 0x000000001757e000 nmethod 1421 0x0000000002f69490 code [0x0000000002f69600, 0x0000000002f69830]
Event: 4.691 Thread 0x000000001757e000 1422       3       java.util.regex.Pattern$5::isSatisfiedBy (28 bytes)
Event: 4.692 Thread 0x000000001757e000 nmethod 1422 0x0000000002f6f5d0 code [0x0000000002f6f760, 0x0000000002f6faf8]

GC Heap History (4 events):
Event: 1.282 GC heap before
{Heap before GC invocations=1 (full 0):
 PSYoungGen      total 38400K, used 33280K [0x00000000eab00000, 0x00000000ed580000, 0x0000000100000000)
  eden space 33280K, 100% used [0x00000000eab00000,0x00000000ecb80000,0x00000000ecb80000)
  from space 5120K, 0% used [0x00000000ed080000,0x00000000ed080000,0x00000000ed580000)
  to   space 5120K, 0% used [0x00000000ecb80000,0x00000000ecb80000,0x00000000ed080000)
 ParOldGen       total 87552K, used 0K [0x00000000c0000000, 0x00000000c5580000, 0x00000000eab00000)
  object space 87552K, 0% used [0x00000000c0000000,0x00000000c0000000,0x00000000c5580000)
 Metaspace       used 6117K, capacity 6334K, committed 6528K, reserved 1056768K
  class space    used 791K, capacity 834K, committed 896K, reserved 1048576K
Event: 1.302 GC heap after
Heap after GC invocations=1 (full 0):
 PSYoungGen      total 38400K, used 4327K [0x00000000eab00000, 0x00000000ed580000, 0x0000000100000000)
  eden space 33280K, 0% used [0x00000000eab00000,0x00000000eab00000,0x00000000ecb80000)
  from space 5120K, 84% used [0x00000000ecb80000,0x00000000ecfb9ee0,0x00000000ed080000)
  to   space 5120K, 0% used [0x00000000ed080000,0x00000000ed080000,0x00000000ed580000)
 ParOldGen       total 87552K, used 16K [0x00000000c0000000, 0x00000000c5580000, 0x00000000eab00000)
  object space 87552K, 0% used [0x00000000c0000000,0x00000000c0004000,0x00000000c5580000)
 Metaspace       used 6117K, capacity 6334K, committed 6528K, reserved 1056768K
  class space    used 791K, capacity 834K, committed 896K, reserved 1048576K
}
Event: 3.755 GC heap before
{Heap before GC invocations=2 (full 0):
 PSYoungGen      total 38400K, used 37607K [0x00000000eab00000, 0x00000000ed580000, 0x0000000100000000)
  eden space 33280K, 100% used [0x00000000eab00000,0x00000000ecb80000,0x00000000ecb80000)
  from space 5120K, 84% used [0x00000000ecb80000,0x00000000ecfb9ee0,0x00000000ed080000)
  to   space 5120K, 0% used [0x00000000ed080000,0x00000000ed080000,0x00000000ed580000)
 ParOldGen       total 87552K, used 16K [0x00000000c0000000, 0x00000000c5580000, 0x00000000eab00000)
  object space 87552K, 0% used [0x00000000c0000000,0x00000000c0004000,0x00000000c5580000)
 Metaspace       used 12780K, capacity 13162K, committed 13440K, reserved 1060864K
  class space    used 1739K, capacity 1877K, committed 1920K, reserved 1048576K
Event: 3.765 GC heap after
Heap after GC invocations=2 (full 0):
 PSYoungGen      total 38400K, used 5099K [0x00000000eab00000, 0x00000000ed580000, 0x0000000100000000)
  eden space 33280K, 0% used [0x00000000eab00000,0x00000000eab00000,0x00000000ecb80000)
  from space 5120K, 99% used [0x00000000ed080000,0x00000000ed57af70,0x00000000ed580000)
  to   space 5120K, 0% used [0x00000000ecb80000,0x00000000ecb80000,0x00000000ed080000)
 ParOldGen       total 87552K, used 1950K [0x00000000c0000000, 0x00000000c5580000, 0x00000000eab00000)
  object space 87552K, 2% used [0x00000000c0000000,0x00000000c01e7ae8,0x00000000c5580000)
 Metaspace       used 12780K, capacity 13162K, committed 13440K, reserved 1060864K
  class space    used 1739K, capacity 1877K, committed 1920K, reserved 1048576K
}

Deoptimization events (10 events):
Event: 2.616 Thread 0x000000000251e800 Uncommon trap: reason=unstable_if action=reinterpret pc=0x0000000002e22604 method=java.lang.String.substring(I)Ljava/lang/String; @ 35
Event: 3.046 Thread 0x000000001935b000 Uncommon trap: reason=bimorphic action=maybe_recompile pc=0x0000000002cf57d4 method=java.util.HashMap.putVal(ILjava/lang/Object;Ljava/lang/Object;ZZ)Ljava/lang/Object; @ 91
Event: 3.046 Thread 0x000000001935b000 Uncommon trap: reason=bimorphic action=maybe_recompile pc=0x0000000002cf57d4 method=java.util.HashMap.putVal(ILjava/lang/Object;Ljava/lang/Object;ZZ)Ljava/lang/Object; @ 91
Event: 3.046 Thread 0x000000001935b000 Uncommon trap: reason=bimorphic action=maybe_recompile pc=0x0000000002cf57d4 method=java.util.HashMap.putVal(ILjava/lang/Object;Ljava/lang/Object;ZZ)Ljava/lang/Object; @ 91
Event: 3.046 Thread 0x000000001935b000 Uncommon trap: reason=bimorphic action=maybe_recompile pc=0x0000000002cf851c method=java.util.HashMap.putVal(ILjava/lang/Object;Ljava/lang/Object;ZZ)Ljava/lang/Object; @ 91
Event: 3.442 Thread 0x000000001935b000 Uncommon trap: reason=bimorphic action=maybe_recompile pc=0x0000000002d13cfc method=java.util.HashMap.putVal(ILjava/lang/Object;Ljava/lang/Object;ZZ)Ljava/lang/Object; @ 203
Event: 3.442 Thread 0x000000001935b000 Uncommon trap: reason=bimorphic action=maybe_recompile pc=0x0000000002d13cc4 method=java.util.HashMap.putVal(ILjava/lang/Object;Ljava/lang/Object;ZZ)Ljava/lang/Object; @ 91
Event: 3.443 Thread 0x000000001935b000 Uncommon trap: reason=bimorphic action=maybe_recompile pc=0x0000000002eb8ee0 method=java.util.HashMap.putVal(ILjava/lang/Object;Ljava/lang/Object;ZZ)Ljava/lang/Object; @ 203
Event: 4.357 Thread 0x000000001935b000 Uncommon trap: reason=unstable_if action=reinterpret pc=0x0000000002d4d548 method=java.util.HashMap.getNode(ILjava/lang/Object;)Ljava/util/HashMap$Node; @ 129
Event: 4.358 Thread 0x000000001935b000 Uncommon trap: reason=unstable_if action=reinterpret pc=0x0000000002d265fc method=java.util.HashMap.getNode(ILjava/lang/Object;)Ljava/util/HashMap$Node; @ 129

Internal exceptions (10 events):
Event: 4.314 Thread 0x000000001935b000 Exception <a 'java/lang/ClassNotFoundException': groovy/lang/ExpandoMetaClassBeanInfo> (0x00000000eb20b2c0) thrown at [D:\re\workspace\8-2-build-windows-amd64-cygwin\jdk8u92\6642\hotspot\src\share\vm\classfile\systemDictionary.cpp, line 210]
Event: 4.314 Thread 0x000000001935b000 Exception <a 'java/lang/ClassNotFoundException': groovy/lang/MetaClassImplBeanInfo> (0x00000000eb215ad8) thrown at [D:\re\workspace\8-2-build-windows-amd64-cygwin\jdk8u92\6642\hotspot\src\share\vm\classfile\systemDictionary.cpp, line 210]
Event: 4.314 Thread 0x000000001935b000 Exception <a 'java/lang/ClassNotFoundException': java/lang/ObjectBeanInfo> (0x00000000eb21a880) thrown at [D:\re\workspace\8-2-build-windows-amd64-cygwin\jdk8u92\6642\hotspot\src\share\vm\classfile\systemDictionary.cpp, line 210]
Event: 4.315 Thread 0x000000001935b000 Exception <a 'java/lang/ClassNotFoundException': java/lang/ObjectCustomizer> (0x00000000eb21f770) thrown at [D:\re\workspace\8-2-build-windows-amd64-cygwin\jdk8u92\6642\hotspot\src\share\vm\classfile\systemDictionary.cpp, line 210]
Event: 4.319 Thread 0x000000001935b000 Exception <a 'java/lang/ClassNotFoundException': groovy/lang/MetaClassImplCustomizer> (0x00000000eb231c80) thrown at [D:\re\workspace\8-2-build-windows-amd64-cygwin\jdk8u92\6642\hotspot\src\share\vm\classfile\systemDictionary.cpp, line 210]
Event: 4.322 Thread 0x000000001935b000 Exception <a 'java/lang/ClassNotFoundException': groovy/lang/ExpandoMetaClassCustomizer> (0x00000000eb265710) thrown at [D:\re\workspace\8-2-build-windows-amd64-cygwin\jdk8u92\6642\hotspot\src\share\vm\classfile\systemDictionary.cpp, line 210]
Event: 4.334 Thread 0x000000001935b000 Exception <a 'java/lang/ClassNotFoundException': org/gradle/api/internal/plugins/DefaultExtraPropertiesExtensionBeanInfo> (0x00000000eb2e5d48) thrown at [D:\re\workspace\8-2-build-windows-amd64-cygwin\jdk8u92\6642\hotspot\src\share\vm\classfile\systemDicti²Ã6ÖV@
Event: 4.335 Thread 0x000000001935b000 Exception <a 'java/lang/ClassNotFoundException': groovy/lang/GroovyObjectSupportBeanInfo> (0x00000000eb2f1660) thrown at [D:\re\workspace\8-2-build-windows-amd64-cygwin\jdk8u92\6642\hotspot\src\share\vm\classfile\systemDictionary.cpp, line 210]
Event: 4.335 Thread 0x000000001935b000 Exception <a 'java/lang/ClassNotFoundException': groovy/lang/GroovyObjectSupportCustomizer> (0x00000000eb2fd2e0) thrown at [D:\re\workspace\8-2-build-windows-amd64-cygwin\jdk8u92\6642\hotspot\src\share\vm\classfile\systemDictionary.cpp, line 210]
Event: 4.336 Thread 0x000000001935b000 Exception <a 'java/lang/ClassNotFoundException': org/gradle/api/internal/plugins/DefaultExtraPropertiesExtensionCustomizer> (0x00000000eb312fa8) thrown at [D:\re\workspace\8-2-build-windows-amd64-cygwin\jdk8u92\6642\hotspot\src\share\vm\classfile\systemDicäøŒA@

Events (10 events):
Event: 4.826 loading class org/apache/ivy/plugins/matcher/Matcher
Event: 4.826 loading class org/apache/ivy/plugins/matcher/Matcher done
Event: 4.827 loading class org/apache/ivy/plugins/matcher/RegexpPatternMatcher
Event: 4.827 loading class org/apache/ivy/plugins/matcher/RegexpPatternMatcher done
Event: 4.850 loading class org/apache/ivy/plugins/matcher/ExactOrRegexpPatternMatcher
Event: 4.850 loading class org/apache/ivy/plugins/matcher/ExactOrRegexpPatternMatcher done
Event: 4.850 loading class org/apache/ivy/plugins/matcher/GlobPatternMatcher
Event: 4.850 loading class org/apache/ivy/plugins/matcher/GlobPatternMatcher done
Event: 4.851 loading class org/gradle/api/internal/artifacts/ivyservice/ivyresolve/strategy/DefaultVersionComparator
Event: 4.851 loading class org/gradle/api/internal/artifacts/ivyservice/ivyresolve/strategy/DefaultVersionComparator done


Dynamic libraries:
0x00007ff630830000 - 0x00007ff630867000 	D:\java\JDK\bin\java.exe
0x00007fffdea70000 - 0x00007fffdec41000 	C:\WINDOWS\SYSTEM32\ntdll.dll
0x00007fffde130000 - 0x00007fffde1db000 	C:\WINDOWS\System32\KERNEL32.DLL
0x00007fffdb220000 - 0x00007fffdb43d000 	C:\WINDOWS\System32\KERNELBASE.dll
0x00007fffdc430000 - 0x00007fffdc4d2000 	C:\WINDOWS\System32\ADVAPI32.dll
0x00007fffdc050000 - 0x00007fffdc0ee000 	C:\WINDOWS\System32\msvcrt.dll
0x00007fffde0d0000 - 0x00007fffde129000 	C:\WINDOWS\System32\sechost.dll
0x00007fffde8a0000 - 0x00007fffde9c1000 	C:\WINDOWS\System32\RPCRT4.dll
0x00007fffde290000 - 0x00007fffde3f5000 	C:\WINDOWS\System32\USER32.dll
0x00007fffdaf60000 - 0x00007fffdaf7e000 	C:\WINDOWS\System32\win32u.dll
0x00007fffdc000000 - 0x00007fffdc034000 	C:\WINDOWS\System32\GDI32.dll
0x00007fffdb5e0000 - 0x00007fffdb762000 	C:\WINDOWS\System32\gdi32full.dll
0x00007fffd5af0000 - 0x00007fffd5d69000 	C:\WINDOWS\WinSxS\amd64_microsoft.windows.common-controls_6595b64144ccf1df_6.0.14393.447_none_42191651c6827bb3\COMCTL32.dll
0x00007fffdc0f0000 - 0x00007fffdc3b8000 	C:\WINDOWS\System32\combase.dll
0x00007fffdb4e0000 - 0x00007fffdb5d5000 	C:\WINDOWS\System32\ucrtbase.dll
0x00007fffdaf80000 - 0x00007fffdafea000 	C:\WINDOWS\System32\bcryptPrimitives.dll
0x00007fffde250000 - 0x00007fffde27e000 	C:\WINDOWS\System32\IMM32.DLL
0x000000005cae0000 - 0x000000005cbb2000 	D:\java\JDK\jre\bin\msvcr100.dll
0x000000005b8e0000 - 0x000000005c176000 	D:\java\JDK\jre\bin\server\jvm.dll
0x00007fffdc040000 - 0x00007fffdc048000 	C:\WINDOWS\System32\PSAPI.DLL
0x00007fffd90c0000 - 0x00007fffd90e3000 	C:\WINDOWS\SYSTEM32\WINMM.dll
0x00007fffd54e0000 - 0x00007fffd54ea000 	C:\WINDOWS\SYSTEM32\VERSION.dll
0x00007fffd92e0000 - 0x00007fffd92e9000 	C:\WINDOWS\SYSTEM32\WSOCK32.dll
0x00007fffde400000 - 0x00007fffde46a000 	C:\WINDOWS\System32\WS2_32.dll
0x00007fffd8c10000 - 0x00007fffd8c3b000 	C:\WINDOWS\SYSTEM32\WINMMBASE.dll
0x00007fffdb770000 - 0x00007fffdb7b2000 	C:\WINDOWS\System32\cfgmgr32.dll
0x000000005dd70000 - 0x000000005dd7f000 	D:\java\JDK\jre\bin\verify.dll
0x000000005dd40000 - 0x000000005dd69000 	D:\java\JDK\jre\bin\java.dll
0x000000005dd20000 - 0x000000005dd36000 	D:\java\JDK\jre\bin\zip.dll
0x00007fffdc9a0000 - 0x00007fffddea9000 	C:\WINDOWS\System32\SHELL32.dll
0x00007fffdb870000 - 0x00007fffdbf4a000 	C:\WINDOWS\System32\windows.storage.dll
0x00007fffdaef0000 - 0x00007fffdaf3c000 	C:\WINDOWS\System32\powrprof.dll
0x00007fffdc840000 - 0x00007fffdc892000 	C:\WINDOWS\System32\shlwapi.dll
0x00007fffdaf50000 - 0x00007fffdaf5f000 	C:\WINDOWS\System32\kernel.appcore.dll
0x00007fffdbf50000 - 0x00007fffdbff9000 	C:\WINDOWS\System32\shcore.dll
0x00007fffdaed0000 - 0x00007fffdaee4000 	C:\WINDOWS\System32\profapi.dll
0x000000005dd00000 - 0x000000005dd1a000 	D:\java\JDK\jre\bin\net.dll
0x00007fffda620000 - 0x00007fffda67c000 	C:\WINDOWS\system32\mswsock.dll
0x000000005dce0000 - 0x000000005dcf1000 	D:\java\JDK\jre\bin\nio.dll
0x00007fffd7fe0000 - 0x00007fffd7ff2000 	C:\Users\EdwardPC\.gradle\native\19\windows-amd64\native-platform.dll
0x00007fffda3b0000 - 0x00007fffda3e8000 	C:\WINDOWS\SYSTEM32\IPHLPAPI.DLL
0x00007fffde280000 - 0x00007fffde288000 	C:\WINDOWS\System32\NSI.dll
0x00007fffd5370000 - 0x00007fffd5386000 	C:\WINDOWS\SYSTEM32\dhcpcsvc6.DLL
0x00007fffd52c0000 - 0x00007fffd52da000 	C:\WINDOWS\SYSTEM32\dhcpcsvc.DLL
0x00007fffda920000 - 0x00007fffda937000 	C:\WINDOWS\SYSTEM32\CRYPTSP.dll
0x00007fffda820000 - 0x00007fffda853000 	C:\WINDOWS\system32\rsaenh.dll
0x00007fffdae20000 - 0x00007fffdae4b000 	C:\WINDOWS\SYSTEM32\bcrypt.dll
0x00007fffda4a0000 - 0x00007fffda4bf000 	C:\WINDOWS\SYSTEM32\USERENV.dll
0x00007fffda910000 - 0x00007fffda91b000 	C:\WINDOWS\SYSTEM32\CRYPTBASE.dll

VM Arguments:
jvm_args: -XX:MaxPermSize=256m -XX:+HeapDumpOnOutOfMemoryError -Xmx1024m -Dfile.encoding=GBK -Duser.country=CN -Duser.language=zh -Duser.variant 
java_command: org.gradle.launcher.daemon.bootstrap.GradleDaemon 2.10
java_class_path (initial): C:\Users\EdwardPC\.gradle\wrapper\dists\gradle-2.10-all\a4w5fzrkeut1ox71xslb49gst\gradle-2.10\lib\gradle-launcher-2.10.jar
Launcher Type: SUN_STANDARD

Environment Variables:
JAVA_HOME=D:\java\JDK
PATH=C:\Python34\;C:\Python34\Scripts;D:\perl\site\bin;D:\perl\bin;C:\ProgramData\Oracle\Java\javapath;C:\Program Files (x86)\NVIDIA Corporation\PhysX\Common;C:\Program Files (x86)\Intel\iCLS Client\;C:\Program Files\Intel\iCLS Client\;C:\Windows\system32;C:\Windows;C:\Windows\System32\Wbem;C:\Windows\System32\WindowsPowerShell\v1.0\;C:\Program Files (x86)\Acer\abFiles\;C:\Program Files\Intel\Intel(R) Management Engine Components\DAL;C:\Program Files\Intel\Intel(R) Management Engine Components\IPT;C:\Program Files (x86)\Intel\Intel(R) Management Engine Components\DAL;C:\Program Files (x86)\Intel\Intel(R) Management Engine Components\IPT;D:\java\JDK\bin;C:\WINDOWS\system32;C:\WINDOWS;C:\WINDOWS\System32\Wbem;C:\WINDOWS\System32\WindowsPowerShell\v1.0\;C:\WINDOWS\system32\config\systemprofile\.dnx\bin;C:\Program Files\Microsoft DNX\Dnvm\;C:\Program Files\Microsoft SQL Server\120\Tools\Binn\;C:\Program Files\Microsoft SQL Server\130\Tools\Binn\;C:\Program Files (x86)\nodejs\;C:\Program Files (x86)\Windows Kits\10\Windows Performance Toolkit\;D:\Git\cmd;D:\matlab2\runtime\win64;D:\matlab2\bin;D:\matlab\runtime\win64;D:\matlab\bin;D:\matlab\polyspace\bin;C:\Python27;C:\Program Files\MySQL\MySQL Server 5.7\bin;C:\Users\EdwardPC\AppData\Local\Microsoft\WindowsApps;C:\Users\EdwardPC\AppData\Roaming\npm;C:\Python27
USERNAME=EdwardPC
OS=Windows_NT
PROCESSOR_IDENTIFIER=Intel64 Family 6 Model 60 Stepping 3, GenuineIntel



---------------  S Y S T E M  ---------------

OS: Windows 10.0 , 64 bit Build 14393 (10.0.14393.0)

CPU:total 8 (4 cores per cpu, 2 threads per core) family 6 model 60 stepping 3, cmov, cx8, fxsr, mmx, sse, sse2, sse3, ssse3, sse4.1, sse4.2, popcnt, avx, avx2, aes, clmul, erms, lzcnt, ht, tsc, tscinvbit, bmi1, bmi2

Memory: 4k page, physical 8277272k(1319300k free), swap 8277272k(5540k free)

vm_info: Java HotSpot(TM) 64-Bit Server VM (25.92-b14) for windows-amd64 JRE (1.8.0_92-b14), built on Mar 31 2016 21:03:04 by "java_re" with MS VC++ 10.0 (VS2010)

time: Thu Dec 29 04:45:40 2016
elapsed time: 4 seconds (0d 0h 0m 4s)

