#
# There is insufficient memory for the Java Runtime Environment to continue.
# Native memory allocation (malloc) failed to allocate 788816 bytes for Chunk::new
# Possible reasons:
#   The system is out of physical RAM or swap space
#   In 32 bit mode, the process size limit was hit
# Possible solutions:
#   Reduce memory load on the system
#   Increase physical memory or swap space
#   Check if swap backing store is full
#   Use 64 bit Java on a 64 bit OS
#   Decrease Java heap size (-Xmx/-Xms)
#   Decrease number of Java threads
#   Decrease Java thread stack sizes (-Xss)
#   Set larger code cache with -XX:ReservedCodeCacheSize=
# This output file may be truncated or incomplete.
#
#  Out of Memory Error (allocation.cpp:390), pid=16836, tid=0x000000000000265c
#
# JRE version: Java(TM) SE Runtime Environment (8.0_92-b14) (build 1.8.0_92-b14)
# Java VM: Java HotSpot(TM) 64-Bit Server VM (25.92-b14 mixed mode windows-amd64 compressed oops)
# Failed to write core dump. Minidumps are not enabled by default on client versions of Windows
#

---------------  T H R E A D  ---------------

Current thread (0x000000001806f000):  JavaThread "C2 CompilerThread2" daemon [_thread_in_native, id=9820, stack(0x00000000188e0000,0x00000000189e0000)]

Stack: [0x00000000188e0000,0x00000000189e0000]
[error occurred during error reporting (printing stack bounds), id 0xc0000005]

Native frames: (J=compiled Java code, j=interpreted, Vv=VM code, C=native code)


Current CompileTask:
C2:   3706 1419       4       java.net.URLClassLoader$1::run (5 bytes)


---------------  P R O C E S S  ---------------

Java Threads: ( => current thread )
  0x0000000019917800 JavaThread "Stdin handler" [_thread_blocked, id=17272, stack(0x000000001af30000,0x000000001b030000)]
  0x000000001991d800 JavaThread "Daemon worker" [_thread_in_vm, id=14552, stack(0x000000001adf0000,0x000000001aef0000)]
  0x0000000019919000 JavaThread "Cancel handler" [_thread_blocked, id=6736, stack(0x000000001acf0000,0x000000001adf0000)]
  0x000000001991c800 JavaThread "Handler for socket connection from /127.0.0.1:61135 to /127.0.0.1:61139" [_thread_in_native, id=12896, stack(0x000000001abf0000,0x000000001acf0000)]
  0x000000001991c000 JavaThread "Daemon" [_thread_blocked, id=11212, stack(0x000000001aaf0000,0x000000001abf0000)]
  0x000000001991e000 JavaThread "Incoming local TCP Connector on port 61135" [_thread_in_native, id=10684, stack(0x000000001a510000,0x000000001a610000)]
  0x000000001808d000 JavaThread "Service Thread" daemon [_thread_blocked, id=17528, stack(0x0000000018ae0000,0x0000000018be0000)]
  0x0000000018079800 JavaThread "C1 CompilerThread3" daemon [_thread_blocked, id=17860, stack(0x00000000189e0000,0x0000000018ae0000)]
=>0x000000001806f000 JavaThread "C2 CompilerThread2" daemon [_thread_in_native, id=9820, stack(0x00000000188e0000,0x00000000189e0000)]
  0x0000000018068000 JavaThread "C2 CompilerThread1" daemon [_thread_blocked, id=6280, stack(0x00000000187e0000,0x00000000188e0000)]
  0x0000000018066000 JavaThread "C2 CompilerThread0" daemon [_thread_blocked, id=19720, stack(0x00000000186e0000,0x00000000187e0000)]
  0x0000000018063800 JavaThread "Attach Listener" daemon [_thread_blocked, id=15836, stack(0x00000000185e0000,0x00000000186e0000)]
  0x0000000018063000 JavaThread "Signal Dispatcher" daemon [_thread_blocked, id=12860, stack(0x00000000184e0000,0x00000000185e0000)]
  0x00000000035d8800 JavaThread "Finalizer" daemon [_thread_blocked, id=7060, stack(0x00000000183e0000,0x00000000184e0000)]
  0x00000000035d5000 JavaThread "Reference Handler" daemon [_thread_blocked, id=17584, stack(0x0000000017ee0000,0x0000000017fe0000)]
  0x0000000002fde800 JavaThread "main" [_thread_blocked, id=3840, stack(0x00000000033e0000,0x00000000034e0000)]

Other Threads:
  0x00000000160fa000 VMThread [stack: 0x0000000017de0000,0x0000000017ee0000] [id=588]
  0x0000000018091000 WatcherThread [stack: 0x0000000018be0000,0x0000000018ce0000] [id=20884]

VM state:not at safepoint (normal execution)

VM Mutex/Monitor currently owned by a thread: None

Heap:
 PSYoungGen      total 38400K, used 26580K [0x00000000eab00000, 0x00000000ed580000, 0x0000000100000000)
  eden space 33280K, 64% used [0x00000000eab00000,0x00000000ebffab38,0x00000000ecb80000)
  from space 5120K, 99% used [0x00000000ed080000,0x00000000ed57a7e8,0x00000000ed580000)
  to   space 5120K, 0% used [0x00000000ecb80000,0x00000000ecb80000,0x00000000ed080000)
 ParOldGen       total 87552K, used 1992K [0x00000000c0000000, 0x00000000c5580000, 0x00000000eab00000)
  object space 87552K, 2% used [0x00000000c0000000,0x00000000c01f2178,0x00000000c5580000)
 Metaspace       used 16959K, capacity 17320K, committed 17536K, reserved 1064960K
  class space    used 2284K, capacity 2426K, committed 2432K, reserved 1048576K

Card table byte_map: [0x00000000129a0000,0x0000000012bb0000] byte_map_base: 0x00000000123a0000

Marking Bits: (ParMarkBitMap*) 0x000000005c0f64f0
 Begin Bits: [0x0000000013510000, 0x0000000014510000)
 End Bits:   [0x0000000014510000, 0x0000000015510000)

Polling page: 0x0000000002f90000

CodeCache: size=245760Kb used=4789Kb max_used=4789Kb free=240970Kb
 bounds [0x00000000035e0000, 0x0000000003aa0000, 0x00000000125e0000]
 total_blobs=1798 nmethods=1424 adapters=286
 compilation: enabled

Compilation events (10 events):
Event: 3.633 Thread 0x0000000018079800 1421       3       sun.misc.JarIndex::get (49 bytes)
Event: 3.634 Thread 0x0000000018079800 nmethod 1421 0x0000000003a82f10 code [0x0000000003a830e0, 0x0000000003a83958]
Event: 3.644 Thread 0x0000000018079800 1422       3       sun.net.util.URLUtil::urlNoFragString (114 bytes)
Event: 3.645 Thread 0x0000000018079800 nmethod 1422 0x0000000003a8eb50 code [0x0000000003a8ede0, 0x0000000003a902a8]
Event: 3.659 Thread 0x0000000018079800 1423       3       java.util.regex.Pattern$1::isSatisfiedBy (13 bytes)
Event: 3.659 Thread 0x0000000018079800 nmethod 1423 0x0000000003a82a10 code [0x0000000003a82b80, 0x0000000003a82e30]
Event: 3.659 Thread 0x0000000018079800 1424       3       java.util.regex.Pattern::access$200 (7 bytes)
Event: 3.659 Thread 0x0000000018079800 nmethod 1424 0x0000000003a8a390 code [0x0000000003a8a500, 0x0000000003a8a730]
Event: 3.661 Thread 0x0000000018079800 1425       3       java.util.regex.Pattern$5::isSatisfiedBy (28 bytes)
Event: 3.661 Thread 0x0000000018079800 nmethod 1425 0x0000000003a89d50 code [0x0000000003a89ee0, 0x0000000003a8a278]

GC Heap History (4 events):
Event: 1.196 GC heap before
{Heap before GC invocations=1 (full 0):
 PSYoungGen      total 38400K, used 33280K [0x00000000eab00000, 0x00000000ed580000, 0x0000000100000000)
  eden space 33280K, 100% used [0x00000000eab00000,0x00000000ecb80000,0x00000000ecb80000)
  from space 5120K, 0% used [0x00000000ed080000,0x00000000ed080000,0x00000000ed580000)
  to   space 5120K, 0% used [0x00000000ecb80000,0x00000000ecb80000,0x00000000ed080000)
 ParOldGen       total 87552K, used 0K [0x00000000c0000000, 0x00000000c5580000, 0x00000000eab00000)
  object space 87552K, 0% used [0x00000000c0000000,0x00000000c0000000,0x00000000c5580000)
 Metaspace       used 6116K, capacity 6334K, committed 6528K, reserved 1056768K
  class space    used 792K, capacity 834K, committed 896K, reserved 1048576K
Event: 1.203 GC heap after
Heap after GC invocations=1 (full 0):
 PSYoungGen      total 38400K, used 4192K [0x00000000eab00000, 0x00000000ed580000, 0x0000000100000000)
  eden space 33280K, 0% used [0x00000000eab00000,0x00000000eab00000,0x00000000ecb80000)
  from space 5120K, 81% used [0x00000000ecb80000,0x00000000ecf98380,0x00000000ed080000)
  to   space 5120K, 0% used [0x00000000ed080000,0x00000000ed080000,0x00000000ed580000)
 ParOldGen       total 87552K, used 16K [0x00000000c0000000, 0x00000000c5580000, 0x00000000eab00000)
  object space 87552K, 0% used [0x00000000c0000000,0x00000000c0004000,0x00000000c5580000)
 Metaspace       used 6116K, capacity 6334K, committed 6528K, reserved 1056768K
  class space    used 792K, capacity 834K, committed 896K, reserved 1048576K
}
Event: 3.153 GC heap before
{Heap before GC invocations=2 (full 0):
 PSYoungGen      total 38400K, used 37472K [0x00000000eab00000, 0x00000000ed580000, 0x0000000100000000)
  eden space 33280K, 100% used [0x00000000eab00000,0x00000000ecb80000,0x00000000ecb80000)
  from space 5120K, 81% used [0x00000000ecb80000,0x00000000ecf98380,0x00000000ed080000)
  to   space 5120K, 0% used [0x00000000ed080000,0x00000000ed080000,0x00000000ed580000)
 ParOldGen       total 87552K, used 16K [0x00000000c0000000, 0x00000000c5580000, 0x00000000eab00000)
  object space 87552K, 0% used [0x00000000c0000000,0x00000000c0004000,0x00000000c5580000)
 Metaspace       used 12800K, capacity 13192K, committed 13440K, reserved 1060864K
  class space    used 1746K, capacity 1882K, committed 1920K, reserved 1048576K
Event: 3.168 GC heap after
Heap after GC invocations=2 (full 0):
 PSYoungGen      total 38400K, used 5097K [0x00000000eab00000, 0x00000000ed580000, 0x0000000100000000)
  eden space 33280K, 0% used [0x00000000eab00000,0x00000000eab00000,0x00000000ecb80000)
  from space 5120K, 99% used [0x00000000ed080000,0x00000000ed57a7e8,0x00000000ed580000)
  to   space 5120K, 0% used [0x00000000ecb80000,0x00000000ecb80000,0x00000000ed080000)
 ParOldGen       total 87552K, used 1992K [0x00000000c0000000, 0x00000000c5580000, 0x00000000eab00000)
  object space 87552K, 2% used [0x00000000c0000000,0x00000000c01f2178,0x00000000c5580000)
 Metaspace       used 12800K, capacity 13192K, committed 13440K, reserved 1060864K
  class space    used 1746K, capacity 1882K, committed 1920K, reserved 1048576K
}

Deoptimization events (10 events):
Event: 2.734 Thread 0x000000001991d800 Uncommon trap: reason=bimorphic action=maybe_recompile pc=0x000000000381c644 method=java.util.HashMap.putVal(ILjava/lang/Object;Ljava/lang/Object;ZZ)Ljava/lang/Object; @ 91
Event: 2.734 Thread 0x000000001991d800 Uncommon trap: reason=bimorphic action=maybe_recompile pc=0x000000000381c644 method=java.util.HashMap.putVal(ILjava/lang/Object;Ljava/lang/Object;ZZ)Ljava/lang/Object; @ 91
Event: 2.734 Thread 0x000000001991d800 Uncommon trap: reason=bimorphic action=maybe_recompile pc=0x000000000381c644 method=java.util.HashMap.putVal(ILjava/lang/Object;Ljava/lang/Object;ZZ)Ljava/lang/Object; @ 91
Event: 2.735 Thread 0x000000001991d800 Uncommon trap: reason=bimorphic action=maybe_recompile pc=0x000000000381d89c method=java.util.HashMap.putVal(ILjava/lang/Object;Ljava/lang/Object;ZZ)Ljava/lang/Object; @ 91
Event: 2.893 Thread 0x000000001991d800 Uncommon trap: reason=bimorphic action=maybe_recompile pc=0x000000000382d3b4 method=java.util.HashMap.putVal(ILjava/lang/Object;Ljava/lang/Object;ZZ)Ljava/lang/Object; @ 203
Event: 2.893 Thread 0x000000001991d800 Uncommon trap: reason=bimorphic action=maybe_recompile pc=0x000000000382d350 method=java.util.HashMap.putVal(ILjava/lang/Object;Ljava/lang/Object;ZZ)Ljava/lang/Object; @ 91
Event: 2.894 Thread 0x000000001991d800 Uncommon trap: reason=bimorphic action=maybe_recompile pc=0x00000000039dada0 method=java.util.HashMap.putVal(ILjava/lang/Object;Ljava/lang/Object;ZZ)Ljava/lang/Object; @ 203
Event: 2.894 Thread 0x000000001991d800 Uncommon trap: reason=bimorphic action=maybe_recompile pc=0x00000000039d8958 method=java.util.HashMap.putVal(ILjava/lang/Object;Ljava/lang/Object;ZZ)Ljava/lang/Object; @ 203
Event: 3.475 Thread 0x000000001991d800 Uncommon trap: reason=unstable_if action=reinterpret pc=0x0000000003872c88 method=java.util.HashMap.getNode(ILjava/lang/Object;)Ljava/util/HashMap$Node; @ 129
Event: 3.475 Thread 0x000000001991d800 Uncommon trap: reason=unstable_if action=reinterpret pc=0x000000000384f17c method=java.util.HashMap.getNode(ILjava/lang/Object;)Ljava/util/HashMap$Node; @ 129

Internal exceptions (10 events):
Event: 3.445 Thread 0x000000001991d800 Exception <a 'java/lang/ClassNotFoundException': groovy/lang/ExpandoMetaClassBeanInfo> (0x00000000eb2115f0) thrown at [D:\re\workspace\8-2-build-windows-amd64-cygwin\jdk8u92\6642\hotspot\src\share\vm\classfile\systemDictionary.cpp, line 210]
Event: 3.446 Thread 0x000000001991d800 Exception <a 'java/lang/ClassNotFoundException': groovy/lang/MetaClassImplBeanInfo> (0x00000000eb21be08) thrown at [D:\re\workspace\8-2-build-windows-amd64-cygwin\jdk8u92\6642\hotspot\src\share\vm\classfile\systemDictionary.cpp, line 210]
Event: 3.446 Thread 0x000000001991d800 Exception <a 'java/lang/ClassNotFoundException': java/lang/ObjectBeanInfo> (0x00000000eb220bb0) thrown at [D:\re\workspace\8-2-build-windows-amd64-cygwin\jdk8u92\6642\hotspot\src\share\vm\classfile\systemDictionary.cpp, line 210]
Event: 3.446 Thread 0x000000001991d800 Exception <a 'java/lang/ClassNotFoundException': java/lang/ObjectCustomizer> (0x00000000eb225aa0) thrown at [D:\re\workspace\8-2-build-windows-amd64-cygwin\jdk8u92\6642\hotspot\src\share\vm\classfile\systemDictionary.cpp, line 210]
Event: 3.453 Thread 0x000000001991d800 Exception <a 'java/lang/ClassNotFoundException': groovy/lang/MetaClassImplCustomizer> (0x00000000eb237fd0) thrown at [D:\re\workspace\8-2-build-windows-amd64-cygwin\jdk8u92\6642\hotspot\src\share\vm\classfile\systemDictionary.cpp, line 210]
Event: 3.457 Thread 0x000000001991d800 Exception <a 'java/lang/ClassNotFoundException': groovy/lang/ExpandoMetaClassCustomizer> (0x00000000eb26b7b0) thrown at [D:\re\workspace\8-2-build-windows-amd64-cygwin\jdk8u92\6642\hotspot\src\share\vm\classfile\systemDictionary.cpp, line 210]
Event: 3.469 Thread 0x000000001991d800 Exception <a 'java/lang/ClassNotFoundException': org/gradle/api/internal/plugins/DefaultExtraPropertiesExtensionBeanInfo> (0x00000000eb2ec040) thrown at [D:\re\workspace\8-2-build-windows-amd64-cygwin\jdk8u92\6642\hotspot\src\share\vm\classfile\systemDicti£T7o¡@
Event: 3.469 Thread 0x000000001991d800 Exception <a 'java/lang/ClassNotFoundException': groovy/lang/GroovyObjectSupportBeanInfo> (0x00000000eb2f7958) thrown at [D:\re\workspace\8-2-build-windows-amd64-cygwin\jdk8u92\6642\hotspot\src\share\vm\classfile\systemDictionary.cpp, line 210]
Event: 3.470 Thread 0x000000001991d800 Exception <a 'java/lang/ClassNotFoundException': groovy/lang/GroovyObjectSupportCustomizer> (0x00000000eb3035d8) thrown at [D:\re\workspace\8-2-build-windows-amd64-cygwin\jdk8u92\6642\hotspot\src\share\vm\classfile\systemDictionary.cpp, line 210]
Event: 3.471 Thread 0x000000001991d800 Exception <a 'java/lang/ClassNotFoundException': org/gradle/api/internal/plugins/DefaultExtraPropertiesExtensionCustomizer> (0x00000000eb3191d8) thrown at [D:\re\workspace\8-2-build-windows-amd64-cygwin\jdk8u92\6642\hotspot\src\share\vm\classfile\systemDict[)xLè@

Events (10 events):
Event: 3.699 loading class org/gradle/api/plugins/UnknownPluginException
Event: 3.699 loading class org/gradle/api/plugins/UnknownPluginException done
Event: 3.700 loading class org/gradle/plugin/use/resolve/internal/NoopPluginResolver
Event: 3.700 loading class org/gradle/plugin/use/resolve/internal/NoopPluginResolver done
Event: 3.701 loading class org/gradle/plugin/internal/PluginId
Event: 3.701 loading class org/gradle/plugin/internal/PluginId done
Event: 3.701 loading class org/gradle/plugin/internal/InvalidPluginIdException
Event: 3.701 loading class org/gradle/plugin/internal/InvalidPluginIdException done
Event: 3.702 loading class com/google/common/base/CharMatcher
Event: 3.702 loading class com/google/common/base/CharMatcher done


Dynamic libraries:
0x00007ff696b20000 - 0x00007ff696b57000 	D:\java\JDK\bin\java.exe
0x00007fffdea70000 - 0x00007fffdec41000 	C:\WINDOWS\SYSTEM32\ntdll.dll
0x00007fffde130000 - 0x00007fffde1db000 	C:\WINDOWS\System32\KERNEL32.DLL
0x00007fffdb220000 - 0x00007fffdb43d000 	C:\WINDOWS\System32\KERNELBASE.dll
0x00007fffdc430000 - 0x00007fffdc4d2000 	C:\WINDOWS\System32\ADVAPI32.dll
0x00007fffdc050000 - 0x00007fffdc0ee000 	C:\WINDOWS\System32\msvcrt.dll
0x00007fffde0d0000 - 0x00007fffde129000 	C:\WINDOWS\System32\sechost.dll
0x00007fffde8a0000 - 0x00007fffde9c1000 	C:\WINDOWS\System32\RPCRT4.dll
0x00007fffde290000 - 0x00007fffde3f5000 	C:\WINDOWS\System32\USER32.dll
0x00007fffdaf60000 - 0x00007fffdaf7e000 	C:\WINDOWS\System32\win32u.dll
0x00007fffdc000000 - 0x00007fffdc034000 	C:\WINDOWS\System32\GDI32.dll
0x00007fffdb5e0000 - 0x00007fffdb762000 	C:\WINDOWS\System32\gdi32full.dll
0x00007fffd5af0000 - 0x00007fffd5d69000 	C:\WINDOWS\WinSxS\amd64_microsoft.windows.common-controls_6595b64144ccf1df_6.0.14393.447_none_42191651c6827bb3\COMCTL32.dll
0x00007fffdc0f0000 - 0x00007fffdc3b8000 	C:\WINDOWS\System32\combase.dll
0x00007fffdb4e0000 - 0x00007fffdb5d5000 	C:\WINDOWS\System32\ucrtbase.dll
0x00007fffdaf80000 - 0x00007fffdafea000 	C:\WINDOWS\System32\bcryptPrimitives.dll
0x00007fffde250000 - 0x00007fffde27e000 	C:\WINDOWS\System32\IMM32.DLL
0x000000005cae0000 - 0x000000005cbb2000 	D:\java\JDK\jre\bin\msvcr100.dll
0x000000005b8e0000 - 0x000000005c176000 	D:\java\JDK\jre\bin\server\jvm.dll
0x00007fffdc040000 - 0x00007fffdc048000 	C:\WINDOWS\System32\PSAPI.DLL
0x00007fffd92e0000 - 0x00007fffd92e9000 	C:\WINDOWS\SYSTEM32\WSOCK32.dll
0x00007fffd90c0000 - 0x00007fffd90e3000 	C:\WINDOWS\SYSTEM32\WINMM.dll
0x00007fffd54e0000 - 0x00007fffd54ea000 	C:\WINDOWS\SYSTEM32\VERSION.dll
0x00007fffde400000 - 0x00007fffde46a000 	C:\WINDOWS\System32\WS2_32.dll
0x0000000002f60000 - 0x0000000002f8b000 	C:\WINDOWS\SYSTEM32\WINMMBASE.dll
0x00007fffdb770000 - 0x00007fffdb7b2000 	C:\WINDOWS\System32\cfgmgr32.dll
0x000000005dd70000 - 0x000000005dd7f000 	D:\java\JDK\jre\bin\verify.dll
0x000000005dd40000 - 0x000000005dd69000 	D:\java\JDK\jre\bin\java.dll
0x000000005dd20000 - 0x000000005dd36000 	D:\java\JDK\jre\bin\zip.dll
0x00007fffdc9a0000 - 0x00007fffddea9000 	C:\WINDOWS\System32\SHELL32.dll
0x00007fffdb870000 - 0x00007fffdbf4a000 	C:\WINDOWS\System32\windows.storage.dll
0x00007fffdaef0000 - 0x00007fffdaf3c000 	C:\WINDOWS\System32\powrprof.dll
0x00007fffdc840000 - 0x00007fffdc892000 	C:\WINDOWS\System32\shlwapi.dll
0x00007fffdaf50000 - 0x00007fffdaf5f000 	C:\WINDOWS\System32\kernel.appcore.dll
0x00007fffdbf50000 - 0x00007fffdbff9000 	C:\WINDOWS\System32\shcore.dll
0x00007fffdaed0000 - 0x00007fffdaee4000 	C:\WINDOWS\System32\profapi.dll
0x000000005dd00000 - 0x000000005dd1a000 	D:\java\JDK\jre\bin\net.dll
0x00007fffda620000 - 0x00007fffda67c000 	C:\WINDOWS\system32\mswsock.dll
0x000000005dce0000 - 0x000000005dcf1000 	D:\java\JDK\jre\bin\nio.dll
0x00007fffd7fe0000 - 0x00007fffd7ff2000 	C:\Users\EdwardPC\.gradle\native\19\windows-amd64\native-platform.dll
0x00007fffda3b0000 - 0x00007fffda3e8000 	C:\WINDOWS\SYSTEM32\IPHLPAPI.DLL
0x00007fffde280000 - 0x00007fffde288000 	C:\WINDOWS\System32\NSI.dll
0x00007fffd5370000 - 0x00007fffd5386000 	C:\WINDOWS\SYSTEM32\dhcpcsvc6.DLL
0x00007fffd52c0000 - 0x00007fffd52da000 	C:\WINDOWS\SYSTEM32\dhcpcsvc.DLL
0x00007fffda920000 - 0x00007fffda937000 	C:\WINDOWS\SYSTEM32\CRYPTSP.dll
0x00007fffda820000 - 0x00007fffda853000 	C:\WINDOWS\system32\rsaenh.dll
0x00007fffdae20000 - 0x00007fffdae4b000 	C:\WINDOWS\SYSTEM32\bcrypt.dll
0x00007fffda4a0000 - 0x00007fffda4bf000 	C:\WINDOWS\SYSTEM32\USERENV.dll
0x00007fffda910000 - 0x00007fffda91b000 	C:\WINDOWS\SYSTEM32\CRYPTBASE.dll

VM Arguments:
jvm_args: -XX:MaxPermSize=256m -XX:+HeapDumpOnOutOfMemoryError -Xmx1024m -Dfile.encoding=GBK -Duser.country=CN -Duser.language=zh -Duser.variant 
java_command: org.gradle.launcher.daemon.bootstrap.GradleDaemon 2.10
java_class_path (initial): C:\Users\EdwardPC\.gradle\wrapper\dists\gradle-2.10-all\a4w5fzrkeut1ox71xslb49gst\gradle-2.10\lib\gradle-launcher-2.10.jar
Launcher Type: SUN_STANDARD

Environment Variables:
JAVA_HOME=D:\java\JDK
PATH=C:\Python34\;C:\Python34\Scripts;D:\perl\site\bin;D:\perl\bin;C:\ProgramData\Oracle\Java\javapath;C:\Program Files (x86)\NVIDIA Corporation\PhysX\Common;C:\Program Files (x86)\Intel\iCLS Client\;C:\Program Files\Intel\iCLS Client\;C:\Windows\system32;C:\Windows;C:\Windows\System32\Wbem;C:\Windows\System32\WindowsPowerShell\v1.0\;C:\Program Files (x86)\Acer\abFiles\;C:\Program Files\Intel\Intel(R) Management Engine Components\DAL;C:\Program Files\Intel\Intel(R) Management Engine Components\IPT;C:\Program Files (x86)\Intel\Intel(R) Management Engine Components\DAL;C:\Program Files (x86)\Intel\Intel(R) Management Engine Components\IPT;D:\java\JDK\bin;C:\WINDOWS\system32;C:\WINDOWS;C:\WINDOWS\System32\Wbem;C:\WINDOWS\System32\WindowsPowerShell\v1.0\;C:\WINDOWS\system32\config\systemprofile\.dnx\bin;C:\Program Files\Microsoft DNX\Dnvm\;C:\Program Files\Microsoft SQL Server\120\Tools\Binn\;C:\Program Files\Microsoft SQL Server\130\Tools\Binn\;C:\Program Files (x86)\nodejs\;C:\Program Files (x86)\Windows Kits\10\Windows Performance Toolkit\;D:\Git\cmd;D:\matlab2\runtime\win64;D:\matlab2\bin;D:\matlab\runtime\win64;D:\matlab\bin;D:\matlab\polyspace\bin;C:\Python27;C:\Program Files\MySQL\MySQL Server 5.7\bin;C:\Users\EdwardPC\AppData\Local\Microsoft\WindowsApps;C:\Users\EdwardPC\AppData\Roaming\npm;C:\Python27
USERNAME=EdwardPC
OS=Windows_NT
PROCESSOR_IDENTIFIER=Intel64 Family 6 Model 60 Stepping 3, GenuineIntel



---------------  S Y S T E M  ---------------

OS: Windows 10.0 , 64 bit Build 14393 (10.0.14393.0)

CPU:total 8 (4 cores per cpu, 2 threads per core) family 6 model 60 stepping 3, cmov, cx8, fxsr, mmx, sse, sse2, sse3, ssse3, sse4.1, sse4.2, popcnt, avx, avx2, aes, clmul, erms, lzcnt, ht, tsc, tscinvbit, bmi1, bmi2

Memory: 4k page, physical 8277272k(1324352k free), swap 8277272k(5576k free)

vm_info: Java HotSpot(TM) 64-Bit Server VM (25.92-b14) for windows-amd64 JRE (1.8.0_92-b14), built on Mar 31 2016 21:03:04 by "java_re" with MS VC++ 10.0 (VS2010)

time: Thu Dec 29 04:45:53 2016
elapsed time: 3 seconds (0d 0h 0m 3s)

