#
# There is insufficient memory for the Java Runtime Environment to continue.
# Native memory allocation (malloc) failed to allocate 204416 bytes for Chunk::new
# Possible reasons:
#   The system is out of physical RAM or swap space
#   In 32 bit mode, the process size limit was hit
# Possible solutions:
#   Reduce memory load on the system
#   Increase physical memory or swap space
#   Check if swap backing store is full
#   Use 64 bit Java on a 64 bit OS
#   Decrease Java heap size (-Xmx/-Xms)
#   Decrease number of Java threads
#   Decrease Java thread stack sizes (-Xss)
#   Set larger code cache with -XX:ReservedCodeCacheSize=
# This output file may be truncated or incomplete.
#
#  Out of Memory Error (allocation.cpp:390), pid=9432, tid=0x000000000000105c
#
# JRE version: Java(TM) SE Runtime Environment (8.0_92-b14) (build 1.8.0_92-b14)
# Java VM: Java HotSpot(TM) 64-Bit Server VM (25.92-b14 mixed mode windows-amd64 compressed oops)
# Failed to write core dump. Minidumps are not enabled by default on client versions of Windows
#

---------------  T H R E A D  ---------------

Current thread (0x0000000017aa0000):  JavaThread "C2 CompilerThread2" daemon [_thread_in_native, id=4188, stack(0x0000000018310000,0x0000000018410000)]

Stack: [0x0000000018310000,0x0000000018410000]
[error occurred during error reporting (printing stack bounds), id 0xc0000005]

Native frames: (J=compiled Java code, j=interpreted, Vv=VM code, C=native code)


Current CompileTask:
C2:   3823  547       4       com.android.dx.ssa.NormalSsaInsn::accept (25 bytes)


---------------  P R O C E S S  ---------------

Java Threads: ( => current thread )
  0x0000000017d24800 JavaThread "pool-2-thread-4" [_thread_in_vm, id=16048, stack(0x0000000018b10000,0x0000000018c10000)]
  0x0000000017d21000 JavaThread "pool-2-thread-3" [_thread_in_Java, id=11220, stack(0x0000000018a10000,0x0000000018b10000)]
  0x0000000017d1e000 JavaThread "pool-2-thread-2" [_thread_blocked, id=13536, stack(0x0000000018910000,0x0000000018a10000)]
  0x0000000017d1c000 JavaThread "pool-3-thread-1" [_thread_blocked, id=15560, stack(0x0000000018810000,0x0000000018910000)]
  0x0000000017d17000 JavaThread "pool-2-thread-1" [_thread_in_Java, id=17596, stack(0x0000000018710000,0x0000000018810000)]
  0x0000000017b45000 JavaThread "Service Thread" daemon [_thread_blocked, id=4660, stack(0x0000000018510000,0x0000000018610000)]
  0x0000000017aa8000 JavaThread "C1 CompilerThread3" daemon [_thread_in_vm, id=14552, stack(0x0000000018410000,0x0000000018510000)]
=>0x0000000017aa0000 JavaThread "C2 CompilerThread2" daemon [_thread_in_native, id=4188, stack(0x0000000018310000,0x0000000018410000)]
  0x0000000017a9c000 JavaThread "C2 CompilerThread1" daemon [_thread_in_native, id=12884, stack(0x0000000018210000,0x0000000018310000)]
  0x0000000017a96000 JavaThread "C2 CompilerThread0" daemon [_thread_blocked, id=19420, stack(0x0000000018110000,0x0000000018210000)]
  0x0000000017a93000 JavaThread "Attach Listener" daemon [_thread_blocked, id=15444, stack(0x0000000018010000,0x0000000018110000)]
  0x0000000017a92800 JavaThread "Signal Dispatcher" daemon [_thread_blocked, id=2912, stack(0x0000000017f10000,0x0000000018010000)]
  0x0000000002ff8800 JavaThread "Finalizer" daemon [_thread_blocked, id=11816, stack(0x0000000017e10000,0x0000000017f10000)]
  0x0000000015b1d000 JavaThread "Reference Handler" daemon [_thread_blocked, id=15100, stack(0x0000000017910000,0x0000000017a10000)]
  0x0000000002f02800 JavaThread "main" [_thread_blocked, id=18480, stack(0x0000000002a30000,0x0000000002b30000)]

Other Threads:
  0x0000000015b19800 VMThread [stack: 0x0000000017810000,0x0000000017910000] [id=18820]
  0x0000000017b90800 WatcherThread [stack: 0x0000000018610000,0x0000000018710000] [id=2976]

VM state:not at safepoint (normal execution)

VM Mutex/Monitor currently owned by a thread: None

Heap:
 PSYoungGen      total 38400K, used 12905K [0x00000000eab00000, 0x00000000ed580000, 0x0000000100000000)
  eden space 33280K, 38% used [0x00000000eab00000,0x00000000eb79a750,0x00000000ecb80000)
  from space 5120K, 0% used [0x00000000ed080000,0x00000000ed080000,0x00000000ed580000)
  to   space 5120K, 0% used [0x00000000ecb80000,0x00000000ecb80000,0x00000000ed080000)
 ParOldGen       total 87552K, used 0K [0x00000000c0000000, 0x00000000c5580000, 0x00000000eab00000)
  object space 87552K, 0% used [0x00000000c0000000,0x00000000c0000000,0x00000000c5580000)
 Metaspace       used 5648K, capacity 6580K, committed 6784K, reserved 1056768K
  class space    used 599K, capacity 620K, committed 640K, reserved 1048576K

Card table byte_map: [0x00000000123c0000,0x00000000125d0000] byte_map_base: 0x0000000011dc0000

Marking Bits: (ParMarkBitMap*) 0x00000000702c64f0
 Begin Bits: [0x0000000012f30000, 0x0000000013f30000)
 End Bits:   [0x0000000013f30000, 0x0000000014f30000)

Polling page: 0x0000000001280000

CodeCache: size=245760Kb used=2396Kb max_used=2402Kb free=243363Kb
 bounds [0x0000000003000000, 0x0000000003270000, 0x0000000012000000]
 total_blobs=858 nmethods=587 adapters=184
 compilation: enabled

Compilation events (10 events):
Event: 3.819 Thread 0x0000000017aa8000  563       3       com.android.dx.rop.code.CstInsn::<init> (31 bytes)
Event: 3.819 Thread 0x0000000017aa8000 nmethod 563 0x000000000324c250 code [0x000000000324c3c0, 0x000000000324c678]
Event: 3.819 Thread 0x0000000017aa8000  518       1       com.android.dx.ssa.SsaRenamer::access$700 (5 bytes)
Event: 3.819 Thread 0x0000000017aa8000 nmethod 518 0x000000000324bf90 code [0x000000000324c0e0, 0x000000000324c1d0]
Event: 3.819 Thread 0x0000000017aa8000  591       3       com.android.dx.ssa.SsaInsn::<init> (29 bytes)
Event: 3.820 Thread 0x0000000017aa8000 nmethod 591 0x0000000003255250 code [0x00000000032553c0, 0x0000000003255688]
Event: 3.820 Thread 0x0000000017aa8000  592       3       com.android.dx.ssa.NormalSsaInsn::<init> (15 bytes)
Event: 3.820 Thread 0x0000000017aa8000 nmethod 592 0x0000000003254b10 code [0x0000000003254ca0, 0x00000000032550a8]
Event: 3.820 Thread 0x0000000017aa8000  594       3       com.android.dx.rop.code.RegisterSpecSet::mutableCopy (57 bytes)
Event: 3.820 Thread 0x0000000017a9c000  597       4       java.util.ArrayList::remove (69 bytes)

GC Heap History (0 events):
No events

Deoptimization events (0 events):
No events

Internal exceptions (2 events):
Event: 0.029 Thread 0x0000000002f02800 Exception <a 'java/lang/NoSuchMethodError': Method sun.misc.Unsafe.defineClass(Ljava/lang/String;[BII)Ljava/lang/Class; name or signature does not match> (0x00000000eab07cc0) thrown at [D:\re\workspace\8-2-build-windows-amd64-cygwin\jdk8u92\6642\hotspot\srà´7ˇù?
Event: 0.029 Thread 0x0000000002f02800 Exception <a 'java/lang/NoSuchMethodError': Method sun.misc.Unsafe.prefetchRead(Ljava/lang/Object;J)V name or signature does not match> (0x00000000eab07fa8) thrown at [D:\re\workspace\8-2-build-windows-amd64-cygwin\jdk8u92\6642\hotspot\src\share\vm\prims\j

Events (10 events):
Event: 3.756 loading class com/android/dx/cf/code/BytecodeArray$ConstantParserVisitor
Event: 3.756 loading class com/android/dx/cf/code/BytecodeArray$ConstantParserVisitor done
Event: 3.763 loading class com/android/dx/cf/code/Ropper$ExceptionHandlerSetup
Event: 3.763 loading class com/android/dx/cf/code/Ropper$ExceptionHandlerSetup done
Event: 3.780 loading class java/util/HashMap$Values
Event: 3.780 loading class java/util/HashMap$Values done
Event: 3.780 loading class java/util/HashMap$ValueIterator
Event: 3.780 loading class java/util/HashMap$ValueIterator done
Event: 3.813 loading class java/util/ArrayList$1
Event: 3.813 loading class java/util/ArrayList$1 done


Dynamic libraries:
0x00007ff6a83d0000 - 0x00007ff6a8407000 	D:\java\JDK\bin\java.exe
0x00007ffa85140000 - 0x00007ffa85311000 	C:\WINDOWS\SYSTEM32\ntdll.dll
0x00007ffa84150000 - 0x00007ffa841fc000 	C:\WINDOWS\System32\KERNEL32.DLL
0x00007ffa822e0000 - 0x00007ffa824fd000 	C:\WINDOWS\System32\KERNELBASE.dll
0x00007ffa83be0000 - 0x00007ffa83c82000 	C:\WINDOWS\System32\ADVAPI32.dll
0x00007ffa83ed0000 - 0x00007ffa83f6e000 	C:\WINDOWS\System32\msvcrt.dll
0x00007ffa84d70000 - 0x00007ffa84dc9000 	C:\WINDOWS\System32\sechost.dll
0x00007ffa84fa0000 - 0x00007ffa850c1000 	C:\WINDOWS\System32\RPCRT4.dll
0x00007ffa83c90000 - 0x00007ffa83df5000 	C:\WINDOWS\System32\USER32.dll
0x00007ffa817b0000 - 0x00007ffa817ce000 	C:\WINDOWS\System32\win32u.dll
0x00007ffa83e00000 - 0x00007ffa83e34000 	C:\WINDOWS\System32\GDI32.dll
0x00007ffa81a80000 - 0x00007ffa81c00000 	C:\WINDOWS\System32\gdi32full.dll
0x00007ffa74d60000 - 0x00007ffa74fda000 	C:\WINDOWS\WinSxS\amd64_microsoft.windows.common-controls_6595b64144ccf1df_6.0.14393.953_none_42151e83c686086b\COMCTL32.dll
0x00007ffa84900000 - 0x00007ffa84bc8000 	C:\WINDOWS\System32\combase.dll
0x00007ffa816b0000 - 0x00007ffa817a5000 	C:\WINDOWS\System32\ucrtbase.dll
0x00007ffa81640000 - 0x00007ffa816aa000 	C:\WINDOWS\System32\bcryptPrimitives.dll
0x00007ffa83e40000 - 0x00007ffa83e6e000 	C:\WINDOWS\System32\IMM32.DLL
0x0000000071170000 - 0x0000000071242000 	D:\java\JDK\jre\bin\msvcr100.dll
0x000000006fab0000 - 0x0000000070346000 	D:\java\JDK\jre\bin\server\jvm.dll
0x00007ffa84e50000 - 0x00007ffa84e58000 	C:\WINDOWS\System32\PSAPI.DLL
0x00007ffa7f950000 - 0x00007ffa7f959000 	C:\WINDOWS\SYSTEM32\WSOCK32.dll
0x00007ffa7f3c0000 - 0x00007ffa7f3e3000 	C:\WINDOWS\SYSTEM32\WINMM.dll
0x00007ffa7c380000 - 0x00007ffa7c38a000 	C:\WINDOWS\SYSTEM32\VERSION.dll
0x00007ffa84890000 - 0x00007ffa848fa000 	C:\WINDOWS\System32\WS2_32.dll
0x00007ffa7f2a0000 - 0x00007ffa7f2cb000 	C:\WINDOWS\SYSTEM32\WINMMBASE.dll
0x00007ffa818d0000 - 0x00007ffa81912000 	C:\WINDOWS\System32\cfgmgr32.dll
0x00000000725d0000 - 0x00000000725df000 	D:\java\JDK\jre\bin\verify.dll
0x00000000716e0000 - 0x0000000071709000 	D:\java\JDK\jre\bin\java.dll
0x00000000716c0000 - 0x00000000716d6000 	D:\java\JDK\jre\bin\zip.dll
0x00007ffa826d0000 - 0x00007ffa83bd8000 	C:\WINDOWS\System32\SHELL32.dll
0x00007ffa81c00000 - 0x00007ffa822da000 	C:\WINDOWS\System32\windows.storage.dll
0x00007ffa815e0000 - 0x00007ffa8162c000 	C:\WINDOWS\System32\powrprof.dll
0x00007ffa83e70000 - 0x00007ffa83ec2000 	C:\WINDOWS\System32\shlwapi.dll
0x00007ffa815d0000 - 0x00007ffa815df000 	C:\WINDOWS\System32\kernel.appcore.dll
0x00007ffa81920000 - 0x00007ffa819c9000 	C:\WINDOWS\System32\shcore.dll
0x00007ffa815b0000 - 0x00007ffa815c4000 	C:\WINDOWS\System32\profapi.dll

VM Arguments:
jvm_args: -Djava.awt.headless=true -Xmx1024M -Dfile.encoding=GBK -Duser.country=CN -Duser.language=zh -Duser.variant 
java_command: com.android.dx.command.Main --dex --num-threads=4 --multi-dex --output G:\nav\Navigation\app\build\intermediates\transforms\dex\debug\folders\1000\2\ShareSDK-TencentWeibo-2.8.2_3649b3e4cf29a557d3b6e88cb3ea799110cf886e G:\nav\Navigation\app\libs\ShareSDK-TencentWeibo-2.8.2.jar
java_class_path (initial): D:\java\SDK\build-tools\25.0.3\lib\dx.jar
Launcher Type: SUN_STANDARD

Environment Variables:
JAVA_HOME=D:\java\JDK
PATH=C:\ProgramData\Oracle\Java\javapath;C:\Program Files (x86)\Tesseract-OCR;C:\Python27\Scripts\;C:\WINDOWS\system32;C:\WINDOWS;C:\WINDOWS\System32\Wbem;C:\WINDOWS\System32\WindowsPowerShell\v1.0\;C:\Program Files\Microsoft SQL Server\110\Tools\Binn\;C:\Program Files\Microsoft SQL Server\120\Tools\Binn\;C:\WINDOWS\system32\config\systemprofile\.dnx\bin;C:\Program Files\Microsoft DNX\Dnvm\;C:\Program Files (x86)\Windows Kits\10\Windows Performance Toolkit\;C:\Python27;D:\Git\bin;C:\Program Files\MATLAB\MATLAB Runtime\v90\bin;C:\Program Files\MATLAB\MATLAB Runtime\v90\runtime\win64;D:\java\JDK\bin;D:\java\JRE\bin;C:\Program Files (x86)\IDM Computer Solutions\UltraEdit;D:\java\SDK\platform-tools;E:\wamp64\bin\php\php5.6.25;C:\ProgramData\ComposerSetup\bin;C:\Program Files\IDM Computer Solutions\UltraEdit;C:\Users\EdwardPC\AppData\Local\Microsoft\WindowsApps;C:\Users\EdwardPC\AppData\Roaming\npm;C:\Python27;C:\Python36;C:\Program Files\SQLite Expert\Personal 4;C:\Python27\Scripts\;C:\Program Files\MATLAB\MATLAB Runtime\v90\bin\win64;C:\Program Files\MATLAB\MATLAB Runtime\v90\bin;D:\java\SDK\platform-tools;C:\Users\EdwardPC\AppData\Roaming\Composer\vendor\bin
USERNAME=EdwardPC
OS=Windows_NT
PROCESSOR_IDENTIFIER=Intel64 Family 6 Model 60 Stepping 3, GenuineIntel



---------------  S Y S T E M  ---------------

OS: Windows 10.0 , 64 bit Build 14393 (10.0.14393.1198)

CPU:total 8 (4 cores per cpu, 2 threads per core) family 6 model 60 stepping 3, cmov, cx8, fxsr, mmx, sse, sse2, sse3, ssse3, sse4.1, sse4.2, popcnt, avx, avx2, aes, clmul, erms, lzcnt, ht, tsc, tscinvbit, bmi1, bmi2

Memory: 4k page, physical 8277272k(903724k free), swap 8277272k(3108k free)

vm_info: Java HotSpot(TM) 64-Bit Server VM (25.92-b14) for windows-amd64 JRE (1.8.0_92-b14), built on Mar 31 2016 21:03:04 by "java_re" with MS VC++ 10.0 (VS2010)

time: Thu Jun 22 20:49:04 2017
elapsed time: 3 seconds (0d 0h 0m 3s)

