#
# There is insufficient memory for the Java Runtime Environment to continue.
# Native memory allocation (malloc) failed to allocate 655936 bytes for Chunk::new
# Possible reasons:
#   The system is out of physical RAM or swap space
#   In 32 bit mode, the process size limit was hit
# Possible solutions:
#   Reduce memory load on the system
#   Increase physical memory or swap space
#   Check if swap backing store is full
#   Use 64 bit Java on a 64 bit OS
#   Decrease Java heap size (-Xmx/-Xms)
#   Decrease number of Java threads
#   Decrease Java thread stack sizes (-Xss)
#   Set larger code cache with -XX:ReservedCodeCacheSize=
# This output file may be truncated or incomplete.
#
#  Out of Memory Error (allocation.cpp:390), pid=4252, tid=0x00000000000028d8
#
# JRE version: Java(TM) SE Runtime Environment (8.0_92-b14) (build 1.8.0_92-b14)
# Java VM: Java HotSpot(TM) 64-Bit Server VM (25.92-b14 mixed mode windows-amd64 compressed oops)
# Failed to write core dump. Minidumps are not enabled by default on client versions of Windows
#

---------------  T H R E A D  ---------------

Current thread (0x0000000017bca800):  JavaThread "C2 CompilerThread1" daemon [_thread_in_native, id=10456, stack(0x0000000018340000,0x0000000018440000)]

Stack: [0x0000000018340000,0x0000000018440000]
[error occurred during error reporting (printing stack bounds), id 0xc0000005]

Native frames: (J=compiled Java code, j=interpreted, Vv=VM code, C=native code)


Current CompileTask:
C2:   4683 1921       4       com.android.dx.ssa.SsaConverter::placePhiFunctions (394 bytes)


---------------  P R O C E S S  ---------------

Java Threads: ( => current thread )
  0x0000000017f05800 JavaThread "pool-2-thread-4" [_thread_in_Java, id=18396, stack(0x0000000019440000,0x0000000019540000)]
  0x0000000017f04800 JavaThread "pool-2-thread-3" [_thread_in_Java, id=16352, stack(0x0000000019340000,0x0000000019440000)]
  0x0000000017ed3800 JavaThread "pool-2-thread-2" [_thread_in_Java, id=17428, stack(0x0000000019240000,0x0000000019340000)]
  0x0000000017ed1800 JavaThread "pool-3-thread-1" [_thread_blocked, id=10056, stack(0x0000000019140000,0x0000000019240000)]
  0x0000000017ed1000 JavaThread "pool-2-thread-1" [_thread_in_Java, id=10256, stack(0x0000000019040000,0x0000000019140000)]
  0x0000000017c6b800 JavaThread "Service Thread" daemon [_thread_blocked, id=10996, stack(0x0000000018640000,0x0000000018740000)]
  0x0000000017c22800 JavaThread "C1 CompilerThread3" daemon [_thread_blocked, id=5728, stack(0x0000000018540000,0x0000000018640000)]
  0x0000000017c1c000 JavaThread "C2 CompilerThread2" daemon [_thread_in_native, id=7536, stack(0x0000000018440000,0x0000000018540000)]
=>0x0000000017bca800 JavaThread "C2 CompilerThread1" daemon [_thread_in_native, id=10456, stack(0x0000000018340000,0x0000000018440000)]
  0x0000000017bc8800 JavaThread "C2 CompilerThread0" daemon [_thread_in_native, id=13556, stack(0x0000000018240000,0x0000000018340000)]
  0x0000000017bc6000 JavaThread "Attach Listener" daemon [_thread_blocked, id=16828, stack(0x0000000018140000,0x0000000018240000)]
  0x0000000017bc3800 JavaThread "Signal Dispatcher" daemon [_thread_blocked, id=20492, stack(0x0000000018040000,0x0000000018140000)]
  0x0000000003129000 JavaThread "Finalizer" daemon [_thread_blocked, id=14768, stack(0x0000000017f40000,0x0000000018040000)]
  0x0000000003125000 JavaThread "Reference Handler" daemon [_thread_blocked, id=8544, stack(0x0000000017a40000,0x0000000017b40000)]
  0x0000000003030800 JavaThread "main" [_thread_in_Java, id=19780, stack(0x0000000002e80000,0x0000000002f80000)]

Other Threads:
  0x0000000015c4a000 VMThread [stack: 0x0000000017940000,0x0000000017a40000] [id=3008]
  0x0000000017c90800 WatcherThread [stack: 0x0000000018740000,0x0000000018840000] [id=13016]

VM state:not at safepoint (normal execution)

VM Mutex/Monitor currently owned by a thread: None

Heap:
 PSYoungGen      total 138240K, used 75629K [0x00000000eab00000, 0x00000000f3700000, 0x0000000100000000)
  eden space 133120K, 52% used [0x00000000eab00000,0x00000000eefe2278,0x00000000f2d00000)
  from space 5120K, 99% used [0x00000000f3200000,0x00000000f36f91e0,0x00000000f3700000)
  to   space 5120K, 0% used [0x00000000f2d00000,0x00000000f2d00000,0x00000000f3200000)
 ParOldGen       total 87552K, used 24402K [0x00000000c0000000, 0x00000000c5580000, 0x00000000eab00000)
  object space 87552K, 27% used [0x00000000c0000000,0x00000000c17d49f8,0x00000000c5580000)
 Metaspace       used 6400K, capacity 7128K, committed 7424K, reserved 1056768K
  class space    used 622K, capacity 656K, committed 768K, reserved 1048576K

Card table byte_map: [0x00000000124f0000,0x0000000012700000] byte_map_base: 0x0000000011ef0000

Marking Bits: (ParMarkBitMap*) 0x0000000064fd64f0
 Begin Bits: [0x0000000013060000, 0x0000000014060000)
 End Bits:   [0x0000000014060000, 0x0000000015060000)

Polling page: 0x0000000000e30000

CodeCache: size=245760Kb used=7722Kb max_used=7722Kb free=238037Kb
 bounds [0x0000000003130000, 0x00000000038d0000, 0x0000000012130000]
 total_blobs=2113 nmethods=1841 adapters=184
 compilation: enabled

Compilation events (10 events):
Event: 4.617 Thread 0x0000000017c22800 1941       2       com.android.dx.rop.code.RegisterSpecList::indexOfRegister (38 bytes)
Event: 4.617 Thread 0x0000000017c22800 nmethod 1941 0x0000000003891390 code [0x0000000003891500, 0x0000000003891768]
Event: 4.618 Thread 0x0000000017c22800 1942 %     3       java.util.HashMap::getNode @ 98 (148 bytes)
Event: 4.619 Thread 0x0000000017c22800 nmethod 1942% 0x00000000038bfe10 code [0x00000000038c0000, 0x00000000038c0d28]
Event: 4.619 Thread 0x0000000017c22800 1943       3       java.util.HashMap::getNode (148 bytes)
Event: 4.620 Thread 0x0000000017c22800 nmethod 1943 0x0000000003890010 code [0x0000000003890200, 0x0000000003890e68]
Event: 4.624 Thread 0x0000000017c22800 1944       2       com.android.dx.cf.direct.DirectClassFile::makeTypeList (47 bytes)
Event: 4.624 Thread 0x0000000017c22800 nmethod 1944 0x00000000038c11d0 code [0x00000000038c1360, 0x00000000038c1618]
Event: 4.662 Thread 0x0000000017c22800 1945       2       com.android.dx.cf.code.Simulator::requiredArrayTypeFor (74 bytes)
Event: 4.663 Thread 0x0000000017c22800 nmethod 1945 0x00000000038c1750 code [0x00000000038c1900, 0x00000000038c1c58]

GC Heap History (8 events):
Event: 2.087 GC heap before
{Heap before GC invocations=1 (full 0):
 PSYoungGen      total 38400K, used 33280K [0x00000000eab00000, 0x00000000ed580000, 0x0000000100000000)
  eden space 33280K, 100% used [0x00000000eab00000,0x00000000ecb80000,0x00000000ecb80000)
  from space 5120K, 0% used [0x00000000ed080000,0x00000000ed080000,0x00000000ed580000)
  to   space 5120K, 0% used [0x00000000ecb80000,0x00000000ecb80000,0x00000000ed080000)
 ParOldGen       total 87552K, used 0K [0x00000000c0000000, 0x00000000c5580000, 0x00000000eab00000)
  object space 87552K, 0% used [0x00000000c0000000,0x00000000c0000000,0x00000000c5580000)
 Metaspace       used 5975K, capacity 6836K, committed 7040K, reserved 1056768K
  class space    used 598K, capacity 620K, committed 640K, reserved 1048576K
Event: 2.144 GC heap after
Heap after GC invocations=1 (full 0):
 PSYoungGen      total 38400K, used 5106K [0x00000000eab00000, 0x00000000ef600000, 0x0000000100000000)
  eden space 33280K, 0% used [0x00000000eab00000,0x00000000eab00000,0x00000000ecb80000)
  from space 5120K, 99% used [0x00000000ecb80000,0x00000000ed07cad8,0x00000000ed080000)
  to   space 5120K, 0% used [0x00000000ef100000,0x00000000ef100000,0x00000000ef600000)
 ParOldGen       total 87552K, used 2379K [0x00000000c0000000, 0x00000000c5580000, 0x00000000eab00000)
  object space 87552K, 2% used [0x00000000c0000000,0x00000000c0252fa0,0x00000000c5580000)
 Metaspace       used 5975K, capacity 6836K, committed 7040K, reserved 1056768K
  class space    used 598K, capacity 620K, committed 640K, reserved 1048576K
}
Event: 2.601 GC heap before
{Heap before GC invocations=2 (full 0):
 PSYoungGen      total 38400K, used 38386K [0x00000000eab00000, 0x00000000ef600000, 0x0000000100000000)
  eden space 33280K, 100% used [0x00000000eab00000,0x00000000ecb80000,0x00000000ecb80000)
  from space 5120K, 99% used [0x00000000ecb80000,0x00000000ed07cad8,0x00000000ed080000)
  to   space 5120K, 0% used [0x00000000ef100000,0x00000000ef100000,0x00000000ef600000)
 ParOldGen       total 87552K, used 2379K [0x00000000c0000000, 0x00000000c5580000, 0x00000000eab00000)
  object space 87552K, 2% used [0x00000000c0000000,0x00000000c0252fa0,0x00000000c5580000)
 Metaspace       used 6129K, capacity 6964K, committed 7040K, reserved 1056768K
  class space    used 602K, capacity 620K, committed 640K, reserved 1048576K
Event: 2.626 GC heap after
Heap after GC invocations=2 (full 0):
 PSYoungGen      total 71680K, used 5109K [0x00000000eab00000, 0x00000000ef600000, 0x0000000100000000)
  eden space 66560K, 0% used [0x00000000eab00000,0x00000000eab00000,0x00000000eec00000)
  from space 5120K, 99% used [0x00000000ef100000,0x00000000ef5fd7d8,0x00000000ef600000)
  to   space 5120K, 0% used [0x00000000eec00000,0x00000000eec00000,0x00000000ef100000)
 ParOldGen       total 87552K, used 7299K [0x00000000c0000000, 0x00000000c5580000, 0x00000000eab00000)
  object space 87552K, 8% used [0x00000000c0000000,0x00000000c0720f58,0x00000000c5580000)
 Metaspace       used 6129K, capacity 6964K, committed 7040K, reserved 1056768K
  class space    used 602K, capacity 620K, committed 640K, reserved 1048576K
}
Event: 3.296 GC heap before
{Heap before GC invocations=3 (full 0):
 PSYoungGen      total 71680K, used 71669K [0x00000000eab00000, 0x00000000ef600000, 0x0000000100000000)
  eden space 66560K, 100% used [0x00000000eab00000,0x00000000eec00000,0x00000000eec00000)
  from space 5120K, 99% used [0x00000000ef100000,0x00000000ef5fd7d8,0x00000000ef600000)
  to   space 5120K, 0% used [0x00000000eec00000,0x00000000eec00000,0x00000000ef100000)
 ParOldGen       total 87552K, used 7299K [0x00000000c0000000, 0x00000000c5580000, 0x00000000eab00000)
  object space 87552K, 8% used [0x00000000c0000000,0x00000000c0720f58,0x00000000c5580000)
 Metaspace       used 6236K, capacity 7092K, committed 7296K, reserved 1056768K
  class space    used 602K, capacity 620K, committed 640K, reserved 1048576K
Event: 3.378 GC heap after
Heap after GC invocations=3 (full 0):
 PSYoungGen      total 71680K, used 5114K [0x00000000eab00000, 0x00000000f3700000, 0x0000000100000000)
  eden space 66560K, 0% used [0x00000000eab00000,0x00000000eab00000,0x00000000eec00000)
  from space 5120K, 99% used [0x00000000eec00000,0x00000000ef0fe988,0x00000000ef100000)
  to   space 5120K, 0% used [0x00000000f3200000,0x00000000f3200000,0x00000000f3700000)
 ParOldGen       total 87552K, used 14718K [0x00000000c0000000, 0x00000000c5580000, 0x00000000eab00000)
  object space 87552K, 16% used [0x00000000c0000000,0x00000000c0e5f8b0,0x00000000c5580000)
 Metaspace       used 6236K, capacity 7092K, committed 7296K, reserved 1056768K
  class space    used 602K, capacity 620K, committed 640K, reserved 1048576K
}
Event: 4.068 GC heap before
{Heap before GC invocations=4 (full 0):
 PSYoungGen      total 71680K, used 71674K [0x00000000eab00000, 0x00000000f3700000, 0x0000000100000000)
  eden space 66560K, 100% used [0x00000000eab00000,0x00000000eec00000,0x00000000eec00000)
  from space 5120K, 99% used [0x00000000eec00000,0x00000000ef0fe988,0x00000000ef100000)
  to   space 5120K, 0% used [0x00000000f3200000,0x00000000f3200000,0x00000000f3700000)
 ParOldGen       total 87552K, used 14718K [0x00000000c0000000, 0x00000000c5580000, 0x00000000eab00000)
  object space 87552K, 16% used [0x00000000c0000000,0x00000000c0e5f8b0,0x00000000c5580000)
 Metaspace       used 6289K, capacity 7092K, committed 7296K, reserved 1056768K
  class space    used 602K, capacity 620K, committed 640K, reserved 1048576K
Event: 4.139 GC heap after
Heap after GC invocations=4 (full 0):
 PSYoungGen      total 138240K, used 5092K [0x00000000eab00000, 0x00000000f3700000, 0x0000000100000000)
  eden space 133120K, 0% used [0x00000000eab00000,0x00000000eab00000,0x00000000f2d00000)
  from space 5120K, 99% used [0x00000000f3200000,0x00000000f36f91e0,0x00000000f3700000)
  to   space 5120K, 0% used [0x00000000f2d00000,0x00000000f2d00000,0x00000000f3200000)
 ParOldGen       total 87552K, used 24402K [0x00000000c0000000, 0x00000000c5580000, 0x00000000eab00000)
  object space 87552K, 27% used [0x00000000c0000000,0x00000000c17d49f8,0x00000000c5580000)
 Metaspace       used 6289K, capacity 7092K, committed 7296K, reserved 1056768K
  class space    used 602K, capacity 620K, committed 640K, reserved 1048576K
}

Deoptimization events (10 events):
Event: 3.590 Thread 0x0000000017ed1000 Uncommon trap: reason=unstable_if action=reinterpret pc=0x0000000003733434 method=com.android.dx.cf.code.Merger.mergeType(Lcom/android/dx/rop/type/TypeBearer;Lcom/android/dx/rop/type/TypeBearer;)Lcom/android/dx/rop/type/TypeBearer; @ 77
Event: 3.660 Thread 0x0000000017f04800 Uncommon trap: reason=unstable_if action=reinterpret pc=0x0000000003711534 method=com.android.dx.rop.code.LocalItem.compareHandlesNulls(Lcom/android/dx/rop/cst/CstString;Lcom/android/dx/rop/cst/CstString;)I @ 8
Event: 3.760 Thread 0x0000000003030800 Uncommon trap: reason=class_check action=maybe_recompile pc=0x000000000355709c method=java.util.HashMap.putVal(ILjava/lang/Object;Ljava/lang/Object;ZZ)Ljava/lang/Object; @ 203
Event: 3.998 Thread 0x0000000017f05800 Uncommon trap: reason=unstable_if action=reinterpret pc=0x0000000003737c18 method=com.android.dx.ssa.SCCP.simulateStmt(Lcom/android/dx/ssa/SsaInsn;)V @ 435
Event: 4.320 Thread 0x0000000017ed3800 Uncommon trap: reason=unstable_if action=reinterpret pc=0x00000000034834c8 method=java.util.HashMap.putVal(ILjava/lang/Object;Ljava/lang/Object;ZZ)Ljava/lang/Object; @ 162
Event: 4.325 Thread 0x0000000017ed3800 Uncommon trap: reason=unstable_if action=reinterpret pc=0x000000000382d4e8 method=java.util.HashMap.getNode(ILjava/lang/Object;)Ljava/util/HashMap$Node; @ 84
Event: 4.589 Thread 0x0000000017f04800 Uncommon trap: reason=class_check action=maybe_recompile pc=0x000000000385dc44 method=com.android.dx.ssa.back.FirstFitLocalCombiningAllocator.findNextUnreservedRopReg(IILcom/android/dx/ssa/back/FirstFitLocalCombiningAllocator$Alignment;)I @ 60
Event: 4.589 Thread 0x0000000017f04800 Uncommon trap: reason=class_check action=maybe_recompile pc=0x000000000385dc44 method=com.android.dx.ssa.back.FirstFitLocalCombiningAllocator.findNextUnreservedRopReg(IILcom/android/dx/ssa/back/FirstFitLocalCombiningAllocator$Alignment;)I @ 60
Event: 4.589 Thread 0x0000000017f04800 Uncommon trap: reason=class_check action=maybe_recompile pc=0x000000000385dc44 method=com.android.dx.ssa.back.FirstFitLocalCombiningAllocator.findNextUnreservedRopReg(IILcom/android/dx/ssa/back/FirstFitLocalCombiningAllocator$Alignment;)I @ 60
Event: 4.589 Thread 0x0000000017f04800 Uncommon trap: reason=class_check action=maybe_recompile pc=0x000000000385dc44 method=com.android.dx.ssa.back.FirstFitLocalCombiningAllocator.findNextUnreservedRopReg(IILcom/android/dx/ssa/back/FirstFitLocalCombiningAllocator$Alignment;)I @ 60

Internal exceptions (8 events):
Event: 0.038 Thread 0x0000000003030800 Exception <a 'java/lang/NoSuchMethodError': Method sun.misc.Unsafe.defineClass(Ljava/lang/String;[BII)Ljava/lang/Class; name or signature does not match> (0x00000000eab07cc0) thrown at [D:\re\workspace\8-2-build-windows-amd64-cygwin\jdk8u92\6642\hotspot\srHz6Cà»£?
Event: 0.039 Thread 0x0000000003030800 Exception <a 'java/lang/NoSuchMethodError': Method sun.misc.Unsafe.prefetchRead(Ljava/lang/Object;J)V name or signature does not match> (0x00000000eab07fa8) thrown at [D:\re\workspace\8-2-build-windows-amd64-cygwin\jdk8u92\6642\hotspot\src\share\vm\prims\jx*­ðø?
Event: 1.507 Thread 0x0000000017ed1000 Implicit null exception at 0x00000000033ed6b0 to 0x00000000033ef6e5
Event: 2.504 Thread 0x0000000017f05800 Implicit null exception at 0x0000000003450922 to 0x0000000003450a1a
Event: 3.660 Thread 0x0000000017f04800 Implicit null exception at 0x000000000370fae7 to 0x000000000371150d
Event: 4.323 Thread 0x0000000017ed3800 Exception <a 'java/lang/ArrayIndexOutOfBoundsException': 18> (0x00000000eaedaf50) thrown at [D:\re\workspace\8-2-build-windows-amd64-cygwin\jdk8u92\6642\hotspot\src\share\vm\interpreter\interpreterRuntime.cpp, line 366]
Event: 4.323 Thread 0x0000000017ed3800 Exception <a 'java/lang/ArrayIndexOutOfBoundsException'> (0x00000000eaedcad0) thrown at [D:\re\workspace\8-2-build-windows-amd64-cygwin\jdk8u92\6642\hotspot\src\share\vm\runtime\sharedRuntime.cpp, line 605]
Event: 4.324 Thread 0x0000000017ed3800 Exception <a 'java/lang/ArrayIndexOutOfBoundsException'> (0x00000000eaedddb8) thrown at [D:\re\workspace\8-2-build-windows-amd64-cygwin\jdk8u92\6642\hotspot\src\share\vm\runtime\sharedRuntime.cpp, line 605]

Events (10 events):
Event: 4.603 Thread 0x0000000017ed3800 DEOPT PACKING pc=0x0000000003547369 sp=0x000000001933e820
Event: 4.603 Thread 0x0000000017ed3800 DEOPT UNPACKING pc=0x000000000317787f sp=0x000000001933e650 mode 0
Event: 4.618 Thread 0x0000000003030800 DEOPT PACKING pc=0x0000000003552aa1 sp=0x0000000002f7df50
Event: 4.618 Thread 0x0000000003030800 DEOPT UNPACKING pc=0x000000000317787f sp=0x0000000002f7dd90 mode 0
Event: 4.620 Thread 0x0000000017ed3800 DEOPT PACKING pc=0x0000000003875a99 sp=0x000000001933e540
Event: 4.620 Thread 0x0000000017ed3800 DEOPT UNPACKING pc=0x000000000317787f sp=0x000000001933e288 mode 0
Event: 4.635 Thread 0x0000000017f05800 DEOPT PACKING pc=0x00000000035745ac sp=0x000000001953e970
Event: 4.635 Thread 0x0000000017f05800 DEOPT UNPACKING pc=0x000000000317787f sp=0x000000001953e6f0 mode 0
Event: 4.638 Thread 0x0000000017f05800 DEOPT PACKING pc=0x000000000343e25f sp=0x000000001953e610
Event: 4.638 Thread 0x0000000017f05800 DEOPT UNPACKING pc=0x000000000317787f sp=0x000000001953e420 mode 0


Dynamic libraries:
0x00007ff6bf840000 - 0x00007ff6bf877000 	D:\java\JDK\bin\java.exe
0x00007ffa54f30000 - 0x00007ffa55101000 	C:\WINDOWS\SYSTEM32\ntdll.dll
0x00007ffa54e80000 - 0x00007ffa54f2c000 	C:\WINDOWS\System32\KERNEL32.DLL
0x00007ffa514c0000 - 0x00007ffa516dd000 	C:\WINDOWS\System32\KERNELBASE.dll
0x00007ffa526b0000 - 0x00007ffa52752000 	C:\WINDOWS\System32\ADVAPI32.dll
0x00007ffa54a30000 - 0x00007ffa54ace000 	C:\WINDOWS\System32\msvcrt.dll
0x00007ffa545c0000 - 0x00007ffa54619000 	C:\WINDOWS\System32\sechost.dll
0x00007ffa528c0000 - 0x00007ffa529e1000 	C:\WINDOWS\System32\RPCRT4.dll
0x00007ffa54ad0000 - 0x00007ffa54c35000 	C:\WINDOWS\System32\USER32.dll
0x00007ffa519e0000 - 0x00007ffa519fe000 	C:\WINDOWS\System32\win32u.dll
0x00007ffa524c0000 - 0x00007ffa524f4000 	C:\WINDOWS\System32\GDI32.dll
0x00007ffa51850000 - 0x00007ffa519d2000 	C:\WINDOWS\System32\gdi32full.dll
0x00007ffa40940000 - 0x00007ffa40bba000 	C:\WINDOWS\WinSxS\amd64_microsoft.windows.common-controls_6595b64144ccf1df_6.0.14393.953_none_42151e83c686086b\COMCTL32.dll
0x00007ffa546f0000 - 0x00007ffa549b8000 	C:\WINDOWS\System32\combase.dll
0x00007ffa516e0000 - 0x00007ffa517d5000 	C:\WINDOWS\System32\ucrtbase.dll
0x00007ffa517e0000 - 0x00007ffa5184a000 	C:\WINDOWS\System32\bcryptPrimitives.dll
0x00007ffa54590000 - 0x00007ffa545be000 	C:\WINDOWS\System32\IMM32.DLL
0x0000000065060000 - 0x0000000065132000 	D:\java\JDK\jre\bin\msvcr100.dll
0x00000000647c0000 - 0x0000000065056000 	D:\java\JDK\jre\bin\server\jvm.dll
0x00007ffa54620000 - 0x00007ffa54628000 	C:\WINDOWS\System32\PSAPI.DLL
0x00007ffa4eb40000 - 0x00007ffa4eb49000 	C:\WINDOWS\SYSTEM32\WSOCK32.dll
0x00007ffa4f4b0000 - 0x00007ffa4f4d3000 	C:\WINDOWS\SYSTEM32\WINMM.dll
0x00007ffa4eaa0000 - 0x00007ffa4eaaa000 	C:\WINDOWS\SYSTEM32\VERSION.dll
0x00007ffa54e10000 - 0x00007ffa54e7a000 	C:\WINDOWS\System32\WS2_32.dll
0x00007ffa4f1f0000 - 0x00007ffa4f21b000 	C:\WINDOWS\SYSTEM32\WINMMBASE.dll
0x00007ffa51ab0000 - 0x00007ffa51af2000 	C:\WINDOWS\System32\cfgmgr32.dll
0x0000000066440000 - 0x000000006644f000 	D:\java\JDK\jre\bin\verify.dll
0x0000000066410000 - 0x0000000066439000 	D:\java\JDK\jre\bin\java.dll
0x00000000663f0000 - 0x0000000066406000 	D:\java\JDK\jre\bin\zip.dll
0x00007ffa529f0000 - 0x00007ffa53ef8000 	C:\WINDOWS\System32\SHELL32.dll
0x00007ffa51d80000 - 0x00007ffa5245a000 	C:\WINDOWS\System32\windows.storage.dll
0x00007ffa51390000 - 0x00007ffa513dc000 	C:\WINDOWS\System32\powrprof.dll
0x00007ffa54690000 - 0x00007ffa546e2000 	C:\WINDOWS\System32\shlwapi.dll
0x00007ffa513f0000 - 0x00007ffa513ff000 	C:\WINDOWS\System32\kernel.appcore.dll
0x00007ffa51a00000 - 0x00007ffa51aa9000 	C:\WINDOWS\System32\shcore.dll
0x00007ffa51400000 - 0x00007ffa51414000 	C:\WINDOWS\System32\profapi.dll

VM Arguments:
jvm_args: -Djava.awt.headless=true -Xmx1024M -Dfile.encoding=GBK -Duser.country=CN -Duser.language=zh -Duser.variant 
java_command: com.android.dx.command.Main --dex --num-threads=4 --multi-dex --output G:\nav\Navigation\app\build\intermediates\transforms\dex\debug\folders\1000\2\fastjson-1.2.2_01050640418699c2bae423f552ff7a385fc379cf G:\nav\Navigation\app\libs\fastjson-1.2.2.jar
java_class_path (initial): D:\java\SDK\build-tools\25.0.3\lib\dx.jar
Launcher Type: SUN_STANDARD

Environment Variables:
JAVA_HOME=D:\java\JDK
PATH=C:\ProgramData\Oracle\Java\javapath;C:\Program Files (x86)\Tesseract-OCR;C:\Python27\Scripts\;C:\WINDOWS\system32;C:\WINDOWS;C:\WINDOWS\System32\Wbem;C:\WINDOWS\System32\WindowsPowerShell\v1.0\;C:\Program Files\Microsoft SQL Server\110\Tools\Binn\;C:\Program Files\Microsoft SQL Server\120\Tools\Binn\;C:\WINDOWS\system32\config\systemprofile\.dnx\bin;C:\Program Files\Microsoft DNX\Dnvm\;C:\Program Files (x86)\Windows Kits\10\Windows Performance Toolkit\;C:\Python27;D:\Git\bin;C:\Program Files\MATLAB\MATLAB Runtime\v90\bin;C:\Program Files\MATLAB\MATLAB Runtime\v90\runtime\win64;D:\java\JDK\bin;D:\java\JRE\bin;C:\Program Files (x86)\IDM Computer Solutions\UltraEdit;D:\java\SDK\platform-tools;C:\Users\EdwardPC\AppData\Local\Microsoft\WindowsApps;C:\Users\EdwardPC\AppData\Roaming\npm;C:\Python27;C:\Python36;C:\Program Files\SQLite Expert\Personal 4;C:\Python27\Scripts\;C:\Program Files\MATLAB\MATLAB Runtime\v90\bin\win64;C:\Program Files\MATLAB\MATLAB Runtime\v90\bin;D:\java\SDK\platform-tools
USERNAME=EdwardPC
OS=Windows_NT
PROCESSOR_IDENTIFIER=Intel64 Family 6 Model 60 Stepping 3, GenuineIntel



---------------  S Y S T E M  ---------------

OS: Windows 10.0 , 64 bit Build 14393 (10.0.14393.1198)

CPU:total 8 (4 cores per cpu, 2 threads per core) family 6 model 60 stepping 3, cmov, cx8, fxsr, mmx, sse, sse2, sse3, ssse3, sse4.1, sse4.2, popcnt, avx, avx2, aes, clmul, erms, lzcnt, ht, tsc, tscinvbit, bmi1, bmi2

Memory: 4k page, physical 8277272k(834516k free), swap 8277272k(5736k free)

vm_info: Java HotSpot(TM) 64-Bit Server VM (25.92-b14) for windows-amd64 JRE (1.8.0_92-b14), built on Mar 31 2016 21:03:04 by "java_re" with MS VC++ 10.0 (VS2010)

time: Fri Jun 09 11:43:33 2017
elapsed time: 4 seconds (0d 0h 0m 4s)

