#
# There is insufficient memory for the Java Runtime Environment to continue.
# Native memory allocation (malloc) failed to allocate 32744 bytes for ChunkPool::allocate
# Possible reasons:
#   The system is out of physical RAM or swap space
#   In 32 bit mode, the process size limit was hit
# Possible solutions:
#   Reduce memory load on the system
#   Increase physical memory or swap space
#   Check if swap backing store is full
#   Use 64 bit Java on a 64 bit OS
#   Decrease Java heap size (-Xmx/-Xms)
#   Decrease number of Java threads
#   Decrease Java thread stack sizes (-Xss)
#   Set larger code cache with -XX:ReservedCodeCacheSize=
# This output file may be truncated or incomplete.
#
#  Out of Memory Error (allocation.cpp:273), pid=23836, tid=0x00000000000048b0
#
# JRE version: Java(TM) SE Runtime Environment (8.0_92-b14) (build 1.8.0_92-b14)
# Java VM: Java HotSpot(TM) 64-Bit Server VM (25.92-b14 mixed mode windows-amd64 compressed oops)
# Failed to write core dump. Minidumps are not enabled by default on client versions of Windows
#

---------------  T H R E A D  ---------------

Current thread (0x000000001542b800):  JavaThread "C2 CompilerThread1" daemon [_thread_in_native, id=18608, stack(0x0000000017af0000,0x0000000017bf0000)]

Stack: [0x0000000017af0000,0x0000000017bf0000]
[error occurred during error reporting (printing stack bounds), id 0xc0000005]

Native frames: (J=compiled Java code, j=interpreted, Vv=VM code, C=native code)


Current CompileTask:
C2:   4636  227       4       java.lang.String::startsWith (7 bytes)


---------------  P R O C E S S  ---------------

Java Threads: ( => current thread )
  0x000000001750e000 JavaThread "pool-1-thread-4" [_thread_blocked, id=4384, stack(0x00000000183f0000,0x00000000184f0000)]
  0x000000001750d000 JavaThread "pool-1-thread-3" [_thread_blocked, id=19320, stack(0x00000000182f0000,0x00000000183f0000)]
  0x000000001750c800 JavaThread "pool-1-thread-2" [_thread_blocked, id=23808, stack(0x00000000181f0000,0x00000000182f0000)]
  0x0000000017507800 JavaThread "pool-2-thread-1" [_thread_blocked, id=13880, stack(0x00000000180f0000,0x00000000181f0000)]
  0x00000000174fe800 JavaThread "pool-1-thread-1" [_thread_blocked, id=19808, stack(0x0000000017ff0000,0x00000000180f0000)]
  0x000000001740d800 JavaThread "Service Thread" daemon [_thread_blocked, id=22512, stack(0x0000000017df0000,0x0000000017ef0000)]
  0x0000000017384000 JavaThread "C1 CompilerThread3" daemon [_thread_in_native, id=21236, stack(0x0000000017cf0000,0x0000000017df0000)]
  0x000000001737f000 JavaThread "C2 CompilerThread2" daemon [_thread_blocked, id=6008, stack(0x0000000017bf0000,0x0000000017cf0000)]
=>0x000000001542b800 JavaThread "C2 CompilerThread1" daemon [_thread_in_native, id=18608, stack(0x0000000017af0000,0x0000000017bf0000)]
  0x000000001542a000 JavaThread "C2 CompilerThread0" daemon [_thread_blocked, id=9868, stack(0x00000000179f0000,0x0000000017af0000)]
  0x0000000017377800 JavaThread "Attach Listener" daemon [_thread_blocked, id=21536, stack(0x00000000178f0000,0x00000000179f0000)]
  0x000000001732b800 JavaThread "Signal Dispatcher" daemon [_thread_blocked, id=17368, stack(0x00000000177f0000,0x00000000178f0000)]
  0x00000000028fe000 JavaThread "Finalizer" daemon [_thread_blocked, id=18496, stack(0x00000000176f0000,0x00000000177f0000)]
  0x00000000028f5000 JavaThread "Reference Handler" daemon [_thread_blocked, id=21396, stack(0x00000000171f0000,0x00000000172f0000)]
  0x0000000002800800 JavaThread "main" [_thread_in_Java, id=3448, stack(0x0000000002690000,0x0000000002790000)]

Other Threads:
  0x000000001541a000 VMThread [stack: 0x00000000170f0000,0x00000000171f0000] [id=20472]
  0x0000000017445000 WatcherThread [stack: 0x0000000017ef0000,0x0000000017ff0000] [id=17420]

VM state:not at safepoint (normal execution)

VM Mutex/Monitor currently owned by a thread:  ([mutex/lock_event])
[0x00000000027fba50] CodeCache_lock - owner thread: 0x0000000000000000

Heap:
 PSYoungGen      total 38400K, used 7988K [0x00000000eab00000, 0x00000000ed580000, 0x0000000100000000)
  eden space 33280K, 24% used [0x00000000eab00000,0x00000000eb2cd290,0x00000000ecb80000)
  from space 5120K, 0% used [0x00000000ed080000,0x00000000ed080000,0x00000000ed580000)
  to   space 5120K, 0% used [0x00000000ecb80000,0x00000000ecb80000,0x00000000ed080000)
 ParOldGen       total 87552K, used 0K [0x00000000c0000000, 0x00000000c5580000, 0x00000000eab00000)
  object space 87552K, 0% used [0x00000000c0000000,0x00000000c0000000,0x00000000c5580000)
 Metaspace       used 4161K, capacity 5232K, committed 5376K, reserved 1056768K
  class space    used 465K, capacity 488K, committed 512K, reserved 1048576K

Card table byte_map: [0x0000000011cc0000,0x0000000011ed0000] byte_map_base: 0x00000000116c0000

Marking Bits: (ParMarkBitMap*) 0x00000000620664f0
 Begin Bits: [0x0000000012830000, 0x0000000013830000)
 End Bits:   [0x0000000013830000, 0x0000000014830000)

Polling page: 0x00000000006b0000

CodeCache: size=245760Kb used=1516Kb max_used=1516Kb free=244243Kb
 bounds [0x0000000002900000, 0x0000000002b70000, 0x0000000011900000]
 total_blobs=479 nmethods=222 adapters=170
 compilation: enabled

Compilation events (10 events):
Event: 4.619 Thread 0x0000000017384000  214       1       com.android.dx.cf.attrib.BaseAttribute::getName (5 bytes)
Event: 4.620 Thread 0x0000000017384000 nmethod 214 0x0000000002a77410 code [0x0000000002a77560, 0x0000000002a77670]
Event: 4.620 Thread 0x0000000017384000  216       1       java.util.concurrent.atomic.AtomicInteger::get (5 bytes)
Event: 4.620 Thread 0x0000000017384000 nmethod 216 0x0000000002a77150 code [0x0000000002a772a0, 0x0000000002a773b0]
Event: 4.620 Thread 0x0000000017384000  217   !   3       com.android.dx.cf.cst.ConstantPoolParser::parseUtf8 (47 bytes)
Event: 4.620 Thread 0x000000001737f000  220       4       java.lang.String::compareTo (78 bytes)
Event: 4.622 Thread 0x0000000017384000 nmethod 217 0x0000000002a75ed0 code [0x0000000002a760e0, 0x0000000002a76a98]
Event: 4.622 Thread 0x0000000017384000  223       3       java.util.TreeMap::fixAfterInsertion (267 bytes)
Event: 4.623 Thread 0x000000001542b800  227       4       java.lang.String::startsWith (7 bytes)
Event: 4.629 Thread 0x000000001542a000  230       4       com.android.dx.util.ByteArray::getUnsignedByte (14 bytes)

GC Heap History (0 events):
No events

Deoptimization events (0 events):
No events

Internal exceptions (2 events):
Event: 0.057 Thread 0x0000000002800800 Exception <a 'java/lang/NoSuchMethodError': Method sun.misc.Unsafe.defineClass(Ljava/lang/String;[BII)Ljava/lang/Class; name or signature does not match> (0x00000000eab07cc0) thrown at [D:\re\workspace\8-2-build-windows-amd64-cygwin\jdk8u92\6642\hotspot\sr*Tê™'­?
Event: 0.057 Thread 0x0000000002800800 Exception <a 'java/lang/NoSuchMethodError': Method sun.misc.Unsafe.prefetchRead(Ljava/lang/Object;J)V name or signature does not match> (0x00000000eab07fa8) thrown at [D:\re\workspace\8-2-build-windows-amd64-cygwin\jdk8u92\6642\hotspot\src\share\vm\prims\j

Events (10 events):
Event: 4.625 loading class com/android/dx/dex/file/CodeItem
Event: 4.625 loading class com/android/dx/dex/file/CodeItem done
Event: 4.627 Executing VM operation: RevokeBias
Event: 4.628 Executing VM operation: RevokeBias done
Event: 4.628 Executing VM operation: RevokeBias
Event: 4.628 Executing VM operation: RevokeBias done
Event: 4.628 loading class com/android/dx/rop/annotation/AnnotationsList
Event: 4.628 loading class com/android/dx/rop/annotation/AnnotationsList done
Event: 4.629 loading class com/android/dx/dex/file/MethodIdItem
Event: 4.629 loading class com/android/dx/dex/file/MethodIdItem done


Dynamic libraries:
0x00007ff7f8990000 - 0x00007ff7f89c7000 	D:\java\JDK\bin\java.exe
0x00007ffdb0980000 - 0x00007ffdb0b51000 	C:\WINDOWS\SYSTEM32\ntdll.dll
0x00007ffdae680000 - 0x00007ffdae72b000 	C:\WINDOWS\System32\KERNEL32.DLL
0x00007ffdada80000 - 0x00007ffdadc9d000 	C:\WINDOWS\System32\KERNELBASE.dll
0x00007ffdb0810000 - 0x00007ffdb08b2000 	C:\WINDOWS\System32\ADVAPI32.dll
0x00007ffdae890000 - 0x00007ffdae92e000 	C:\WINDOWS\System32\msvcrt.dll
0x00007ffdb0680000 - 0x00007ffdb06d9000 	C:\WINDOWS\System32\sechost.dll
0x00007ffdb06e0000 - 0x00007ffdb0801000 	C:\WINDOWS\System32\RPCRT4.dll
0x00007ffdae330000 - 0x00007ffdae495000 	C:\WINDOWS\System32\USER32.dll
0x00007ffdace70000 - 0x00007ffdace8e000 	C:\WINDOWS\System32\win32u.dll
0x00007ffdae4d0000 - 0x00007ffdae504000 	C:\WINDOWS\System32\GDI32.dll
0x00007ffdad8f0000 - 0x00007ffdada72000 	C:\WINDOWS\System32\gdi32full.dll
0x00007ffda1790000 - 0x00007ffda1a0a000 	C:\WINDOWS\WinSxS\amd64_microsoft.windows.common-controls_6595b64144ccf1df_6.0.14393.953_none_42151e83c686086b\COMCTL32.dll
0x00007ffdaedd0000 - 0x00007ffdaf098000 	C:\WINDOWS\System32\combase.dll
0x00007ffdad0a0000 - 0x00007ffdad195000 	C:\WINDOWS\System32\ucrtbase.dll
0x00007ffdad880000 - 0x00007ffdad8ea000 	C:\WINDOWS\System32\bcryptPrimitives.dll
0x00007ffdae4a0000 - 0x00007ffdae4ce000 	C:\WINDOWS\System32\IMM32.DLL
0x0000000061030000 - 0x0000000061102000 	D:\java\JDK\jre\bin\msvcr100.dll
0x0000000061850000 - 0x00000000620e6000 	D:\java\JDK\jre\bin\server\jvm.dll
0x00007ffdae080000 - 0x00007ffdae088000 	C:\WINDOWS\System32\PSAPI.DLL
0x00007ffda0700000 - 0x00007ffda070a000 	C:\WINDOWS\SYSTEM32\VERSION.dll
0x00007ffda84b0000 - 0x00007ffda84b9000 	C:\WINDOWS\SYSTEM32\WSOCK32.dll
0x00007ffdaaf50000 - 0x00007ffdaaf73000 	C:\WINDOWS\SYSTEM32\WINMM.dll
0x00007ffdb0610000 - 0x00007ffdb067a000 	C:\WINDOWS\System32\WS2_32.dll
0x00007ffdaaea0000 - 0x00007ffdaaecb000 	C:\WINDOWS\SYSTEM32\WINMMBASE.dll
0x00007ffdacef0000 - 0x00007ffdacf32000 	C:\WINDOWS\System32\cfgmgr32.dll
0x0000000061840000 - 0x000000006184f000 	D:\java\JDK\jre\bin\verify.dll
0x0000000061810000 - 0x0000000061839000 	D:\java\JDK\jre\bin\java.dll
0x00000000617f0000 - 0x0000000061806000 	D:\java\JDK\jre\bin\zip.dll
0x00007ffdaf0a0000 - 0x00007ffdb05a9000 	C:\WINDOWS\System32\SHELL32.dll
0x00007ffdad1a0000 - 0x00007ffdad87a000 	C:\WINDOWS\System32\windows.storage.dll
0x00007ffdace10000 - 0x00007ffdace5c000 	C:\WINDOWS\System32\powrprof.dll
0x00007ffdb08c0000 - 0x00007ffdb0912000 	C:\WINDOWS\System32\shlwapi.dll
0x00007ffdace00000 - 0x00007ffdace0f000 	C:\WINDOWS\System32\kernel.appcore.dll
0x00007ffdacff0000 - 0x00007ffdad099000 	C:\WINDOWS\System32\shcore.dll
0x00007ffdacde0000 - 0x00007ffdacdf4000 	C:\WINDOWS\System32\profapi.dll

VM Arguments:
jvm_args: -Djava.awt.headless=true -Xmx1024M -Dfile.encoding=GBK -Duser.country=CN -Duser.language=zh -Duser.variant 
java_command: com.android.dx.command.Main --dex --num-threads=4 --output G:\nav\Navigation\app\build\intermediates\pre-dexed\debug\support-annotations-25.3.1_25fe694eb4907ded0f2e6ffaeaa73733c6d071f7.jar D:\java\SDK\extras\android\m2repository\com\android\support\support-annotations\25.3.1\support-annotations-25.3.1.jar
java_class_path (initial): D:\java\SDK\build-tools\23.0.3\lib\dx.jar
Launcher Type: SUN_STANDARD

Environment Variables:
JAVA_HOME=D:\java\JDK
PATH=C:\Program Files (x86)\Tesseract-OCR;C:\Python27\Scripts\;C:\WINDOWS\system32;C:\WINDOWS;C:\WINDOWS\System32\Wbem;C:\WINDOWS\System32\WindowsPowerShell\v1.0\;C:\Program Files\Microsoft SQL Server\110\Tools\Binn\;C:\Program Files\Microsoft SQL Server\120\Tools\Binn\;C:\WINDOWS\system32\config\systemprofile\.dnx\bin;C:\Program Files\Microsoft DNX\Dnvm\;C:\Program Files (x86)\Windows Kits\10\Windows Performance Toolkit\;C:\Python27;D:\Git\bin;C:\Program Files\MATLAB\MATLAB Runtime\v90\bin;C:\Program Files\MATLAB\MATLAB Runtime\v90\runtime\win64;D:\java\JDK\bin;D:\java\JRE\bin;C:\Program Files (x86)\IDM Computer Solutions\UltraEdit;C:\Users\EdwardPC\AppData\Local\Microsoft\WindowsApps;C:\Users\EdwardPC\AppData\Roaming\npm;C:\Python27;C:\Python36;C:\Program Files\SQLite Expert\Personal 4;C:\Python27\Scripts\;C:\Program Files\MATLAB\MATLAB Runtime\v90\bin\win64;C:\Program Files\MATLAB\MATLAB Runtime\v90\bin
USERNAME=EdwardPC
OS=Windows_NT
PROCESSOR_IDENTIFIER=Intel64 Family 6 Model 60 Stepping 3, GenuineIntel



---------------  S Y S T E M  ---------------

OS: Windows 10.0 , 64 bit Build 14393 (10.0.14393.0)

CPU:total 8 (4 cores per cpu, 2 threads per core) family 6 model 60 stepping 3, cmov, cx8, fxsr, mmx, sse, sse2, sse3, ssse3, sse4.1, sse4.2, popcnt, avx, avx2, aes, clmul, erms, lzcnt, ht, tsc, tscinvbit, bmi1, bmi2

Memory: 4k page, physical 8277272k(1030124k free), swap 8277272k(3156k free)

vm_info: Java HotSpot(TM) 64-Bit Server VM (25.92-b14) for windows-amd64 JRE (1.8.0_92-b14), built on Mar 31 2016 21:03:04 by "java_re" with MS VC++ 10.0 (VS2010)

time: Tue May 09 12:10:16 2017
elapsed time: 4 seconds (0d 0h 0m 4s)

