#
# There is insufficient memory for the Java Runtime Environment to continue.
# Native memory allocation (malloc) failed to allocate 32744 bytes for ChunkPool::allocate
# Possible reasons:
#   The system is out of physical RAM or swap space
#   In 32 bit mode, the process size limit was hit
# Possible solutions:
#   Reduce memory load on the system
#   Increase physical memory or swap space
#   Check if swap backing store is full
#   Use 64 bit Java on a 64 bit OS
#   Decrease Java heap size (-Xmx/-Xms)
#   Decrease number of Java threads
#   Decrease Java thread stack sizes (-Xss)
#   Set larger code cache with -XX:ReservedCodeCacheSize=
# This output file may be truncated or incomplete.
#
#  Out of Memory Error (allocation.cpp:273), pid=7108, tid=0x0000000000003ef8
#
# JRE version: Java(TM) SE Runtime Environment (8.0_92-b14) (build 1.8.0_92-b14)
# Java VM: Java HotSpot(TM) 64-Bit Server VM (25.92-b14 mixed mode windows-amd64 compressed oops)
# Failed to write core dump. Minidumps are not enabled by default on client versions of Windows
#

---------------  T H R E A D  ---------------

Current thread (0x0000000017aee800):  JavaThread "C2 CompilerThread2" daemon [_thread_in_native, id=16120, stack(0x0000000018360000,0x0000000018460000)]

Stack: [0x0000000018360000,0x0000000018460000]
[error occurred during error reporting (printing stack bounds), id 0xc0000005]

Native frames: (J=compiled Java code, j=interpreted, Vv=VM code, C=native code)


Current CompileTask:
C2:   6150 1778       4       com.android.dx.rop.code.Rops::ropFor (771 bytes)


---------------  P R O C E S S  ---------------

Java Threads: ( => current thread )
  0x0000000017dd1800 JavaThread "pool-1-thread-4" [_thread_blocked, id=11524, stack(0x0000000019360000,0x0000000019460000)]
  0x0000000017dbf000 JavaThread "pool-1-thread-3" [_thread_blocked, id=4264, stack(0x0000000019260000,0x0000000019360000)]
  0x0000000017d5b800 JavaThread "pool-1-thread-2" [_thread_blocked, id=16540, stack(0x0000000019160000,0x0000000019260000)]
  0x0000000017d5a800 JavaThread "pool-2-thread-1" [_thread_blocked, id=16752, stack(0x0000000019060000,0x0000000019160000)]
  0x0000000017d4c800 JavaThread "pool-1-thread-1" [_thread_blocked, id=17324, stack(0x0000000018f60000,0x0000000019060000)]
  0x0000000017b92000 JavaThread "Service Thread" daemon [_thread_blocked, id=11632, stack(0x0000000018560000,0x0000000018660000)]
  0x0000000017aff000 JavaThread "C1 CompilerThread3" daemon [_thread_in_native, id=14944, stack(0x0000000018460000,0x0000000018560000)]
=>0x0000000017aee800 JavaThread "C2 CompilerThread2" daemon [_thread_in_native, id=16120, stack(0x0000000018360000,0x0000000018460000)]
  0x0000000017ae7800 JavaThread "C2 CompilerThread1" daemon [_thread_in_native, id=13200, stack(0x0000000018260000,0x0000000018360000)]
  0x0000000017ae5800 JavaThread "C2 CompilerThread0" daemon [_thread_in_native, id=13236, stack(0x0000000018160000,0x0000000018260000)]
  0x0000000017ae3000 JavaThread "Attach Listener" daemon [_thread_blocked, id=10520, stack(0x0000000018060000,0x0000000018160000)]
  0x0000000017ae2800 JavaThread "Signal Dispatcher" daemon [_thread_blocked, id=11156, stack(0x0000000017f60000,0x0000000018060000)]
  0x0000000017a80800 JavaThread "Finalizer" daemon [_thread_blocked, id=4024, stack(0x0000000017e60000,0x0000000017f60000)]
  0x0000000003034000 JavaThread "Reference Handler" daemon [_thread_blocked, id=1744, stack(0x0000000017960000,0x0000000017a60000)]
  0x0000000002f40800 JavaThread "main" [_thread_blocked, id=14272, stack(0x0000000002e40000,0x0000000002f40000)]

Other Threads:
  0x0000000015b5a000 VMThread [stack: 0x0000000017860000,0x0000000017960000] [id=16828]
  0x0000000017bdc000 WatcherThread [stack: 0x0000000018660000,0x0000000018760000] [id=1908]

VM state:not at safepoint (normal execution)

VM Mutex/Monitor currently owned by a thread: None

Heap:
 PSYoungGen      total 138240K, used 47686K [0x00000000eab00000, 0x00000000f3700000, 0x0000000100000000)
  eden space 133120K, 31% used [0x00000000eab00000,0x00000000ed491be8,0x00000000f2d00000)
  from space 5120K, 100% used [0x00000000f2d00000,0x00000000f3200000,0x00000000f3200000)
  to   space 5120K, 0% used [0x00000000f3200000,0x00000000f3200000,0x00000000f3700000)
 ParOldGen       total 87552K, used 37982K [0x00000000c0000000, 0x00000000c5580000, 0x00000000eab00000)
  object space 87552K, 43% used [0x00000000c0000000,0x00000000c2517b88,0x00000000c5580000)
 Metaspace       used 6438K, capacity 7192K, committed 7424K, reserved 1056768K
  class space    used 622K, capacity 656K, committed 768K, reserved 1048576K

Card table byte_map: [0x0000000012400000,0x0000000012610000] byte_map_base: 0x0000000011e00000

Marking Bits: (ParMarkBitMap*) 0x00000000586e64f0
 Begin Bits: [0x0000000012f70000, 0x0000000013f70000)
 End Bits:   [0x0000000013f70000, 0x0000000014f70000)

Polling page: 0x0000000001270000

CodeCache: size=245760Kb used=8765Kb max_used=8777Kb free=236995Kb
 bounds [0x0000000003040000, 0x00000000038e0000, 0x0000000012040000]
 total_blobs=2224 nmethods=1953 adapters=183
 compilation: enabled

Compilation events (10 events):
Event: 5.870 Thread 0x0000000017ae7800 1788       4       com.android.dx.rop.code.Rop::hashCode (54 bytes)
Event: 5.884 Thread 0x0000000017ae7800 nmethod 1788 0x0000000003845050 code [0x00000000038451c0, 0x00000000038458d8]
Event: 5.885 Thread 0x0000000017ae7800 1772       4       com.android.dx.dex.code.RopToDop::dopFor (792 bytes)
Event: 5.908 Thread 0x0000000017aee800 nmethod 1716 0x00000000038da710 code [0x00000000038da920, 0x00000000038dbae8]
Event: 5.908 Thread 0x0000000017aee800 1771       4       com.android.dx.ssa.back.FirstFitLocalCombiningAllocator::getAlignment (32 bytes)
Event: 5.908 Thread 0x0000000017aee800 nmethod 1771 0x000000000363f1d0 code [0x000000000363f300, 0x000000000363f398]
Event: 5.908 Thread 0x0000000017aee800 1910       4       com.android.dx.dex.code.RopTranslator$TranslationVisitor::addOutput (9 bytes)
Event: 5.920 Thread 0x0000000017aee800 nmethod 1910 0x00000000038c4d50 code [0x00000000038c4ec0, 0x00000000038c5458]
Event: 5.920 Thread 0x0000000017aee800 1778       4       com.android.dx.rop.code.Rops::ropFor (771 bytes)
Event: 6.146 Thread 0x0000000017aff000 2028 %     3       com.android.dx.rop.code.LocalVariableExtractor::processBlock @ 68 (327 bytes)

GC Heap History (10 events):
Event: 0.951 GC heap before
{Heap before GC invocations=1 (full 0):
 PSYoungGen      total 38400K, used 33280K [0x00000000eab00000, 0x00000000ed580000, 0x0000000100000000)
  eden space 33280K, 100% used [0x00000000eab00000,0x00000000ecb80000,0x00000000ecb80000)
  from space 5120K, 0% used [0x00000000ed080000,0x00000000ed080000,0x00000000ed580000)
  to   space 5120K, 0% used [0x00000000ecb80000,0x00000000ecb80000,0x00000000ed080000)
 ParOldGen       total 87552K, used 0K [0x00000000c0000000, 0x00000000c5580000, 0x00000000eab00000)
  object space 87552K, 0% used [0x00000000c0000000,0x00000000c0000000,0x00000000c5580000)
 Metaspace       used 5928K, capacity 6836K, committed 7040K, reserved 1056768K
  class space    used 601K, capacity 620K, committed 640K, reserved 1048576K
Event: 1.040 GC heap after
Heap after GC invocations=1 (full 0):
 PSYoungGen      total 38400K, used 5119K [0x00000000eab00000, 0x00000000ef600000, 0x0000000100000000)
  eden space 33280K, 0% used [0x00000000eab00000,0x00000000eab00000,0x00000000ecb80000)
  from space 5120K, 99% used [0x00000000ecb80000,0x00000000ed07fca8,0x00000000ed080000)
  to   space 5120K, 0% used [0x00000000ef100000,0x00000000ef100000,0x00000000ef600000)
 ParOldGen       total 87552K, used 2017K [0x00000000c0000000, 0x00000000c5580000, 0x00000000eab00000)
  object space 87552K, 2% used [0x00000000c0000000,0x00000000c01f84c0,0x00000000c5580000)
 Metaspace       used 5928K, capacity 6836K, committed 7040K, reserved 1056768K
  class space    used 601K, capacity 620K, committed 640K, reserved 1048576K
}
Event: 1.353 GC heap before
{Heap before GC invocations=2 (full 0):
 PSYoungGen      total 38400K, used 38399K [0x00000000eab00000, 0x00000000ef600000, 0x0000000100000000)
  eden space 33280K, 100% used [0x00000000eab00000,0x00000000ecb80000,0x00000000ecb80000)
  from space 5120K, 99% used [0x00000000ecb80000,0x00000000ed07fca8,0x00000000ed080000)
  to   space 5120K, 0% used [0x00000000ef100000,0x00000000ef100000,0x00000000ef600000)
 ParOldGen       total 87552K, used 2017K [0x00000000c0000000, 0x00000000c5580000, 0x00000000eab00000)
  object space 87552K, 2% used [0x00000000c0000000,0x00000000c01f84c0,0x00000000c5580000)
 Metaspace       used 6127K, capacity 7028K, committed 7296K, reserved 1056768K
  class space    used 601K, capacity 620K, committed 640K, reserved 1048576K
Event: 1.366 GC heap after
Heap after GC invocations=2 (full 0):
 PSYoungGen      total 71680K, used 5090K [0x00000000eab00000, 0x00000000ef600000, 0x0000000100000000)
  eden space 66560K, 0% used [0x00000000eab00000,0x00000000eab00000,0x00000000eec00000)
  from space 5120K, 99% used [0x00000000ef100000,0x00000000ef5f8ac8,0x00000000ef600000)
  to   space 5120K, 0% used [0x00000000eec00000,0x00000000eec00000,0x00000000ef100000)
 ParOldGen       total 87552K, used 5616K [0x00000000c0000000, 0x00000000c5580000, 0x00000000eab00000)
  object space 87552K, 6% used [0x00000000c0000000,0x00000000c057c050,0x00000000c5580000)
 Metaspace       used 6127K, capacity 7028K, committed 7296K, reserved 1056768K
  class space    used 601K, capacity 620K, committed 640K, reserved 1048576K
}
Event: 1.819 GC heap before
{Heap before GC invocations=3 (full 0):
 PSYoungGen      total 71680K, used 71650K [0x00000000eab00000, 0x00000000ef600000, 0x0000000100000000)
  eden space 66560K, 100% used [0x00000000eab00000,0x00000000eec00000,0x00000000eec00000)
  from space 5120K, 99% used [0x00000000ef100000,0x00000000ef5f8ac8,0x00000000ef600000)
  to   space 5120K, 0% used [0x00000000eec00000,0x00000000eec00000,0x00000000ef100000)
 ParOldGen       total 87552K, used 5616K [0x00000000c0000000, 0x00000000c5580000, 0x00000000eab00000)
  object space 87552K, 6% used [0x00000000c0000000,0x00000000c057c050,0x00000000c5580000)
 Metaspace       used 6346K, capacity 7128K, committed 7424K, reserved 1056768K
  class space    used 621K, capacity 656K, committed 768K, reserved 1048576K
Event: 1.890 GC heap after
Heap after GC invocations=3 (full 0):
 PSYoungGen      total 71680K, used 5093K [0x00000000eab00000, 0x00000000f3700000, 0x0000000100000000)
  eden space 66560K, 0% used [0x00000000eab00000,0x00000000eab00000,0x00000000eec00000)
  from space 5120K, 99% used [0x00000000eec00000,0x00000000ef0f9578,0x00000000ef100000)
  to   space 5120K, 0% used [0x00000000f3200000,0x00000000f3200000,0x00000000f3700000)
 ParOldGen       total 87552K, used 13532K [0x00000000c0000000, 0x00000000c5580000, 0x00000000eab00000)
  object space 87552K, 15% used [0x00000000c0000000,0x00000000c0d373b0,0x00000000c5580000)
 Metaspace       used 6346K, capacity 7128K, committed 7424K, reserved 1056768K
  class space    used 621K, capacity 656K, committed 768K, reserved 1048576K
}
Event: 2.473 GC heap before
{Heap before GC invocations=4 (full 0):
 PSYoungGen      total 71680K, used 71653K [0x00000000eab00000, 0x00000000f3700000, 0x0000000100000000)
  eden space 66560K, 100% used [0x00000000eab00000,0x00000000eec00000,0x00000000eec00000)
  from space 5120K, 99% used [0x00000000eec00000,0x00000000ef0f9578,0x00000000ef100000)
  to   space 5120K, 0% used [0x00000000f3200000,0x00000000f3200000,0x00000000f3700000)
 ParOldGen       total 87552K, used 13532K [0x00000000c0000000, 0x00000000c5580000, 0x00000000eab00000)
  object space 87552K, 15% used [0x00000000c0000000,0x00000000c0d373b0,0x00000000c5580000)
 Metaspace       used 6383K, capacity 7128K, committed 7424K, reserved 1056768K
  class space    used 621K, capacity 656K, committed 768K, reserved 1048576K
Event: 2.654 GC heap after
Heap after GC invocations=4 (full 0):
 PSYoungGen      total 138240K, used 5093K [0x00000000eab00000, 0x00000000f3700000, 0x0000000100000000)
  eden space 133120K, 0% used [0x00000000eab00000,0x00000000eab00000,0x00000000f2d00000)
  from space 5120K, 99% used [0x00000000f3200000,0x00000000f36f9568,0x00000000f3700000)
  to   space 5120K, 0% used [0x00000000f2d00000,0x00000000f2d00000,0x00000000f3200000)
 ParOldGen       total 87552K, used 21175K [0x00000000c0000000, 0x00000000c5580000, 0x00000000eab00000)
  object space 87552K, 24% used [0x00000000c0000000,0x00000000c14adfb8,0x00000000c5580000)
 Metaspace       used 6383K, capacity 7128K, committed 7424K, reserved 1056768K
  class space    used 621K, capacity 656K, committed 768K, reserved 1048576K
}
Event: 4.008 GC heap before
{Heap before GC invocations=5 (full 0):
 PSYoungGen      total 138240K, used 138213K [0x00000000eab00000, 0x00000000f3700000, 0x0000000100000000)
  eden space 133120K, 100% used [0x00000000eab00000,0x00000000f2d00000,0x00000000f2d00000)
  from space 5120K, 99% used [0x00000000f3200000,0x00000000f36f9568,0x00000000f3700000)
  to   space 5120K, 0% used [0x00000000f2d00000,0x00000000f2d00000,0x00000000f3200000)
 ParOldGen       total 87552K, used 21175K [0x00000000c0000000, 0x00000000c5580000, 0x00000000eab00000)
  object space 87552K, 24% used [0x00000000c0000000,0x00000000c14adfb8,0x00000000c5580000)
 Metaspace       used 6419K, capacity 7192K, committed 7424K, reserved 1056768K
  class space    used 621K, capacity 656K, committed 768K, reserved 1048576K
Event: 4.161 GC heap after
Heap after GC invocations=5 (full 0):
 PSYoungGen      total 138240K, used 5120K [0x00000000eab00000, 0x00000000f3700000, 0x0000000100000000)
  eden space 133120K, 0% used [0x00000000eab00000,0x00000000eab00000,0x00000000f2d00000)
  from space 5120K, 100% used [0x00000000f2d00000,0x00000000f3200000,0x00000000f3200000)
  to   space 5120K, 0% used [0x00000000f3200000,0x00000000f3200000,0x00000000f3700000)
 ParOldGen       total 87552K, used 37982K [0x00000000c0000000, 0x00000000c5580000, 0x00000000eab00000)
  object space 87552K, 43% used [0x00000000c0000000,0x00000000c2517b88,0x00000000c5580000)
 Metaspace       used 6419K, capacity 7192K, committed 7424K, reserved 1056768K
  class space    used 621K, capacity 656K, committed 768K, reserved 1048576K
}

Deoptimization events (10 events):
Event: 3.233 Thread 0x0000000002f40800 Uncommon trap: reason=bimorphic action=maybe_recompile pc=0x000000000367ce98 method=com.android.dx.ssa.LiteralOpUpgrader.tryReplacingWithConstant(Lcom/android/dx/ssa/NormalSsaInsn;)Z @ 62
Event: 3.323 Thread 0x0000000002f40800 Uncommon trap: reason=class_check action=maybe_recompile pc=0x000000000377bdf0 method=com.android.dx.cf.code.RopperMachine.run(Lcom/android/dx/cf/code/Frame;II)V @ 310
Event: 3.324 Thread 0x0000000002f40800 Uncommon trap: reason=class_check action=maybe_recompile pc=0x000000000377bdf0 method=com.android.dx.cf.code.RopperMachine.run(Lcom/android/dx/cf/code/Frame;II)V @ 310
Event: 3.400 Thread 0x0000000017dbf000 Uncommon trap: reason=class_check action=maybe_recompile pc=0x00000000036c631c method=com.android.dx.ssa.SCCP.simulateBranch(Lcom/android/dx/ssa/SsaInsn;)V @ 339
Event: 3.853 Thread 0x0000000017d4c800 Uncommon trap: reason=class_check action=maybe_recompile pc=0x000000000377bdf0 method=com.android.dx.cf.code.RopperMachine.run(Lcom/android/dx/cf/code/Frame;II)V @ 310
Event: 3.853 Thread 0x0000000017d4c800 Uncommon trap: reason=class_check action=maybe_recompile pc=0x000000000377bdf0 method=com.android.dx.cf.code.RopperMachine.run(Lcom/android/dx/cf/code/Frame;II)V @ 310
Event: 4.188 Thread 0x0000000017d4c800 Uncommon trap: reason=bimorphic action=maybe_recompile pc=0x000000000379c2e0 method=com.android.dx.cf.code.BytecodeArray.parseInstruction(ILcom/android/dx/cf/code/BytecodeArray$Visitor;)I @ 1597
Event: 4.198 Thread 0x0000000017dd1800 Uncommon trap: reason=unstable_if action=reinterpret pc=0x00000000036a9384 method=com.android.dx.rop.code.RegisterSpecSet.<init>(I)V @ 2
Event: 4.198 Thread 0x0000000017dd1800 Uncommon trap: reason=unstable_if action=reinterpret pc=0x000000000332d200 method=com.android.dx.rop.code.RegisterSpecSet.<init>(I)V @ 2
Event: 4.848 Thread 0x0000000017dbf000 Uncommon trap: reason=bimorphic action=maybe_recompile pc=0x000000000379c2e0 method=com.android.dx.cf.code.BytecodeArray.parseInstruction(ILcom/android/dx/cf/code/BytecodeArray$Visitor;)I @ 1597

Internal exceptions (6 events):
Event: 0.063 Thread 0x0000000002f40800 Exception <a 'java/lang/NoSuchMethodError': Method sun.misc.Unsafe.defineClass(Ljava/lang/String;[BII)Ljava/lang/Class; name or signature does not match> (0x00000000eab07cc0) thrown at [D:\re\workspace\8-2-build-windows-amd64-cygwin\jdk8u92\6642\hotspot\srænùïí∞?
Event: 0.063 Thread 0x0000000002f40800 Exception <a 'java/lang/NoSuchMethodError': Method sun.misc.Unsafe.prefetchRead(Ljava/lang/Object;J)V name or signature does not match> (0x00000000eab07fa8) thrown at [D:\re\workspace\8-2-build-windows-amd64-cygwin\jdk8u92\6642\hotspot\src\share\vm\prims\j◊0w_3¶Ë?
Event: 0.770 Thread 0x0000000017dd1800 Implicit null exception at 0x000000000331c1e2 to 0x000000000331c2da
Event: 1.639 Thread 0x0000000017d4c800 Exception <a 'java/lang/ArrayIndexOutOfBoundsException': 18> (0x00000000ed21eb10) thrown at [D:\re\workspace\8-2-build-windows-amd64-cygwin\jdk8u92\6642\hotspot\src\share\vm\interpreter\interpreterRuntime.cpp, line 366]
Event: 1.640 Thread 0x0000000017d4c800 Exception <a 'java/lang/ArrayIndexOutOfBoundsException': 145> (0x00000000ed220690) thrown at [D:\re\workspace\8-2-build-windows-amd64-cygwin\jdk8u92\6642\hotspot\src\share\vm\interpreter\interpreterRuntime.cpp, line 366]
Event: 1.640 Thread 0x0000000017d4c800 Exception <a 'java/lang/ArrayIndexOutOfBoundsException'> (0x00000000ed221978) thrown at [D:\re\workspace\8-2-build-windows-amd64-cygwin\jdk8u92\6642\hotspot\src\share\vm\runtime\sharedRuntime.cpp, line 605]

Events (10 events):
Event: 4.844 Thread 0x0000000017dd1800 DEOPT UNPACKING pc=0x000000000308787f sp=0x000000001945e9c0 mode 0
Event: 4.848 Thread 0x0000000017dbf000 Uncommon trap: trap_request=0xffffffc6 fr.pc=0x000000000379c2e0
Event: 4.848 Thread 0x0000000017dbf000 DEOPT PACKING pc=0x000000000379c2e0 sp=0x000000001935eb10
Event: 4.848 Thread 0x0000000017dbf000 DEOPT UNPACKING pc=0x000000000308582a sp=0x000000001935eac8 mode 2
Event: 5.183 Thread 0x0000000017d5b800 DEOPT PACKING pc=0x00000000033bda3d sp=0x000000001925ea80
Event: 5.183 Thread 0x0000000017d5b800 DEOPT UNPACKING pc=0x000000000308787f sp=0x000000001925e810 mode 0
Event: 5.183 Thread 0x0000000017d5b800 DEOPT PACKING pc=0x0000000003422743 sp=0x000000001925e9e0
Event: 5.183 Thread 0x0000000017d5b800 DEOPT UNPACKING pc=0x000000000308787f sp=0x000000001925e760 mode 0
Event: 5.988 loading class com/android/dx/rop/code/RegisterSpec$1
Event: 5.988 loading class com/android/dx/rop/code/RegisterSpec$1 done


Dynamic libraries:
0x00007ff622aa0000 - 0x00007ff622ad7000 	D:\java\JDK\bin\java.exe
0x00007ff8e03c0000 - 0x00007ff8e0591000 	C:\WINDOWS\SYSTEM32\ntdll.dll
0x00007ff8ddf20000 - 0x00007ff8ddfcb000 	C:\WINDOWS\System32\KERNEL32.DLL
0x00007ff8dd1b0000 - 0x00007ff8dd3cd000 	C:\WINDOWS\System32\KERNELBASE.dll
0x00007ff8e0210000 - 0x00007ff8e02b2000 	C:\WINDOWS\System32\ADVAPI32.dll
0x00007ff8e0120000 - 0x00007ff8e01be000 	C:\WINDOWS\System32\msvcrt.dll
0x00007ff8ddfd0000 - 0x00007ff8de029000 	C:\WINDOWS\System32\sechost.dll
0x00007ff8de3b0000 - 0x00007ff8de4d1000 	C:\WINDOWS\System32\RPCRT4.dll
0x00007ff8de240000 - 0x00007ff8de3a5000 	C:\WINDOWS\System32\USER32.dll
0x00007ff8dd090000 - 0x00007ff8dd0ae000 	C:\WINDOWS\System32\win32u.dll
0x00007ff8e01c0000 - 0x00007ff8e01f4000 	C:\WINDOWS\System32\GDI32.dll
0x00007ff8dd710000 - 0x00007ff8dd892000 	C:\WINDOWS\System32\gdi32full.dll
0x00007ff8cb9d0000 - 0x00007ff8cbc4a000 	C:\WINDOWS\WinSxS\amd64_microsoft.windows.common-controls_6595b64144ccf1df_6.0.14393.953_none_42151e83c686086b\COMCTL32.dll
0x00007ff8dd950000 - 0x00007ff8ddc18000 	C:\WINDOWS\System32\combase.dll
0x00007ff8dd0b0000 - 0x00007ff8dd1a5000 	C:\WINDOWS\System32\ucrtbase.dll
0x00007ff8dd600000 - 0x00007ff8dd66a000 	C:\WINDOWS\System32\bcryptPrimitives.dll
0x00007ff8de9d0000 - 0x00007ff8de9fe000 	C:\WINDOWS\System32\IMM32.DLL
0x0000000057dc0000 - 0x0000000057e92000 	D:\java\JDK\jre\bin\msvcr100.dll
0x0000000057ed0000 - 0x0000000058766000 	D:\java\JDK\jre\bin\server\jvm.dll
0x00007ff8de590000 - 0x00007ff8de598000 	C:\WINDOWS\System32\PSAPI.DLL
0x00007ff8d6e20000 - 0x00007ff8d6e29000 	C:\WINDOWS\SYSTEM32\WSOCK32.dll
0x00007ff8dea60000 - 0x00007ff8deaca000 	C:\WINDOWS\System32\WS2_32.dll
0x00007ff8dab00000 - 0x00007ff8dab23000 	C:\WINDOWS\SYSTEM32\WINMM.dll
0x00007ff8d9de0000 - 0x00007ff8d9dea000 	C:\WINDOWS\SYSTEM32\VERSION.dll
0x00007ff8da400000 - 0x00007ff8da42b000 	C:\WINDOWS\SYSTEM32\WINMMBASE.dll
0x00007ff8dcf90000 - 0x00007ff8dcfd2000 	C:\WINDOWS\System32\cfgmgr32.dll
0x0000000058de0000 - 0x0000000058def000 	D:\java\JDK\jre\bin\verify.dll
0x0000000058db0000 - 0x0000000058dd9000 	D:\java\JDK\jre\bin\java.dll
0x0000000058d90000 - 0x0000000058da6000 	D:\java\JDK\jre\bin\zip.dll
0x00007ff8debf0000 - 0x00007ff8e00f9000 	C:\WINDOWS\System32\SHELL32.dll
0x00007ff8dc8b0000 - 0x00007ff8dcf8a000 	C:\WINDOWS\System32\windows.storage.dll
0x00007ff8dc860000 - 0x00007ff8dc8ac000 	C:\WINDOWS\System32\powrprof.dll
0x00007ff8dead0000 - 0x00007ff8deb22000 	C:\WINDOWS\System32\shlwapi.dll
0x00007ff8dc850000 - 0x00007ff8dc85f000 	C:\WINDOWS\System32\kernel.appcore.dll
0x00007ff8dcfe0000 - 0x00007ff8dd089000 	C:\WINDOWS\System32\shcore.dll
0x00007ff8dc820000 - 0x00007ff8dc834000 	C:\WINDOWS\System32\profapi.dll

VM Arguments:
jvm_args: -Djava.awt.headless=true -Xmx1024M -Dfile.encoding=GBK -Duser.country=CN -Duser.language=zh -Duser.variant 
java_command: com.android.dx.command.Main --dex --num-threads=4 --output G:\nav\Navigation\app\build\intermediates\pre-dexed\debug\AMap_Location_V2.4.1_20160414_15d1da896f082db3b19c540e29256540c431025b.jar G:\nav\Navigation\app\libs\AMap_Location_V2.4.1_20160414.jar
java_class_path (initial): D:\java\SDK\build-tools\23.0.3\lib\dx.jar
Launcher Type: SUN_STANDARD

Environment Variables:
JAVA_HOME=D:\java\JDK
PATH=C:\Program Files (x86)\Tesseract-OCR;C:\Python27\Scripts\;C:\WINDOWS\system32;C:\WINDOWS;C:\WINDOWS\System32\Wbem;C:\WINDOWS\System32\WindowsPowerShell\v1.0\;C:\Program Files\Microsoft SQL Server\110\Tools\Binn\;C:\Program Files\Microsoft SQL Server\120\Tools\Binn\;C:\WINDOWS\system32\config\systemprofile\.dnx\bin;C:\Program Files\Microsoft DNX\Dnvm\;C:\Program Files (x86)\Windows Kits\10\Windows Performance Toolkit\;C:\Python27;D:\Git\bin;C:\Program Files\MATLAB\MATLAB Runtime\v90\bin;C:\Program Files\MATLAB\MATLAB Runtime\v90\runtime\win64;D:\java\JDK\bin;D:\java\JRE\bin;C:\Program Files (x86)\IDM Computer Solutions\UltraEdit;C:\Users\EdwardPC\AppData\Local\Microsoft\WindowsApps;C:\Users\EdwardPC\AppData\Roaming\npm;C:\Python27;C:\Python36;C:\Program Files\SQLite Expert\Personal 4;C:\Python27\Scripts\;C:\Program Files\MATLAB\MATLAB Runtime\v90\bin\win64;C:\Program Files\MATLAB\MATLAB Runtime\v90\bin
USERNAME=EdwardPC
OS=Windows_NT
PROCESSOR_IDENTIFIER=Intel64 Family 6 Model 60 Stepping 3, GenuineIntel



---------------  S Y S T E M  ---------------

OS: Windows 10.0 , 64 bit Build 14393 (10.0.14393.0)

CPU:total 8 (4 cores per cpu, 2 threads per core) family 6 model 60 stepping 3, cmov, cx8, fxsr, mmx, sse, sse2, sse3, ssse3, sse4.1, sse4.2, popcnt, avx, avx2, aes, clmul, erms, lzcnt, ht, tsc, tscinvbit, bmi1, bmi2

Memory: 4k page, physical 8277272k(1136308k free), swap 8277272k(5152k free)

vm_info: Java HotSpot(TM) 64-Bit Server VM (25.92-b14) for windows-amd64 JRE (1.8.0_92-b14), built on Mar 31 2016 21:03:04 by "java_re" with MS VC++ 10.0 (VS2010)

time: Wed May 10 19:50:40 2017
elapsed time: 6 seconds (0d 0h 0m 6s)

