#
# There is insufficient memory for the Java Runtime Environment to continue.
# Native memory allocation (malloc) failed to allocate 82448 bytes for Chunk::new
# Possible reasons:
#   The system is out of physical RAM or swap space
#   In 32 bit mode, the process size limit was hit
# Possible solutions:
#   Reduce memory load on the system
#   Increase physical memory or swap space
#   Check if swap backing store is full
#   Use 64 bit Java on a 64 bit OS
#   Decrease Java heap size (-Xmx/-Xms)
#   Decrease number of Java threads
#   Decrease Java thread stack sizes (-Xss)
#   Set larger code cache with -XX:ReservedCodeCacheSize=
# This output file may be truncated or incomplete.
#
#  Out of Memory Error (allocation.cpp:390), pid=3064, tid=0x000000000000387c
#
# JRE version: Java(TM) SE Runtime Environment (8.0_92-b14) (build 1.8.0_92-b14)
# Java VM: Java HotSpot(TM) 64-Bit Server VM (25.92-b14 mixed mode windows-amd64 compressed oops)
# Failed to write core dump. Minidumps are not enabled by default on client versions of Windows
#

---------------  T H R E A D  ---------------

Current thread (0x00000000159ac000):  JavaThread "C2 CompilerThread0" daemon [_thread_in_native, id=14460, stack(0x0000000017f80000,0x0000000018080000)]

Stack: [0x0000000017f80000,0x0000000018080000]
[error occurred during error reporting (printing stack bounds), id 0xc0000005]

Native frames: (J=compiled Java code, j=interpreted, Vv=VM code, C=native code)


Current CompileTask:
C2:   2975 1755       4       com.android.dx.ssa.DeadCodeRemover::pruneDeadInstructions (246 bytes)


---------------  P R O C E S S  ---------------

Java Threads: ( => current thread )
  0x0000000017c2e000 JavaThread "pool-1-thread-4" [_thread_blocked, id=13696, stack(0x0000000019180000,0x0000000019280000)]
  0x0000000017c2d800 JavaThread "pool-1-thread-3" [_thread_blocked, id=14176, stack(0x0000000019080000,0x0000000019180000)]
  0x0000000017c61000 JavaThread "pool-1-thread-2" [_thread_in_Java, id=2912, stack(0x0000000018f80000,0x0000000019080000)]
  0x0000000017b7c000 JavaThread "pool-2-thread-1" [_thread_blocked, id=12440, stack(0x0000000018e80000,0x0000000018f80000)]
  0x0000000018594800 JavaThread "pool-1-thread-1" [_thread_in_Java, id=13956, stack(0x0000000018d80000,0x0000000018e80000)]
  0x00000000179a4000 JavaThread "Service Thread" daemon [_thread_blocked, id=9588, stack(0x0000000018380000,0x0000000018480000)]
  0x000000001791f800 JavaThread "C1 CompilerThread3" daemon [_thread_blocked, id=5912, stack(0x0000000018280000,0x0000000018380000)]
  0x0000000017911800 JavaThread "C2 CompilerThread2" daemon [_thread_in_native, id=892, stack(0x0000000018180000,0x0000000018280000)]
  0x00000000159ae000 JavaThread "C2 CompilerThread1" daemon [_thread_in_native, id=1096, stack(0x0000000018080000,0x0000000018180000)]
=>0x00000000159ac000 JavaThread "C2 CompilerThread0" daemon [_thread_in_native, id=14460, stack(0x0000000017f80000,0x0000000018080000)]
  0x00000000178bb800 JavaThread "Attach Listener" daemon [_thread_blocked, id=9524, stack(0x0000000017e80000,0x0000000017f80000)]
  0x00000000178ba800 JavaThread "Signal Dispatcher" daemon [_thread_blocked, id=4560, stack(0x0000000017d80000,0x0000000017e80000)]
  0x0000000002e7d800 JavaThread "Finalizer" daemon [_thread_blocked, id=4732, stack(0x0000000017c80000,0x0000000017d80000)]
  0x000000001599d800 JavaThread "Reference Handler" daemon [_thread_blocked, id=11652, stack(0x0000000017780000,0x0000000017880000)]
  0x0000000002c7d800 JavaThread "main" [_thread_in_vm, id=14388, stack(0x0000000002c80000,0x0000000002d80000)]

Other Threads:
  0x0000000015999000 VMThread [stack: 0x0000000017680000,0x0000000017780000] [id=14896]
  0x0000000017a09800 WatcherThread [stack: 0x0000000018480000,0x0000000018580000] [id=14444]

VM state:not at safepoint (normal execution)

VM Mutex/Monitor currently owned by a thread: None

Heap:
 PSYoungGen      total 138240K, used 9533K [0x00000000eab00000, 0x00000000f3700000, 0x0000000100000000)
  eden space 133120K, 3% used [0x00000000eab00000,0x00000000eaf515a0,0x00000000f2d00000)
  from space 5120K, 99% used [0x00000000f3200000,0x00000000f36fe048,0x00000000f3700000)
  to   space 5120K, 0% used [0x00000000f2d00000,0x00000000f2d00000,0x00000000f3200000)
 ParOldGen       total 87552K, used 23712K [0x00000000c0000000, 0x00000000c5580000, 0x00000000eab00000)
  object space 87552K, 27% used [0x00000000c0000000,0x00000000c17283c0,0x00000000c5580000)
 Metaspace       used 6409K, capacity 7156K, committed 7296K, reserved 1058816K
  class space    used 600K, capacity 620K, committed 640K, reserved 1048576K

Card table byte_map: [0x0000000012240000,0x0000000012450000] byte_map_base: 0x0000000011c40000

Marking Bits: (ParMarkBitMap*) 0x00000000701464f0
 Begin Bits: [0x0000000012db0000, 0x0000000013db0000)
 End Bits:   [0x0000000013db0000, 0x0000000014db0000)

Polling page: 0x0000000000bd0000

CodeCache: size=245760Kb used=7127Kb max_used=7136Kb free=238633Kb
 bounds [0x0000000002e80000, 0x0000000003580000, 0x0000000011e80000]
 total_blobs=2158 nmethods=1886 adapters=184
 compilation: enabled

Compilation events (10 events):
Event: 2.898 Thread 0x000000001791f800 nmethod 1936 0x0000000003570d50 code [0x0000000003570f20, 0x0000000003571458]
Event: 2.913 Thread 0x000000001791f800 1937       2       java.util.concurrent.locks.AbstractQueuedSynchronizer$Node::<init> (15 bytes)
Event: 2.913 Thread 0x000000001791f800 nmethod 1937 0x0000000003570a10 code [0x0000000003570b60, 0x0000000003570cd0]
Event: 2.964 Thread 0x000000001791f800 1938       2       java.util.zip.ZipFile$ZipFileInputStream::finalize (5 bytes)
Event: 2.964 Thread 0x000000001791f800 nmethod 1938 0x0000000003570690 code [0x0000000003570800, 0x0000000003570968]
Event: 2.964 Thread 0x000000001791f800 1939       2       java.util.zip.ZipFile$ZipFileInflaterInputStream::finalize (5 bytes)
Event: 2.965 Thread 0x000000001791f800 nmethod 1939 0x0000000003570310 code [0x0000000003570480, 0x00000000035705e8]
Event: 2.967 Thread 0x000000001791f800 1940       2       java.util.concurrent.ArrayBlockingQueue::dequeue (75 bytes)
Event: 2.968 Thread 0x000000001791f800 nmethod 1940 0x000000000356fbd0 code [0x000000000356fd60, 0x0000000003570098]
Event: 2.972 Thread 0x000000001791f800 1941       2       java.util.concurrent.locks.AbstractQueuedSynchronizer::addWaiter (50 bytes)

GC Heap History (8 events):
Event: 1.363 GC heap before
{Heap before GC invocations=1 (full 0):
 PSYoungGen      total 38400K, used 33280K [0x00000000eab00000, 0x00000000ed580000, 0x0000000100000000)
  eden space 33280K, 100% used [0x00000000eab00000,0x00000000ecb80000,0x00000000ecb80000)
  from space 5120K, 0% used [0x00000000ed080000,0x00000000ed080000,0x00000000ed580000)
  to   space 5120K, 0% used [0x00000000ecb80000,0x00000000ecb80000,0x00000000ed080000)
 ParOldGen       total 87552K, used 0K [0x00000000c0000000, 0x00000000c5580000, 0x00000000eab00000)
  object space 87552K, 0% used [0x00000000c0000000,0x00000000c0000000,0x00000000c5580000)
 Metaspace       used 5843K, capacity 6708K, committed 6784K, reserved 1058816K
  class space    used 599K, capacity 620K, committed 640K, reserved 1048576K
Event: 1.391 GC heap after
Heap after GC invocations=1 (full 0):
 PSYoungGen      total 38400K, used 4839K [0x00000000eab00000, 0x00000000ef600000, 0x0000000100000000)
  eden space 33280K, 0% used [0x00000000eab00000,0x00000000eab00000,0x00000000ecb80000)
  from space 5120K, 94% used [0x00000000ecb80000,0x00000000ed039d48,0x00000000ed080000)
  to   space 5120K, 0% used [0x00000000ef100000,0x00000000ef100000,0x00000000ef600000)
 ParOldGen       total 87552K, used 8K [0x00000000c0000000, 0x00000000c5580000, 0x00000000eab00000)
  object space 87552K, 0% used [0x00000000c0000000,0x00000000c0002000,0x00000000c5580000)
 Metaspace       used 5843K, capacity 6708K, committed 6784K, reserved 1058816K
  class space    used 599K, capacity 620K, committed 640K, reserved 1048576K
}
Event: 1.946 GC heap before
{Heap before GC invocations=2 (full 0):
 PSYoungGen      total 38400K, used 38119K [0x00000000eab00000, 0x00000000ef600000, 0x0000000100000000)
  eden space 33280K, 100% used [0x00000000eab00000,0x00000000ecb80000,0x00000000ecb80000)
  from space 5120K, 94% used [0x00000000ecb80000,0x00000000ed039d48,0x00000000ed080000)
  to   space 5120K, 0% used [0x00000000ef100000,0x00000000ef100000,0x00000000ef600000)
 ParOldGen       total 87552K, used 8K [0x00000000c0000000, 0x00000000c5580000, 0x00000000eab00000)
  object space 87552K, 0% used [0x00000000c0000000,0x00000000c0002000,0x00000000c5580000)
 Metaspace       used 6127K, capacity 6964K, committed 7040K, reserved 1058816K
  class space    used 600K, capacity 620K, committed 640K, reserved 1048576K
Event: 1.967 GC heap after
Heap after GC invocations=2 (full 0):
 PSYoungGen      total 71680K, used 5090K [0x00000000eab00000, 0x00000000ef600000, 0x0000000100000000)
  eden space 66560K, 0% used [0x00000000eab00000,0x00000000eab00000,0x00000000eec00000)
  from space 5120K, 99% used [0x00000000ef100000,0x00000000ef5f8ae8,0x00000000ef600000)
  to   space 5120K, 0% used [0x00000000eec00000,0x00000000eec00000,0x00000000ef100000)
 ParOldGen       total 87552K, used 2932K [0x00000000c0000000, 0x00000000c5580000, 0x00000000eab00000)
  object space 87552K, 3% used [0x00000000c0000000,0x00000000c02dd0a0,0x00000000c5580000)
 Metaspace       used 6127K, capacity 6964K, committed 7040K, reserved 1058816K
  class space    used 600K, capacity 620K, committed 640K, reserved 1048576K
}
Event: 2.457 GC heap before
{Heap before GC invocations=3 (full 0):
 PSYoungGen      total 71680K, used 71650K [0x00000000eab00000, 0x00000000ef600000, 0x0000000100000000)
  eden space 66560K, 100% used [0x00000000eab00000,0x00000000eec00000,0x00000000eec00000)
  from space 5120K, 99% used [0x00000000ef100000,0x00000000ef5f8ae8,0x00000000ef600000)
  to   space 5120K, 0% used [0x00000000eec00000,0x00000000eec00000,0x00000000ef100000)
 ParOldGen       total 87552K, used 2932K [0x00000000c0000000, 0x00000000c5580000, 0x00000000eab00000)
  object space 87552K, 3% used [0x00000000c0000000,0x00000000c02dd0a0,0x00000000c5580000)
 Metaspace       used 6322K, capacity 7092K, committed 7296K, reserved 1058816K
  class space    used 600K, capacity 620K, committed 640K, reserved 1048576K
Event: 2.489 GC heap after
Heap after GC invocations=3 (full 0):
 PSYoungGen      total 71680K, used 5114K [0x00000000eab00000, 0x00000000f3700000, 0x0000000100000000)
  eden space 66560K, 0% used [0x00000000eab00000,0x00000000eab00000,0x00000000eec00000)
  from space 5120K, 99% used [0x00000000eec00000,0x00000000ef0feac8,0x00000000ef100000)
  to   space 5120K, 0% used [0x00000000f3200000,0x00000000f3200000,0x00000000f3700000)
 ParOldGen       total 87552K, used 13333K [0x00000000c0000000, 0x00000000c5580000, 0x00000000eab00000)
  object space 87552K, 15% used [0x00000000c0000000,0x00000000c0d05608,0x00000000c5580000)
 Metaspace       used 6322K, capacity 7092K, committed 7296K, reserved 1058816K
  class space    used 600K, capacity 620K, committed 640K, reserved 1048576K
}
Event: 2.915 GC heap before
{Heap before GC invocations=4 (full 0):
 PSYoungGen      total 71680K, used 71674K [0x00000000eab00000, 0x00000000f3700000, 0x0000000100000000)
  eden space 66560K, 100% used [0x00000000eab00000,0x00000000eec00000,0x00000000eec00000)
  from space 5120K, 99% used [0x00000000eec00000,0x00000000ef0feac8,0x00000000ef100000)
  to   space 5120K, 0% used [0x00000000f3200000,0x00000000f3200000,0x00000000f3700000)
 ParOldGen       total 87552K, used 13333K [0x00000000c0000000, 0x00000000c5580000, 0x00000000eab00000)
  object space 87552K, 15% used [0x00000000c0000000,0x00000000c0d05608,0x00000000c5580000)
 Metaspace       used 6408K, capacity 7156K, committed 7296K, reserved 1058816K
  class space    used 600K, capacity 620K, committed 640K, reserved 1048576K
Event: 2.963 GC heap after
Heap after GC invocations=4 (full 0):
 PSYoungGen      total 138240K, used 5112K [0x00000000eab00000, 0x00000000f3700000, 0x0000000100000000)
  eden space 133120K, 0% used [0x00000000eab00000,0x00000000eab00000,0x00000000f2d00000)
  from space 5120K, 99% used [0x00000000f3200000,0x00000000f36fe048,0x00000000f3700000)
  to   space 5120K, 0% used [0x00000000f2d00000,0x00000000f2d00000,0x00000000f3200000)
 ParOldGen       total 87552K, used 23712K [0x00000000c0000000, 0x00000000c5580000, 0x00000000eab00000)
  object space 87552K, 27% used [0x00000000c0000000,0x00000000c17283c0,0x00000000c5580000)
 Metaspace       used 6408K, capacity 7156K, committed 7296K, reserved 1058816K
  class space    used 600K, capacity 620K, committed 640K, reserved 1048576K
}

Deoptimization events (10 events):
Event: 1.898 Thread 0x0000000018594800 Uncommon trap: reason=bimorphic action=maybe_recompile pc=0x0000000003114568 method=java.util.HashMap.getNode(ILjava/lang/Object;)Ljava/util/HashMap$Node; @ 126
Event: 2.014 Thread 0x0000000002c7d800 Uncommon trap: reason=null_check action=make_not_entrant pc=0x000000000312eae8 method=com.android.dx.rop.type.Type.equals(Ljava/lang/Object;)Z @ 8
Event: 2.163 Thread 0x0000000017c2e000 Uncommon trap: reason=unstable_if action=reinterpret pc=0x000000000344b784 method=com.android.dx.ssa.SsaMethod.isRegALocal(Lcom/android/dx/rop/code/RegisterSpec;)Z @ 80
Event: 2.163 Thread 0x0000000017c2e000 Uncommon trap: reason=unstable_if action=reinterpret pc=0x0000000003437460 method=com.android.dx.ssa.SsaInsn.getLocalAssignment()Lcom/android/dx/rop/code/RegisterSpec; @ 14
Event: 2.205 Thread 0x0000000017c2e000 Uncommon trap: reason=unstable_if action=reinterpret pc=0x000000000348719c method=com.android.dx.cf.code.ByteCatchList.listFor(I)Lcom/android/dx/cf/code/ByteCatchList; @ 47
Event: 2.401 Thread 0x0000000017c2e000 Uncommon trap: reason=unstable_if action=reinterpret pc=0x00000000033ddd24 method=java.util.HashMap.putVal(ILjava/lang/Object;Ljava/lang/Object;ZZ)Ljava/lang/Object; @ 162
Event: 2.402 Thread 0x0000000017c2e000 Uncommon trap: reason=unstable_if action=reinterpret pc=0x0000000003114548 method=java.util.HashMap.getNode(ILjava/lang/Object;)Ljava/util/HashMap$Node; @ 84
Event: 2.450 Thread 0x0000000017c61000 Uncommon trap: reason=unstable_if action=reinterpret pc=0x0000000003364634 method=com.android.dx.ssa.SCCP.simulateBranch(Lcom/android/dx/ssa/SsaInsn;)V @ 548
Event: 2.685 Thread 0x0000000017c2e000 Uncommon trap: reason=unstable_if action=reinterpret pc=0x00000000034da754 method=com.android.dx.cf.code.Merger.mergeType(Lcom/android/dx/rop/type/TypeBearer;Lcom/android/dx/rop/type/TypeBearer;)Lcom/android/dx/rop/type/TypeBearer; @ 52
Event: 2.703 Thread 0x0000000017c2d800 Uncommon trap: reason=unstable_if action=reinterpret pc=0x000000000338ea44 method=com.android.dx.ssa.SCCP.simulateStmt(Lcom/android/dx/ssa/SsaInsn;)V @ 53

Internal exceptions (3 events):
Event: 0.064 Thread 0x0000000002c7d800 Exception <a 'java/lang/NoSuchMethodError': Method sun.misc.Unsafe.defineClass(Ljava/lang/String;[BII)Ljava/lang/Class; name or signature does not match> (0x00000000eab07cc0) thrown at [D:\re\workspace\8-2-build-windows-amd64-cygwin\jdk8u92\6642\hotspot\sr…‹’‚°?
Event: 0.064 Thread 0x0000000002c7d800 Exception <a 'java/lang/NoSuchMethodError': Method sun.misc.Unsafe.prefetchRead(Ljava/lang/Object;J)V name or signature does not match> (0x00000000eab07fa8) thrown at [D:\re\workspace\8-2-build-windows-amd64-cygwin\jdk8u92\6642\hotspot\src\share\vm\prims\jÄÝô(§
Event: 2.014 Thread 0x0000000002c7d800 Implicit null exception at 0x000000000312e9e2 to 0x000000000312eada

Events (10 events):
Event: 2.685 Thread 0x0000000017c2e000 Uncommon trap: trap_request=0xffffff65 fr.pc=0x00000000034da754
Event: 2.685 Thread 0x0000000017c2e000 DEOPT PACKING pc=0x00000000034da754 sp=0x000000001927e060
Event: 2.685 Thread 0x0000000017c2e000 DEOPT UNPACKING pc=0x0000000002ec582a sp=0x000000001927dff0 mode 2
Event: 2.703 Thread 0x0000000017c2d800 Uncommon trap: trap_request=0xffffff65 fr.pc=0x000000000338ea44
Event: 2.703 Thread 0x0000000017c2d800 DEOPT PACKING pc=0x000000000338ea44 sp=0x000000001917e500
Event: 2.703 Thread 0x0000000017c2d800 DEOPT UNPACKING pc=0x0000000002ec582a sp=0x000000001917e4e8 mode 2
Event: 2.711 Thread 0x0000000017c2e000 DEOPT PACKING pc=0x00000000034f6ae2 sp=0x000000001927e2a0
Event: 2.711 Thread 0x0000000017c2e000 DEOPT UNPACKING pc=0x0000000002ec787f sp=0x000000001927e060 mode 0
Event: 2.914 Executing VM operation: ParallelGCFailedAllocation
Event: 2.963 Executing VM operation: ParallelGCFailedAllocation done


Dynamic libraries:
0x00007ff740de0000 - 0x00007ff740e17000 	D:\java\JDK\bin\java.exe
0x00007ffb53020000 - 0x00007ffb531f1000 	C:\WINDOWS\SYSTEM32\ntdll.dll
0x00007ffb529b0000 - 0x00007ffb52a5b000 	C:\WINDOWS\System32\KERNEL32.DLL
0x00007ffb50200000 - 0x00007ffb5041d000 	C:\WINDOWS\System32\KERNELBASE.dll
0x00007ffb52d70000 - 0x00007ffb52e12000 	C:\WINDOWS\System32\ADVAPI32.dll
0x00007ffb52ac0000 - 0x00007ffb52b5e000 	C:\WINDOWS\System32\msvcrt.dll
0x00007ffb52510000 - 0x00007ffb52569000 	C:\WINDOWS\System32\sechost.dll
0x00007ffb52e30000 - 0x00007ffb52f51000 	C:\WINDOWS\System32\RPCRT4.dll
0x00007ffb52840000 - 0x00007ffb529a5000 	C:\WINDOWS\System32\USER32.dll
0x00007ffb4f790000 - 0x00007ffb4f7ae000 	C:\WINDOWS\System32\win32u.dll
0x00007ffb509f0000 - 0x00007ffb50a24000 	C:\WINDOWS\System32\GDI32.dll
0x00007ffb50420000 - 0x00007ffb505a2000 	C:\WINDOWS\System32\gdi32full.dll
0x00007ffb49790000 - 0x00007ffb49a09000 	C:\WINDOWS\WinSxS\amd64_microsoft.windows.common-controls_6595b64144ccf1df_6.0.14393.447_none_42191651c6827bb3\COMCTL32.dll
0x00007ffb52570000 - 0x00007ffb52838000 	C:\WINDOWS\System32\combase.dll
0x00007ffb4f690000 - 0x00007ffb4f785000 	C:\WINDOWS\System32\ucrtbase.dll
0x00007ffb4f570000 - 0x00007ffb4f5da000 	C:\WINDOWS\System32\bcryptPrimitives.dll
0x00007ffb52420000 - 0x00007ffb5244e000 	C:\WINDOWS\System32\IMM32.DLL
0x000000006ee80000 - 0x000000006ef52000 	D:\java\JDK\jre\bin\msvcr100.dll
0x000000006f930000 - 0x00000000701c6000 	D:\java\JDK\jre\bin\server\jvm.dll
0x00007ffb509e0000 - 0x00007ffb509e8000 	C:\WINDOWS\System32\PSAPI.DLL
0x00007ffb476f0000 - 0x00007ffb476f9000 	C:\WINDOWS\SYSTEM32\WSOCK32.dll
0x00007ffb4d7b0000 - 0x00007ffb4d7d3000 	C:\WINDOWS\SYSTEM32\WINMM.dll
0x00007ffb50aa0000 - 0x00007ffb50b0a000 	C:\WINDOWS\System32\WS2_32.dll
0x00007ffb4b190000 - 0x00007ffb4b19a000 	C:\WINDOWS\SYSTEM32\VERSION.dll
0x00007ffb4d770000 - 0x00007ffb4d79b000 	C:\WINDOWS\SYSTEM32\WINMMBASE.dll
0x00007ffb4fad0000 - 0x00007ffb4fb12000 	C:\WINDOWS\System32\cfgmgr32.dll
0x000000006f920000 - 0x000000006f92f000 	D:\java\JDK\jre\bin\verify.dll
0x000000006f8f0000 - 0x000000006f919000 	D:\java\JDK\jre\bin\java.dll
0x000000006f8d0000 - 0x000000006f8e6000 	D:\java\JDK\jre\bin\zip.dll
0x00007ffb50c10000 - 0x00007ffb52119000 	C:\WINDOWS\System32\SHELL32.dll
0x00007ffb4fb20000 - 0x00007ffb501fa000 	C:\WINDOWS\System32\windows.storage.dll
0x00007ffb4f4b0000 - 0x00007ffb4f4fc000 	C:\WINDOWS\System32\powrprof.dll
0x00007ffb524b0000 - 0x00007ffb52502000 	C:\WINDOWS\System32\shlwapi.dll
0x00007ffb4f500000 - 0x00007ffb4f50f000 	C:\WINDOWS\System32\kernel.appcore.dll
0x00007ffb4f980000 - 0x00007ffb4fa29000 	C:\WINDOWS\System32\shcore.dll
0x00007ffb4f490000 - 0x00007ffb4f4a4000 	C:\WINDOWS\System32\profapi.dll

VM Arguments:
jvm_args: -Djava.awt.headless=true -Xmx1024M -Dfile.encoding=GBK -Duser.country=CN -Duser.language=zh -Duser.variant 
java_command: com.android.dx.command.Main --dex --num-threads=4 --output G:\nav\Navigation\app\build\intermediates\pre-dexed\debug\com.google.android.gms-play-services-basement-8.1.0_dcfe1e2e9cc17c35b4086ab98e51105b94de0ff9.jar G:\nav\Navigation\app\build\intermediates\exploded-aar\com.google.android.gms\play-services-basement\8.1.0\jars\classes.jar
java_class_path (initial): D:\java\SDK\build-tools\23.0.3\lib\dx.jar
Launcher Type: SUN_STANDARD

Environment Variables:
JAVA_HOME=D:\java\JDK
PATH=C:\Python34\;C:\Python34\Scripts;D:\perl\site\bin;D:\perl\bin;C:\ProgramData\Oracle\Java\javapath;C:\Program Files (x86)\NVIDIA Corporation\PhysX\Common;C:\Program Files (x86)\Intel\iCLS Client\;C:\Program Files\Intel\iCLS Client\;C:\Windows\system32;C:\Windows;C:\Windows\System32\Wbem;C:\Windows\System32\WindowsPowerShell\v1.0\;C:\Program Files (x86)\Acer\abFiles\;C:\Program Files\Intel\Intel(R) Management Engine Components\DAL;C:\Program Files\Intel\Intel(R) Management Engine Components\IPT;C:\Program Files (x86)\Intel\Intel(R) Management Engine Components\DAL;C:\Program Files (x86)\Intel\Intel(R) Management Engine Components\IPT;D:\java\JDK\bin;C:\WINDOWS\system32;C:\WINDOWS;C:\WINDOWS\System32\Wbem;C:\WINDOWS\System32\WindowsPowerShell\v1.0\;C:\WINDOWS\system32\config\systemprofile\.dnx\bin;C:\Program Files\Microsoft DNX\Dnvm\;C:\Program Files\Microsoft SQL Server\120\Tools\Binn\;C:\Program Files\Microsoft SQL Server\130\Tools\Binn\;C:\Program Files (x86)\nodejs\;C:\Program Files (x86)\Windows Kits\10\Windows Performance Toolkit\;D:\Git\cmd;D:\matlab2\runtime\win64;D:\matlab2\bin;D:\matlab\runtime\win64;D:\matlab\bin;D:\matlab\polyspace\bin;C:\Python27;C:\Program Files\MySQL\MySQL Utilities 1.6\;C:\Program Files\MySQL\MySQL Server 5.7\bin;C:\Users\EdwardPC\AppData\Local\Microsoft\WindowsApps;C:\Users\EdwardPC\AppData\Roaming\npm;C:\Python27
USERNAME=EdwardPC
OS=Windows_NT
PROCESSOR_IDENTIFIER=Intel64 Family 6 Model 60 Stepping 3, GenuineIntel



---------------  S Y S T E M  ---------------

OS: Windows 10.0 , 64 bit Build 14393 (10.0.14393.0)

CPU:total 8 (4 cores per cpu, 2 threads per core) family 6 model 60 stepping 3, cmov, cx8, fxsr, mmx, sse, sse2, sse3, ssse3, sse4.1, sse4.2, popcnt, avx, avx2, aes, clmul, erms, lzcnt, ht, tsc, tscinvbit, bmi1, bmi2

Memory: 4k page, physical 8277272k(824268k free), swap 8277272k(4144k free)

vm_info: Java HotSpot(TM) 64-Bit Server VM (25.92-b14) for windows-amd64 JRE (1.8.0_92-b14), built on Mar 31 2016 21:03:04 by "java_re" with MS VC++ 10.0 (VS2010)

time: Sat Dec 17 19:31:34 2016
elapsed time: 3 seconds (0d 0h 0m 3s)

