#
# There is insufficient memory for the Java Runtime Environment to continue.
# Native memory allocation (malloc) failed to allocate 768816 bytes for Chunk::new
# Possible reasons:
#   The system is out of physical RAM or swap space
#   In 32 bit mode, the process size limit was hit
# Possible solutions:
#   Reduce memory load on the system
#   Increase physical memory or swap space
#   Check if swap backing store is full
#   Use 64 bit Java on a 64 bit OS
#   Decrease Java heap size (-Xmx/-Xms)
#   Decrease number of Java threads
#   Decrease Java thread stack sizes (-Xss)
#   Set larger code cache with -XX:ReservedCodeCacheSize=
# This output file may be truncated or incomplete.
#
#  Out of Memory Error (allocation.cpp:390), pid=8704, tid=0x000000000000358c
#
# JRE version: Java(TM) SE Runtime Environment (8.0_92-b14) (build 1.8.0_92-b14)
# Java VM: Java HotSpot(TM) 64-Bit Server VM (25.92-b14 mixed mode windows-amd64 compressed oops)
# Failed to write core dump. Minidumps are not enabled by default on client versions of Windows
#

---------------  T H R E A D  ---------------

Current thread (0x00000000171b9800):  JavaThread "C2 CompilerThread1" daemon [_thread_in_native, id=13708, stack(0x0000000017990000,0x0000000017a90000)]

Stack: [0x0000000017990000,0x0000000017a90000]
[error occurred during error reporting (printing stack bounds), id 0xc0000005]

Native frames: (J=compiled Java code, j=interpreted, Vv=VM code, C=native code)


Current CompileTask:
C2:   8924 2606   !   4       com.android.dx.cf.code.BytecodeArray::parseInstruction (2764 bytes)


---------------  P R O C E S S  ---------------

Java Threads: ( => current thread )
  0x000000001751d000 JavaThread "pool-1-thread-1" [_thread_in_Java, id=4796, stack(0x000000001bfb0000,0x000000001c0b0000)]
  0x00000000171cd800 JavaThread "Service Thread" daemon [_thread_blocked, id=3360, stack(0x0000000017c90000,0x0000000017d90000)]
  0x00000000171c1800 JavaThread "C1 CompilerThread3" daemon [_thread_in_vm, id=13624, stack(0x0000000017b90000,0x0000000017c90000)]
  0x00000000171bc800 JavaThread "C2 CompilerThread2" daemon [_thread_in_native, id=10640, stack(0x0000000017a90000,0x0000000017b90000)]
=>0x00000000171b9800 JavaThread "C2 CompilerThread1" daemon [_thread_in_native, id=13708, stack(0x0000000017990000,0x0000000017a90000)]
  0x00000000171b7800 JavaThread "C2 CompilerThread0" daemon [_thread_in_native, id=4428, stack(0x0000000017890000,0x0000000017990000)]
  0x00000000171b3000 JavaThread "Attach Listener" daemon [_thread_blocked, id=4832, stack(0x0000000017790000,0x0000000017890000)]
  0x00000000171b2800 JavaThread "Signal Dispatcher" daemon [_thread_blocked, id=3176, stack(0x0000000017690000,0x0000000017790000)]
  0x0000000002729000 JavaThread "Finalizer" daemon [_thread_blocked, id=9784, stack(0x0000000017530000,0x0000000017630000)]
  0x0000000002725000 JavaThread "Reference Handler" daemon [_thread_blocked, id=4508, stack(0x0000000017030000,0x0000000017130000)]
  0x0000000002630800 JavaThread "main" [_thread_blocked, id=5492, stack(0x0000000002430000,0x0000000002530000)]

Other Threads:
  0x000000001524a000 VMThread [stack: 0x0000000016f30000,0x0000000017030000] [id=8700]
  0x0000000017231800 WatcherThread [stack: 0x0000000017d90000,0x0000000017e90000] [id=11852]

VM state:not at safepoint (normal execution)

VM Mutex/Monitor currently owned by a thread: None

Heap:
 PSYoungGen      total 284160K, used 71763K [0x00000000eab00000, 0x00000000ff700000, 0x0000000100000000)
  eden space 254464K, 16% used [0x00000000eab00000,0x00000000ed418bd8,0x00000000fa380000)
  from space 29696K, 99% used [0x00000000fc900000,0x00000000fe5fc188,0x00000000fe600000)
  to   space 38400K, 0% used [0x00000000fa380000,0x00000000fa380000,0x00000000fc900000)
 ParOldGen       total 87552K, used 53747K [0x00000000c0000000, 0x00000000c5580000, 0x00000000eab00000)
  object space 87552K, 61% used [0x00000000c0000000,0x00000000c347cf60,0x00000000c5580000)
 Metaspace       used 6795K, capacity 7544K, committed 7680K, reserved 1056768K
  class space    used 625K, capacity 688K, committed 768K, reserved 1048576K

Card table byte_map: [0x0000000011af0000,0x0000000011d00000] byte_map_base: 0x00000000114f0000

Marking Bits: (ParMarkBitMap*) 0x00000000508e64f0
 Begin Bits: [0x0000000012660000, 0x0000000013660000)
 End Bits:   [0x0000000013660000, 0x0000000014660000)

Polling page: 0x0000000000640000

CodeCache: size=245760Kb used=12542Kb max_used=12542Kb free=233217Kb
 bounds [0x0000000002730000, 0x0000000003380000, 0x0000000011730000]
 total_blobs=3047 nmethods=2775 adapters=184
 compilation: enabled

Compilation events (10 events):
Event: 8.827 Thread 0x00000000171c1800 2768       2       com.android.dx.dex.code.LocalList$MakeState::filterSpec (24 bytes)
Event: 8.827 Thread 0x00000000171c1800 nmethod 2768 0x00000000032d6dd0 code [0x00000000032d6f40, 0x00000000032d7118]
Event: 8.827 Thread 0x00000000171c1800 2769       2       com.android.dx.rop.code.RegisterSpec::matchesVariable (68 bytes)
Event: 8.827 Thread 0x00000000171c1800 nmethod 2769 0x00000000032d7210 code [0x00000000032d73a0, 0x00000000032d76f8]
Event: 8.827 Thread 0x00000000171c1800 2770       2       com.android.dx.rop.code.RegisterSpec::equalsUsingSimpleType (27 bytes)
Event: 8.828 Thread 0x00000000171c1800 nmethod 2770 0x00000000032d7910 code [0x00000000032d7a80, 0x00000000032d7c48]
Event: 8.828 Thread 0x00000000171c1800 2771       1       com.android.dx.dex.code.LocalList$Entry::getAddress (5 bytes)
Event: 8.828 Thread 0x00000000171c1800 nmethod 2771 0x00000000032d7d10 code [0x00000000032d7e60, 0x00000000032d7f70]
Event: 8.828 Thread 0x00000000171c1800 2772       2       com.android.dx.dex.code.LocalList$Entry::compareTo (9 bytes)
Event: 8.828 Thread 0x00000000171c1800 nmethod 2772 0x00000000032d7fd0 code [0x00000000032d8140, 0x00000000032d82e8]

GC Heap History (10 events):
Event: 2.791 GC heap before
{Heap before GC invocations=4 (full 0):
 PSYoungGen      total 38400K, used 38373K [0x00000000eab00000, 0x00000000ef600000, 0x0000000100000000)
  eden space 33280K, 100% used [0x00000000eab00000,0x00000000ecb80000,0x00000000ecb80000)
  from space 5120K, 99% used [0x00000000ecb80000,0x00000000ed079718,0x00000000ed080000)
  to   space 5120K, 0% used [0x00000000ef100000,0x00000000ef100000,0x00000000ef600000)
 ParOldGen       total 87552K, used 12249K [0x00000000c0000000, 0x00000000c5580000, 0x00000000eab00000)
  object space 87552K, 13% used [0x00000000c0000000,0x00000000c0bf6548,0x00000000c5580000)
 Metaspace       used 6349K, capacity 7156K, committed 7296K, reserved 1056768K
  class space    used 605K, capacity 620K, committed 640K, reserved 1048576K
Event: 2.846 GC heap after
Heap after GC invocations=4 (full 0):
 PSYoungGen      total 71680K, used 5091K [0x00000000eab00000, 0x00000000ef600000, 0x0000000100000000)
  eden space 66560K, 0% used [0x00000000eab00000,0x00000000eab00000,0x00000000eec00000)
  from space 5120K, 99% used [0x00000000ef100000,0x00000000ef5f8c78,0x00000000ef600000)
  to   space 5120K, 0% used [0x00000000eec00000,0x00000000eec00000,0x00000000ef100000)
 ParOldGen       total 87552K, used 18646K [0x00000000c0000000, 0x00000000c5580000, 0x00000000eab00000)
  object space 87552K, 21% used [0x00000000c0000000,0x00000000c1235900,0x00000000c5580000)
 Metaspace       used 6349K, capacity 7156K, committed 7296K, reserved 1056768K
  class space    used 605K, capacity 620K, committed 640K, reserved 1048576K
}
Event: 3.675 GC heap before
{Heap before GC invocations=5 (full 0):
 PSYoungGen      total 71680K, used 71651K [0x00000000eab00000, 0x00000000ef600000, 0x0000000100000000)
  eden space 66560K, 100% used [0x00000000eab00000,0x00000000eec00000,0x00000000eec00000)
  from space 5120K, 99% used [0x00000000ef100000,0x00000000ef5f8c78,0x00000000ef600000)
  to   space 5120K, 0% used [0x00000000eec00000,0x00000000eec00000,0x00000000ef100000)
 ParOldGen       total 87552K, used 18646K [0x00000000c0000000, 0x00000000c5580000, 0x00000000eab00000)
  object space 87552K, 21% used [0x00000000c0000000,0x00000000c1235900,0x00000000c5580000)
 Metaspace       used 6396K, capacity 7156K, committed 7296K, reserved 1056768K
  class space    used 606K, capacity 620K, committed 640K, reserved 1048576K
Event: 3.909 GC heap after
Heap after GC invocations=5 (full 0):
 PSYoungGen      total 71680K, used 5088K [0x00000000eab00000, 0x00000000f5000000, 0x0000000100000000)
  eden space 66560K, 0% used [0x00000000eab00000,0x00000000eab00000,0x00000000eec00000)
  from space 5120K, 99% used [0x00000000eec00000,0x00000000ef0f8028,0x00000000ef100000)
  to   space 17920K, 0% used [0x00000000f3e80000,0x00000000f3e80000,0x00000000f5000000)
 ParOldGen       total 87552K, used 29466K [0x00000000c0000000, 0x00000000c5580000, 0x00000000eab00000)
  object space 87552K, 33% used [0x00000000c0000000,0x00000000c1cc6898,0x00000000c5580000)
 Metaspace       used 6396K, capacity 7156K, committed 7296K, reserved 1056768K
  class space    used 606K, capacity 620K, committed 640K, reserved 1048576K
}
Event: 5.794 GC heap before
{Heap before GC invocations=6 (full 0):
 PSYoungGen      total 71680K, used 71648K [0x00000000eab00000, 0x00000000f5000000, 0x0000000100000000)
  eden space 66560K, 100% used [0x00000000eab00000,0x00000000eec00000,0x00000000eec00000)
  from space 5120K, 99% used [0x00000000eec00000,0x00000000ef0f8028,0x00000000ef100000)
  to   space 17920K, 0% used [0x00000000f3e80000,0x00000000f3e80000,0x00000000f5000000)
 ParOldGen       total 87552K, used 29466K [0x00000000c0000000, 0x00000000c5580000, 0x00000000eab00000)
  object space 87552K, 33% used [0x00000000c0000000,0x00000000c1cc6898,0x00000000c5580000)
 Metaspace       used 6462K, capacity 7220K, committed 7296K, reserved 1056768K
  class space    used 606K, capacity 620K, committed 640K, reserved 1048576K
Event: 5.963 GC heap after
Heap after GC invocations=6 (full 0):
 PSYoungGen      total 149504K, used 15888K [0x00000000eab00000, 0x00000000f5300000, 0x0000000100000000)
  eden space 131584K, 0% used [0x00000000eab00000,0x00000000eab00000,0x00000000f2b80000)
  from space 17920K, 88% used [0x00000000f3e80000,0x00000000f4e04058,0x00000000f5000000)
  to   space 19456K, 0% used [0x00000000f2b80000,0x00000000f2b80000,0x00000000f3e80000)
 ParOldGen       total 87552K, used 29466K [0x00000000c0000000, 0x00000000c5580000, 0x00000000eab00000)
  object space 87552K, 33% used [0x00000000c0000000,0x00000000c1cc6898,0x00000000c5580000)
 Metaspace       used 6462K, capacity 7220K, committed 7296K, reserved 1056768K
  class space    used 606K, capacity 620K, committed 640K, reserved 1048576K
}
Event: 7.486 GC heap before
{Heap before GC invocations=7 (full 0):
 PSYoungGen      total 149504K, used 147472K [0x00000000eab00000, 0x00000000f5300000, 0x0000000100000000)
  eden space 131584K, 100% used [0x00000000eab00000,0x00000000f2b80000,0x00000000f2b80000)
  from space 17920K, 88% used [0x00000000f3e80000,0x00000000f4e04058,0x00000000f5000000)
  to   space 19456K, 0% used [0x00000000f2b80000,0x00000000f2b80000,0x00000000f3e80000)
 ParOldGen       total 87552K, used 29466K [0x00000000c0000000, 0x00000000c5580000, 0x00000000eab00000)
  object space 87552K, 33% used [0x00000000c0000000,0x00000000c1cc6898,0x00000000c5580000)
 Metaspace       used 6506K, capacity 7220K, committed 7296K, reserved 1056768K
  class space    used 607K, capacity 620K, committed 640K, reserved 1048576K
Event: 7.599 GC heap after
Heap after GC invocations=7 (full 0):
 PSYoungGen      total 151040K, used 19445K [0x00000000eab00000, 0x00000000fe600000, 0x0000000100000000)
  eden space 131584K, 0% used [0x00000000eab00000,0x00000000eab00000,0x00000000f2b80000)
  from space 19456K, 99% used [0x00000000f2b80000,0x00000000f3e7d508,0x00000000f3e80000)
  to   space 29696K, 0% used [0x00000000fc900000,0x00000000fc900000,0x00000000fe600000)
 ParOldGen       total 87552K, used 44662K [0x00000000c0000000, 0x00000000c5580000, 0x00000000eab00000)
  object space 87552K, 51% used [0x00000000c0000000,0x00000000c2b9d980,0x00000000c5580000)
 Metaspace       used 6506K, capacity 7220K, committed 7296K, reserved 1056768K
  class space    used 607K, capacity 620K, committed 640K, reserved 1048576K
}
Event: 8.271 GC heap before
{Heap before GC invocations=8 (full 0):
 PSYoungGen      total 151040K, used 151029K [0x00000000eab00000, 0x00000000fe600000, 0x0000000100000000)
  eden space 131584K, 100% used [0x00000000eab00000,0x00000000f2b80000,0x00000000f2b80000)
  from space 19456K, 99% used [0x00000000f2b80000,0x00000000f3e7d508,0x00000000f3e80000)
  to   space 29696K, 0% used [0x00000000fc900000,0x00000000fc900000,0x00000000fe600000)
 ParOldGen       total 87552K, used 44662K [0x00000000c0000000, 0x00000000c5580000, 0x00000000eab00000)
  object space 87552K, 51% used [0x00000000c0000000,0x00000000c2b9d980,0x00000000c5580000)
 Metaspace       used 6515K, capacity 7220K, committed 7296K, reserved 1056768K
  class space    used 607K, capacity 620K, committed 640K, reserved 1048576K
Event: 8.378 GC heap after
Heap after GC invocations=8 (full 0):
 PSYoungGen      total 284160K, used 29680K [0x00000000eab00000, 0x00000000ff700000, 0x0000000100000000)
  eden space 254464K, 0% used [0x00000000eab00000,0x00000000eab00000,0x00000000fa380000)
  from space 29696K, 99% used [0x00000000fc900000,0x00000000fe5fc188,0x00000000fe600000)
  to   space 38400K, 0% used [0x00000000fa380000,0x00000000fa380000,0x00000000fc900000)
 ParOldGen       total 87552K, used 53747K [0x00000000c0000000, 0x00000000c5580000, 0x00000000eab00000)
  object space 87552K, 61% used [0x00000000c0000000,0x00000000c347cf60,0x00000000c5580000)
 Metaspace       used 6515K, capacity 7220K, committed 7296K, reserved 1056768K
  class space    used 607K, capacity 620K, committed 640K, reserved 1048576K
}

Deoptimization events (10 events):
Event: 8.450 Thread 0x0000000017ec9000 Uncommon trap: reason=class_check action=maybe_recompile pc=0x0000000003206de0 method=com.android.dx.ssa.SCCP.replaceConstants()V @ 127
Event: 8.467 Thread 0x000000001751d000 Uncommon trap: reason=class_check action=maybe_recompile pc=0x0000000002cad358 method=java.util.Arrays.hashCode([Ljava/lang/Object;)I @ 43
Event: 8.467 Thread 0x000000001751d000 Uncommon trap: reason=class_check action=maybe_recompile pc=0x0000000002cad358 method=java.util.Arrays.hashCode([Ljava/lang/Object;)I @ 43
Event: 8.467 Thread 0x000000001751d000 Uncommon trap: reason=class_check action=maybe_recompile pc=0x0000000002cad358 method=java.util.Arrays.hashCode([Ljava/lang/Object;)I @ 43
Event: 8.467 Thread 0x000000001751d000 Uncommon trap: reason=class_check action=maybe_recompile pc=0x0000000002cad358 method=java.util.Arrays.hashCode([Ljava/lang/Object;)I @ 43
Event: 8.467 Thread 0x000000001751d000 Uncommon trap: reason=class_check action=maybe_recompile pc=0x0000000002bc4134 method=java.util.Arrays.hashCode([Ljava/lang/Object;)I @ 43
Event: 8.502 Thread 0x000000001751d000 Uncommon trap: reason=bimorphic action=maybe_recompile pc=0x00000000030f649c method=java.util.HashMap.putVal(ILjava/lang/Object;Ljava/lang/Object;ZZ)Ljava/lang/Object; @ 203
Event: 8.502 Thread 0x000000001751d000 Uncommon trap: reason=bimorphic action=maybe_recompile pc=0x00000000030f649c method=java.util.HashMap.putVal(ILjava/lang/Object;Ljava/lang/Object;ZZ)Ljava/lang/Object; @ 203
Event: 8.503 Thread 0x000000001751d000 Uncommon trap: reason=bimorphic action=maybe_recompile pc=0x00000000030f649c method=java.util.HashMap.putVal(ILjava/lang/Object;Ljava/lang/Object;ZZ)Ljava/lang/Object; @ 203
Event: 8.503 Thread 0x000000001751d000 Uncommon trap: reason=bimorphic action=maybe_recompile pc=0x00000000030f649c method=java.util.HashMap.putVal(ILjava/lang/Object;Ljava/lang/Object;ZZ)Ljava/lang/Object; @ 203

Internal exceptions (3 events):
Event: 0.373 Thread 0x0000000002630800 Exception <a 'java/lang/NoSuchMethodError': Method sun.misc.Unsafe.defineClass(Ljava/lang/String;[BII)Ljava/lang/Class; name or signature does not match> (0x00000000eab07cc0) thrown at [D:\re\workspace\8-2-build-windows-amd64-cygwin\jdk8u92\6642\hotspot\sr\Æ†á×?
Event: 0.373 Thread 0x0000000002630800 Exception <a 'java/lang/NoSuchMethodError': Method sun.misc.Unsafe.prefetchRead(Ljava/lang/Object;J)V name or signature does not match> (0x00000000eab07fa8) thrown at [D:\re\workspace\8-2-build-windows-amd64-cygwin\jdk8u92\6642\hotspot\src\share\vm\prims\j2E qÅìï?
Event: 0.998 Thread 0x00000000174ff000 Implicit null exception at 0x0000000002a14cc4 to 0x0000000002a16d15

Events (10 events):
Event: 8.820 loading class com/android/dx/dex/code/CatchHandlerList
Event: 8.820 loading class com/android/dx/dex/code/CatchHandlerList done
Event: 8.820 loading class com/android/dx/dex/code/CatchTable
Event: 8.820 loading class com/android/dx/dex/code/CatchTable done
Event: 8.821 loading class com/android/dx/dex/code/LocalList$Disposition
Event: 8.821 loading class com/android/dx/dex/code/LocalList$Disposition done
Event: 8.821 loading class com/android/dx/dex/code/LocalList$Entry
Event: 8.821 loading class com/android/dx/dex/code/LocalList$Entry done
Event: 8.829 loading class com/android/dx/dex/code/CatchHandlerList$Entry
Event: 8.829 loading class com/android/dx/dex/code/CatchHandlerList$Entry done


Dynamic libraries:
0x00007ff684f50000 - 0x00007ff684f87000 	D:\java\JDK\bin\java.exe
0x00007ffbb6100000 - 0x00007ffbb62d1000 	C:\WINDOWS\SYSTEM32\ntdll.dll
0x00007ffbb5af0000 - 0x00007ffbb5b9b000 	C:\WINDOWS\System32\KERNEL32.DLL
0x00007ffbb2960000 - 0x00007ffbb2b7d000 	C:\WINDOWS\System32\KERNELBASE.dll
0x00007ffbb5e50000 - 0x00007ffbb5ef2000 	C:\WINDOWS\System32\ADVAPI32.dll
0x00007ffbb5ba0000 - 0x00007ffbb5c3e000 	C:\WINDOWS\System32\msvcrt.dll
0x00007ffbb3f00000 - 0x00007ffbb3f59000 	C:\WINDOWS\System32\sechost.dll
0x00007ffbb5d20000 - 0x00007ffbb5e41000 	C:\WINDOWS\System32\RPCRT4.dll
0x00007ffbb40c0000 - 0x00007ffbb4225000 	C:\WINDOWS\System32\USER32.dll
0x00007ffbb2d50000 - 0x00007ffbb2d6e000 	C:\WINDOWS\System32\win32u.dll
0x00007ffbb3880000 - 0x00007ffbb38b4000 	C:\WINDOWS\System32\GDI32.dll
0x00007ffbb2e20000 - 0x00007ffbb2fa2000 	C:\WINDOWS\System32\gdi32full.dll
0x00007ffbad650000 - 0x00007ffbad8ca000 	C:\WINDOWS\WinSxS\amd64_microsoft.windows.common-controls_6595b64144ccf1df_6.0.14393.953_none_42151e83c686086b\COMCTL32.dll
0x00007ffbb42a0000 - 0x00007ffbb4568000 	C:\WINDOWS\System32\combase.dll
0x00007ffbb25f0000 - 0x00007ffbb26e5000 	C:\WINDOWS\System32\ucrtbase.dll
0x00007ffbb28f0000 - 0x00007ffbb295a000 	C:\WINDOWS\System32\bcryptPrimitives.dll
0x00007ffbb3850000 - 0x00007ffbb387e000 	C:\WINDOWS\System32\IMM32.DLL
0x0000000050970000 - 0x0000000050a42000 	D:\java\JDK\jre\bin\msvcr100.dll
0x00000000500d0000 - 0x0000000050966000 	D:\java\JDK\jre\bin\server\jvm.dll
0x00007ffbb5a80000 - 0x00007ffbb5a88000 	C:\WINDOWS\System32\PSAPI.DLL
0x00007ffb9d460000 - 0x00007ffb9d469000 	C:\WINDOWS\SYSTEM32\WSOCK32.dll
0x00007ffbb5cb0000 - 0x00007ffbb5d1a000 	C:\WINDOWS\System32\WS2_32.dll
0x00007ffbb0870000 - 0x00007ffbb0893000 	C:\WINDOWS\SYSTEM32\WINMM.dll
0x00007ffba6230000 - 0x00007ffba623a000 	C:\WINDOWS\SYSTEM32\VERSION.dll
0x00007ffbb02f0000 - 0x00007ffbb031b000 	C:\WINDOWS\SYSTEM32\WINMMBASE.dll
0x00007ffbb2800000 - 0x00007ffbb2842000 	C:\WINDOWS\System32\cfgmgr32.dll
0x0000000050d90000 - 0x0000000050d9f000 	D:\java\JDK\jre\bin\verify.dll
0x0000000050d60000 - 0x0000000050d89000 	D:\java\JDK\jre\bin\java.dll
0x0000000050d40000 - 0x0000000050d56000 	D:\java\JDK\jre\bin\zip.dll
0x00007ffbb4570000 - 0x00007ffbb5a79000 	C:\WINDOWS\System32\SHELL32.dll
0x00007ffbb2fb0000 - 0x00007ffbb368a000 	C:\WINDOWS\System32\windows.storage.dll
0x00007ffbb25a0000 - 0x00007ffbb25ec000 	C:\WINDOWS\System32\powrprof.dll
0x00007ffbb5a90000 - 0x00007ffbb5ae2000 	C:\WINDOWS\System32\shlwapi.dll
0x00007ffbb2570000 - 0x00007ffbb257f000 	C:\WINDOWS\System32\kernel.appcore.dll
0x00007ffbb26f0000 - 0x00007ffbb2799000 	C:\WINDOWS\System32\shcore.dll
0x00007ffbb2580000 - 0x00007ffbb2594000 	C:\WINDOWS\System32\profapi.dll

VM Arguments:
jvm_args: -Djava.awt.headless=true -Xmx1024M -Dfile.encoding=GBK -Duser.country=CN -Duser.language=zh -Duser.variant 
java_command: com.android.dx.command.Main --dex --num-threads=4 --multi-dex --output G:\nav\Navigation\app\build\intermediates\transforms\dex\debug\folders\1000\2\Rong_IMLib_3051e03bb6e46cedea368cca3e4eded0c8431fd3 G:\nav\Navigation\app\libs\Rong_IMLib.jar
java_class_path (initial): D:\java\SDK\build-tools\25.0.3\lib\dx.jar
Launcher Type: SUN_STANDARD

Environment Variables:
JAVA_HOME=D:\java\JDK
PATH=C:\ProgramData\Oracle\Java\javapath;C:\Program Files (x86)\Tesseract-OCR;C:\Python27\Scripts\;C:\WINDOWS\system32;C:\WINDOWS;C:\WINDOWS\System32\Wbem;C:\WINDOWS\System32\WindowsPowerShell\v1.0\;C:\Program Files\Microsoft SQL Server\110\Tools\Binn\;C:\Program Files\Microsoft SQL Server\120\Tools\Binn\;C:\WINDOWS\system32\config\systemprofile\.dnx\bin;C:\Program Files\Microsoft DNX\Dnvm\;C:\Program Files (x86)\Windows Kits\10\Windows Performance Toolkit\;C:\Python27;D:\Git\bin;C:\Program Files\MATLAB\MATLAB Runtime\v90\bin;C:\Program Files\MATLAB\MATLAB Runtime\v90\runtime\win64;D:\java\JDK\bin;D:\java\JRE\bin;C:\Program Files (x86)\IDM Computer Solutions\UltraEdit;D:\java\SDK\platform-tools;C:\Users\EdwardPC\AppData\Local\Microsoft\WindowsApps;C:\Users\EdwardPC\AppData\Roaming\npm;C:\Python27;C:\Python36;C:\Program Files\SQLite Expert\Personal 4;C:\Python27\Scripts\;C:\Program Files\MATLAB\MATLAB Runtime\v90\bin\win64;C:\Program Files\MATLAB\MATLAB Runtime\v90\bin;D:\java\SDK\platform-tools
USERNAME=EdwardPC
OS=Windows_NT
PROCESSOR_IDENTIFIER=Intel64 Family 6 Model 60 Stepping 3, GenuineIntel



---------------  S Y S T E M  ---------------

OS: Windows 10.0 , 64 bit Build 14393 (10.0.14393.0)

CPU:total 8 (4 cores per cpu, 2 threads per core) family 6 model 60 stepping 3, cmov, cx8, fxsr, mmx, sse, sse2, sse3, ssse3, sse4.1, sse4.2, popcnt, avx, avx2, aes, clmul, erms, lzcnt, ht, tsc, tscinvbit, bmi1, bmi2

Memory: 4k page, physical 8277272k(1228104k free), swap 8277272k(1220k free)

vm_info: Java HotSpot(TM) 64-Bit Server VM (25.92-b14) for windows-amd64 JRE (1.8.0_92-b14), built on Mar 31 2016 21:03:04 by "java_re" with MS VC++ 10.0 (VS2010)

time: Wed May 24 10:37:54 2017
elapsed time: 9 seconds (0d 0h 0m 9s)

