#
# There is insufficient memory for the Java Runtime Environment to continue.
# Native memory allocation (malloc) failed to allocate 340496 bytes for Chunk::new
# Possible reasons:
#   The system is out of physical RAM or swap space
#   In 32 bit mode, the process size limit was hit
# Possible solutions:
#   Reduce memory load on the system
#   Increase physical memory or swap space
#   Check if swap backing store is full
#   Use 64 bit Java on a 64 bit OS
#   Decrease Java heap size (-Xmx/-Xms)
#   Decrease number of Java threads
#   Decrease Java thread stack sizes (-Xss)
#   Set larger code cache with -XX:ReservedCodeCacheSize=
# This output file may be truncated or incomplete.
#
#  Out of Memory Error (allocation.cpp:390), pid=11000, tid=0x00000000000048a0
#
# JRE version: Java(TM) SE Runtime Environment (8.0_92-b14) (build 1.8.0_92-b14)
# Java VM: Java HotSpot(TM) 64-Bit Server VM (25.92-b14 mixed mode windows-amd64 compressed oops)
# Failed to write core dump. Minidumps are not enabled by default on client versions of Windows
#

---------------  T H R E A D  ---------------

Current thread (0x000000001553d000):  JavaThread "C2 CompilerThread0" daemon [_thread_in_native, id=18592, stack(0x0000000017b30000,0x0000000017c30000)]

Stack: [0x0000000017b30000,0x0000000017c30000]
[error occurred during error reporting (printing stack bounds), id 0xc0000005]

Native frames: (J=compiled Java code, j=interpreted, Vv=VM code, C=native code)


Current CompileTask:
C2:   5572 2264       4       com.android.dx.ssa.SCCP::run (298 bytes)


---------------  P R O C E S S  ---------------

Java Threads: ( => current thread )
  0x0000000017810800 JavaThread "pool-1-thread-1" [_thread_in_Java, id=18800, stack(0x0000000019e00000,0x0000000019f00000)]
  0x0000000017506000 JavaThread "Service Thread" daemon [_thread_blocked, id=5840, stack(0x0000000017f30000,0x0000000018030000)]
  0x00000000174cb000 JavaThread "C1 CompilerThread3" daemon [_thread_blocked, id=6128, stack(0x0000000017e30000,0x0000000017f30000)]
  0x00000000174be000 JavaThread "C2 CompilerThread2" daemon [_thread_in_native, id=11912, stack(0x0000000017d30000,0x0000000017e30000)]
  0x00000000174b9000 JavaThread "C2 CompilerThread1" daemon [_thread_in_native, id=7320, stack(0x0000000017c30000,0x0000000017d30000)]
=>0x000000001553d000 JavaThread "C2 CompilerThread0" daemon [_thread_in_native, id=18592, stack(0x0000000017b30000,0x0000000017c30000)]
  0x000000001746c000 JavaThread "Attach Listener" daemon [_thread_blocked, id=21472, stack(0x0000000017a30000,0x0000000017b30000)]
  0x000000001746b000 JavaThread "Signal Dispatcher" daemon [_thread_blocked, id=15592, stack(0x0000000017930000,0x0000000017a30000)]
  0x0000000017450800 JavaThread "Finalizer" daemon [_thread_blocked, id=5644, stack(0x0000000017830000,0x0000000017930000)]
  0x0000000002a04000 JavaThread "Reference Handler" daemon [_thread_blocked, id=13768, stack(0x0000000017330000,0x0000000017430000)]
  0x0000000002910800 JavaThread "main" [_thread_blocked, id=20252, stack(0x0000000002400000,0x0000000002500000)]

Other Threads:
  0x000000001552a000 VMThread [stack: 0x0000000017230000,0x0000000017330000] [id=18872]
  0x000000001756d000 WatcherThread [stack: 0x0000000018030000,0x0000000018130000] [id=14436]

VM state:not at safepoint (normal execution)

VM Mutex/Monitor currently owned by a thread: None

Heap:
 PSYoungGen      total 155136K, used 125399K [0x00000000eab00000, 0x00000000feb00000, 0x0000000100000000)
  eden space 132096K, 77% used [0x00000000eab00000,0x00000000f0ef6138,0x00000000f2c00000)
  from space 23040K, 99% used [0x00000000f2c00000,0x00000000f427fe80,0x00000000f4280000)
  to   space 31744K, 0% used [0x00000000fcc00000,0x00000000fcc00000,0x00000000feb00000)
 ParOldGen       total 87552K, used 47197K [0x00000000c0000000, 0x00000000c5580000, 0x00000000eab00000)
  object space 87552K, 53% used [0x00000000c0000000,0x00000000c2e17708,0x00000000c5580000)
 Metaspace       used 6590K, capacity 7288K, committed 7552K, reserved 1056768K
  class space    used 614K, capacity 624K, committed 640K, reserved 1048576K

Card table byte_map: [0x0000000011dd0000,0x0000000011fe0000] byte_map_base: 0x00000000117d0000

Marking Bits: (ParMarkBitMap*) 0x0000000064fd64f0
 Begin Bits: [0x0000000012940000, 0x0000000013940000)
 End Bits:   [0x0000000013940000, 0x0000000014940000)

Polling page: 0x00000000006b0000

CodeCache: size=245760Kb used=9685Kb max_used=9698Kb free=236075Kb
 bounds [0x0000000002a10000, 0x00000000033a0000, 0x0000000011a10000]
 total_blobs=2558 nmethods=2286 adapters=184
 compilation: enabled

Compilation events (10 events):
Event: 5.418 Thread 0x00000000174cb000 2278       2       com.android.dx.rop.code.SwitchInsn::<init> (49 bytes)
Event: 5.418 Thread 0x00000000174cb000 nmethod 2278 0x000000000333c510 code [0x000000000333c6a0, 0x000000000333c9a8]
Event: 5.425 Thread 0x000000001553d000 nmethod 2114 0x0000000003351d50 code [0x0000000003352100, 0x0000000003356e10]
Event: 5.426 Thread 0x000000001553d000 2264       4       com.android.dx.ssa.SCCP::run (298 bytes)
Event: 5.430 Thread 0x00000000174cb000 2280       2       com.android.dx.ssa.SsaBasicBlock::addPhiInsnForReg (18 bytes)
Event: 5.431 Thread 0x00000000174cb000 nmethod 2280 0x000000000333bdd0 code [0x000000000333bf60, 0x000000000333c2d8]
Event: 5.431 Thread 0x00000000174cb000 2281       2       com.android.dx.ssa.PhiInsn::<init> (26 bytes)
Event: 5.431 Thread 0x00000000174cb000 nmethod 2281 0x000000000333b7d0 code [0x000000000333b940, 0x000000000333bc08]
Event: 5.431 Thread 0x00000000174cb000 2282       1       com.android.dx.rop.code.Insn$BaseVisitor::visitThrowingInsn (1 bytes)
Event: 5.432 Thread 0x00000000174cb000 nmethod 2282 0x0000000003351a90 code [0x0000000003351be0, 0x0000000003351cf0]

GC Heap History (10 events):
Event: 4.030 GC heap before
{Heap before GC invocations=3 (full 0):
 PSYoungGen      total 71680K, used 71649K [0x00000000eab00000, 0x00000000ef600000, 0x0000000100000000)
  eden space 66560K, 100% used [0x00000000eab00000,0x00000000eec00000,0x00000000eec00000)
  from space 5120K, 99% used [0x00000000ef100000,0x00000000ef5f85d0,0x00000000ef600000)
  to   space 5120K, 0% used [0x00000000eec00000,0x00000000eec00000,0x00000000ef100000)
 ParOldGen       total 87552K, used 3018K [0x00000000c0000000, 0x00000000c5580000, 0x00000000eab00000)
  object space 87552K, 3% used [0x00000000c0000000,0x00000000c02f29f8,0x00000000c5580000)
 Metaspace       used 6333K, capacity 7156K, committed 7296K, reserved 1056768K
  class space    used 606K, capacity 620K, committed 640K, reserved 1048576K
Event: 4.077 GC heap after
Heap after GC invocations=3 (full 0):
 PSYoungGen      total 71680K, used 5113K [0x00000000eab00000, 0x00000000ef600000, 0x0000000100000000)
  eden space 66560K, 0% used [0x00000000eab00000,0x00000000eab00000,0x00000000eec00000)
  from space 5120K, 99% used [0x00000000eec00000,0x00000000ef0fe528,0x00000000ef100000)
  to   space 5120K, 0% used [0x00000000ef100000,0x00000000ef100000,0x00000000ef600000)
 ParOldGen       total 87552K, used 13763K [0x00000000c0000000, 0x00000000c5580000, 0x00000000eab00000)
  object space 87552K, 15% used [0x00000000c0000000,0x00000000c0d70ca0,0x00000000c5580000)
 Metaspace       used 6333K, capacity 7156K, committed 7296K, reserved 1056768K
  class space    used 606K, capacity 620K, committed 640K, reserved 1048576K
}
Event: 4.816 GC heap before
{Heap before GC invocations=4 (full 0):
 PSYoungGen      total 71680K, used 71673K [0x00000000eab00000, 0x00000000ef600000, 0x0000000100000000)
  eden space 66560K, 100% used [0x00000000eab00000,0x00000000eec00000,0x00000000eec00000)
  from space 5120K, 99% used [0x00000000eec00000,0x00000000ef0fe528,0x00000000ef100000)
  to   space 5120K, 0% used [0x00000000ef100000,0x00000000ef100000,0x00000000ef600000)
 ParOldGen       total 87552K, used 13763K [0x00000000c0000000, 0x00000000c5580000, 0x00000000eab00000)
  object space 87552K, 15% used [0x00000000c0000000,0x00000000c0d70ca0,0x00000000c5580000)
 Metaspace       used 6404K, capacity 7156K, committed 7296K, reserved 1056768K
  class space    used 606K, capacity 620K, committed 640K, reserved 1048576K
Event: 4.833 GC heap after
Heap after GC invocations=4 (full 0):
 PSYoungGen      total 71680K, used 5114K [0x00000000eab00000, 0x00000000ef600000, 0x0000000100000000)
  eden space 66560K, 0% used [0x00000000eab00000,0x00000000eab00000,0x00000000eec00000)
  from space 5120K, 99% used [0x00000000ef100000,0x00000000ef5feaa8,0x00000000ef600000)
  to   space 5120K, 0% used [0x00000000eec00000,0x00000000eec00000,0x00000000ef100000)
 ParOldGen       total 87552K, used 24840K [0x00000000c0000000, 0x00000000c5580000, 0x00000000eab00000)
  object space 87552K, 28% used [0x00000000c0000000,0x00000000c1842128,0x00000000c5580000)
 Metaspace       used 6404K, capacity 7156K, committed 7296K, reserved 1056768K
  class space    used 606K, capacity 620K, committed 640K, reserved 1048576K
}
Event: 4.940 GC heap before
{Heap before GC invocations=5 (full 0):
 PSYoungGen      total 71680K, used 71674K [0x00000000eab00000, 0x00000000ef600000, 0x0000000100000000)
  eden space 66560K, 100% used [0x00000000eab00000,0x00000000eec00000,0x00000000eec00000)
  from space 5120K, 99% used [0x00000000ef100000,0x00000000ef5feaa8,0x00000000ef600000)
  to   space 5120K, 0% used [0x00000000eec00000,0x00000000eec00000,0x00000000ef100000)
 ParOldGen       total 87552K, used 24840K [0x00000000c0000000, 0x00000000c5580000, 0x00000000eab00000)
  object space 87552K, 28% used [0x00000000c0000000,0x00000000c1842128,0x00000000c5580000)
 Metaspace       used 6436K, capacity 7220K, committed 7296K, reserved 1056768K
  class space    used 606K, capacity 620K, committed 640K, reserved 1048576K
Event: 4.959 GC heap after
Heap after GC invocations=5 (full 0):
 PSYoungGen      total 71680K, used 5114K [0x00000000eab00000, 0x00000000f5800000, 0x0000000100000000)
  eden space 66560K, 0% used [0x00000000eab00000,0x00000000eab00000,0x00000000eec00000)
  from space 5120K, 99% used [0x00000000eec00000,0x00000000ef0feab8,0x00000000ef100000)
  to   space 22016K, 0% used [0x00000000f4280000,0x00000000f4280000,0x00000000f5800000)
 ParOldGen       total 87552K, used 36335K [0x00000000c0000000, 0x00000000c5580000, 0x00000000eab00000)
  object space 87552K, 41% used [0x00000000c0000000,0x00000000c237bef0,0x00000000c5580000)
 Metaspace       used 6436K, capacity 7220K, committed 7296K, reserved 1056768K
  class space    used 606K, capacity 620K, committed 640K, reserved 1048576K
}
Event: 5.062 GC heap before
{Heap before GC invocations=6 (full 0):
 PSYoungGen      total 71680K, used 71674K [0x00000000eab00000, 0x00000000f5800000, 0x0000000100000000)
  eden space 66560K, 100% used [0x00000000eab00000,0x00000000eec00000,0x00000000eec00000)
  from space 5120K, 99% used [0x00000000eec00000,0x00000000ef0feab8,0x00000000ef100000)
  to   space 22016K, 0% used [0x00000000f4280000,0x00000000f4280000,0x00000000f5800000)
 ParOldGen       total 87552K, used 36374K [0x00000000c0000000, 0x00000000c5580000, 0x00000000eab00000)
  object space 87552K, 41% used [0x00000000c0000000,0x00000000c2385bb0,0x00000000c5580000)
 Metaspace       used 6467K, capacity 7220K, committed 7296K, reserved 1056768K
  class space    used 606K, capacity 620K, committed 640K, reserved 1048576K
Event: 5.086 GC heap after
Heap after GC invocations=6 (full 0):
 PSYoungGen      total 154112K, used 16384K [0x00000000eab00000, 0x00000000f5a00000, 0x0000000100000000)
  eden space 132096K, 0% used [0x00000000eab00000,0x00000000eab00000,0x00000000f2c00000)
  from space 22016K, 74% used [0x00000000f4280000,0x00000000f5280398,0x00000000f5800000)
  to   space 23040K, 0% used [0x00000000f2c00000,0x00000000f2c00000,0x00000000f4280000)
 ParOldGen       total 87552K, used 36382K [0x00000000c0000000, 0x00000000c5580000, 0x00000000eab00000)
  object space 87552K, 41% used [0x00000000c0000000,0x00000000c2387bb0,0x00000000c5580000)
 Metaspace       used 6467K, capacity 7220K, committed 7296K, reserved 1056768K
  class space    used 606K, capacity 620K, committed 640K, reserved 1048576K
}
Event: 5.298 GC heap before
{Heap before GC invocations=7 (full 0):
 PSYoungGen      total 154112K, used 148480K [0x00000000eab00000, 0x00000000f5a00000, 0x0000000100000000)
  eden space 132096K, 100% used [0x00000000eab00000,0x00000000f2c00000,0x00000000f2c00000)
  from space 22016K, 74% used [0x00000000f4280000,0x00000000f5280398,0x00000000f5800000)
  to   space 23040K, 0% used [0x00000000f2c00000,0x00000000f2c00000,0x00000000f4280000)
 ParOldGen       total 87552K, used 36386K [0x00000000c0000000, 0x00000000c5580000, 0x00000000eab00000)
  object space 87552K, 41% used [0x00000000c0000000,0x00000000c2388918,0x00000000c5580000)
 Metaspace       used 6489K, capacity 7220K, committed 7296K, reserved 1056768K
  class space    used 606K, capacity 620K, committed 640K, reserved 1048576K
Event: 5.344 GC heap after
Heap after GC invocations=7 (full 0):
 PSYoungGen      total 155136K, used 23039K [0x00000000eab00000, 0x00000000feb00000, 0x0000000100000000)
  eden space 132096K, 0% used [0x00000000eab00000,0x00000000eab00000,0x00000000f2c00000)
  from space 23040K, 99% used [0x00000000f2c00000,0x00000000f427fe80,0x00000000f4280000)
  to   space 31744K, 0% used [0x00000000fcc00000,0x00000000fcc00000,0x00000000feb00000)
 ParOldGen       total 87552K, used 47197K [0x00000000c0000000, 0x00000000c5580000, 0x00000000eab00000)
  object space 87552K, 53% used [0x00000000c0000000,0x00000000c2e17708,0x00000000c5580000)
 Metaspace       used 6489K, capacity 7220K, committed 7296K, reserved 1056768K
  class space    used 606K, capacity 620K, committed 640K, reserved 1048576K
}

Deoptimization events (10 events):
Event: 4.998 Thread 0x000000001776f800 Uncommon trap: reason=unstable_if action=reinterpret pc=0x00000000031bcef4 method=com.android.dx.ssa.SCCP.simulateStmt(Lcom/android/dx/ssa/SsaInsn;)V @ 59
Event: 5.014 Thread 0x000000001780e000 Uncommon trap: reason=bimorphic action=maybe_recompile pc=0x0000000002c34d60 method=java.util.HashMap.getNode(ILjava/lang/Object;)Ljava/util/HashMap$Node; @ 126
Event: 5.014 Thread 0x000000001780e000 Uncommon trap: reason=bimorphic action=maybe_recompile pc=0x0000000002c6edb8 method=java.util.HashMap.getNode(ILjava/lang/Object;)Ljava/util/HashMap$Node; @ 126
Event: 5.032 Thread 0x00000000177cf000 Uncommon trap: reason=unstable_if action=reinterpret pc=0x000000000323c70c method=com.android.dx.util.MutabilityControl.isImmutable()Z @ 4
Event: 5.045 Thread 0x000000001776f800 Uncommon trap: reason=bimorphic action=maybe_recompile pc=0x0000000002c34d60 method=java.util.HashMap.getNode(ILjava/lang/Object;)Ljava/util/HashMap$Node; @ 126
Event: 5.046 Thread 0x000000001776f800 Uncommon trap: reason=bimorphic action=maybe_recompile pc=0x0000000002c6edb8 method=java.util.HashMap.getNode(ILjava/lang/Object;)Ljava/util/HashMap$Node; @ 126
Event: 5.089 Thread 0x000000001776f800 Uncommon trap: reason=unstable_if action=reinterpret pc=0x0000000002ef7ee8 method=com.android.dx.rop.code.Insn.contentEquals(Lcom/android/dx/rop/code/Insn;)Z @ 47
Event: 5.102 Thread 0x0000000017810800 Uncommon trap: reason=unstable_if action=reinterpret pc=0x0000000002ffe578 method=com.android.dx.ssa.InterferenceRegisterMapper.interferes(III)Z @ 69
Event: 5.133 Thread 0x000000001776f800 Uncommon trap: reason=unstable_if action=reinterpret pc=0x000000000321d3b4 method=com.android.dx.rop.code.BasicBlockList.preferredSuccessorOf(Lcom/android/dx/rop/code/BasicBlock;)Lcom/android/dx/rop/code/BasicBlock; @ 58
Event: 5.376 Thread 0x0000000002910800 Uncommon trap: reason=unstable_if action=reinterpret pc=0x00000000032a5bdc method=com.android.dx.cf.code.Merger.isPossiblyAssignableFrom(Lcom/android/dx/rop/type/TypeBearer;Lcom/android/dx/rop/type/TypeBearer;)Z @ 177

Internal exceptions (3 events):
Event: 0.039 Thread 0x0000000002910800 Exception <a 'java/lang/NoSuchMethodError': Method sun.misc.Unsafe.defineClass(Ljava/lang/String;[BII)Ljava/lang/Class; name or signature does not match> (0x00000000eab07cc0) thrown at [D:\re\workspace\8-2-build-windows-amd64-cygwin\jdk8u92\6642\hotspot\sr3õgïÌ£?
Event: 0.039 Thread 0x0000000002910800 Exception <a 'java/lang/NoSuchMethodError': Method sun.misc.Unsafe.prefetchRead(Ljava/lang/Object;J)V name or signature does not match> (0x00000000eab07fa8) thrown at [D:\re\workspace\8-2-build-windows-amd64-cygwin\jdk8u92\6642\hotspot\src\share\vm\prims\jA¦þúzý?
Event: 1.843 Thread 0x000000001780e000 Implicit null exception at 0x0000000002db66ce to 0x0000000002db8849

Events (10 events):
Event: 5.443 Thread 0x00000000177cf000 DEOPT PACKING pc=0x0000000002eb9d11 sp=0x0000000018c2ec30
Event: 5.443 Thread 0x00000000177cf000 DEOPT UNPACKING pc=0x0000000002a5787f sp=0x0000000018c2e9c0 mode 0
Event: 5.451 Thread 0x000000001780e000 DEOPT PACKING pc=0x0000000002ddc8a8 sp=0x0000000018d2e4a0
Event: 5.451 Thread 0x000000001780e000 DEOPT UNPACKING pc=0x0000000002a5787f sp=0x0000000018d2e208 mode 0
Event: 5.454 loading class java/util/HashMap$KeySet
Event: 5.454 loading class java/util/HashMap$KeySet done
Event: 5.454 loading class java/util/HashMap$KeyIterator
Event: 5.454 loading class java/util/HashMap$KeyIterator done
Event: 5.456 Thread 0x000000001776f800 Thread exited: 0x000000001776f800
Event: 5.457 Thread 0x00000000177cf000 Thread exited: 0x00000000177cf000


Dynamic libraries:
0x00007ff6bf840000 - 0x00007ff6bf877000 	D:\java\JDK\bin\java.exe
0x00007ffa54f30000 - 0x00007ffa55101000 	C:\WINDOWS\SYSTEM32\ntdll.dll
0x00007ffa54e80000 - 0x00007ffa54f2c000 	C:\WINDOWS\System32\KERNEL32.DLL
0x00007ffa514c0000 - 0x00007ffa516dd000 	C:\WINDOWS\System32\KERNELBASE.dll
0x00007ffa526b0000 - 0x00007ffa52752000 	C:\WINDOWS\System32\ADVAPI32.dll
0x00007ffa54a30000 - 0x00007ffa54ace000 	C:\WINDOWS\System32\msvcrt.dll
0x00007ffa545c0000 - 0x00007ffa54619000 	C:\WINDOWS\System32\sechost.dll
0x00007ffa528c0000 - 0x00007ffa529e1000 	C:\WINDOWS\System32\RPCRT4.dll
0x00007ffa54ad0000 - 0x00007ffa54c35000 	C:\WINDOWS\System32\USER32.dll
0x00007ffa519e0000 - 0x00007ffa519fe000 	C:\WINDOWS\System32\win32u.dll
0x00007ffa524c0000 - 0x00007ffa524f4000 	C:\WINDOWS\System32\GDI32.dll
0x00007ffa51850000 - 0x00007ffa519d2000 	C:\WINDOWS\System32\gdi32full.dll
0x00007ffa40940000 - 0x00007ffa40bba000 	C:\WINDOWS\WinSxS\amd64_microsoft.windows.common-controls_6595b64144ccf1df_6.0.14393.953_none_42151e83c686086b\COMCTL32.dll
0x00007ffa546f0000 - 0x00007ffa549b8000 	C:\WINDOWS\System32\combase.dll
0x00007ffa516e0000 - 0x00007ffa517d5000 	C:\WINDOWS\System32\ucrtbase.dll
0x00007ffa517e0000 - 0x00007ffa5184a000 	C:\WINDOWS\System32\bcryptPrimitives.dll
0x00007ffa54590000 - 0x00007ffa545be000 	C:\WINDOWS\System32\IMM32.DLL
0x0000000065060000 - 0x0000000065132000 	D:\java\JDK\jre\bin\msvcr100.dll
0x00000000647c0000 - 0x0000000065056000 	D:\java\JDK\jre\bin\server\jvm.dll
0x00007ffa54620000 - 0x00007ffa54628000 	C:\WINDOWS\System32\PSAPI.DLL
0x00007ffa4eb40000 - 0x00007ffa4eb49000 	C:\WINDOWS\SYSTEM32\WSOCK32.dll
0x00007ffa4f4b0000 - 0x00007ffa4f4d3000 	C:\WINDOWS\SYSTEM32\WINMM.dll
0x00007ffa4eaa0000 - 0x00007ffa4eaaa000 	C:\WINDOWS\SYSTEM32\VERSION.dll
0x00007ffa54e10000 - 0x00007ffa54e7a000 	C:\WINDOWS\System32\WS2_32.dll
0x0000000000b90000 - 0x0000000000bbb000 	C:\WINDOWS\SYSTEM32\WINMMBASE.dll
0x00007ffa51ab0000 - 0x00007ffa51af2000 	C:\WINDOWS\System32\cfgmgr32.dll
0x0000000066440000 - 0x000000006644f000 	D:\java\JDK\jre\bin\verify.dll
0x0000000066410000 - 0x0000000066439000 	D:\java\JDK\jre\bin\java.dll
0x00000000663f0000 - 0x0000000066406000 	D:\java\JDK\jre\bin\zip.dll
0x00007ffa529f0000 - 0x00007ffa53ef8000 	C:\WINDOWS\System32\SHELL32.dll
0x00007ffa51d80000 - 0x00007ffa5245a000 	C:\WINDOWS\System32\windows.storage.dll
0x00007ffa51390000 - 0x00007ffa513dc000 	C:\WINDOWS\System32\powrprof.dll
0x00007ffa54690000 - 0x00007ffa546e2000 	C:\WINDOWS\System32\shlwapi.dll
0x00007ffa513f0000 - 0x00007ffa513ff000 	C:\WINDOWS\System32\kernel.appcore.dll
0x00007ffa51a00000 - 0x00007ffa51aa9000 	C:\WINDOWS\System32\shcore.dll
0x00007ffa51400000 - 0x00007ffa51414000 	C:\WINDOWS\System32\profapi.dll

VM Arguments:
jvm_args: -Djava.awt.headless=true -Xmx1024M -Dfile.encoding=GBK -Duser.country=CN -Duser.language=zh -Duser.variant 
java_command: com.android.dx.command.Main --dex --num-threads=4 --multi-dex --output G:\nav\Navigation\app\build\intermediates\transforms\dex\debug\folders\1000\2\Rong_IMLib_3051e03bb6e46cedea368cca3e4eded0c8431fd3 G:\nav\Navigation\app\libs\Rong_IMLib.jar
java_class_path (initial): D:\java\SDK\build-tools\25.0.3\lib\dx.jar
Launcher Type: SUN_STANDARD

Environment Variables:
JAVA_HOME=D:\java\JDK
PATH=C:\ProgramData\Oracle\Java\javapath;C:\Program Files (x86)\Tesseract-OCR;C:\Python27\Scripts\;C:\WINDOWS\system32;C:\WINDOWS;C:\WINDOWS\System32\Wbem;C:\WINDOWS\System32\WindowsPowerShell\v1.0\;C:\Program Files\Microsoft SQL Server\110\Tools\Binn\;C:\Program Files\Microsoft SQL Server\120\Tools\Binn\;C:\WINDOWS\system32\config\systemprofile\.dnx\bin;C:\Program Files\Microsoft DNX\Dnvm\;C:\Program Files (x86)\Windows Kits\10\Windows Performance Toolkit\;C:\Python27;D:\Git\bin;C:\Program Files\MATLAB\MATLAB Runtime\v90\bin;C:\Program Files\MATLAB\MATLAB Runtime\v90\runtime\win64;D:\java\JDK\bin;D:\java\JRE\bin;C:\Program Files (x86)\IDM Computer Solutions\UltraEdit;D:\java\SDK\platform-tools;C:\Users\EdwardPC\AppData\Local\Microsoft\WindowsApps;C:\Users\EdwardPC\AppData\Roaming\npm;C:\Python27;C:\Python36;C:\Program Files\SQLite Expert\Personal 4;C:\Python27\Scripts\;C:\Program Files\MATLAB\MATLAB Runtime\v90\bin\win64;C:\Program Files\MATLAB\MATLAB Runtime\v90\bin;D:\java\SDK\platform-tools
USERNAME=EdwardPC
OS=Windows_NT
PROCESSOR_IDENTIFIER=Intel64 Family 6 Model 60 Stepping 3, GenuineIntel



---------------  S Y S T E M  ---------------

OS: Windows 10.0 , 64 bit Build 14393 (10.0.14393.1198)

CPU:total 8 (4 cores per cpu, 2 threads per core) family 6 model 60 stepping 3, cmov, cx8, fxsr, mmx, sse, sse2, sse3, ssse3, sse4.1, sse4.2, popcnt, avx, avx2, aes, clmul, erms, lzcnt, ht, tsc, tscinvbit, bmi1, bmi2

Memory: 4k page, physical 8277272k(906408k free), swap 8277272k(147488k free)

vm_info: Java HotSpot(TM) 64-Bit Server VM (25.92-b14) for windows-amd64 JRE (1.8.0_92-b14), built on Mar 31 2016 21:03:04 by "java_re" with MS VC++ 10.0 (VS2010)

time: Fri Jun 09 11:43:34 2017
elapsed time: 5 seconds (0d 0h 0m 5s)

