#
# There is insufficient memory for the Java Runtime Environment to continue.
# Native memory allocation (malloc) failed to allocate 1054096 bytes for Chunk::new
# Possible reasons:
#   The system is out of physical RAM or swap space
#   In 32 bit mode, the process size limit was hit
# Possible solutions:
#   Reduce memory load on the system
#   Increase physical memory or swap space
#   Check if swap backing store is full
#   Use 64 bit Java on a 64 bit OS
#   Decrease Java heap size (-Xmx/-Xms)
#   Decrease number of Java threads
#   Decrease Java thread stack sizes (-Xss)
#   Set larger code cache with -XX:ReservedCodeCacheSize=
# This output file may be truncated or incomplete.
#
#  Out of Memory Error (allocation.cpp:390), pid=12344, tid=0x0000000000001180
#
# JRE version: Java(TM) SE Runtime Environment (8.0_92-b14) (build 1.8.0_92-b14)
# Java VM: Java HotSpot(TM) 64-Bit Server VM (25.92-b14 mixed mode windows-amd64 compressed oops)
# Failed to write core dump. Minidumps are not enabled by default on client versions of Windows
#

---------------  T H R E A D  ---------------

Current thread (0x0000000017fa8800):  JavaThread "C2 CompilerThread0" daemon [_thread_in_native, id=4480, stack(0x0000000018680000,0x0000000018780000)]

Stack: [0x0000000018680000,0x0000000018780000]
[error occurred during error reporting (printing stack bounds), id 0xc0000005]

Native frames: (J=compiled Java code, j=interpreted, Vv=VM code, C=native code)


Current CompileTask:
C2:   3082 1454   !   4       com.android.dx.cf.cst.ConstantPoolParser::parse0 (731 bytes)


---------------  P R O C E S S  ---------------

Java Threads: ( => current thread )
  0x0000000018211800 JavaThread "pool-1-thread-4" [_thread_in_Java, id=14280, stack(0x0000000019880000,0x0000000019980000)]
  0x0000000018210000 JavaThread "pool-1-thread-3" [_thread_in_Java, id=3540, stack(0x0000000019780000,0x0000000019880000)]
  0x00000000182eb000 JavaThread "pool-1-thread-2" [_thread_in_vm, id=4248, stack(0x0000000019680000,0x0000000019780000)]
  0x0000000018cea000 JavaThread "pool-2-thread-1" [_thread_blocked, id=13808, stack(0x0000000019580000,0x0000000019680000)]
  0x0000000018ce9800 JavaThread "pool-1-thread-1" [_thread_in_Java, id=14412, stack(0x0000000019480000,0x0000000019580000)]
  0x0000000018055000 JavaThread "Service Thread" daemon [_thread_blocked, id=11100, stack(0x0000000018a80000,0x0000000018b80000)]
  0x0000000017fb3000 JavaThread "C1 CompilerThread3" daemon [_thread_in_vm, id=5612, stack(0x0000000018980000,0x0000000018a80000)]
  0x0000000017fab800 JavaThread "C2 CompilerThread2" daemon [_thread_in_native, id=14228, stack(0x0000000018880000,0x0000000018980000)]
  0x000000001603c800 JavaThread "C2 CompilerThread1" daemon [_thread_in_native, id=15164, stack(0x0000000018780000,0x0000000018880000)]
=>0x0000000017fa8800 JavaThread "C2 CompilerThread0" daemon [_thread_in_native, id=4480, stack(0x0000000018680000,0x0000000018780000)]
  0x0000000017fa7800 JavaThread "Attach Listener" daemon [_thread_blocked, id=3236, stack(0x0000000018580000,0x0000000018680000)]
  0x0000000017f5b800 JavaThread "Signal Dispatcher" daemon [_thread_blocked, id=8176, stack(0x0000000018480000,0x0000000018580000)]
  0x000000000350d800 JavaThread "Finalizer" daemon [_thread_blocked, id=10692, stack(0x0000000018320000,0x0000000018420000)]
  0x000000001602d800 JavaThread "Reference Handler" daemon [_thread_blocked, id=8232, stack(0x0000000017e20000,0x0000000017f20000)]
  0x00000000016fd800 JavaThread "main" [_thread_in_Java, id=6812, stack(0x0000000003310000,0x0000000003410000)]

Other Threads:
  0x0000000016029000 VMThread [stack: 0x0000000017d20000,0x0000000017e20000] [id=12952]
  0x00000000180ae800 WatcherThread [stack: 0x0000000018b80000,0x0000000018c80000] [id=9624]

VM state:not at safepoint (normal execution)

VM Mutex/Monitor currently owned by a thread: None

Heap:
 PSYoungGen      total 71680K, used 27122K [0x00000000eab00000, 0x00000000ef600000, 0x0000000100000000)
  eden space 66560K, 33% used [0x00000000eab00000,0x00000000ec0841c0,0x00000000eec00000)
  from space 5120K, 99% used [0x00000000ef100000,0x00000000ef5f8990,0x00000000ef600000)
  to   space 5120K, 0% used [0x00000000eec00000,0x00000000eec00000,0x00000000ef100000)
 ParOldGen       total 87552K, used 3508K [0x00000000c0000000, 0x00000000c5580000, 0x00000000eab00000)
  object space 87552K, 4% used [0x00000000c0000000,0x00000000c036d0b0,0x00000000c5580000)
 Metaspace       used 6263K, capacity 7092K, committed 7296K, reserved 1056768K
  class space    used 607K, capacity 620K, committed 640K, reserved 1048576K

Card table byte_map: [0x00000000128d0000,0x0000000012ae0000] byte_map_base: 0x00000000122d0000

Marking Bits: (ParMarkBitMap*) 0x00000000701464f0
 Begin Bits: [0x0000000013440000, 0x0000000014440000)
 End Bits:   [0x0000000014440000, 0x0000000015440000)

Polling page: 0x00000000016e0000

CodeCache: size=245760Kb used=6340Kb max_used=6340Kb free=239419Kb
 bounds [0x0000000003510000, 0x0000000003b50000, 0x0000000012510000]
 total_blobs=1837 nmethods=1566 adapters=184
 compilation: enabled

Compilation events (10 events):
Event: 3.074 Thread 0x0000000017fb3000 nmethod 1582 0x0000000003b41f90 code [0x0000000003b42120, 0x0000000003b42418]
Event: 3.075 Thread 0x0000000017fb3000 1583       2       com.android.dx.rop.code.CstInsn::contentEquals (31 bytes)
Event: 3.075 Thread 0x0000000017fb3000 nmethod 1583 0x0000000003b425d0 code [0x0000000003b42740, 0x0000000003b42958]
Event: 3.076 Thread 0x0000000017fb3000 1584       2       com.android.dx.ssa.PhiTypeResolver::equalsHandlesNulls (23 bytes)
Event: 3.076 Thread 0x0000000017fb3000 nmethod 1584 0x0000000003b42a50 code [0x0000000003b42bc0, 0x0000000003b42dc8]
Event: 3.076 Thread 0x0000000017fb3000 1588       2       com.android.dx.ssa.back.FirstFitLocalCombiningAllocator::handleInvokeRangeInsns (36 bytes)
Event: 3.077 Thread 0x0000000017fb3000 nmethod 1588 0x0000000003b42ed0 code [0x0000000003b43060, 0x0000000003b43358]
Event: 3.077 Thread 0x0000000017fb3000 1585       2       com.android.dx.ssa.back.SsaToRop::convert (99 bytes)
Event: 3.079 Thread 0x0000000017fb3000 nmethod 1585 0x0000000003b43510 code [0x0000000003b43720, 0x0000000003b43e38]
Event: 3.079 Thread 0x0000000017fb3000 1586       2       com.android.dx.ssa.back.FirstFitLocalCombiningAllocator::<init> (141 bytes)

GC Heap History (4 events):
Event: 1.567 GC heap before
{Heap before GC invocations=1 (full 0):
 PSYoungGen      total 38400K, used 33280K [0x00000000eab00000, 0x00000000ed580000, 0x0000000100000000)
  eden space 33280K, 100% used [0x00000000eab00000,0x00000000ecb80000,0x00000000ecb80000)
  from space 5120K, 0% used [0x00000000ed080000,0x00000000ed080000,0x00000000ed580000)
  to   space 5120K, 0% used [0x00000000ecb80000,0x00000000ecb80000,0x00000000ed080000)
 ParOldGen       total 87552K, used 0K [0x00000000c0000000, 0x00000000c5580000, 0x00000000eab00000)
  object space 87552K, 0% used [0x00000000c0000000,0x00000000c0000000,0x00000000c5580000)
 Metaspace       used 5927K, capacity 6834K, committed 7040K, reserved 1056768K
  class space    used 604K, capacity 618K, committed 640K, reserved 1048576K
Event: 1.605 GC heap after
Heap after GC invocations=1 (full 0):
 PSYoungGen      total 38400K, used 5107K [0x00000000eab00000, 0x00000000ef600000, 0x0000000100000000)
  eden space 33280K, 0% used [0x00000000eab00000,0x00000000eab00000,0x00000000ecb80000)
  from space 5120K, 99% used [0x00000000ecb80000,0x00000000ed07cff8,0x00000000ed080000)
  to   space 5120K, 0% used [0x00000000ef100000,0x00000000ef100000,0x00000000ef600000)
 ParOldGen       total 87552K, used 105K [0x00000000c0000000, 0x00000000c5580000, 0x00000000eab00000)
  object space 87552K, 0% used [0x00000000c0000000,0x00000000c001a5e8,0x00000000c5580000)
 Metaspace       used 5927K, capacity 6834K, committed 7040K, reserved 1056768K
  class space    used 604K, capacity 618K, committed 640K, reserved 1048576K
}
Event: 2.728 GC heap before
{Heap before GC invocations=2 (full 0):
 PSYoungGen      total 38400K, used 38387K [0x00000000eab00000, 0x00000000ef600000, 0x0000000100000000)
  eden space 33280K, 100% used [0x00000000eab00000,0x00000000ecb80000,0x00000000ecb80000)
  from space 5120K, 99% used [0x00000000ecb80000,0x00000000ed07cff8,0x00000000ed080000)
  to   space 5120K, 0% used [0x00000000ef100000,0x00000000ef100000,0x00000000ef600000)
 ParOldGen       total 87552K, used 105K [0x00000000c0000000, 0x00000000c5580000, 0x00000000eab00000)
  object space 87552K, 0% used [0x00000000c0000000,0x00000000c001a5e8,0x00000000c5580000)
 Metaspace       used 6187K, capacity 7028K, committed 7296K, reserved 1056768K
  class space    used 607K, capacity 620K, committed 640K, reserved 1048576K
Event: 2.761 GC heap after
Heap after GC invocations=2 (full 0):
 PSYoungGen      total 71680K, used 5090K [0x00000000eab00000, 0x00000000ef600000, 0x0000000100000000)
  eden space 66560K, 0% used [0x00000000eab00000,0x00000000eab00000,0x00000000eec00000)
  from space 5120K, 99% used [0x00000000ef100000,0x00000000ef5f8990,0x00000000ef600000)
  to   space 5120K, 0% used [0x00000000eec00000,0x00000000eec00000,0x00000000ef100000)
 ParOldGen       total 87552K, used 3508K [0x00000000c0000000, 0x00000000c5580000, 0x00000000eab00000)
  object space 87552K, 4% used [0x00000000c0000000,0x00000000c036d0b0,0x00000000c5580000)
 Metaspace       used 6187K, capacity 7028K, committed 7296K, reserved 1056768K
  class space    used 607K, capacity 620K, committed 640K, reserved 1048576K
}

Deoptimization events (10 events):
Event: 2.923 Thread 0x0000000018ce9800 Uncommon trap: reason=unstable_if action=reinterpret pc=0x0000000003ada9d8 method=com.android.dx.rop.code.RegisterSpec.equals(ILcom/android/dx/rop/type/TypeBearer;Lcom/android/dx/rop/code/LocalItem;)Z @ 42
Event: 2.940 Thread 0x0000000018211800 Uncommon trap: reason=bimorphic action=maybe_recompile pc=0x0000000003adce60 method=java.util.HashMap.getNode(ILjava/lang/Object;)Ljava/util/HashMap$Node; @ 126
Event: 2.941 Thread 0x0000000018211800 Uncommon trap: reason=class_check action=maybe_recompile pc=0x0000000003891340 method=java.util.HashMap.putVal(ILjava/lang/Object;Ljava/lang/Object;ZZ)Ljava/lang/Object; @ 203
Event: 2.941 Thread 0x0000000018211800 Uncommon trap: reason=bimorphic action=maybe_recompile pc=0x0000000003adce60 method=java.util.HashMap.getNode(ILjava/lang/Object;)Ljava/util/HashMap$Node; @ 126
Event: 2.941 Thread 0x0000000018211800 Uncommon trap: reason=class_check action=maybe_recompile pc=0x0000000003891340 method=java.util.HashMap.putVal(ILjava/lang/Object;Ljava/lang/Object;ZZ)Ljava/lang/Object; @ 203
Event: 2.941 Thread 0x0000000018211800 Uncommon trap: reason=bimorphic action=maybe_recompile pc=0x0000000003adce60 method=java.util.HashMap.getNode(ILjava/lang/Object;)Ljava/util/HashMap$Node; @ 126
Event: 2.941 Thread 0x0000000018211800 Uncommon trap: reason=bimorphic action=maybe_recompile pc=0x0000000003adce60 method=java.util.HashMap.getNode(ILjava/lang/Object;)Ljava/util/HashMap$Node; @ 126
Event: 2.941 Thread 0x0000000018211800 Uncommon trap: reason=class_check action=maybe_recompile pc=0x00000000039386c4 method=java.util.HashMap.putVal(ILjava/lang/Object;Ljava/lang/Object;ZZ)Ljava/lang/Object; @ 203
Event: 2.942 Thread 0x00000000016fd800 Uncommon trap: reason=unstable_if action=reinterpret pc=0x0000000003acc0a8 method=com.android.dx.ssa.SCCP.simulateBranch(Lcom/android/dx/ssa/SsaInsn;)V @ 64
Event: 2.944 Thread 0x00000000016fd800 Uncommon trap: reason=unstable_if action=reinterpret pc=0x00000000038b029c method=com.android.dx.ssa.SsaMethod.updateOneDefinition(Lcom/android/dx/ssa/SsaInsn;Lcom/android/dx/rop/code/RegisterSpec;)V @ 4

Internal exceptions (3 events):
Event: 0.077 Thread 0x00000000016fd800 Exception <a 'java/lang/NoSuchMethodError': Method sun.misc.Unsafe.defineClass(Ljava/lang/String;[BII)Ljava/lang/Class; name or signature does not match> (0x00000000eab07cc0) thrown at [D:\re\workspace\8-2-build-windows-amd64-cygwin\jdk8u92\6642\hotspot\sr>HCøSÝ³?
Event: 0.078 Thread 0x00000000016fd800 Exception <a 'java/lang/NoSuchMethodError': Method sun.misc.Unsafe.prefetchRead(Ljava/lang/Object;J)V name or signature does not match> (0x00000000eab07fa8) thrown at [D:\re\workspace\8-2-build-windows-amd64-cygwin\jdk8u92\6642\hotspot\src\share\vm\prims\jÿ wgUV@
Event: 2.292 Thread 0x00000000182eb000 Implicit null exception at 0x000000000393c962 to 0x000000000393ca69

Events (10 events):
Event: 2.941 Thread 0x0000000018211800 DEOPT PACKING pc=0x00000000039386c4 sp=0x000000001997e8b0
Event: 2.941 Thread 0x0000000018211800 DEOPT UNPACKING pc=0x000000000355582a sp=0x000000001997e7e8 mode 2
Event: 2.942 Thread 0x00000000016fd800 Uncommon trap: trap_request=0xffffff65 fr.pc=0x0000000003acc0a8
Event: 2.942 Thread 0x00000000016fd800 DEOPT PACKING pc=0x0000000003acc0a8 sp=0x000000000340e630
Event: 2.942 Thread 0x00000000016fd800 DEOPT UNPACKING pc=0x000000000355582a sp=0x000000000340e620 mode 2
Event: 2.943 loading class com/android/dx/rop/code/RegOps
Event: 2.943 loading class com/android/dx/rop/code/RegOps done
Event: 2.944 Thread 0x00000000016fd800 Uncommon trap: trap_request=0xffffff65 fr.pc=0x00000000038b029c
Event: 2.944 Thread 0x00000000016fd800 DEOPT PACKING pc=0x00000000038b029c sp=0x000000000340e5e0
Event: 2.944 Thread 0x00000000016fd800 DEOPT UNPACKING pc=0x000000000355582a sp=0x000000000340e588 mode 2


Dynamic libraries:
0x00007ff740de0000 - 0x00007ff740e17000 	D:\java\JDK\bin\java.exe
0x00007ffb53020000 - 0x00007ffb531f1000 	C:\WINDOWS\SYSTEM32\ntdll.dll
0x00007ffb529b0000 - 0x00007ffb52a5b000 	C:\WINDOWS\System32\KERNEL32.DLL
0x00007ffb50200000 - 0x00007ffb5041d000 	C:\WINDOWS\System32\KERNELBASE.dll
0x00007ffb52d70000 - 0x00007ffb52e12000 	C:\WINDOWS\System32\ADVAPI32.dll
0x00007ffb52ac0000 - 0x00007ffb52b5e000 	C:\WINDOWS\System32\msvcrt.dll
0x00007ffb52510000 - 0x00007ffb52569000 	C:\WINDOWS\System32\sechost.dll
0x00007ffb52e30000 - 0x00007ffb52f51000 	C:\WINDOWS\System32\RPCRT4.dll
0x00007ffb52840000 - 0x00007ffb529a5000 	C:\WINDOWS\System32\USER32.dll
0x00007ffb4f790000 - 0x00007ffb4f7ae000 	C:\WINDOWS\System32\win32u.dll
0x00007ffb509f0000 - 0x00007ffb50a24000 	C:\WINDOWS\System32\GDI32.dll
0x00007ffb50420000 - 0x00007ffb505a2000 	C:\WINDOWS\System32\gdi32full.dll
0x00007ffb49790000 - 0x00007ffb49a09000 	C:\WINDOWS\WinSxS\amd64_microsoft.windows.common-controls_6595b64144ccf1df_6.0.14393.447_none_42191651c6827bb3\COMCTL32.dll
0x00007ffb52570000 - 0x00007ffb52838000 	C:\WINDOWS\System32\combase.dll
0x00007ffb4f690000 - 0x00007ffb4f785000 	C:\WINDOWS\System32\ucrtbase.dll
0x00007ffb4f570000 - 0x00007ffb4f5da000 	C:\WINDOWS\System32\bcryptPrimitives.dll
0x00007ffb52420000 - 0x00007ffb5244e000 	C:\WINDOWS\System32\IMM32.DLL
0x000000006ee80000 - 0x000000006ef52000 	D:\java\JDK\jre\bin\msvcr100.dll
0x000000006f930000 - 0x00000000701c6000 	D:\java\JDK\jre\bin\server\jvm.dll
0x00007ffb509e0000 - 0x00007ffb509e8000 	C:\WINDOWS\System32\PSAPI.DLL
0x00007ffb476f0000 - 0x00007ffb476f9000 	C:\WINDOWS\SYSTEM32\WSOCK32.dll
0x00007ffb50aa0000 - 0x00007ffb50b0a000 	C:\WINDOWS\System32\WS2_32.dll
0x00007ffb4d7b0000 - 0x00007ffb4d7d3000 	C:\WINDOWS\SYSTEM32\WINMM.dll
0x00007ffb4b190000 - 0x00007ffb4b19a000 	C:\WINDOWS\SYSTEM32\VERSION.dll
0x00007ffb4d770000 - 0x00007ffb4d79b000 	C:\WINDOWS\SYSTEM32\WINMMBASE.dll
0x00007ffb4fad0000 - 0x00007ffb4fb12000 	C:\WINDOWS\System32\cfgmgr32.dll
0x000000006f920000 - 0x000000006f92f000 	D:\java\JDK\jre\bin\verify.dll
0x000000006f8f0000 - 0x000000006f919000 	D:\java\JDK\jre\bin\java.dll
0x000000006f8d0000 - 0x000000006f8e6000 	D:\java\JDK\jre\bin\zip.dll
0x00007ffb50c10000 - 0x00007ffb52119000 	C:\WINDOWS\System32\SHELL32.dll
0x00007ffb4fb20000 - 0x00007ffb501fa000 	C:\WINDOWS\System32\windows.storage.dll
0x00007ffb4f4b0000 - 0x00007ffb4f4fc000 	C:\WINDOWS\System32\powrprof.dll
0x00007ffb524b0000 - 0x00007ffb52502000 	C:\WINDOWS\System32\shlwapi.dll
0x00007ffb4f500000 - 0x00007ffb4f50f000 	C:\WINDOWS\System32\kernel.appcore.dll
0x00007ffb4f980000 - 0x00007ffb4fa29000 	C:\WINDOWS\System32\shcore.dll
0x00007ffb4f490000 - 0x00007ffb4f4a4000 	C:\WINDOWS\System32\profapi.dll

VM Arguments:
jvm_args: -Djava.awt.headless=true -Xmx1024M -Dfile.encoding=GBK -Duser.country=CN -Duser.language=zh -Duser.variant 
java_command: com.android.dx.command.Main --dex --num-threads=4 --output G:\nav\Navigation\app\build\intermediates\pre-dexed\debug\com.android.support-support-v4-24.1.1_e960ed211db8e2edb6f5595ab36bc0d94a7667c4.jar G:\nav\Navigation\app\build\intermediates\exploded-aar\com.android.support\support-v4\24.1.1\jars\classes.jar
java_class_path (initial): D:\java\SDK\build-tools\23.0.3\lib\dx.jar
Launcher Type: SUN_STANDARD

Environment Variables:
JAVA_HOME=D:\java\JDK
PATH=C:\Python34\;C:\Python34\Scripts;D:\perl\site\bin;D:\perl\bin;C:\ProgramData\Oracle\Java\javapath;C:\Program Files (x86)\NVIDIA Corporation\PhysX\Common;C:\Program Files (x86)\Intel\iCLS Client\;C:\Program Files\Intel\iCLS Client\;C:\Windows\system32;C:\Windows;C:\Windows\System32\Wbem;C:\Windows\System32\WindowsPowerShell\v1.0\;C:\Program Files (x86)\Acer\abFiles\;C:\Program Files\Intel\Intel(R) Management Engine Components\DAL;C:\Program Files\Intel\Intel(R) Management Engine Components\IPT;C:\Program Files (x86)\Intel\Intel(R) Management Engine Components\DAL;C:\Program Files (x86)\Intel\Intel(R) Management Engine Components\IPT;D:\java\JDK\bin;C:\WINDOWS\system32;C:\WINDOWS;C:\WINDOWS\System32\Wbem;C:\WINDOWS\System32\WindowsPowerShell\v1.0\;C:\WINDOWS\system32\config\systemprofile\.dnx\bin;C:\Program Files\Microsoft DNX\Dnvm\;C:\Program Files\Microsoft SQL Server\120\Tools\Binn\;C:\Program Files\Microsoft SQL Server\130\Tools\Binn\;C:\Program Files (x86)\nodejs\;C:\Program Files (x86)\Windows Kits\10\Windows Performance Toolkit\;D:\Git\cmd;D:\matlab2\runtime\win64;D:\matlab2\bin;D:\matlab\runtime\win64;D:\matlab\bin;D:\matlab\polyspace\bin;C:\Python27;C:\Program Files\MySQL\MySQL Utilities 1.6\;C:\Program Files\MySQL\MySQL Server 5.7\bin;C:\Users\EdwardPC\AppData\Local\Microsoft\WindowsApps;C:\Users\EdwardPC\AppData\Roaming\npm;C:\Python27
USERNAME=EdwardPC
OS=Windows_NT
PROCESSOR_IDENTIFIER=Intel64 Family 6 Model 60 Stepping 3, GenuineIntel



---------------  S Y S T E M  ---------------

OS: Windows 10.0 , 64 bit Build 14393 (10.0.14393.0)

CPU:total 8 (4 cores per cpu, 2 threads per core) family 6 model 60 stepping 3, cmov, cx8, fxsr, mmx, sse, sse2, sse3, ssse3, sse4.1, sse4.2, popcnt, avx, avx2, aes, clmul, erms, lzcnt, ht, tsc, tscinvbit, bmi1, bmi2

Memory: 4k page, physical 8277272k(1198308k free), swap 8277272k(6092k free)

vm_info: Java HotSpot(TM) 64-Bit Server VM (25.92-b14) for windows-amd64 JRE (1.8.0_92-b14), built on Mar 31 2016 21:03:04 by "java_re" with MS VC++ 10.0 (VS2010)

time: Sat Dec 17 19:26:57 2016
elapsed time: 3 seconds (0d 0h 0m 3s)

