#
# There is insufficient memory for the Java Runtime Environment to continue.
# Native memory allocation (malloc) failed to allocate 266800 bytes for Chunk::new
# Possible reasons:
#   The system is out of physical RAM or swap space
#   In 32 bit mode, the process size limit was hit
# Possible solutions:
#   Reduce memory load on the system
#   Increase physical memory or swap space
#   Check if swap backing store is full
#   Use 64 bit Java on a 64 bit OS
#   Decrease Java heap size (-Xmx/-Xms)
#   Decrease number of Java threads
#   Decrease Java thread stack sizes (-Xss)
#   Set larger code cache with -XX:ReservedCodeCacheSize=
# This output file may be truncated or incomplete.
#
#  Out of Memory Error (allocation.cpp:390), pid=12744, tid=0x0000000000000a38
#
# JRE version: Java(TM) SE Runtime Environment (8.0_92-b14) (build 1.8.0_92-b14)
# Java VM: Java HotSpot(TM) 64-Bit Server VM (25.92-b14 mixed mode windows-amd64 compressed oops)
# Failed to write core dump. Minidumps are not enabled by default on client versions of Windows
#

---------------  T H R E A D  ---------------

Current thread (0x0000000017ec8800):  JavaThread "C2 CompilerThread1" daemon [_thread_in_native, id=2616, stack(0x00000000186a0000,0x00000000187a0000)]

Stack: [0x00000000186a0000,0x00000000187a0000]
[error occurred during error reporting (printing stack bounds), id 0xc0000005]

Native frames: (J=compiled Java code, j=interpreted, Vv=VM code, C=native code)


Current CompileTask:
C2:  47774 2171   !   4       com.android.dx.rop.type.Prototype::intern (233 bytes)


---------------  P R O C E S S  ---------------

Java Threads: ( => current thread )
  0x0000000018038800 JavaThread "pool-2-thread-4" [_thread_blocked, id=18308, stack(0x0000000018fa0000,0x00000000190a0000)]
  0x000000001801b800 JavaThread "pool-2-thread-3" [_thread_blocked, id=17912, stack(0x0000000018ea0000,0x0000000018fa0000)]
  0x000000001801b000 JavaThread "pool-2-thread-2" [_thread_blocked, id=17700, stack(0x0000000018da0000,0x0000000018ea0000)]
  0x0000000018018000 JavaThread "pool-3-thread-1" [_thread_blocked, id=6832, stack(0x0000000018ca0000,0x0000000018da0000)]
  0x0000000018012800 JavaThread "pool-2-thread-1" [_thread_blocked, id=5908, stack(0x0000000018ba0000,0x0000000018ca0000)]
  0x0000000017f65000 JavaThread "Service Thread" daemon [_thread_blocked, id=4720, stack(0x00000000189a0000,0x0000000018aa0000)]
  0x0000000017ed0000 JavaThread "C1 CompilerThread3" daemon [_thread_blocked, id=9016, stack(0x00000000188a0000,0x00000000189a0000)]
  0x0000000017ecd000 JavaThread "C2 CompilerThread2" daemon [_thread_blocked, id=1680, stack(0x00000000187a0000,0x00000000188a0000)]
=>0x0000000017ec8800 JavaThread "C2 CompilerThread1" daemon [_thread_in_native, id=2616, stack(0x00000000186a0000,0x00000000187a0000)]
  0x0000000017ec6800 JavaThread "C2 CompilerThread0" daemon [_thread_in_native, id=7072, stack(0x00000000185a0000,0x00000000186a0000)]
  0x0000000017ec4000 JavaThread "Attach Listener" daemon [_thread_blocked, id=13128, stack(0x00000000184a0000,0x00000000185a0000)]
  0x0000000017ec3000 JavaThread "Signal Dispatcher" daemon [_thread_blocked, id=18040, stack(0x00000000183a0000,0x00000000184a0000)]
  0x0000000003459000 JavaThread "Finalizer" daemon [_thread_blocked, id=8820, stack(0x0000000018240000,0x0000000018340000)]
  0x0000000003456000 JavaThread "Reference Handler" daemon [_thread_blocked, id=17148, stack(0x0000000017d40000,0x0000000017e40000)]
  0x0000000003360800 JavaThread "main" [_thread_in_native, id=13112, stack(0x0000000002e90000,0x0000000002f90000)]

Other Threads:
  0x0000000015f79800 VMThread [stack: 0x0000000017c40000,0x0000000017d40000] [id=5848]
  0x0000000017fd2000 WatcherThread [stack: 0x0000000018aa0000,0x0000000018ba0000] [id=7296]

VM state:not at safepoint (normal execution)

VM Mutex/Monitor currently owned by a thread: None

Heap:
 PSYoungGen      total 45056K, used 20322K [0x00000000eab00000, 0x00000000ee480000, 0x0000000100000000)
  eden space 32256K, 28% used [0x00000000eab00000,0x00000000eb40add8,0x00000000eca80000)
  from space 12800K, 86% used [0x00000000ed780000,0x00000000ee24da38,0x00000000ee400000)
  to   space 13312K, 0% used [0x00000000eca80000,0x00000000eca80000,0x00000000ed780000)
 ParOldGen       total 87552K, used 24446K [0x00000000c0000000, 0x00000000c5580000, 0x00000000eab00000)
  object space 87552K, 27% used [0x00000000c0000000,0x00000000c17df840,0x00000000c5580000)
 Metaspace       used 6355K, capacity 7224K, committed 7296K, reserved 1056768K
  class space    used 608K, capacity 624K, committed 640K, reserved 1048576K

Card table byte_map: [0x0000000012820000,0x0000000012a30000] byte_map_base: 0x0000000012220000

Marking Bits: (ParMarkBitMap*) 0x00000000702c64f0
 Begin Bits: [0x0000000013390000, 0x0000000014390000)
 End Bits:   [0x0000000014390000, 0x0000000015390000)

Polling page: 0x00000000016f0000

CodeCache: size=245760Kb used=9887Kb max_used=10722Kb free=235873Kb
 bounds [0x0000000003460000, 0x0000000003ef0000, 0x0000000012460000]
 total_blobs=2175 nmethods=1910 adapters=177
 compilation: enabled

Compilation events (10 events):
Event: 34.847 Thread 0x0000000017ecd000 nmethod 2164 0x00000000036c0fd0 code [0x00000000036c1180, 0x00000000036c1d38]
Event: 34.875 Thread 0x0000000017ec8800 nmethod 2166 0x00000000036e6ed0 code [0x00000000036e71a0, 0x00000000036e9050]
Event: 37.013 Thread 0x0000000017ed0000 2167       3       com.android.dx.dex.cf.AttributeTranslator::translateEnclosingMethod (50 bytes)
Event: 37.014 Thread 0x0000000017ed0000 nmethod 2167 0x00000000036bbe10 code [0x00000000036bc060, 0x00000000036bcec8]
Event: 37.014 Thread 0x0000000017ed0000 2168       3       com.android.dx.dex.cf.AttributeTranslator::translateInnerClasses (356 bytes)
Event: 37.020 Thread 0x0000000017ed0000 nmethod 2168 0x00000000037062d0 code [0x00000000037068e0, 0x000000000370acd8]
Event: 38.890 Thread 0x0000000017ecd000 2169       4       java.util.HashMap::<init> (98 bytes)
Event: 38.893 Thread 0x0000000017ecd000 nmethod 2169 0x0000000003615350 code [0x00000000036154a0, 0x0000000003615638]
Event: 45.368 Thread 0x0000000017ec6800 2170   !   4       com.android.dx.cf.code.BytecodeArray::parseInstruction (2764 bytes)
Event: 45.371 Thread 0x0000000017ec8800 2171   !   4       com.android.dx.rop.type.Prototype::intern (233 bytes)

GC Heap History (10 events):
Event: 16.438 GC heap before
{Heap before GC invocations=2 (full 0):
 PSYoungGen      total 38400K, used 38385K [0x00000000eab00000, 0x00000000ed580000, 0x0000000100000000)
  eden space 33280K, 100% used [0x00000000eab00000,0x00000000ecb80000,0x00000000ecb80000)
  from space 5120K, 99% used [0x00000000ecb80000,0x00000000ed07c740,0x00000000ed080000)
  to   space 5120K, 0% used [0x00000000ed080000,0x00000000ed080000,0x00000000ed580000)
 ParOldGen       total 87552K, used 2664K [0x00000000c0000000, 0x00000000c5580000, 0x00000000eab00000)
  object space 87552K, 3% used [0x00000000c0000000,0x00000000c029a088,0x00000000c5580000)
 Metaspace       used 6172K, capacity 7096K, committed 7296K, reserved 1056768K
  class space    used 608K, capacity 624K, committed 640K, reserved 1048576K
Event: 16.450 GC heap after
Heap after GC invocations=2 (full 0):
 PSYoungGen      total 38400K, used 5097K [0x00000000eab00000, 0x00000000ed580000, 0x0000000100000000)
  eden space 33280K, 0% used [0x00000000eab00000,0x00000000eab00000,0x00000000ecb80000)
  from space 5120K, 99% used [0x00000000ed080000,0x00000000ed57a628,0x00000000ed580000)
  to   space 5120K, 0% used [0x00000000ecb80000,0x00000000ecb80000,0x00000000ed080000)
 ParOldGen       total 87552K, used 8370K [0x00000000c0000000, 0x00000000c5580000, 0x00000000eab00000)
  object space 87552K, 9% used [0x00000000c0000000,0x00000000c082c948,0x00000000c5580000)
 Metaspace       used 6172K, capacity 7096K, committed 7296K, reserved 1056768K
  class space    used 608K, capacity 624K, committed 640K, reserved 1048576K
}
Event: 19.883 GC heap before
{Heap before GC invocations=3 (full 0):
 PSYoungGen      total 38400K, used 38377K [0x00000000eab00000, 0x00000000ed580000, 0x0000000100000000)
  eden space 33280K, 100% used [0x00000000eab00000,0x00000000ecb80000,0x00000000ecb80000)
  from space 5120K, 99% used [0x00000000ed080000,0x00000000ed57a628,0x00000000ed580000)
  to   space 5120K, 0% used [0x00000000ecb80000,0x00000000ecb80000,0x00000000ed080000)
 ParOldGen       total 87552K, used 8370K [0x00000000c0000000, 0x00000000c5580000, 0x00000000eab00000)
  object space 87552K, 9% used [0x00000000c0000000,0x00000000c082c948,0x00000000c5580000)
 Metaspace       used 6275K, capacity 7160K, committed 7296K, reserved 1056768K
  class space    used 608K, capacity 624K, committed 640K, reserved 1048576K
Event: 19.894 GC heap after
Heap after GC invocations=3 (full 0):
 PSYoungGen      total 38400K, used 5095K [0x00000000eab00000, 0x00000000ed580000, 0x0000000100000000)
  eden space 33280K, 0% used [0x00000000eab00000,0x00000000eab00000,0x00000000ecb80000)
  from space 5120K, 99% used [0x00000000ecb80000,0x00000000ed079d68,0x00000000ed080000)
  to   space 5120K, 0% used [0x00000000ed080000,0x00000000ed080000,0x00000000ed580000)
 ParOldGen       total 87552K, used 12108K [0x00000000c0000000, 0x00000000c5580000, 0x00000000eab00000)
  object space 87552K, 13% used [0x00000000c0000000,0x00000000c0bd30e8,0x00000000c5580000)
 Metaspace       used 6275K, capacity 7160K, committed 7296K, reserved 1056768K
  class space    used 608K, capacity 624K, committed 640K, reserved 1048576K
}
Event: 27.964 GC heap before
{Heap before GC invocations=4 (full 0):
 PSYoungGen      total 38400K, used 38375K [0x00000000eab00000, 0x00000000ed580000, 0x0000000100000000)
  eden space 33280K, 100% used [0x00000000eab00000,0x00000000ecb80000,0x00000000ecb80000)
  from space 5120K, 99% used [0x00000000ecb80000,0x00000000ed079d68,0x00000000ed080000)
  to   space 5120K, 0% used [0x00000000ed080000,0x00000000ed080000,0x00000000ed580000)
 ParOldGen       total 87552K, used 12108K [0x00000000c0000000, 0x00000000c5580000, 0x00000000eab00000)
  object space 87552K, 13% used [0x00000000c0000000,0x00000000c0bd30e8,0x00000000c5580000)
 Metaspace       used 6318K, capacity 7160K, committed 7296K, reserved 1056768K
  class space    used 608K, capacity 624K, committed 640K, reserved 1048576K
Event: 27.975 GC heap after
Heap after GC invocations=4 (full 0):
 PSYoungGen      total 38400K, used 5102K [0x00000000eab00000, 0x00000000ed580000, 0x0000000100000000)
  eden space 33280K, 0% used [0x00000000eab00000,0x00000000eab00000,0x00000000ecb80000)
  from space 5120K, 99% used [0x00000000ed080000,0x00000000ed57b870,0x00000000ed580000)
  to   space 5120K, 0% used [0x00000000ecb80000,0x00000000ecb80000,0x00000000ed080000)
 ParOldGen       total 87552K, used 19040K [0x00000000c0000000, 0x00000000c5580000, 0x00000000eab00000)
  object space 87552K, 21% used [0x00000000c0000000,0x00000000c1298078,0x00000000c5580000)
 Metaspace       used 6318K, capacity 7160K, committed 7296K, reserved 1056768K
  class space    used 608K, capacity 624K, committed 640K, reserved 1048576K
}
Event: 30.661 GC heap before
{Heap before GC invocations=5 (full 0):
 PSYoungGen      total 38400K, used 38382K [0x00000000eab00000, 0x00000000ed580000, 0x0000000100000000)
  eden space 33280K, 100% used [0x00000000eab00000,0x00000000ecb80000,0x00000000ecb80000)
  from space 5120K, 99% used [0x00000000ed080000,0x00000000ed57b870,0x00000000ed580000)
  to   space 5120K, 0% used [0x00000000ecb80000,0x00000000ecb80000,0x00000000ed080000)
 ParOldGen       total 87552K, used 19040K [0x00000000c0000000, 0x00000000c5580000, 0x00000000eab00000)
  object space 87552K, 21% used [0x00000000c0000000,0x00000000c1298078,0x00000000c5580000)
 Metaspace       used 6345K, capacity 7224K, committed 7296K, reserved 1056768K
  class space    used 608K, capacity 624K, committed 640K, reserved 1048576K
Event: 30.674 GC heap after
Heap after GC invocations=5 (full 0):
 PSYoungGen      total 37888K, used 5118K [0x00000000eab00000, 0x00000000ee400000, 0x0000000100000000)
  eden space 32768K, 0% used [0x00000000eab00000,0x00000000eab00000,0x00000000ecb00000)
  from space 5120K, 99% used [0x00000000ecb80000,0x00000000ed07fbc8,0x00000000ed080000)
  to   space 12800K, 0% used [0x00000000ed780000,0x00000000ed780000,0x00000000ee400000)
 ParOldGen       total 87552K, used 24446K [0x00000000c0000000, 0x00000000c5580000, 0x00000000eab00000)
  object space 87552K, 27% used [0x00000000c0000000,0x00000000c17df840,0x00000000c5580000)
 Metaspace       used 6345K, capacity 7224K, committed 7296K, reserved 1056768K
  class space    used 608K, capacity 624K, committed 640K, reserved 1048576K
}
Event: 34.342 GC heap before
{Heap before GC invocations=6 (full 0):
 PSYoungGen      total 37888K, used 37886K [0x00000000eab00000, 0x00000000ee400000, 0x0000000100000000)
  eden space 32768K, 100% used [0x00000000eab00000,0x00000000ecb00000,0x00000000ecb00000)
  from space 5120K, 99% used [0x00000000ecb80000,0x00000000ed07fbc8,0x00000000ed080000)
  to   space 12800K, 0% used [0x00000000ed780000,0x00000000ed780000,0x00000000ee400000)
 ParOldGen       total 87552K, used 24446K [0x00000000c0000000, 0x00000000c5580000, 0x00000000eab00000)
  object space 87552K, 27% used [0x00000000c0000000,0x00000000c17df840,0x00000000c5580000)
 Metaspace       used 6352K, capacity 7224K, committed 7296K, reserved 1056768K
  class space    used 608K, capacity 624K, committed 640K, reserved 1048576K
Event: 34.356 GC heap after
Heap after GC invocations=6 (full 0):
 PSYoungGen      total 45056K, used 11062K [0x00000000eab00000, 0x00000000ee480000, 0x0000000100000000)
  eden space 32256K, 0% used [0x00000000eab00000,0x00000000eab00000,0x00000000eca80000)
  from space 12800K, 86% used [0x00000000ed780000,0x00000000ee24da38,0x00000000ee400000)
  to   space 13312K, 0% used [0x00000000eca80000,0x00000000eca80000,0x00000000ed780000)
 ParOldGen       total 87552K, used 24446K [0x00000000c0000000, 0x00000000c5580000, 0x00000000eab00000)
  object space 87552K, 27% used [0x00000000c0000000,0x00000000c17df840,0x00000000c5580000)
 Metaspace       used 6352K, capacity 7224K, committed 7296K, reserved 1056768K
  class space    used 608K, capacity 624K, committed 640K, reserved 1048576K
}

Deoptimization events (10 events):
Event: 27.994 Thread 0x0000000018038800 Uncommon trap: reason=unstable_if action=reinterpret pc=0x0000000003b72978 method=com.android.dx.ssa.SsaBasicBlock.newFromRop(Lcom/android/dx/rop/code/RopMethod;ILcom/android/dx/ssa/SsaMethod;)Lcom/android/dx/ssa/SsaBasicBlock; @ 164
Event: 27.994 Thread 0x0000000018038800 Uncommon trap: reason=unstable_if action=reinterpret pc=0x0000000003b811f4 method=com.android.dx.ssa.SsaMethod.blockIndexToRopLabel(I)I @ 1
Event: 27.996 Thread 0x0000000018038800 Uncommon trap: reason=class_check action=maybe_recompile pc=0x0000000003a8e708 method=com.android.dx.ssa.SCCP.simulatePhi(Lcom/android/dx/ssa/PhiInsn;)V @ 124
Event: 28.002 Thread 0x0000000018038800 Uncommon trap: reason=unstable_if action=reinterpret pc=0x0000000003c1a06c method=com.android.dx.rop.code.LocalVariableInfo.mergeStarts(ILcom/android/dx/rop/code/RegisterSpecSet;)Z @ 31
Event: 28.455 Thread 0x0000000018038800 Uncommon trap: reason=unstable_if action=reinterpret pc=0x0000000003e21a78 method=com.android.dx.ssa.SsaMethod.makeExitBlock()V @ 103
Event: 28.455 Thread 0x0000000018038800 Uncommon trap: reason=unstable_if action=reinterpret pc=0x00000000038e5650 method=com.android.dx.ssa.SsaMethod.getExitBlock()Lcom/android/dx/ssa/SsaBasicBlock; @ 4
Event: 28.455 Thread 0x0000000018038800 Uncommon trap: reason=unstable_if action=reinterpret pc=0x000000000388cb74 method=com.android.dx.ssa.SsaMethod.getExitBlock()Lcom/android/dx/ssa/SsaBasicBlock; @ 4
Event: 28.455 Thread 0x0000000018038800 Uncommon trap: reason=unstable_if action=reinterpret pc=0x0000000003e3cda8 method=com.android.dx.ssa.SsaMethod.getExitBlock()Lcom/android/dx/ssa/SsaBasicBlock; @ 4
Event: 31.681 Thread 0x000000001801b000 Uncommon trap: reason=bimorphic action=maybe_recompile pc=0x0000000003c3a8e0 method=com.android.dx.cf.code.Merger.mergeType(Lcom/android/dx/rop/type/TypeBearer;Lcom/android/dx/rop/type/TypeBearer;)Lcom/android/dx/rop/type/TypeBearer; @ 28
Event: 33.767 Thread 0x000000001801b000 Uncommon trap: reason=unstable_if action=reinterpret pc=0x0000000003c909c0 method=com.android.dx.cf.code.ByteCatchList.listFor(I)Lcom/android/dx/cf/code/ByteCatchList; @ 47

Internal exceptions (6 events):
Event: 0.116 Thread 0x0000000003360800 Exception <a 'java/lang/NoSuchMethodError': Method sun.misc.Unsafe.defineClass(Ljava/lang/String;[BII)Ljava/lang/Class; name or signature does not match> (0x00000000eab07cc0) thrown at [D:\re\workspace\8-2-build-windows-amd64-cygwin\jdk8u92\6642\hotspot\srÀ¸žÍ½?
Event: 0.116 Thread 0x0000000003360800 Exception <a 'java/lang/NoSuchMethodError': Method sun.misc.Unsafe.prefetchRead(Ljava/lang/Object;J)V name or signature does not match> (0x00000000eab07fa8) thrown at [D:\re\workspace\8-2-build-windows-amd64-cygwin\jdk8u92\6642\hotspot\src\share\vm\prims\jQvJ±–8&@
Event: 11.111 Thread 0x000000001801b800 Implicit null exception at 0x00000000038400e2 to 0x00000000038401da
Event: 15.842 Thread 0x000000001801b800 Exception <a 'java/lang/ArrayIndexOutOfBoundsException': 18> (0x00000000ec2e6b68) thrown at [D:\re\workspace\8-2-build-windows-amd64-cygwin\jdk8u92\6642\hotspot\src\share\vm\interpreter\interpreterRuntime.cpp, line 366]
Event: 15.842 Thread 0x000000001801b800 Exception <a 'java/lang/ArrayIndexOutOfBoundsException': 145> (0x00000000ec2e86e8) thrown at [D:\re\workspace\8-2-build-windows-amd64-cygwin\jdk8u92\6642\hotspot\src\share\vm\interpreter\interpreterRuntime.cpp, line 366]
Event: 15.987 Thread 0x000000001801b800 Exception <a 'java/lang/ArrayIndexOutOfBoundsException'> (0x00000000ec2e99d0) thrown at [D:\re\workspace\8-2-build-windows-amd64-cygwin\jdk8u92\6642\hotspot\src\share\vm\runtime\sharedRuntime.cpp, line 605]

Events (10 events):
Event: 31.944 Thread 0x0000000017ec6800 flushing nmethod 0x000000000399c210
Event: 31.944 Thread 0x0000000017ec6800 flushing nmethod 0x000000000399ca90
Event: 31.944 Thread 0x0000000017ec6800 flushing nmethod 0x00000000039a6910
Event: 31.998 Thread 0x0000000017ecd000 flushing nmethod 0x00000000039b85d0
Event: 31.998 Thread 0x0000000017ecd000 flushing nmethod 0x0000000003a17a10
Event: 33.767 Thread 0x000000001801b000 Uncommon trap: trap_request=0xffffff65 fr.pc=0x0000000003c909c0
Event: 33.767 Thread 0x000000001801b000 DEOPT PACKING pc=0x0000000003c909c0 sp=0x0000000018e9e680
Event: 33.767 Thread 0x000000001801b000 DEOPT UNPACKING pc=0x00000000034a582a sp=0x0000000018e9e4b0 mode 2
Event: 34.342 Executing VM operation: ParallelGCFailedAllocation
Event: 34.356 Executing VM operation: ParallelGCFailedAllocation done


Dynamic libraries:
0x00007ff6a83d0000 - 0x00007ff6a8407000 	D:\java\JDK\bin\java.exe
0x00007ffa85140000 - 0x00007ffa85311000 	C:\WINDOWS\SYSTEM32\ntdll.dll
0x00007ffa84150000 - 0x00007ffa841fc000 	C:\WINDOWS\System32\KERNEL32.DLL
0x00007ffa822e0000 - 0x00007ffa824fd000 	C:\WINDOWS\System32\KERNELBASE.dll
0x00007ffa83be0000 - 0x00007ffa83c82000 	C:\WINDOWS\System32\ADVAPI32.dll
0x00007ffa83ed0000 - 0x00007ffa83f6e000 	C:\WINDOWS\System32\msvcrt.dll
0x00007ffa84d70000 - 0x00007ffa84dc9000 	C:\WINDOWS\System32\sechost.dll
0x00007ffa84fa0000 - 0x00007ffa850c1000 	C:\WINDOWS\System32\RPCRT4.dll
0x00007ffa83c90000 - 0x00007ffa83df5000 	C:\WINDOWS\System32\USER32.dll
0x00007ffa817b0000 - 0x00007ffa817ce000 	C:\WINDOWS\System32\win32u.dll
0x00007ffa83e00000 - 0x00007ffa83e34000 	C:\WINDOWS\System32\GDI32.dll
0x00007ffa81a80000 - 0x00007ffa81c00000 	C:\WINDOWS\System32\gdi32full.dll
0x00007ffa74d60000 - 0x00007ffa74fda000 	C:\WINDOWS\WinSxS\amd64_microsoft.windows.common-controls_6595b64144ccf1df_6.0.14393.953_none_42151e83c686086b\COMCTL32.dll
0x00007ffa84900000 - 0x00007ffa84bc8000 	C:\WINDOWS\System32\combase.dll
0x00007ffa816b0000 - 0x00007ffa817a5000 	C:\WINDOWS\System32\ucrtbase.dll
0x00007ffa81640000 - 0x00007ffa816aa000 	C:\WINDOWS\System32\bcryptPrimitives.dll
0x00007ffa83e40000 - 0x00007ffa83e6e000 	C:\WINDOWS\System32\IMM32.DLL
0x0000000071170000 - 0x0000000071242000 	D:\java\JDK\jre\bin\msvcr100.dll
0x000000006fab0000 - 0x0000000070346000 	D:\java\JDK\jre\bin\server\jvm.dll
0x00007ffa84e50000 - 0x00007ffa84e58000 	C:\WINDOWS\System32\PSAPI.DLL
0x00007ffa7f950000 - 0x00007ffa7f959000 	C:\WINDOWS\SYSTEM32\WSOCK32.dll
0x00007ffa7f3c0000 - 0x00007ffa7f3e3000 	C:\WINDOWS\SYSTEM32\WINMM.dll
0x00007ffa7c380000 - 0x00007ffa7c38a000 	C:\WINDOWS\SYSTEM32\VERSION.dll
0x00007ffa84890000 - 0x00007ffa848fa000 	C:\WINDOWS\System32\WS2_32.dll
0x00007ffa7f2a0000 - 0x00007ffa7f2cb000 	C:\WINDOWS\SYSTEM32\WINMMBASE.dll
0x00007ffa818d0000 - 0x00007ffa81912000 	C:\WINDOWS\System32\cfgmgr32.dll
0x00000000725d0000 - 0x00000000725df000 	D:\java\JDK\jre\bin\verify.dll
0x00000000716e0000 - 0x0000000071709000 	D:\java\JDK\jre\bin\java.dll
0x00000000716c0000 - 0x00000000716d6000 	D:\java\JDK\jre\bin\zip.dll
0x00007ffa826d0000 - 0x00007ffa83bd8000 	C:\WINDOWS\System32\SHELL32.dll
0x00007ffa81c00000 - 0x00007ffa822da000 	C:\WINDOWS\System32\windows.storage.dll
0x00007ffa815e0000 - 0x00007ffa8162c000 	C:\WINDOWS\System32\powrprof.dll
0x00007ffa83e70000 - 0x00007ffa83ec2000 	C:\WINDOWS\System32\shlwapi.dll
0x00007ffa815d0000 - 0x00007ffa815df000 	C:\WINDOWS\System32\kernel.appcore.dll
0x00007ffa81920000 - 0x00007ffa819c9000 	C:\WINDOWS\System32\shcore.dll
0x00007ffa815b0000 - 0x00007ffa815c4000 	C:\WINDOWS\System32\profapi.dll

VM Arguments:
jvm_args: -Djava.awt.headless=true -Xmx1024M -Dfile.encoding=GBK -Duser.country=CN -Duser.language=zh -Duser.variant 
java_command: com.android.dx.command.Main --dex --num-threads=4 --multi-dex --output G:\nav\Navigation\app\build\intermediates\transforms\dex\debug\folders\1000\1\debug_b5ca384f949d5ea4fc2544da028b57e3b70ec661 G:\nav\Navigation\app\build\intermediates\classes\debug
java_class_path (initial): D:\java\SDK\build-tools\25.0.3\lib\dx.jar
Launcher Type: SUN_STANDARD

Environment Variables:
JAVA_HOME=D:\java\JDK
PATH=C:\ProgramData\Oracle\Java\javapath;C:\Program Files (x86)\Tesseract-OCR;C:\Python27\Scripts\;C:\WINDOWS\system32;C:\WINDOWS;C:\WINDOWS\System32\Wbem;C:\WINDOWS\System32\WindowsPowerShell\v1.0\;C:\Program Files\Microsoft SQL Server\110\Tools\Binn\;C:\Program Files\Microsoft SQL Server\120\Tools\Binn\;C:\WINDOWS\system32\config\systemprofile\.dnx\bin;C:\Program Files\Microsoft DNX\Dnvm\;C:\Program Files (x86)\Windows Kits\10\Windows Performance Toolkit\;C:\Python27;D:\Git\bin;C:\Program Files\MATLAB\MATLAB Runtime\v90\bin;C:\Program Files\MATLAB\MATLAB Runtime\v90\runtime\win64;D:\java\JDK\bin;D:\java\JRE\bin;C:\Program Files (x86)\IDM Computer Solutions\UltraEdit;D:\java\SDK\platform-tools;E:\wamp64\bin\php\php5.6.25;C:\ProgramData\ComposerSetup\bin;C:\Program Files\IDM Computer Solutions\UltraEdit;C:\Users\EdwardPC\AppData\Local\Microsoft\WindowsApps;C:\Users\EdwardPC\AppData\Roaming\npm;C:\Python27;C:\Python36;C:\Program Files\SQLite Expert\Personal 4;C:\Python27\Scripts\;C:\Program Files\MATLAB\MATLAB Runtime\v90\bin\win64;C:\Program Files\MATLAB\MATLAB Runtime\v90\bin;D:\java\SDK\platform-tools;C:\Users\EdwardPC\AppData\Roaming\Composer\vendor\bin
USERNAME=EdwardPC
OS=Windows_NT
PROCESSOR_IDENTIFIER=Intel64 Family 6 Model 60 Stepping 3, GenuineIntel



---------------  S Y S T E M  ---------------

OS: Windows 10.0 , 64 bit Build 14393 (10.0.14393.1198)

CPU:total 8 (4 cores per cpu, 2 threads per core) family 6 model 60 stepping 3, cmov, cx8, fxsr, mmx, sse, sse2, sse3, ssse3, sse4.1, sse4.2, popcnt, avx, avx2, aes, clmul, erms, lzcnt, ht, tsc, tscinvbit, bmi1, bmi2

Memory: 4k page, physical 8277272k(515252k free), swap 8277272k(126032k free)

vm_info: Java HotSpot(TM) 64-Bit Server VM (25.92-b14) for windows-amd64 JRE (1.8.0_92-b14), built on Mar 31 2016 21:03:04 by "java_re" with MS VC++ 10.0 (VS2010)

time: Thu Jun 22 20:46:03 2017
elapsed time: 51 seconds (0d 0h 0m 51s)

