#
# There is insufficient memory for the Java Runtime Environment to continue.
# Native memory allocation (malloc) failed to allocate 198416 bytes for Chunk::new
# Possible reasons:
#   The system is out of physical RAM or swap space
#   In 32 bit mode, the process size limit was hit
# Possible solutions:
#   Reduce memory load on the system
#   Increase physical memory or swap space
#   Check if swap backing store is full
#   Use 64 bit Java on a 64 bit OS
#   Decrease Java heap size (-Xmx/-Xms)
#   Decrease number of Java threads
#   Decrease Java thread stack sizes (-Xss)
#   Set larger code cache with -XX:ReservedCodeCacheSize=
# This output file may be truncated or incomplete.
#
#  Out of Memory Error (allocation.cpp:390), pid=14060, tid=0x0000000000002c68
#
# JRE version: Java(TM) SE Runtime Environment (8.0_92-b14) (build 1.8.0_92-b14)
# Java VM: Java HotSpot(TM) 64-Bit Server VM (25.92-b14 mixed mode windows-amd64 compressed oops)
# Failed to write core dump. Minidumps are not enabled by default on client versions of Windows
#

---------------  T H R E A D  ---------------

Current thread (0x0000000017c06800):  JavaThread "C2 CompilerThread0" daemon [_thread_in_native, id=11368, stack(0x0000000018280000,0x0000000018380000)]

Stack: [0x0000000018280000,0x0000000018380000]
[error occurred during error reporting (printing stack bounds), id 0xc0000005]

Native frames: (J=compiled Java code, j=interpreted, Vv=VM code, C=native code)


Current CompileTask:
C2:   8467 2559       4       com.android.dx.dex.code.LocalList$MakeState::startLocal (266 bytes)


---------------  P R O C E S S  ---------------

Java Threads: ( => current thread )
  0x0000000017f37000 JavaThread "pool-1-thread-1" [_thread_in_Java, id=5956, stack(0x000000001c4f0000,0x000000001c5f0000)]
  0x0000000017cb5000 JavaThread "Service Thread" daemon [_thread_blocked, id=13516, stack(0x0000000018680000,0x0000000018780000)]
  0x0000000017c49800 JavaThread "C1 CompilerThread3" daemon [_thread_blocked, id=10424, stack(0x0000000018580000,0x0000000018680000)]
  0x0000000017c2f000 JavaThread "C2 CompilerThread2" daemon [_thread_in_native, id=8932, stack(0x0000000018480000,0x0000000018580000)]
  0x0000000017c10000 JavaThread "C2 CompilerThread1" daemon [_thread_in_native, id=11664, stack(0x0000000018380000,0x0000000018480000)]
=>0x0000000017c06800 JavaThread "C2 CompilerThread0" daemon [_thread_in_native, id=11368, stack(0x0000000018280000,0x0000000018380000)]
  0x0000000017c04000 JavaThread "Attach Listener" daemon [_thread_blocked, id=3188, stack(0x0000000018180000,0x0000000018280000)]
  0x0000000017c03800 JavaThread "Signal Dispatcher" daemon [_thread_blocked, id=4860, stack(0x0000000018080000,0x0000000018180000)]
  0x0000000015ca2800 JavaThread "Finalizer" daemon [_thread_blocked, id=5744, stack(0x0000000017f80000,0x0000000018080000)]
  0x0000000003176000 JavaThread "Reference Handler" daemon [_thread_blocked, id=6012, stack(0x0000000017a80000,0x0000000017b80000)]
  0x0000000003080800 JavaThread "main" [_thread_blocked, id=1176, stack(0x0000000002d90000,0x0000000002e90000)]

Other Threads:
  0x0000000015c99000 VMThread [stack: 0x0000000017980000,0x0000000017a80000] [id=8552]
  0x0000000017d09000 WatcherThread [stack: 0x0000000018780000,0x0000000018880000] [id=12912]

VM state:not at safepoint (normal execution)

VM Mutex/Monitor currently owned by a thread: None

Heap:
 PSYoungGen      total 138240K, used 35791K [0x00000000eab00000, 0x00000000fdd00000, 0x0000000100000000)
  eden space 133120K, 23% used [0x00000000eab00000,0x00000000ec8f59b8,0x00000000f2d00000)
  from space 5120K, 99% used [0x00000000f2d00000,0x00000000f31fe3f8,0x00000000f3200000)
  to   space 23552K, 0% used [0x00000000fc600000,0x00000000fc600000,0x00000000fdd00000)
 ParOldGen       total 87552K, used 39992K [0x00000000c0000000, 0x00000000c5580000, 0x00000000eab00000)
  object space 87552K, 45% used [0x00000000c0000000,0x00000000c270e358,0x00000000c5580000)
 Metaspace       used 6899K, capacity 7608K, committed 7936K, reserved 1056768K
  class space    used 645K, capacity 688K, committed 768K, reserved 1048576K

Card table byte_map: [0x0000000012540000,0x0000000012750000] byte_map_base: 0x0000000011f40000

Marking Bits: (ParMarkBitMap*) 0x00000000508e64f0
 Begin Bits: [0x00000000130b0000, 0x00000000140b0000)
 End Bits:   [0x00000000140b0000, 0x00000000150b0000)

Polling page: 0x0000000000fa0000

CodeCache: size=245760Kb used=12036Kb max_used=12049Kb free=233723Kb
 bounds [0x0000000003180000, 0x0000000003d50000, 0x0000000012180000]
 total_blobs=2962 nmethods=2683 adapters=191
 compilation: enabled

Compilation events (10 events):
Event: 8.369 Thread 0x0000000017c49800 nmethod 2584 0x0000000003ca43d0 code [0x0000000003ca4540, 0x0000000003ca4828]
Event: 8.369 Thread 0x0000000017c49800 2585       1       com.android.dx.dex.code.PositionList$Entry::getPosition (5 bytes)
Event: 8.369 Thread 0x0000000017c49800 nmethod 2585 0x0000000003ca48d0 code [0x0000000003ca4a20, 0x0000000003ca4b30]
Event: 8.370 Thread 0x0000000017c49800 2587       3       com.android.dx.dex.code.LocalList$Entry::getSignature (11 bytes)
Event: 8.370 Thread 0x0000000017c49800 nmethod 2587 0x0000000003ca4b90 code [0x0000000003ca4d00, 0x0000000003ca4f30]
Event: 8.370 Thread 0x0000000017c49800 2588       3       com.android.dx.dex.file.DebugInfoEncoder::emitLocalsAtAddress (150 bytes)
Event: 8.371 Thread 0x0000000017c49800 nmethod 2588 0x0000000003ca5010 code [0x0000000003ca52a0, 0x0000000003ca66a8]
Event: 8.371 Thread 0x0000000017c49800 2592       3       java.util.ArrayList::<init> (61 bytes)
Event: 8.372 Thread 0x0000000017c49800 nmethod 2592 0x0000000003ca6ed0 code [0x0000000003ca70e0, 0x0000000003ca7b58]
Event: 8.372 Thread 0x0000000017c49800 2589       3       com.android.dx.dex.file.DebugInfoEncoder::emitPositionsAtAddress (48 bytes)

GC Heap History (10 events):
Event: 1.256 GC heap before
{Heap before GC invocations=1 (full 0):
 PSYoungGen      total 38400K, used 33280K [0x00000000eab00000, 0x00000000ed580000, 0x0000000100000000)
  eden space 33280K, 100% used [0x00000000eab00000,0x00000000ecb80000,0x00000000ecb80000)
  from space 5120K, 0% used [0x00000000ed080000,0x00000000ed080000,0x00000000ed580000)
  to   space 5120K, 0% used [0x00000000ecb80000,0x00000000ecb80000,0x00000000ed080000)
 ParOldGen       total 87552K, used 0K [0x00000000c0000000, 0x00000000c5580000, 0x00000000eab00000)
  object space 87552K, 0% used [0x00000000c0000000,0x00000000c0000000,0x00000000c5580000)
 Metaspace       used 6002K, capacity 6900K, committed 7040K, reserved 1056768K
  class space    used 599K, capacity 620K, committed 640K, reserved 1048576K
Event: 1.331 GC heap after
Heap after GC invocations=1 (full 0):
 PSYoungGen      total 38400K, used 5107K [0x00000000eab00000, 0x00000000ef600000, 0x0000000100000000)
  eden space 33280K, 0% used [0x00000000eab00000,0x00000000eab00000,0x00000000ecb80000)
  from space 5120K, 99% used [0x00000000ecb80000,0x00000000ed07cfa8,0x00000000ed080000)
  to   space 5120K, 0% used [0x00000000ef100000,0x00000000ef100000,0x00000000ef600000)
 ParOldGen       total 87552K, used 1559K [0x00000000c0000000, 0x00000000c5580000, 0x00000000eab00000)
  object space 87552K, 1% used [0x00000000c0000000,0x00000000c0185cf0,0x00000000c5580000)
 Metaspace       used 6002K, capacity 6900K, committed 7040K, reserved 1056768K
  class space    used 599K, capacity 620K, committed 640K, reserved 1048576K
}
Event: 2.376 GC heap before
{Heap before GC invocations=2 (full 0):
 PSYoungGen      total 38400K, used 38387K [0x00000000eab00000, 0x00000000ef600000, 0x0000000100000000)
  eden space 33280K, 100% used [0x00000000eab00000,0x00000000ecb80000,0x00000000ecb80000)
  from space 5120K, 99% used [0x00000000ecb80000,0x00000000ed07cfa8,0x00000000ed080000)
  to   space 5120K, 0% used [0x00000000ef100000,0x00000000ef100000,0x00000000ef600000)
 ParOldGen       total 87552K, used 1559K [0x00000000c0000000, 0x00000000c5580000, 0x00000000eab00000)
  object space 87552K, 1% used [0x00000000c0000000,0x00000000c0185cf0,0x00000000c5580000)
 Metaspace       used 6142K, capacity 7028K, committed 7296K, reserved 1056768K
  class space    used 602K, capacity 620K, committed 640K, reserved 1048576K
Event: 2.511 GC heap after
Heap after GC invocations=2 (full 0):
 PSYoungGen      total 71680K, used 5106K [0x00000000eab00000, 0x00000000ef600000, 0x0000000100000000)
  eden space 66560K, 0% used [0x00000000eab00000,0x00000000eab00000,0x00000000eec00000)
  from space 5120K, 99% used [0x00000000ef100000,0x00000000ef5fcb98,0x00000000ef600000)
  to   space 5120K, 0% used [0x00000000eec00000,0x00000000eec00000,0x00000000ef100000)
 ParOldGen       total 87552K, used 6558K [0x00000000c0000000, 0x00000000c5580000, 0x00000000eab00000)
  object space 87552K, 7% used [0x00000000c0000000,0x00000000c0667a90,0x00000000c5580000)
 Metaspace       used 6142K, capacity 7028K, committed 7296K, reserved 1056768K
  class space    used 602K, capacity 620K, committed 640K, reserved 1048576K
}
Event: 3.985 GC heap before
{Heap before GC invocations=3 (full 0):
 PSYoungGen      total 71680K, used 71666K [0x00000000eab00000, 0x00000000ef600000, 0x0000000100000000)
  eden space 66560K, 100% used [0x00000000eab00000,0x00000000eec00000,0x00000000eec00000)
  from space 5120K, 99% used [0x00000000ef100000,0x00000000ef5fcb98,0x00000000ef600000)
  to   space 5120K, 0% used [0x00000000eec00000,0x00000000eec00000,0x00000000ef100000)
 ParOldGen       total 87552K, used 6558K [0x00000000c0000000, 0x00000000c5580000, 0x00000000eab00000)
  object space 87552K, 7% used [0x00000000c0000000,0x00000000c0667a90,0x00000000c5580000)
 Metaspace       used 6237K, capacity 7092K, committed 7296K, reserved 1056768K
  class space    used 602K, capacity 620K, committed 640K, reserved 1048576K
Event: 4.443 GC heap after
Heap after GC invocations=3 (full 0):
 PSYoungGen      total 71680K, used 5112K [0x00000000eab00000, 0x00000000f3700000, 0x0000000100000000)
  eden space 66560K, 0% used [0x00000000eab00000,0x00000000eab00000,0x00000000eec00000)
  from space 5120K, 99% used [0x00000000eec00000,0x00000000ef0fe270,0x00000000ef100000)
  to   space 5120K, 0% used [0x00000000f3200000,0x00000000f3200000,0x00000000f3700000)
 ParOldGen       total 87552K, used 14684K [0x00000000c0000000, 0x00000000c5580000, 0x00000000eab00000)
  object space 87552K, 16% used [0x00000000c0000000,0x00000000c0e573c8,0x00000000c5580000)
 Metaspace       used 6237K, capacity 7092K, committed 7296K, reserved 1056768K
  class space    used 602K, capacity 620K, committed 640K, reserved 1048576K
}
Event: 5.495 GC heap before
{Heap before GC invocations=4 (full 0):
 PSYoungGen      total 71680K, used 71672K [0x00000000eab00000, 0x00000000f3700000, 0x0000000100000000)
  eden space 66560K, 100% used [0x00000000eab00000,0x00000000eec00000,0x00000000eec00000)
  from space 5120K, 99% used [0x00000000eec00000,0x00000000ef0fe270,0x00000000ef100000)
  to   space 5120K, 0% used [0x00000000f3200000,0x00000000f3200000,0x00000000f3700000)
 ParOldGen       total 87552K, used 14684K [0x00000000c0000000, 0x00000000c5580000, 0x00000000eab00000)
  object space 87552K, 16% used [0x00000000c0000000,0x00000000c0e573c8,0x00000000c5580000)
 Metaspace       used 6256K, capacity 7092K, committed 7296K, reserved 1056768K
  class space    used 602K, capacity 620K, committed 640K, reserved 1048576K
Event: 5.658 GC heap after
Heap after GC invocations=4 (full 0):
 PSYoungGen      total 138240K, used 5111K [0x00000000eab00000, 0x00000000f3700000, 0x0000000100000000)
  eden space 133120K, 0% used [0x00000000eab00000,0x00000000eab00000,0x00000000f2d00000)
  from space 5120K, 99% used [0x00000000f3200000,0x00000000f36fdee0,0x00000000f3700000)
  to   space 5120K, 0% used [0x00000000f2d00000,0x00000000f2d00000,0x00000000f3200000)
 ParOldGen       total 87552K, used 22684K [0x00000000c0000000, 0x00000000c5580000, 0x00000000eab00000)
  object space 87552K, 25% used [0x00000000c0000000,0x00000000c1627220,0x00000000c5580000)
 Metaspace       used 6256K, capacity 7092K, committed 7296K, reserved 1056768K
  class space    used 602K, capacity 620K, committed 640K, reserved 1048576K
}
Event: 6.928 GC heap before
{Heap before GC invocations=5 (full 0):
 PSYoungGen      total 138240K, used 138231K [0x00000000eab00000, 0x00000000f3700000, 0x0000000100000000)
  eden space 133120K, 100% used [0x00000000eab00000,0x00000000f2d00000,0x00000000f2d00000)
  from space 5120K, 99% used [0x00000000f3200000,0x00000000f36fdee0,0x00000000f3700000)
  to   space 5120K, 0% used [0x00000000f2d00000,0x00000000f2d00000,0x00000000f3200000)
 ParOldGen       total 87552K, used 22684K [0x00000000c0000000, 0x00000000c5580000, 0x00000000eab00000)
  object space 87552K, 25% used [0x00000000c0000000,0x00000000c1627220,0x00000000c5580000)
 Metaspace       used 6425K, capacity 7192K, committed 7424K, reserved 1056768K
  class space    used 624K, capacity 656K, committed 768K, reserved 1048576K
Event: 7.030 GC heap after
Heap after GC invocations=5 (full 0):
 PSYoungGen      total 138240K, used 5112K [0x00000000eab00000, 0x00000000fdd00000, 0x0000000100000000)
  eden space 133120K, 0% used [0x00000000eab00000,0x00000000eab00000,0x00000000f2d00000)
  from space 5120K, 99% used [0x00000000f2d00000,0x00000000f31fe3f8,0x00000000f3200000)
  to   space 23552K, 0% used [0x00000000fc600000,0x00000000fc600000,0x00000000fdd00000)
 ParOldGen       total 87552K, used 39992K [0x00000000c0000000, 0x00000000c5580000, 0x00000000eab00000)
  object space 87552K, 45% used [0x00000000c0000000,0x00000000c270e358,0x00000000c5580000)
 Metaspace       used 6425K, capacity 7192K, committed 7424K, reserved 1056768K
  class space    used 624K, capacity 656K, committed 768K, reserved 1048576K
}

Deoptimization events (10 events):
Event: 7.274 Thread 0x0000000017f37000 Uncommon trap: reason=class_check action=maybe_recompile pc=0x0000000003556cf4 method=java.util.Arrays.hashCode([Ljava/lang/Object;)I @ 43
Event: 7.345 Thread 0x0000000017f37000 Uncommon trap: reason=unstable_if action=reinterpret pc=0x0000000003a93f7c method=java.util.HashMap.putVal(ILjava/lang/Object;Ljava/lang/Object;ZZ)Ljava/lang/Object; @ 206
Event: 7.592 Thread 0x0000000017f37000 Uncommon trap: reason=unstable_if action=reinterpret pc=0x0000000003b7d16c method=com.android.dx.dex.file.DexFile.internIfAppropriate(Lcom/android/dx/rop/cst/Constant;)V @ 92
Event: 7.890 Thread 0x0000000017f37000 Uncommon trap: reason=unstable_if action=reinterpret pc=0x0000000003c012bc method=com.android.dx.dex.code.LocalList$MakeState.filterSpec(Lcom/android/dx/rop/code/RegisterSpec;)Lcom/android/dx/rop/code/RegisterSpec; @ 11
Event: 7.900 Thread 0x0000000017f37000 Uncommon trap: reason=unstable_if action=reinterpret pc=0x0000000003bf1be4 method=com.android.dx.rop.code.RegisterSpec.matchesVariable(Lcom/android/dx/rop/code/RegisterSpec;)Z @ 59
Event: 7.924 Thread 0x0000000017f37000 Uncommon trap: reason=unstable_if action=reinterpret pc=0x0000000003912270 method=java.util.TreeMap.put(Ljava/lang/Object;Ljava/lang/Object;)Ljava/lang/Object; @ 163
Event: 8.138 Thread 0x0000000017f37000 Uncommon trap: reason=unstable_if action=reinterpret pc=0x0000000003c5e918 method=com.android.dx.dex.code.OutputFinisher.align64bits([Lcom/android/dx/dex/code/Dop;)V @ 110
Event: 8.138 Thread 0x0000000017f37000 Uncommon trap: reason=unstable_if action=reinterpret pc=0x0000000003798e68 method=com.android.dx.rop.code.RegisterSpecSet.equals(Ljava/lang/Object;)Z @ 30
Event: 8.336 Thread 0x0000000017f37000 Uncommon trap: reason=unstable_if action=reinterpret pc=0x0000000003c86098 method=com.android.dx.dex.code.OutputFinisher.align64bits([Lcom/android/dx/dex/code/Dop;)V @ 130
Event: 8.367 Thread 0x0000000017f37000 Uncommon trap: reason=unstable_if action=reinterpret pc=0x0000000003a929e4 method=java.util.ArrayList.<init>(I)V @ 5

Internal exceptions (10 events):
Event: 0.184 Thread 0x0000000003080800 Exception <a 'java/lang/NoSuchMethodError': Method sun.misc.Unsafe.defineClass(Ljava/lang/String;[BII)Ljava/lang/Class; name or signature does not match> (0x00000000eab07cc0) thrown at [D:\re\workspace\8-2-build-windows-amd64-cygwin\jdk8u92\6642\hotspot\sr /!4X€Ç?
Event: 0.184 Thread 0x0000000003080800 Exception <a 'java/lang/NoSuchMethodError': Method sun.misc.Unsafe.prefetchRead(Ljava/lang/Object;J)V name or signature does not match> (0x00000000eab07fa8) thrown at [D:\re\workspace\8-2-build-windows-amd64-cygwin\jdk8u92\6642\hotspot\src\share\vm\prims\jÓ&Hþ‹¢ë?
Event: 0.864 Thread 0x0000000003080800 Implicit null exception at 0x0000000003468d75 to 0x000000000346a755
Event: 1.489 Thread 0x0000000017ee6800 Implicit null exception at 0x000000000344bd62 to 0x000000000344be69
Event: 4.672 Thread 0x0000000003080800 Implicit null exception at 0x000000000373db40 to 0x000000000373f561
Event: 6.092 Thread 0x0000000017ee6800 Exception <a 'java/lang/ArrayIndexOutOfBoundsException': 18> (0x00000000ec5e3ba0) thrown at [D:\re\workspace\8-2-build-windows-amd64-cygwin\jdk8u92\6642\hotspot\src\share\vm\interpreter\interpreterRuntime.cpp, line 366]
Event: 6.092 Thread 0x0000000017ee6800 Exception <a 'java/lang/ArrayIndexOutOfBoundsException': 145> (0x00000000ec5e5720) thrown at [D:\re\workspace\8-2-build-windows-amd64-cygwin\jdk8u92\6642\hotspot\src\share\vm\interpreter\interpreterRuntime.cpp, line 366]
Event: 6.093 Thread 0x0000000017ee6800 Exception <a 'java/lang/ArrayIndexOutOfBoundsException': 40> (0x00000000ec5e6a08) thrown at [D:\re\workspace\8-2-build-windows-amd64-cygwin\jdk8u92\6642\hotspot\src\share\vm\interpreter\interpreterRuntime.cpp, line 366]
Event: 7.120 Thread 0x0000000017ee3800 Implicit null exception at 0x00000000034f4fcf to 0x00000000034f524b
Event: 7.120 Thread 0x0000000017ee3800 Implicit null exception at 0x0000000003503db3 to 0x000000000350402d

Events (10 events):
Event: 8.359 Thread 0x0000000017f37000 DEOPT UNPACKING pc=0x00000000031c787f sp=0x000000001c5ee580 mode 0
Event: 8.365 loading class com/android/dx/dex/file/DebugInfoEncoder
Event: 8.365 loading class com/android/dx/dex/file/DebugInfoEncoder done
Event: 8.367 loading class com/android/dx/dex/file/DebugInfoEncoder$1
Event: 8.367 loading class com/android/dx/dex/file/DebugInfoEncoder$1 done
Event: 8.367 Thread 0x0000000017f37000 Uncommon trap: trap_request=0xffffff65 fr.pc=0x0000000003a929e4
Event: 8.367 Thread 0x0000000017f37000 DEOPT PACKING pc=0x0000000003a929e4 sp=0x000000001c5ee710
Event: 8.367 Thread 0x0000000017f37000 DEOPT UNPACKING pc=0x00000000031c582a sp=0x000000001c5ee6b8 mode 2
Event: 8.367 loading class com/android/dx/dex/file/DebugInfoEncoder$2
Event: 8.367 loading class com/android/dx/dex/file/DebugInfoEncoder$2 done


Dynamic libraries:
0x00007ff684f50000 - 0x00007ff684f87000 	D:\java\JDK\bin\java.exe
0x00007ffbb6100000 - 0x00007ffbb62d1000 	C:\WINDOWS\SYSTEM32\ntdll.dll
0x00007ffbb5af0000 - 0x00007ffbb5b9b000 	C:\WINDOWS\System32\KERNEL32.DLL
0x00007ffbb2960000 - 0x00007ffbb2b7d000 	C:\WINDOWS\System32\KERNELBASE.dll
0x00007ffbb5e50000 - 0x00007ffbb5ef2000 	C:\WINDOWS\System32\ADVAPI32.dll
0x00007ffbb5ba0000 - 0x00007ffbb5c3e000 	C:\WINDOWS\System32\msvcrt.dll
0x00007ffbb3f00000 - 0x00007ffbb3f59000 	C:\WINDOWS\System32\sechost.dll
0x00007ffbb5d20000 - 0x00007ffbb5e41000 	C:\WINDOWS\System32\RPCRT4.dll
0x00007ffbb40c0000 - 0x00007ffbb4225000 	C:\WINDOWS\System32\USER32.dll
0x00007ffbb2d50000 - 0x00007ffbb2d6e000 	C:\WINDOWS\System32\win32u.dll
0x00007ffbb3880000 - 0x00007ffbb38b4000 	C:\WINDOWS\System32\GDI32.dll
0x00007ffbb2e20000 - 0x00007ffbb2fa2000 	C:\WINDOWS\System32\gdi32full.dll
0x00007ffbad650000 - 0x00007ffbad8ca000 	C:\WINDOWS\WinSxS\amd64_microsoft.windows.common-controls_6595b64144ccf1df_6.0.14393.953_none_42151e83c686086b\COMCTL32.dll
0x00007ffbb42a0000 - 0x00007ffbb4568000 	C:\WINDOWS\System32\combase.dll
0x00007ffbb25f0000 - 0x00007ffbb26e5000 	C:\WINDOWS\System32\ucrtbase.dll
0x00007ffbb28f0000 - 0x00007ffbb295a000 	C:\WINDOWS\System32\bcryptPrimitives.dll
0x00007ffbb3850000 - 0x00007ffbb387e000 	C:\WINDOWS\System32\IMM32.DLL
0x0000000050970000 - 0x0000000050a42000 	D:\java\JDK\jre\bin\msvcr100.dll
0x00000000500d0000 - 0x0000000050966000 	D:\java\JDK\jre\bin\server\jvm.dll
0x00007ffbb5a80000 - 0x00007ffbb5a88000 	C:\WINDOWS\System32\PSAPI.DLL
0x00007ffb9d460000 - 0x00007ffb9d469000 	C:\WINDOWS\SYSTEM32\WSOCK32.dll
0x00007ffbb5cb0000 - 0x00007ffbb5d1a000 	C:\WINDOWS\System32\WS2_32.dll
0x00007ffbb0870000 - 0x00007ffbb0893000 	C:\WINDOWS\SYSTEM32\WINMM.dll
0x00007ffba6230000 - 0x00007ffba623a000 	C:\WINDOWS\SYSTEM32\VERSION.dll
0x00007ffbb02f0000 - 0x00007ffbb031b000 	C:\WINDOWS\SYSTEM32\WINMMBASE.dll
0x00007ffbb2800000 - 0x00007ffbb2842000 	C:\WINDOWS\System32\cfgmgr32.dll
0x0000000050d90000 - 0x0000000050d9f000 	D:\java\JDK\jre\bin\verify.dll
0x0000000050d60000 - 0x0000000050d89000 	D:\java\JDK\jre\bin\java.dll
0x0000000050d40000 - 0x0000000050d56000 	D:\java\JDK\jre\bin\zip.dll
0x00007ffbb4570000 - 0x00007ffbb5a79000 	C:\WINDOWS\System32\SHELL32.dll
0x00007ffbb2fb0000 - 0x00007ffbb368a000 	C:\WINDOWS\System32\windows.storage.dll
0x00007ffbb25a0000 - 0x00007ffbb25ec000 	C:\WINDOWS\System32\powrprof.dll
0x00007ffbb5a90000 - 0x00007ffbb5ae2000 	C:\WINDOWS\System32\shlwapi.dll
0x00007ffbb2570000 - 0x00007ffbb257f000 	C:\WINDOWS\System32\kernel.appcore.dll
0x00007ffbb26f0000 - 0x00007ffbb2799000 	C:\WINDOWS\System32\shcore.dll
0x00007ffbb2580000 - 0x00007ffbb2594000 	C:\WINDOWS\System32\profapi.dll

VM Arguments:
jvm_args: -Djava.awt.headless=true -Xmx1024M -Dfile.encoding=GBK -Duser.country=CN -Duser.language=zh -Duser.variant 
java_command: com.android.dx.command.Main --dex --num-threads=4 --multi-dex --output G:\nav\Navigation\app\build\intermediates\transforms\dex\debug\folders\1000\2\fastjson-1.2.2_01050640418699c2bae423f552ff7a385fc379cf G:\nav\Navigation\app\libs\fastjson-1.2.2.jar
java_class_path (initial): D:\java\SDK\build-tools\25.0.3\lib\dx.jar
Launcher Type: SUN_STANDARD

Environment Variables:
JAVA_HOME=D:\java\JDK
PATH=C:\ProgramData\Oracle\Java\javapath;C:\Program Files (x86)\Tesseract-OCR;C:\Python27\Scripts\;C:\WINDOWS\system32;C:\WINDOWS;C:\WINDOWS\System32\Wbem;C:\WINDOWS\System32\WindowsPowerShell\v1.0\;C:\Program Files\Microsoft SQL Server\110\Tools\Binn\;C:\Program Files\Microsoft SQL Server\120\Tools\Binn\;C:\WINDOWS\system32\config\systemprofile\.dnx\bin;C:\Program Files\Microsoft DNX\Dnvm\;C:\Program Files (x86)\Windows Kits\10\Windows Performance Toolkit\;C:\Python27;D:\Git\bin;C:\Program Files\MATLAB\MATLAB Runtime\v90\bin;C:\Program Files\MATLAB\MATLAB Runtime\v90\runtime\win64;D:\java\JDK\bin;D:\java\JRE\bin;C:\Program Files (x86)\IDM Computer Solutions\UltraEdit;D:\java\SDK\platform-tools;C:\Users\EdwardPC\AppData\Local\Microsoft\WindowsApps;C:\Users\EdwardPC\AppData\Roaming\npm;C:\Python27;C:\Python36;C:\Program Files\SQLite Expert\Personal 4;C:\Python27\Scripts\;C:\Program Files\MATLAB\MATLAB Runtime\v90\bin\win64;C:\Program Files\MATLAB\MATLAB Runtime\v90\bin;D:\java\SDK\platform-tools
USERNAME=EdwardPC
OS=Windows_NT
PROCESSOR_IDENTIFIER=Intel64 Family 6 Model 60 Stepping 3, GenuineIntel



---------------  S Y S T E M  ---------------

OS: Windows 10.0 , 64 bit Build 14393 (10.0.14393.0)

CPU:total 8 (4 cores per cpu, 2 threads per core) family 6 model 60 stepping 3, cmov, cx8, fxsr, mmx, sse, sse2, sse3, ssse3, sse4.1, sse4.2, popcnt, avx, avx2, aes, clmul, erms, lzcnt, ht, tsc, tscinvbit, bmi1, bmi2

Memory: 4k page, physical 8277272k(1228104k free), swap 8277272k(1220k free)

vm_info: Java HotSpot(TM) 64-Bit Server VM (25.92-b14) for windows-amd64 JRE (1.8.0_92-b14), built on Mar 31 2016 21:03:04 by "java_re" with MS VC++ 10.0 (VS2010)

time: Wed May 24 10:37:54 2017
elapsed time: 8 seconds (0d 0h 0m 8s)

