#
# There is insufficient memory for the Java Runtime Environment to continue.
# Native memory allocation (malloc) failed to allocate 1048576 bytes for AllocateHeap
# Possible reasons:
#   The system is out of physical RAM or swap space
#   In 32 bit mode, the process size limit was hit
# Possible solutions:
#   Reduce memory load on the system
#   Increase physical memory or swap space
#   Check if swap backing store is full
#   Use 64 bit Java on a 64 bit OS
#   Decrease Java heap size (-Xmx/-Xms)
#   Decrease number of Java threads
#   Decrease Java thread stack sizes (-Xss)
#   Set larger code cache with -XX:ReservedCodeCacheSize=
# This output file may be truncated or incomplete.
#
#  Out of Memory Error (memory/allocation.inline.hpp:61), pid=14976, tid=0x0000000000003f88
#
# JRE version:  (8.0_92-b14) (build )
# Java VM: Java HotSpot(TM) 64-Bit Server VM (25.92-b14 mixed mode windows-amd64 compressed oops)
# Failed to write core dump. Minidumps are not enabled by default on client versions of Windows
#

---------------  T H R E A D  ---------------

Current thread (0x0000000003260800):  JavaThread "Unknown thread" [_thread_in_vm, id=16264, stack(0x0000000002dd0000,0x0000000002ed0000)]

Stack: [0x0000000002dd0000,0x0000000002ed0000]
[error occurred during error reporting (printing stack bounds), id 0xc0000005]

Native frames: (J=compiled Java code, j=interpreted, Vv=VM code, C=native code)


---------------  P R O C E S S  ---------------

Java Threads: ( => current thread )

Other Threads:

=>0x0000000003260800 (exited) JavaThread "Unknown thread" [_thread_in_vm, id=16264, stack(0x0000000002dd0000,0x0000000002ed0000)]

VM state:not at safepoint (normal execution)

VM Mutex/Monitor currently owned by a thread: None

Heap:
 PSYoungGen      total 38400K, used 665K [0x00000000eab00000, 0x00000000ed580000, 0x0000000100000000)
  eden space 33280K, 2% used [0x00000000eab00000,0x00000000eaba6670,0x00000000ecb80000)
  from space 5120K, 0% used [0x00000000ed080000,0x00000000ed080000,0x00000000ed580000)
  to   space 5120K, 0% used [0x00000000ecb80000,0x00000000ecb80000,0x00000000ed080000)
 ParOldGen       total 87552K, used 0K [0x00000000c0000000, 0x00000000c5580000, 0x00000000eab00000)
  object space 87552K, 0% used [0x00000000c0000000,0x00000000c0000000,0x00000000c5580000)
 Metaspace       used 769K, capacity 4480K, committed 4480K, reserved 1056768K
  class space    used 75K, capacity 384K, committed 384K, reserved 1048576K

Card table byte_map: [0x0000000012720000,0x0000000012930000] byte_map_base: 0x0000000012120000

Marking Bits: (ParMarkBitMap*) 0x00000000567a64f0
 Begin Bits: [0x0000000013290000, 0x0000000014290000)
 End Bits:   [0x0000000014290000, 0x0000000015290000)

Polling page: 0x00000000011e0000

CodeCache: size=245760Kb used=328Kb max_used=328Kb free=245431Kb
 bounds [0x0000000003360000, 0x00000000035d0000, 0x0000000012360000]
 total_blobs=58 nmethods=0 adapters=38
 compilation: enabled

Compilation events (0 events):
No events

GC Heap History (0 events):
No events

Deoptimization events (0 events):
No events

Internal exceptions (0 events):
No events

Events (10 events):
Event: 0.081 loading class java/lang/Short
Event: 0.081 loading class java/lang/Short done
Event: 0.081 loading class java/lang/Integer
Event: 0.082 loading class java/lang/Integer done
Event: 0.082 loading class java/lang/Long
Event: 0.082 loading class java/lang/Long done
Event: 0.083 loading class java/lang/NullPointerException
Event: 0.083 loading class java/lang/NullPointerException done
Event: 0.083 loading class java/lang/ArithmeticException
Event: 0.083 loading class java/lang/ArithmeticException done


Dynamic libraries:
0x00007ff6045a0000 - 0x00007ff6045d7000 	D:\java\JDK\bin\java.exe
0x00007ffad83a0000 - 0x00007ffad8571000 	C:\WINDOWS\SYSTEM32\ntdll.dll
0x00007ffad5c70000 - 0x00007ffad5d1c000 	C:\WINDOWS\System32\KERNEL32.DLL
0x00007ffad5710000 - 0x00007ffad592d000 	C:\WINDOWS\System32\KERNELBASE.dll
0x00007ffad80c0000 - 0x00007ffad8162000 	C:\WINDOWS\System32\ADVAPI32.dll
0x00007ffad7f00000 - 0x00007ffad7f9e000 	C:\WINDOWS\System32\msvcrt.dll
0x00007ffad6770000 - 0x00007ffad67c9000 	C:\WINDOWS\System32\sechost.dll
0x00007ffad5a70000 - 0x00007ffad5b91000 	C:\WINDOWS\System32\RPCRT4.dll
0x00007ffad6190000 - 0x00007ffad62f5000 	C:\WINDOWS\System32\USER32.dll
0x00007ffad4a40000 - 0x00007ffad4a5e000 	C:\WINDOWS\System32\win32u.dll
0x00007ffad8070000 - 0x00007ffad80a4000 	C:\WINDOWS\System32\GDI32.dll
0x00007ffad4a60000 - 0x00007ffad4be2000 	C:\WINDOWS\System32\gdi32full.dll
0x00007ffac3530000 - 0x00007ffac37aa000 	C:\WINDOWS\WinSxS\amd64_microsoft.windows.common-controls_6595b64144ccf1df_6.0.14393.953_none_42151e83c686086b\COMCTL32.dll
0x00007ffad6300000 - 0x00007ffad65c8000 	C:\WINDOWS\System32\combase.dll
0x00007ffad5560000 - 0x00007ffad5655000 	C:\WINDOWS\System32\ucrtbase.dll
0x00007ffad4bf0000 - 0x00007ffad4c5a000 	C:\WINDOWS\System32\bcryptPrimitives.dll
0x00007ffad6160000 - 0x00007ffad618e000 	C:\WINDOWS\System32\IMM32.DLL
0x0000000056830000 - 0x0000000056902000 	D:\java\JDK\jre\bin\msvcr100.dll
0x0000000055f90000 - 0x0000000056826000 	D:\java\JDK\jre\bin\server\jvm.dll
0x00007ffad6150000 - 0x00007ffad6158000 	C:\WINDOWS\System32\PSAPI.DLL
0x00007ffac8c10000 - 0x00007ffac8c19000 	C:\WINDOWS\SYSTEM32\WSOCK32.dll
0x00007ffad2940000 - 0x00007ffad2963000 	C:\WINDOWS\SYSTEM32\WINMM.dll
0x00007ffad2050000 - 0x00007ffad205a000 	C:\WINDOWS\SYSTEM32\VERSION.dll
0x00007ffad8000000 - 0x00007ffad806a000 	C:\WINDOWS\System32\WS2_32.dll
0x0000000002da0000 - 0x0000000002dcb000 	C:\WINDOWS\SYSTEM32\WINMMBASE.dll
0x00007ffad4e30000 - 0x00007ffad4e72000 	C:\WINDOWS\System32\cfgmgr32.dll
0x0000000057c00000 - 0x0000000057c0f000 	D:\java\JDK\jre\bin\verify.dll
0x0000000055f60000 - 0x0000000055f89000 	D:\java\JDK\jre\bin\java.dll
0x0000000055f40000 - 0x0000000055f56000 	D:\java\JDK\jre\bin\zip.dll

VM Arguments:
jvm_args: -Djava.awt.headless=true -Xmx1024M -Dfile.encoding=GBK -Duser.country=CN -Duser.language=zh -Duser.variant 
java_command: com.android.dx.command.Main --dex --num-threads=4 --multi-dex --output G:\nav\Navigation\app\build\intermediates\transforms\dex\debug\folders\1000\2\fastjson-1.2.2_01050640418699c2bae423f552ff7a385fc379cf G:\nav\Navigation\app\libs\fastjson-1.2.2.jar
java_class_path (initial): D:\java\SDK\build-tools\25.0.3\lib\dx.jar
Launcher Type: SUN_STANDARD

Environment Variables:
JAVA_HOME=D:\java\JDK
PATH=C:\ProgramData\Oracle\Java\javapath;C:\Program Files (x86)\Tesseract-OCR;C:\Python27\Scripts\;C:\WINDOWS\system32;C:\WINDOWS;C:\WINDOWS\System32\Wbem;C:\WINDOWS\System32\WindowsPowerShell\v1.0\;C:\Program Files\Microsoft SQL Server\110\Tools\Binn\;C:\Program Files\Microsoft SQL Server\120\Tools\Binn\;C:\WINDOWS\system32\config\systemprofile\.dnx\bin;C:\Program Files\Microsoft DNX\Dnvm\;C:\Program Files (x86)\Windows Kits\10\Windows Performance Toolkit\;C:\Python27;D:\Git\bin;C:\Program Files\MATLAB\MATLAB Runtime\v90\bin;C:\Program Files\MATLAB\MATLAB Runtime\v90\runtime\win64;D:\java\JDK\bin;D:\java\JRE\bin;C:\Program Files (x86)\IDM Computer Solutions\UltraEdit;D:\java\SDK\platform-tools;C:\Users\EdwardPC\AppData\Local\Microsoft\WindowsApps;C:\Users\EdwardPC\AppData\Roaming\npm;C:\Python27;C:\Python36;C:\Program Files\SQLite Expert\Personal 4;C:\Python27\Scripts\;C:\Program Files\MATLAB\MATLAB Runtime\v90\bin\win64;C:\Program Files\MATLAB\MATLAB Runtime\v90\bin;D:\java\SDK\platform-tools
USERNAME=EdwardPC
OS=Windows_NT
PROCESSOR_IDENTIFIER=Intel64 Family 6 Model 60 Stepping 3, GenuineIntel



---------------  S Y S T E M  ---------------

OS: Windows 10.0 , 64 bit Build 14393 (10.0.14393.1198)

CPU:total 8 (4 cores per cpu, 2 threads per core) family 6 model 60 stepping 3, cmov, cx8, fxsr, mmx, sse, sse2, sse3, ssse3, sse4.1, sse4.2, popcnt, avx, avx2, aes, clmul, erms, lzcnt, ht, tsc, tscinvbit, bmi1, bmi2

Memory: 4k page, physical 8277272k(1176744k free), swap 8277272k(141080k free)

vm_info: Java HotSpot(TM) 64-Bit Server VM (25.92-b14) for windows-amd64 JRE (1.8.0_92-b14), built on Mar 31 2016 21:03:04 by "java_re" with MS VC++ 10.0 (VS2010)

time: Thu Jun 15 15:49:14 2017
elapsed time: 0 seconds (0d 0h 0m 0s)

