#
# There is insufficient memory for the Java Runtime Environment to continue.
# Native memory allocation (malloc) failed to allocate 32744 bytes for ChunkPool::allocate
# Possible reasons:
#   The system is out of physical RAM or swap space
#   In 32 bit mode, the process size limit was hit
# Possible solutions:
#   Reduce memory load on the system
#   Increase physical memory or swap space
#   Check if swap backing store is full
#   Use 64 bit Java on a 64 bit OS
#   Decrease Java heap size (-Xmx/-Xms)
#   Decrease number of Java threads
#   Decrease Java thread stack sizes (-Xss)
#   Set larger code cache with -XX:ReservedCodeCacheSize=
# This output file may be truncated or incomplete.
#
#  Out of Memory Error (allocation.cpp:273), pid=13668, tid=0x0000000000002dc8
#
# JRE version: Java(TM) SE Runtime Environment (8.0_92-b14) (build 1.8.0_92-b14)
# Java VM: Java HotSpot(TM) 64-Bit Server VM (25.92-b14 mixed mode windows-amd64 compressed oops)
# Failed to write core dump. Minidumps are not enabled by default on client versions of Windows
#

---------------  T H R E A D  ---------------

Current thread (0x000000001569c000):  JavaThread "C2 CompilerThread0" daemon [_thread_in_native, id=11720, stack(0x0000000017ca0000,0x0000000017da0000)]

Stack: [0x0000000017ca0000,0x0000000017da0000]
[error occurred during error reporting (printing stack bounds), id 0xc0000005]

Native frames: (J=compiled Java code, j=interpreted, Vv=VM code, C=native code)


Current CompileTask:
C2:  11259 1428   !   4       com.android.dx.cf.code.RopperMachine::run (1550 bytes)


---------------  P R O C E S S  ---------------

Java Threads: ( => current thread )
  0x000000001831f000 JavaThread "pool-1-thread-4" [_thread_blocked, id=3596, stack(0x0000000018ea0000,0x0000000018fa0000)]
  0x000000001792b000 JavaThread "pool-1-thread-3" [_thread_in_vm, id=10696, stack(0x0000000018da0000,0x0000000018ea0000)]
  0x000000001796c800 JavaThread "pool-1-thread-2" [_thread_blocked, id=7432, stack(0x0000000018ca0000,0x0000000018da0000)]
  0x0000000017911000 JavaThread "pool-2-thread-1" [_thread_blocked, id=10756, stack(0x0000000018ba0000,0x0000000018ca0000)]
  0x0000000017910800 JavaThread "pool-1-thread-1" [_thread_in_Java, id=12040, stack(0x0000000018aa0000,0x0000000018ba0000)]
  0x00000000176cb000 JavaThread "Service Thread" daemon [_thread_blocked, id=13872, stack(0x00000000180a0000,0x00000000181a0000)]
  0x0000000017637800 JavaThread "C1 CompilerThread3" daemon [_thread_blocked, id=11380, stack(0x0000000017fa0000,0x00000000180a0000)]
  0x000000001762f000 JavaThread "C2 CompilerThread2" daemon [_thread_in_native, id=2224, stack(0x0000000017ea0000,0x0000000017fa0000)]
  0x000000001569e000 JavaThread "C2 CompilerThread1" daemon [_thread_in_native, id=9160, stack(0x0000000017da0000,0x0000000017ea0000)]
=>0x000000001569c000 JavaThread "C2 CompilerThread0" daemon [_thread_in_native, id=11720, stack(0x0000000017ca0000,0x0000000017da0000)]
  0x00000000175dc000 JavaThread "Attach Listener" daemon [_thread_blocked, id=6876, stack(0x0000000017ba0000,0x0000000017ca0000)]
  0x00000000175db000 JavaThread "Signal Dispatcher" daemon [_thread_blocked, id=12552, stack(0x0000000017aa0000,0x0000000017ba0000)]
  0x00000000175c0800 JavaThread "Finalizer" daemon [_thread_blocked, id=14012, stack(0x00000000179a0000,0x0000000017aa0000)]
  0x0000000002b64000 JavaThread "Reference Handler" daemon [_thread_blocked, id=13612, stack(0x00000000174a0000,0x00000000175a0000)]
  0x0000000002a70800 JavaThread "main" [_thread_in_Java, id=3020, stack(0x0000000002970000,0x0000000002a70000)]

Other Threads:
  0x0000000015689000 VMThread [stack: 0x00000000173a0000,0x00000000174a0000] [id=420]
  0x0000000017736800 WatcherThread [stack: 0x00000000181a0000,0x00000000182a0000] [id=13972]

VM state:not at safepoint (normal execution)

VM Mutex/Monitor currently owned by a thread: None

Heap:
 PSYoungGen      total 38400K, used 16390K [0x00000000eab00000, 0x00000000ed580000, 0x0000000100000000)
  eden space 33280K, 33% used [0x00000000eab00000,0x00000000eb605bf8,0x00000000ecb80000)
  from space 5120K, 99% used [0x00000000ed080000,0x00000000ed57bc98,0x00000000ed580000)
  to   space 5120K, 0% used [0x00000000ecb80000,0x00000000ecb80000,0x00000000ed080000)
 ParOldGen       total 87552K, used 5480K [0x00000000c0000000, 0x00000000c5580000, 0x00000000eab00000)
  object space 87552K, 6% used [0x00000000c0000000,0x00000000c055a328,0x00000000c5580000)
 Metaspace       used 6221K, capacity 7092K, committed 7296K, reserved 1056768K
  class space    used 601K, capacity 620K, committed 640K, reserved 1048576K

Card table byte_map: [0x0000000011f30000,0x0000000012140000] byte_map_base: 0x0000000011930000

Marking Bits: (ParMarkBitMap*) 0x000000005f7964f0
 Begin Bits: [0x0000000012aa0000, 0x0000000013aa0000)
 End Bits:   [0x0000000013aa0000, 0x0000000014aa0000)

Polling page: 0x0000000000870000

CodeCache: size=245760Kb used=6206Kb max_used=6206Kb free=239553Kb
 bounds [0x0000000002b70000, 0x0000000003190000, 0x0000000011b70000]
 total_blobs=1806 nmethods=1536 adapters=183
 compilation: enabled

Compilation events (10 events):
Event: 11.248 Thread 0x0000000017637800 1563       2       java.util.concurrent.locks.AbstractQueuedSynchronizer$ConditionObject::signal (33 bytes)
Event: 11.248 Thread 0x0000000017637800 nmethod 1563 0x0000000003182c50 code [0x0000000003182de0, 0x0000000003183028]
Event: 11.248 Thread 0x0000000017637800 1564       2       java.util.concurrent.locks.ReentrantLock$Sync::isHeldExclusively (16 bytes)
Event: 11.248 Thread 0x0000000017637800 nmethod 1564 0x0000000003183150 code [0x00000000031832a0, 0x0000000003183410]
Event: 11.248 Thread 0x0000000017637800 1565       2       java.util.concurrent.locks.AbstractQueuedSynchronizer::compareAndSetWaitStatus (13 bytes)
Event: 11.249 Thread 0x0000000017637800 nmethod 1565 0x0000000003183490 code [0x00000000031835e0, 0x0000000003183730]
Event: 11.251 Thread 0x0000000017637800 1566       2       com.android.dx.rop.code.Rops::opGetField (97 bytes)
Event: 11.252 Thread 0x0000000017637800 nmethod 1566 0x0000000003183790 code [0x0000000003183960, 0x0000000003183ed8]
Event: 11.252 Thread 0x0000000017637800 1567 %     3       com.android.dx.cf.code.LocalsArraySet::setImmutable @ 15 (50 bytes)
Event: 11.253 Thread 0x0000000017637800 nmethod 1567% 0x00000000031841d0 code [0x00000000031843c0, 0x0000000003184ce8]

GC Heap History (4 events):
Event: 10.309 GC heap before
{Heap before GC invocations=1 (full 0):
 PSYoungGen      total 38400K, used 33280K [0x00000000eab00000, 0x00000000ed580000, 0x0000000100000000)
  eden space 33280K, 100% used [0x00000000eab00000,0x00000000ecb80000,0x00000000ecb80000)
  from space 5120K, 0% used [0x00000000ed080000,0x00000000ed080000,0x00000000ed580000)
  to   space 5120K, 0% used [0x00000000ecb80000,0x00000000ecb80000,0x00000000ed080000)
 ParOldGen       total 87552K, used 0K [0x00000000c0000000, 0x00000000c5580000, 0x00000000eab00000)
  object space 87552K, 0% used [0x00000000c0000000,0x00000000c0000000,0x00000000c5580000)
 Metaspace       used 5924K, capacity 6834K, committed 7040K, reserved 1056768K
  class space    used 594K, capacity 618K, committed 640K, reserved 1048576K
Event: 10.347 GC heap after
Heap after GC invocations=1 (full 0):
 PSYoungGen      total 38400K, used 5090K [0x00000000eab00000, 0x00000000ed580000, 0x0000000100000000)
  eden space 33280K, 0% used [0x00000000eab00000,0x00000000eab00000,0x00000000ecb80000)
  from space 5120K, 99% used [0x00000000ecb80000,0x00000000ed078ac8,0x00000000ed080000)
  to   space 5120K, 0% used [0x00000000ed080000,0x00000000ed080000,0x00000000ed580000)
 ParOldGen       total 87552K, used 1590K [0x00000000c0000000, 0x00000000c5580000, 0x00000000eab00000)
  object space 87552K, 1% used [0x00000000c0000000,0x00000000c018dbd0,0x00000000c5580000)
 Metaspace       used 5924K, capacity 6834K, committed 7040K, reserved 1056768K
  class space    used 594K, capacity 618K, committed 640K, reserved 1048576K
}
Event: 11.025 GC heap before
{Heap before GC invocations=2 (full 0):
 PSYoungGen      total 38400K, used 38370K [0x00000000eab00000, 0x00000000ed580000, 0x0000000100000000)
  eden space 33280K, 100% used [0x00000000eab00000,0x00000000ecb80000,0x00000000ecb80000)
  from space 5120K, 99% used [0x00000000ecb80000,0x00000000ed078ac8,0x00000000ed080000)
  to   space 5120K, 0% used [0x00000000ed080000,0x00000000ed080000,0x00000000ed580000)
 ParOldGen       total 87552K, used 1590K [0x00000000c0000000, 0x00000000c5580000, 0x00000000eab00000)
  object space 87552K, 1% used [0x00000000c0000000,0x00000000c018dbd0,0x00000000c5580000)
 Metaspace       used 6137K, capacity 6964K, committed 7040K, reserved 1056768K
  class space    used 598K, capacity 620K, committed 640K, reserved 1048576K
Event: 11.057 GC heap after
Heap after GC invocations=2 (full 0):
 PSYoungGen      total 38400K, used 5103K [0x00000000eab00000, 0x00000000ed580000, 0x0000000100000000)
  eden space 33280K, 0% used [0x00000000eab00000,0x00000000eab00000,0x00000000ecb80000)
  from space 5120K, 99% used [0x00000000ed080000,0x00000000ed57bc98,0x00000000ed580000)
  to   space 5120K, 0% used [0x00000000ecb80000,0x00000000ecb80000,0x00000000ed080000)
 ParOldGen       total 87552K, used 5480K [0x00000000c0000000, 0x00000000c5580000, 0x00000000eab00000)
  object space 87552K, 6% used [0x00000000c0000000,0x00000000c055a328,0x00000000c5580000)
 Metaspace       used 6137K, capacity 6964K, committed 7040K, reserved 1056768K
  class space    used 598K, capacity 620K, committed 640K, reserved 1048576K
}

Deoptimization events (10 events):
Event: 11.009 Thread 0x000000001792b000 Uncommon trap: reason=bimorphic action=maybe_recompile pc=0x00000000030ffc84 method=com.android.dx.cf.code.BytecodeArray.parseInstruction(ILcom/android/dx/cf/code/BytecodeArray$Visitor;)I @ 1161
Event: 11.011 Thread 0x000000001792b000 Uncommon trap: reason=bimorphic action=maybe_recompile pc=0x00000000030ffc84 method=com.android.dx.cf.code.BytecodeArray.parseInstruction(ILcom/android/dx/cf/code/BytecodeArray$Visitor;)I @ 1161
Event: 11.012 Thread 0x0000000017910800 Uncommon trap: reason=bimorphic action=maybe_recompile pc=0x00000000030ff860 method=com.android.dx.cf.code.BytecodeArray.parseInstruction(ILcom/android/dx/cf/code/BytecodeArray$Visitor;)I @ 907
Event: 11.012 Thread 0x0000000017910800 Uncommon trap: reason=bimorphic action=maybe_recompile pc=0x00000000030ff860 method=com.android.dx.cf.code.BytecodeArray.parseInstruction(ILcom/android/dx/cf/code/BytecodeArray$Visitor;)I @ 907
Event: 11.061 Thread 0x000000001831f000 Uncommon trap: reason=class_check action=maybe_recompile pc=0x0000000003070d2c method=com.android.dx.rop.cst.CstKnownNull.equals(Ljava/lang/Object;)Z @ 1
Event: 11.161 Thread 0x000000001792b000 Uncommon trap: reason=bimorphic action=maybe_recompile pc=0x0000000002dc4078 method=java.util.HashMap.getNode(ILjava/lang/Object;)Ljava/util/HashMap$Node; @ 126
Event: 11.161 Thread 0x000000001792b000 Uncommon trap: reason=bimorphic action=maybe_recompile pc=0x0000000002dc4078 method=java.util.HashMap.getNode(ILjava/lang/Object;)Ljava/util/HashMap$Node; @ 126
Event: 11.161 Thread 0x000000001792b000 Uncommon trap: reason=bimorphic action=maybe_recompile pc=0x0000000002dc4078 method=java.util.HashMap.getNode(ILjava/lang/Object;)Ljava/util/HashMap$Node; @ 126
Event: 11.161 Thread 0x000000001792b000 Uncommon trap: reason=bimorphic action=maybe_recompile pc=0x0000000002dc4078 method=java.util.HashMap.getNode(ILjava/lang/Object;)Ljava/util/HashMap$Node; @ 126
Event: 11.162 Thread 0x000000001792b000 Uncommon trap: reason=bimorphic action=maybe_recompile pc=0x0000000002d9c124 method=java.util.HashMap.getNode(ILjava/lang/Object;)Ljava/util/HashMap$Node; @ 126

Internal exceptions (2 events):
Event: 0.029 Thread 0x0000000002a70800 Exception <a 'java/lang/NoSuchMethodError': Method sun.misc.Unsafe.defineClass(Ljava/lang/String;[BII)Ljava/lang/Class; name or signature does not match> (0x00000000eab07cc0) thrown at [D:\re\workspace\8-2-build-windows-amd64-cygwin\jdk8u92\6642\hotspot\sr$2\∑xù?
Event: 0.029 Thread 0x0000000002a70800 Exception <a 'java/lang/NoSuchMethodError': Method sun.misc.Unsafe.prefetchRead(Ljava/lang/Object;J)V name or signature does not match> (0x00000000eab07fa8) thrown at [D:\re\workspace\8-2-build-windows-amd64-cygwin\jdk8u92\6642\hotspot\src\share\vm\prims\j

Events (10 events):
Event: 11.161 Thread 0x000000001792b000 DEOPT UNPACKING pc=0x0000000002bb582a sp=0x0000000018e9ebe8 mode 2
Event: 11.161 Thread 0x000000001792b000 Uncommon trap: trap_request=0xffffffc6 fr.pc=0x0000000002dc4078
Event: 11.161 Thread 0x000000001792b000 DEOPT PACKING pc=0x0000000002dc4078 sp=0x0000000018e9ecc0
Event: 11.161 Thread 0x000000001792b000 DEOPT UNPACKING pc=0x0000000002bb582a sp=0x0000000018e9ebe8 mode 2
Event: 11.162 Thread 0x000000001792b000 Uncommon trap: trap_request=0xffffffc6 fr.pc=0x0000000002d9c124
Event: 11.162 Thread 0x000000001792b000 DEOPT PACKING pc=0x0000000002d9c124 sp=0x0000000018e9ec50
Event: 11.162 Thread 0x000000001792b000 DEOPT UNPACKING pc=0x0000000002bb582a sp=0x0000000018e9ebe8 mode 2
Event: 11.239 loading class com/android/dx/cf/code/SwitchList
Event: 11.239 loading class com/android/dx/cf/code/SwitchList done
Event: 11.245 Thread 0x000000001792b000 Uncommon trap: trap_request=0xffffffde fr.pc=0x0000000002ee9ff0


Dynamic libraries:
0x00007ff700fc0000 - 0x00007ff700ff7000 	D:\java\JDK\bin\java.exe
0x00007ffe294f0000 - 0x00007ffe296c1000 	C:\WINDOWS\SYSTEM32\ntdll.dll
0x00007ffe29070000 - 0x00007ffe2911b000 	C:\WINDOWS\System32\KERNEL32.DLL
0x00007ffe25a30000 - 0x00007ffe25c4d000 	C:\WINDOWS\System32\KERNELBASE.dll
0x00007ffe27870000 - 0x00007ffe27912000 	C:\WINDOWS\System32\ADVAPI32.dll
0x00007ffe277d0000 - 0x00007ffe2786e000 	C:\WINDOWS\System32\msvcrt.dll
0x00007ffe26db0000 - 0x00007ffe26e09000 	C:\WINDOWS\System32\sechost.dll
0x00007ffe26a80000 - 0x00007ffe26ba1000 	C:\WINDOWS\System32\RPCRT4.dll
0x00007ffe29180000 - 0x00007ffe292e5000 	C:\WINDOWS\System32\USER32.dll
0x00007ffe25c50000 - 0x00007ffe25c6e000 	C:\WINDOWS\System32\win32u.dll
0x00007ffe28f00000 - 0x00007ffe28f34000 	C:\WINDOWS\System32\GDI32.dll
0x00007ffe25ce0000 - 0x00007ffe25e62000 	C:\WINDOWS\System32\gdi32full.dll
0x00007ffe1a1b0000 - 0x00007ffe1a42a000 	C:\WINDOWS\WinSxS\amd64_microsoft.windows.common-controls_6595b64144ccf1df_6.0.14393.953_none_42151e83c686086b\COMCTL32.dll
0x00007ffe272e0000 - 0x00007ffe275a8000 	C:\WINDOWS\System32\combase.dll
0x00007ffe26980000 - 0x00007ffe26a75000 	C:\WINDOWS\System32\ucrtbase.dll
0x00007ffe25c70000 - 0x00007ffe25cda000 	C:\WINDOWS\System32\bcryptPrimitives.dll
0x00007ffe28f40000 - 0x00007ffe28f6e000 	C:\WINDOWS\System32\IMM32.DLL
0x000000005f820000 - 0x000000005f8f2000 	D:\java\JDK\jre\bin\msvcr100.dll
0x000000005ef80000 - 0x000000005f816000 	D:\java\JDK\jre\bin\server\jvm.dll
0x00007ffe277c0000 - 0x00007ffe277c8000 	C:\WINDOWS\System32\PSAPI.DLL
0x00007ffe17b20000 - 0x00007ffe17b29000 	C:\WINDOWS\SYSTEM32\WSOCK32.dll
0x00007ffe164f0000 - 0x00007ffe164fa000 	C:\WINDOWS\SYSTEM32\VERSION.dll
0x00007ffe23b60000 - 0x00007ffe23b83000 	C:\WINDOWS\SYSTEM32\WINMM.dll
0x00007ffe27720000 - 0x00007ffe2778a000 	C:\WINDOWS\System32\WS2_32.dll
0x00007ffe235c0000 - 0x00007ffe235eb000 	C:\WINDOWS\SYSTEM32\WINMMBASE.dll
0x00007ffe259e0000 - 0x00007ffe25a22000 	C:\WINDOWS\System32\cfgmgr32.dll
0x0000000061650000 - 0x000000006165f000 	D:\java\JDK\jre\bin\verify.dll
0x0000000060830000 - 0x0000000060859000 	D:\java\JDK\jre\bin\java.dll
0x0000000060810000 - 0x0000000060826000 	D:\java\JDK\jre\bin\zip.dll
0x00007ffe279f0000 - 0x00007ffe28ef9000 	C:\WINDOWS\System32\SHELL32.dll
0x00007ffe25f20000 - 0x00007ffe265fa000 	C:\WINDOWS\System32\windows.storage.dll
0x00007ffe25970000 - 0x00007ffe259bc000 	C:\WINDOWS\System32\powrprof.dll
0x00007ffe27990000 - 0x00007ffe279e2000 	C:\WINDOWS\System32\shlwapi.dll
0x00007ffe259d0000 - 0x00007ffe259df000 	C:\WINDOWS\System32\kernel.appcore.dll
0x00007ffe268d0000 - 0x00007ffe26979000 	C:\WINDOWS\System32\shcore.dll
0x00007ffe25950000 - 0x00007ffe25964000 	C:\WINDOWS\System32\profapi.dll

VM Arguments:
jvm_args: -Djava.awt.headless=true -Xmx1024M -Dfile.encoding=GBK -Duser.country=CN -Duser.language=zh -Duser.variant 
java_command: com.android.dx.command.Main --dex --num-threads=4 --output G:\nav\Navigation\app\build\intermediates\pre-dexed\debug\AMap_Search_V3.4.0_20160811_b3d629faecdf378e2ef75c950726127627f98557.jar G:\nav\Navigation\app\libs\AMap_Search_V3.4.0_20160811.jar
java_class_path (initial): D:\java\SDK\build-tools\25.0.3\lib\dx.jar
Launcher Type: SUN_STANDARD

Environment Variables:
JAVA_HOME=D:\java\JDK
PATH=C:\Program Files (x86)\Tesseract-OCR;C:\Python27\Scripts\;C:\WINDOWS\system32;C:\WINDOWS;C:\WINDOWS\System32\Wbem;C:\WINDOWS\System32\WindowsPowerShell\v1.0\;C:\Program Files\Microsoft SQL Server\110\Tools\Binn\;C:\Program Files\Microsoft SQL Server\120\Tools\Binn\;C:\WINDOWS\system32\config\systemprofile\.dnx\bin;C:\Program Files\Microsoft DNX\Dnvm\;C:\Program Files (x86)\Windows Kits\10\Windows Performance Toolkit\;C:\Python27;D:\Git\bin;C:\Program Files\MATLAB\MATLAB Runtime\v90\bin;C:\Program Files\MATLAB\MATLAB Runtime\v90\runtime\win64;D:\java\JDK\bin;D:\java\JRE\bin;C:\Program Files (x86)\IDM Computer Solutions\UltraEdit;D:\java\SDK\platform-tools;C:\Users\EdwardPC\AppData\Local\Microsoft\WindowsApps;C:\Users\EdwardPC\AppData\Roaming\npm;C:\Python27;C:\Python36;C:\Program Files\SQLite Expert\Personal 4;C:\Python27\Scripts\;C:\Program Files\MATLAB\MATLAB Runtime\v90\bin\win64;C:\Program Files\MATLAB\MATLAB Runtime\v90\bin;D:\java\SDK\platform-tools
USERNAME=EdwardPC
OS=Windows_NT
PROCESSOR_IDENTIFIER=Intel64 Family 6 Model 60 Stepping 3, GenuineIntel



---------------  S Y S T E M  ---------------

OS: Windows 10.0 , 64 bit Build 14393 (10.0.14393.0)

CPU:total 8 (4 cores per cpu, 2 threads per core) family 6 model 60 stepping 3, cmov, cx8, fxsr, mmx, sse, sse2, sse3, ssse3, sse4.1, sse4.2, popcnt, avx, avx2, aes, clmul, erms, lzcnt, ht, tsc, tscinvbit, bmi1, bmi2

Memory: 4k page, physical 8277272k(926012k free), swap 8277272k(1208k free)

vm_info: Java HotSpot(TM) 64-Bit Server VM (25.92-b14) for windows-amd64 JRE (1.8.0_92-b14), built on Mar 31 2016 21:03:04 by "java_re" with MS VC++ 10.0 (VS2010)

time: Thu May 18 14:13:28 2017
elapsed time: 11 seconds (0d 0h 0m 11s)

