#
# There is insufficient memory for the Java Runtime Environment to continue.
# Native memory allocation (malloc) failed to allocate 686896 bytes for Chunk::new
# Possible reasons:
#   The system is out of physical RAM or swap space
#   In 32 bit mode, the process size limit was hit
# Possible solutions:
#   Reduce memory load on the system
#   Increase physical memory or swap space
#   Check if swap backing store is full
#   Use 64 bit Java on a 64 bit OS
#   Decrease Java heap size (-Xmx/-Xms)
#   Decrease number of Java threads
#   Decrease Java thread stack sizes (-Xss)
#   Set larger code cache with -XX:ReservedCodeCacheSize=
# This output file may be truncated or incomplete.
#
#  Out of Memory Error (allocation.cpp:390), pid=17584, tid=0x0000000000002d08
#
# JRE version: Java(TM) SE Runtime Environment (8.0_92-b14) (build 1.8.0_92-b14)
# Java VM: Java HotSpot(TM) 64-Bit Server VM (25.92-b14 mixed mode windows-amd64 compressed oops)
# Failed to write core dump. Minidumps are not enabled by default on client versions of Windows
#

---------------  T H R E A D  ---------------

Current thread (0x00000000175d9800):  JavaThread "C2 CompilerThread2" daemon [_thread_in_native, id=11528, stack(0x0000000017df0000,0x0000000017ef0000)]

Stack: [0x0000000017df0000,0x0000000017ef0000]
[error occurred during error reporting (printing stack bounds), id 0xc0000005]

Native frames: (J=compiled Java code, j=interpreted, Vv=VM code, C=native code)


Current CompileTask:
C2:   1530 1131   !   4       com.android.dx.cf.code.BytecodeArray::parseInstruction (2764 bytes)


---------------  P R O C E S S  ---------------

Java Threads: ( => current thread )
  0x0000000017872000 JavaThread "pool-2-thread-4" [_thread_blocked, id=10636, stack(0x0000000018df0000,0x0000000018ef0000)]
  0x000000001786c800 JavaThread "pool-2-thread-3" [_thread_in_Java, id=7236, stack(0x0000000018cf0000,0x0000000018df0000)]
  0x00000000178cd800 JavaThread "pool-2-thread-2" [_thread_blocked, id=8620, stack(0x0000000018bf0000,0x0000000018cf0000)]
  0x0000000017806800 JavaThread "pool-3-thread-1" [_thread_blocked, id=5580, stack(0x0000000018af0000,0x0000000018bf0000)]
  0x0000000017809800 JavaThread "pool-2-thread-1" [_thread_in_Java, id=14820, stack(0x00000000189f0000,0x0000000018af0000)]
  0x00000000175e1000 JavaThread "Service Thread" daemon [_thread_blocked, id=19212, stack(0x0000000017ff0000,0x00000000180f0000)]
  0x00000000175dc000 JavaThread "C1 CompilerThread3" daemon [_thread_blocked, id=21324, stack(0x0000000017ef0000,0x0000000017ff0000)]
=>0x00000000175d9800 JavaThread "C2 CompilerThread2" daemon [_thread_in_native, id=11528, stack(0x0000000017df0000,0x0000000017ef0000)]
  0x000000001757c800 JavaThread "C2 CompilerThread1" daemon [_thread_in_native, id=6536, stack(0x0000000017cf0000,0x0000000017df0000)]
  0x0000000017576800 JavaThread "C2 CompilerThread0" daemon [_thread_in_native, id=1616, stack(0x0000000017bf0000,0x0000000017cf0000)]
  0x0000000017575000 JavaThread "Attach Listener" daemon [_thread_blocked, id=19848, stack(0x0000000017af0000,0x0000000017bf0000)]
  0x0000000017574800 JavaThread "Signal Dispatcher" daemon [_thread_blocked, id=15848, stack(0x00000000179f0000,0x0000000017af0000)]
  0x0000000002afe000 JavaThread "Finalizer" daemon [_thread_blocked, id=21040, stack(0x00000000178f0000,0x00000000179f0000)]
  0x0000000002af5000 JavaThread "Reference Handler" daemon [_thread_blocked, id=2228, stack(0x00000000173f0000,0x00000000174f0000)]
  0x0000000002a00800 JavaThread "main" [_thread_blocked, id=13640, stack(0x0000000002900000,0x0000000002a00000)]

Other Threads:
  0x000000001561a000 VMThread [stack: 0x00000000172f0000,0x00000000173f0000] [id=15464]
  0x0000000017669800 WatcherThread [stack: 0x00000000180f0000,0x00000000181f0000] [id=19332]

VM state:not at safepoint (normal execution)

VM Mutex/Monitor currently owned by a thread: None

Heap:
 PSYoungGen      total 38400K, used 14736K [0x00000000eab00000, 0x00000000ed580000, 0x0000000100000000)
  eden space 33280K, 28% used [0x00000000eab00000,0x00000000eb464d88,0x00000000ecb80000)
  from space 5120K, 99% used [0x00000000ecb80000,0x00000000ed07f650,0x00000000ed080000)
  to   space 5120K, 0% used [0x00000000ed080000,0x00000000ed080000,0x00000000ed580000)
 ParOldGen       total 87552K, used 1451K [0x00000000c0000000, 0x00000000c5580000, 0x00000000eab00000)
  object space 87552K, 1% used [0x00000000c0000000,0x00000000c016acb0,0x00000000c5580000)
 Metaspace       used 6043K, capacity 6900K, committed 7040K, reserved 1056768K
  class space    used 597K, capacity 620K, committed 640K, reserved 1048576K

Card table byte_map: [0x0000000011ec0000,0x00000000120d0000] byte_map_base: 0x00000000118c0000

Marking Bits: (ParMarkBitMap*) 0x0000000064fd64f0
 Begin Bits: [0x0000000012a30000, 0x0000000013a30000)
 End Bits:   [0x0000000013a30000, 0x0000000014a30000)

Polling page: 0x0000000000cc0000

CodeCache: size=245760Kb used=4844Kb max_used=4844Kb free=240915Kb
 bounds [0x0000000002b00000, 0x0000000002fd0000, 0x0000000011b00000]
 total_blobs=1501 nmethods=1231 adapters=183
 compilation: enabled

Compilation events (10 events):
Event: 1.511 Thread 0x00000000175dc000 1235       3       com.android.dx.ssa.SsaMethod::onInsnsChanged (16 bytes)
Event: 1.511 Thread 0x00000000175dc000 nmethod 1235 0x0000000002fbe210 code [0x0000000002fbe360, 0x0000000002fbe4f0]
Event: 1.511 Thread 0x00000000175dc000 1232       3       com.android.dx.rop.code.AccessFlags::isStatic (13 bytes)
Event: 1.511 Thread 0x00000000175dc000 nmethod 1232 0x0000000002fbe590 code [0x0000000002fbe6e0, 0x0000000002fbe870]
Event: 1.511 Thread 0x00000000175dc000 1226       3       com.android.dx.rop.annotation.Annotations::add (75 bytes)
Event: 1.512 Thread 0x00000000175dc000 nmethod 1226 0x0000000002fbe910 code [0x0000000002fbeb80, 0x0000000002fbfaa8]
Event: 1.512 Thread 0x00000000175dc000 1227       3       java.util.concurrent.ThreadPoolExecutor::workerCountOf (5 bytes)
Event: 1.512 Thread 0x00000000175dc000 nmethod 1227 0x0000000002f983d0 code [0x0000000002f98520, 0x0000000002f98650]
Event: 1.512 Thread 0x00000000175dc000 1228       3       java.util.TreeMap$ValueIterator::next (8 bytes)
Event: 1.513 Thread 0x00000000175dc000 nmethod 1228 0x0000000002fc0190 code [0x0000000002fc0300, 0x0000000002fc0508]

GC Heap History (2 events):
Event: 1.325 GC heap before
{Heap before GC invocations=1 (full 0):
 PSYoungGen      total 38400K, used 33280K [0x00000000eab00000, 0x00000000ed580000, 0x0000000100000000)
  eden space 33280K, 100% used [0x00000000eab00000,0x00000000ecb80000,0x00000000ecb80000)
  from space 5120K, 0% used [0x00000000ed080000,0x00000000ed080000,0x00000000ed580000)
  to   space 5120K, 0% used [0x00000000ecb80000,0x00000000ecb80000,0x00000000ed080000)
 ParOldGen       total 87552K, used 0K [0x00000000c0000000, 0x00000000c5580000, 0x00000000eab00000)
  object space 87552K, 0% used [0x00000000c0000000,0x00000000c0000000,0x00000000c5580000)
 Metaspace       used 5938K, capacity 6836K, committed 7040K, reserved 1056768K
  class space    used 597K, capacity 620K, committed 640K, reserved 1048576K
Event: 1.394 GC heap after
Heap after GC invocations=1 (full 0):
 PSYoungGen      total 38400K, used 5117K [0x00000000eab00000, 0x00000000ed580000, 0x0000000100000000)
  eden space 33280K, 0% used [0x00000000eab00000,0x00000000eab00000,0x00000000ecb80000)
  from space 5120K, 99% used [0x00000000ecb80000,0x00000000ed07f650,0x00000000ed080000)
  to   space 5120K, 0% used [0x00000000ed080000,0x00000000ed080000,0x00000000ed580000)
 ParOldGen       total 87552K, used 1451K [0x00000000c0000000, 0x00000000c5580000, 0x00000000eab00000)
  object space 87552K, 1% used [0x00000000c0000000,0x00000000c016acb0,0x00000000c5580000)
 Metaspace       used 5938K, capacity 6836K, committed 7040K, reserved 1056768K
  class space    used 597K, capacity 620K, committed 640K, reserved 1048576K
}

Deoptimization events (7 events):
Event: 0.846 Thread 0x0000000002a00800 Uncommon trap: reason=unstable_if action=reinterpret pc=0x0000000002c53b94 method=java.lang.String.compareTo(Ljava/lang/String;)I @ 38
Event: 1.039 Thread 0x000000001786c800 Uncommon trap: reason=class_check action=maybe_recompile pc=0x0000000002d2b430 method=com.android.dx.ssa.NormalSsaInsn.accept(Lcom/android/dx/ssa/SsaInsn$Visitor;)V @ 9
Event: 1.048 Thread 0x00000000178cd800 Uncommon trap: reason=class_check action=maybe_recompile pc=0x0000000002d2b430 method=com.android.dx.ssa.NormalSsaInsn.accept(Lcom/android/dx/ssa/SsaInsn$Visitor;)V @ 9
Event: 1.048 Thread 0x00000000178cd800 Uncommon trap: reason=class_check action=maybe_recompile pc=0x0000000002d2b430 method=com.android.dx.ssa.NormalSsaInsn.accept(Lcom/android/dx/ssa/SsaInsn$Visitor;)V @ 9
Event: 1.048 Thread 0x00000000178cd800 Uncommon trap: reason=unstable_if action=reinterpret pc=0x0000000002d18fc8 method=java.util.HashMap.getNode(ILjava/lang/Object;)Ljava/util/HashMap$Node; @ 129
Event: 1.092 Thread 0x0000000017872000 Uncommon trap: reason=unstable_if action=reinterpret pc=0x0000000002d34cb4 method=java.util.BitSet.ensureCapacity(I)V @ 6
Event: 1.092 Thread 0x0000000017872000 Uncommon trap: reason=unstable_if action=reinterpret pc=0x0000000002d0ed30 method=java.util.BitSet.nextSetBit(I)I @ 87

Internal exceptions (2 events):
Event: 0.167 Thread 0x0000000002a00800 Exception <a 'java/lang/NoSuchMethodError': Method sun.misc.Unsafe.defineClass(Ljava/lang/String;[BII)Ljava/lang/Class; name or signature does not match> (0x00000000eab07cc0) thrown at [D:\re\workspace\8-2-build-windows-amd64-cygwin\jdk8u92\6642\hotspot\sr≤ó∆õck≈?
Event: 0.167 Thread 0x0000000002a00800 Exception <a 'java/lang/NoSuchMethodError': Method sun.misc.Unsafe.prefetchRead(Ljava/lang/Object;J)V name or signature does not match> (0x00000000eab07fa8) thrown at [D:\re\workspace\8-2-build-windows-amd64-cygwin\jdk8u92\6642\hotspot\src\share\vm\prims\j

Events (10 events):
Event: 1.101 Executing VM operation: ForceSafepoint
Event: 1.102 Executing VM operation: ForceSafepoint done
Event: 1.129 loading class com/android/dx/cf/code/BytecodeArray$ConstantParserVisitor
Event: 1.129 loading class com/android/dx/cf/code/BytecodeArray$ConstantParserVisitor done
Event: 1.131 loading class com/android/dx/cf/code/SwitchList
Event: 1.131 loading class com/android/dx/cf/code/SwitchList done
Event: 1.324 Executing VM operation: ParallelGCFailedAllocation
Event: 1.394 Executing VM operation: ParallelGCFailedAllocation done
Event: 1.467 Thread 0x0000000017809800 DEOPT PACKING pc=0x0000000002e6cf9b sp=0x0000000018aee7a0
Event: 1.467 Thread 0x0000000017809800 DEOPT UNPACKING pc=0x0000000002b4787f sp=0x0000000018aee568 mode 0


Dynamic libraries:
0x00007ff6bf840000 - 0x00007ff6bf877000 	D:\java\JDK\bin\java.exe
0x00007ffa54f30000 - 0x00007ffa55101000 	C:\WINDOWS\SYSTEM32\ntdll.dll
0x00007ffa54e80000 - 0x00007ffa54f2c000 	C:\WINDOWS\System32\KERNEL32.DLL
0x00007ffa514c0000 - 0x00007ffa516dd000 	C:\WINDOWS\System32\KERNELBASE.dll
0x00007ffa526b0000 - 0x00007ffa52752000 	C:\WINDOWS\System32\ADVAPI32.dll
0x00007ffa54a30000 - 0x00007ffa54ace000 	C:\WINDOWS\System32\msvcrt.dll
0x00007ffa545c0000 - 0x00007ffa54619000 	C:\WINDOWS\System32\sechost.dll
0x00007ffa528c0000 - 0x00007ffa529e1000 	C:\WINDOWS\System32\RPCRT4.dll
0x00007ffa54ad0000 - 0x00007ffa54c35000 	C:\WINDOWS\System32\USER32.dll
0x00007ffa519e0000 - 0x00007ffa519fe000 	C:\WINDOWS\System32\win32u.dll
0x00007ffa524c0000 - 0x00007ffa524f4000 	C:\WINDOWS\System32\GDI32.dll
0x00007ffa51850000 - 0x00007ffa519d2000 	C:\WINDOWS\System32\gdi32full.dll
0x00007ffa40940000 - 0x00007ffa40bba000 	C:\WINDOWS\WinSxS\amd64_microsoft.windows.common-controls_6595b64144ccf1df_6.0.14393.953_none_42151e83c686086b\COMCTL32.dll
0x00007ffa546f0000 - 0x00007ffa549b8000 	C:\WINDOWS\System32\combase.dll
0x00007ffa516e0000 - 0x00007ffa517d5000 	C:\WINDOWS\System32\ucrtbase.dll
0x00007ffa517e0000 - 0x00007ffa5184a000 	C:\WINDOWS\System32\bcryptPrimitives.dll
0x00007ffa54590000 - 0x00007ffa545be000 	C:\WINDOWS\System32\IMM32.DLL
0x0000000065060000 - 0x0000000065132000 	D:\java\JDK\jre\bin\msvcr100.dll
0x00000000647c0000 - 0x0000000065056000 	D:\java\JDK\jre\bin\server\jvm.dll
0x00007ffa54620000 - 0x00007ffa54628000 	C:\WINDOWS\System32\PSAPI.DLL
0x00007ffa4eb40000 - 0x00007ffa4eb49000 	C:\WINDOWS\SYSTEM32\WSOCK32.dll
0x00007ffa4f4b0000 - 0x00007ffa4f4d3000 	C:\WINDOWS\SYSTEM32\WINMM.dll
0x00007ffa4eaa0000 - 0x00007ffa4eaaa000 	C:\WINDOWS\SYSTEM32\VERSION.dll
0x00007ffa54e10000 - 0x00007ffa54e7a000 	C:\WINDOWS\System32\WS2_32.dll
0x00007ffa4f1f0000 - 0x00007ffa4f21b000 	C:\WINDOWS\SYSTEM32\WINMMBASE.dll
0x00007ffa51ab0000 - 0x00007ffa51af2000 	C:\WINDOWS\System32\cfgmgr32.dll
0x0000000066440000 - 0x000000006644f000 	D:\java\JDK\jre\bin\verify.dll
0x0000000066410000 - 0x0000000066439000 	D:\java\JDK\jre\bin\java.dll
0x00000000663f0000 - 0x0000000066406000 	D:\java\JDK\jre\bin\zip.dll
0x00007ffa529f0000 - 0x00007ffa53ef8000 	C:\WINDOWS\System32\SHELL32.dll
0x00007ffa51d80000 - 0x00007ffa5245a000 	C:\WINDOWS\System32\windows.storage.dll
0x00007ffa51390000 - 0x00007ffa513dc000 	C:\WINDOWS\System32\powrprof.dll
0x00007ffa54690000 - 0x00007ffa546e2000 	C:\WINDOWS\System32\shlwapi.dll
0x00007ffa513f0000 - 0x00007ffa513ff000 	C:\WINDOWS\System32\kernel.appcore.dll
0x00007ffa51a00000 - 0x00007ffa51aa9000 	C:\WINDOWS\System32\shcore.dll
0x00007ffa51400000 - 0x00007ffa51414000 	C:\WINDOWS\System32\profapi.dll

VM Arguments:
jvm_args: -Djava.awt.headless=true -Xmx1024M -Dfile.encoding=GBK -Duser.country=CN -Duser.language=zh -Duser.variant 
java_command: com.android.dx.command.Main --dex --num-threads=4 --multi-dex --output G:\nav\Navigation\app\build\intermediates\transforms\dex\debug\folders\1000\2\TencentSearch1.1.3_aa685f1ab24f1c16353d91a4ef9ab33a27e3fd14 G:\nav\Navigation\app\libs\TencentSearch1.1.3.jar
java_class_path (initial): D:\java\SDK\build-tools\25.0.3\lib\dx.jar
Launcher Type: SUN_STANDARD

Environment Variables:
JAVA_HOME=D:\java\JDK
PATH=C:\ProgramData\Oracle\Java\javapath;C:\Program Files (x86)\Tesseract-OCR;C:\Python27\Scripts\;C:\WINDOWS\system32;C:\WINDOWS;C:\WINDOWS\System32\Wbem;C:\WINDOWS\System32\WindowsPowerShell\v1.0\;C:\Program Files\Microsoft SQL Server\110\Tools\Binn\;C:\Program Files\Microsoft SQL Server\120\Tools\Binn\;C:\WINDOWS\system32\config\systemprofile\.dnx\bin;C:\Program Files\Microsoft DNX\Dnvm\;C:\Program Files (x86)\Windows Kits\10\Windows Performance Toolkit\;C:\Python27;D:\Git\bin;C:\Program Files\MATLAB\MATLAB Runtime\v90\bin;C:\Program Files\MATLAB\MATLAB Runtime\v90\runtime\win64;D:\java\JDK\bin;D:\java\JRE\bin;C:\Program Files (x86)\IDM Computer Solutions\UltraEdit;D:\java\SDK\platform-tools;C:\Users\EdwardPC\AppData\Local\Microsoft\WindowsApps;C:\Users\EdwardPC\AppData\Roaming\npm;C:\Python27;C:\Python36;C:\Program Files\SQLite Expert\Personal 4;C:\Python27\Scripts\;C:\Program Files\MATLAB\MATLAB Runtime\v90\bin\win64;C:\Program Files\MATLAB\MATLAB Runtime\v90\bin;D:\java\SDK\platform-tools
USERNAME=EdwardPC
OS=Windows_NT
PROCESSOR_IDENTIFIER=Intel64 Family 6 Model 60 Stepping 3, GenuineIntel



---------------  S Y S T E M  ---------------

OS: Windows 10.0 , 64 bit Build 14393 (10.0.14393.1198)

CPU:total 8 (4 cores per cpu, 2 threads per core) family 6 model 60 stepping 3, cmov, cx8, fxsr, mmx, sse, sse2, sse3, ssse3, sse4.1, sse4.2, popcnt, avx, avx2, aes, clmul, erms, lzcnt, ht, tsc, tscinvbit, bmi1, bmi2

Memory: 4k page, physical 8277272k(998584k free), swap 8277272k(5740k free)

vm_info: Java HotSpot(TM) 64-Bit Server VM (25.92-b14) for windows-amd64 JRE (1.8.0_92-b14), built on Mar 31 2016 21:03:04 by "java_re" with MS VC++ 10.0 (VS2010)

time: Fri Jun 09 11:45:16 2017
elapsed time: 1 seconds (0d 0h 0m 1s)

