#
# There is insufficient memory for the Java Runtime Environment to continue.
# Native memory allocation (malloc) failed to allocate 155216 bytes for Chunk::new
# Possible reasons:
#   The system is out of physical RAM or swap space
#   In 32 bit mode, the process size limit was hit
# Possible solutions:
#   Reduce memory load on the system
#   Increase physical memory or swap space
#   Check if swap backing store is full
#   Use 64 bit Java on a 64 bit OS
#   Decrease Java heap size (-Xmx/-Xms)
#   Decrease number of Java threads
#   Decrease Java thread stack sizes (-Xss)
#   Set larger code cache with -XX:ReservedCodeCacheSize=
# This output file may be truncated or incomplete.
#
#  Out of Memory Error (allocation.cpp:390), pid=7808, tid=0x0000000000001c1c
#
# JRE version: Java(TM) SE Runtime Environment (8.0_92-b14) (build 1.8.0_92-b14)
# Java VM: Java HotSpot(TM) 64-Bit Server VM (25.92-b14 mixed mode windows-amd64 compressed oops)
# Failed to write core dump. Minidumps are not enabled by default on client versions of Windows
#

---------------  T H R E A D  ---------------

Current thread (0x0000000015edc000):  JavaThread "C2 CompilerThread0" daemon [_thread_in_native, id=7196, stack(0x00000000185b0000,0x00000000186b0000)]

Stack: [0x00000000185b0000,0x00000000186b0000]
[error occurred during error reporting (printing stack bounds), id 0xc0000005]

Native frames: (J=compiled Java code, j=interpreted, Vv=VM code, C=native code)


Current CompileTask:
C2:   2773 1322       4       com.android.dx.ssa.SCCP::simulatePhi (169 bytes)


---------------  P R O C E S S  ---------------

Java Threads: ( => current thread )
  0x0000000018130800 JavaThread "pool-2-thread-4" [_thread_blocked, id=11052, stack(0x00000000197b0000,0x00000000198b0000)]
  0x000000001812e000 JavaThread "pool-2-thread-3" [_thread_blocked, id=21148, stack(0x00000000196b0000,0x00000000197b0000)]
  0x0000000018127800 JavaThread "pool-2-thread-2" [_thread_blocked, id=20324, stack(0x00000000195b0000,0x00000000196b0000)]
  0x00000000180ff800 JavaThread "pool-3-thread-1" [_thread_blocked, id=10636, stack(0x00000000194b0000,0x00000000195b0000)]
  0x0000000018107000 JavaThread "pool-2-thread-1" [_thread_blocked, id=16164, stack(0x00000000193b0000,0x00000000194b0000)]
  0x0000000017e4e000 JavaThread "Service Thread" daemon [_thread_blocked, id=4380, stack(0x00000000189b0000,0x0000000018ab0000)]
  0x0000000017e42000 JavaThread "C1 CompilerThread3" daemon [_thread_blocked, id=8288, stack(0x00000000188b0000,0x00000000189b0000)]
  0x0000000017e3d000 JavaThread "C2 CompilerThread2" daemon [_thread_in_native, id=16492, stack(0x00000000187b0000,0x00000000188b0000)]
  0x0000000015ede000 JavaThread "C2 CompilerThread1" daemon [_thread_in_native, id=6232, stack(0x00000000186b0000,0x00000000187b0000)]
=>0x0000000015edc000 JavaThread "C2 CompilerThread0" daemon [_thread_in_native, id=7196, stack(0x00000000185b0000,0x00000000186b0000)]
  0x0000000017dec000 JavaThread "Attach Listener" daemon [_thread_blocked, id=19784, stack(0x00000000184b0000,0x00000000185b0000)]
  0x0000000017deb000 JavaThread "Signal Dispatcher" daemon [_thread_blocked, id=20392, stack(0x00000000183b0000,0x00000000184b0000)]
  0x0000000017dd0800 JavaThread "Finalizer" daemon [_thread_blocked, id=19216, stack(0x00000000181b0000,0x00000000182b0000)]
  0x00000000033a4000 JavaThread "Reference Handler" daemon [_thread_blocked, id=19132, stack(0x0000000017cb0000,0x0000000017db0000)]
  0x00000000032b0800 JavaThread "main" [_thread_blocked, id=19548, stack(0x00000000031b0000,0x00000000032b0000)]

Other Threads:
  0x0000000015eca000 VMThread [stack: 0x0000000017bb0000,0x0000000017cb0000] [id=15504]
  0x0000000017f3f000 WatcherThread [stack: 0x0000000018ab0000,0x0000000018bb0000] [id=17384]

VM state:not at safepoint (normal execution)

VM Mutex/Monitor currently owned by a thread: None

Heap:
 PSYoungGen      total 38400K, used 15941K [0x00000000eab00000, 0x00000000ed580000, 0x0000000100000000)
  eden space 33280K, 32% used [0x00000000eab00000,0x00000000eb5971a0,0x00000000ecb80000)
  from space 5120K, 99% used [0x00000000ecb80000,0x00000000ed07a410,0x00000000ed080000)
  to   space 5120K, 0% used [0x00000000ed080000,0x00000000ed080000,0x00000000ed580000)
 ParOldGen       total 87552K, used 1983K [0x00000000c0000000, 0x00000000c5580000, 0x00000000eab00000)
  object space 87552K, 2% used [0x00000000c0000000,0x00000000c01efe18,0x00000000c5580000)
 Metaspace       used 6060K, capacity 6964K, committed 7040K, reserved 1056768K
  class space    used 598K, capacity 620K, committed 640K, reserved 1048576K

Card table byte_map: [0x0000000012770000,0x0000000012980000] byte_map_base: 0x0000000012170000

Marking Bits: (ParMarkBitMap*) 0x00000000611f64f0
 Begin Bits: [0x00000000132e0000, 0x00000000142e0000)
 End Bits:   [0x00000000142e0000, 0x00000000152e0000)

Polling page: 0x0000000001160000

CodeCache: size=245760Kb used=5669Kb max_used=5694Kb free=240090Kb
 bounds [0x00000000033b0000, 0x0000000003950000, 0x00000000123b0000]
 total_blobs=1635 nmethods=1362 adapters=184
 compilation: disabled (not enough contiguous free space left)

Compilation events (10 events):
Event: 2.628 Thread 0x0000000017e42000 1372       3       java.util.TreeMap::<init> (20 bytes)
Event: 2.629 Thread 0x0000000017e42000 nmethod 1372 0x000000000392e2d0 code [0x000000000392e440, 0x000000000392e670]
Event: 2.629 Thread 0x0000000017e42000 1373       3       java.util.concurrent.locks.AbstractOwnableSynchronizer::setExclusiveOwnerThread (6 bytes)
Event: 2.629 Thread 0x0000000017e42000 nmethod 1373 0x000000000392e750 code [0x000000000392e8a0, 0x000000000392ea10]
Event: 2.629 Thread 0x0000000017e42000 1374       3       com.android.dx.dex.file.IdItem::<init> (24 bytes)
Event: 2.629 Thread 0x0000000017e42000 nmethod 1374 0x000000000392ea90 code [0x000000000392ec20, 0x000000000392efa8]
Event: 2.663 Thread 0x0000000017e3d000 nmethod 1214 0x0000000003936e90 code [0x00000000039373c0, 0x000000000393c390]
Event: 2.663 Thread 0x0000000017e3d000 1346       4       com.android.dx.ssa.back.LivenessAnalyzer::run (231 bytes)
Event: 2.717 Thread 0x0000000017e42000 1375       3       com.android.dx.rop.code.AccessFlags::isStatic (13 bytes)
Event: 2.717 Thread 0x0000000017e42000 nmethod 1375 0x0000000003936b10 code [0x0000000003936c60, 0x0000000003936df0]

GC Heap History (2 events):
Event: 1.962 GC heap before
{Heap before GC invocations=1 (full 0):
 PSYoungGen      total 38400K, used 33280K [0x00000000eab00000, 0x00000000ed580000, 0x0000000100000000)
  eden space 33280K, 100% used [0x00000000eab00000,0x00000000ecb80000,0x00000000ecb80000)
  from space 5120K, 0% used [0x00000000ed080000,0x00000000ed080000,0x00000000ed580000)
  to   space 5120K, 0% used [0x00000000ecb80000,0x00000000ecb80000,0x00000000ed080000)
 ParOldGen       total 87552K, used 0K [0x00000000c0000000, 0x00000000c5580000, 0x00000000eab00000)
  object space 87552K, 0% used [0x00000000c0000000,0x00000000c0000000,0x00000000c5580000)
 Metaspace       used 5953K, capacity 6836K, committed 7040K, reserved 1056768K
  class space    used 598K, capacity 620K, committed 640K, reserved 1048576K
Event: 2.260 GC heap after
Heap after GC invocations=1 (full 0):
 PSYoungGen      total 38400K, used 5097K [0x00000000eab00000, 0x00000000ed580000, 0x0000000100000000)
  eden space 33280K, 0% used [0x00000000eab00000,0x00000000eab00000,0x00000000ecb80000)
  from space 5120K, 99% used [0x00000000ecb80000,0x00000000ed07a410,0x00000000ed080000)
  to   space 5120K, 0% used [0x00000000ed080000,0x00000000ed080000,0x00000000ed580000)
 ParOldGen       total 87552K, used 1983K [0x00000000c0000000, 0x00000000c5580000, 0x00000000eab00000)
  object space 87552K, 2% used [0x00000000c0000000,0x00000000c01efe18,0x00000000c5580000)
 Metaspace       used 5953K, capacity 6836K, committed 7040K, reserved 1056768K
  class space    used 598K, capacity 620K, committed 640K, reserved 1048576K
}

Deoptimization events (10 events):
Event: 1.736 Thread 0x000000001812e000 Uncommon trap: reason=class_check action=maybe_recompile pc=0x0000000003689594 method=com.android.dx.rop.type.Type.equals(Ljava/lang/Object;)Z @ 8
Event: 1.736 Thread 0x000000001812e000 Uncommon trap: reason=class_check action=maybe_recompile pc=0x0000000003689594 method=com.android.dx.rop.type.Type.equals(Ljava/lang/Object;)Z @ 8
Event: 1.736 Thread 0x000000001812e000 Uncommon trap: reason=unstable_if action=reinterpret pc=0x00000000035ca540 method=java.util.HashMap.getNode(ILjava/lang/Object;)Ljava/util/HashMap$Node; @ 62
Event: 2.332 Thread 0x0000000018107000 Uncommon trap: reason=unstable_if action=reinterpret pc=0x00000000036c6e3c method=com.android.dx.util.IntList.binarysearch(I)I @ 105
Event: 2.489 Thread 0x00000000032b0800 Uncommon trap: reason=bimorphic action=maybe_recompile pc=0x00000000037e1c3c method=com.android.dx.cf.code.BytecodeArray.parseInstruction(ILcom/android/dx/cf/code/BytecodeArray$Visitor;)I @ 2281
Event: 2.489 Thread 0x00000000032b0800 Uncommon trap: reason=bimorphic action=maybe_recompile pc=0x00000000037e1c3c method=com.android.dx.cf.code.BytecodeArray.parseInstruction(ILcom/android/dx/cf/code/BytecodeArray$Visitor;)I @ 2281
Event: 2.492 Thread 0x00000000032b0800 Uncommon trap: reason=bimorphic action=maybe_recompile pc=0x00000000037e1c3c method=com.android.dx.cf.code.BytecodeArray.parseInstruction(ILcom/android/dx/cf/code/BytecodeArray$Visitor;)I @ 2281
Event: 2.492 Thread 0x00000000032b0800 Uncommon trap: reason=bimorphic action=maybe_recompile pc=0x00000000037e1c3c method=com.android.dx.cf.code.BytecodeArray.parseInstruction(ILcom/android/dx/cf/code/BytecodeArray$Visitor;)I @ 2281
Event: 2.507 Thread 0x00000000032b0800 Uncommon trap: reason=unstable_if action=reinterpret pc=0x00000000038f213c method=com.android.dx.rop.code.RegisterSpec.equals(ILcom/android/dx/rop/type/TypeBearer;Lcom/android/dx/rop/code/LocalItem;)Z @ 42
Event: 2.516 Thread 0x00000000032b0800 Uncommon trap: reason=unstable_if action=reinterpret pc=0x00000000036930fc method=com.android.dx.rop.code.RegisterSpec.equals(ILcom/android/dx/rop/type/TypeBearer;Lcom/android/dx/rop/code/LocalItem;)Z @ 42

Internal exceptions (3 events):
Event: 0.169 Thread 0x00000000032b0800 Exception <a 'java/lang/NoSuchMethodError': Method sun.misc.Unsafe.defineClass(Ljava/lang/String;[BII)Ljava/lang/Class; name or signature does not match> (0x00000000eab07cc0) thrown at [D:\re\workspace\8-2-build-windows-amd64-cygwin\jdk8u92\6642\hotspot\sr,mÀc¨Å?
Event: 0.169 Thread 0x00000000032b0800 Exception <a 'java/lang/NoSuchMethodError': Method sun.misc.Unsafe.prefetchRead(Ljava/lang/Object;J)V name or signature does not match> (0x00000000eab07fa8) thrown at [D:\re\workspace\8-2-build-windows-amd64-cygwin\jdk8u92\6642\hotspot\src\share\vm\prims\jæŽd'­#ú?
Event: 1.634 Thread 0x0000000018107000 Implicit null exception at 0x00000000036a1108 to 0x00000000036a2d4d

Events (10 events):
Event: 2.492 Thread 0x00000000032b0800 DEOPT UNPACKING pc=0x00000000033f582a sp=0x00000000032ae040 mode 2
Event: 2.492 Thread 0x00000000032b0800 Uncommon trap: trap_request=0xffffffc6 fr.pc=0x00000000037e1c3c
Event: 2.492 Thread 0x00000000032b0800 DEOPT PACKING pc=0x00000000037e1c3c sp=0x00000000032ae0b0
Event: 2.492 Thread 0x00000000032b0800 DEOPT UNPACKING pc=0x00000000033f582a sp=0x00000000032ae040 mode 2
Event: 2.507 Thread 0x00000000032b0800 Uncommon trap: trap_request=0xffffff65 fr.pc=0x00000000038f213c
Event: 2.507 Thread 0x00000000032b0800 DEOPT PACKING pc=0x00000000038f213c sp=0x00000000032ae3e0
Event: 2.507 Thread 0x00000000032b0800 DEOPT UNPACKING pc=0x00000000033f582a sp=0x00000000032ae2e8 mode 2
Event: 2.516 Thread 0x00000000032b0800 Uncommon trap: trap_request=0xffffff65 fr.pc=0x00000000036930fc
Event: 2.516 Thread 0x00000000032b0800 DEOPT PACKING pc=0x00000000036930fc sp=0x00000000032ae250
Event: 2.516 Thread 0x00000000032b0800 DEOPT UNPACKING pc=0x00000000033f582a sp=0x00000000032ae1d8 mode 2


Dynamic libraries:
0x00007ff76ba40000 - 0x00007ff76ba77000 	D:\java\JDK\bin\java.exe
0x00007ffb927a0000 - 0x00007ffb92971000 	C:\WINDOWS\SYSTEM32\ntdll.dll
0x00007ffb8fdf0000 - 0x00007ffb8fe9c000 	C:\WINDOWS\System32\KERNEL32.DLL
0x00007ffb8f800000 - 0x00007ffb8fa1d000 	C:\WINDOWS\System32\KERNELBASE.dll
0x00007ffb90d40000 - 0x00007ffb90de2000 	C:\WINDOWS\System32\ADVAPI32.dll
0x00007ffb90550000 - 0x00007ffb905ee000 	C:\WINDOWS\System32\msvcrt.dll
0x00007ffb90ff0000 - 0x00007ffb91049000 	C:\WINDOWS\System32\sechost.dll
0x00007ffb90ab0000 - 0x00007ffb90bd1000 	C:\WINDOWS\System32\RPCRT4.dll
0x00007ffb90e80000 - 0x00007ffb90fe5000 	C:\WINDOWS\System32\USER32.dll
0x00007ffb8fca0000 - 0x00007ffb8fcbe000 	C:\WINDOWS\System32\win32u.dll
0x00007ffb8fea0000 - 0x00007ffb8fed4000 	C:\WINDOWS\System32\GDI32.dll
0x00007ffb8ec90000 - 0x00007ffb8ee12000 	C:\WINDOWS\System32\gdi32full.dll
0x00007ffb7d960000 - 0x00007ffb7dbda000 	C:\WINDOWS\WinSxS\amd64_microsoft.windows.common-controls_6595b64144ccf1df_6.0.14393.953_none_42151e83c686086b\COMCTL32.dll
0x00007ffb90760000 - 0x00007ffb90a28000 	C:\WINDOWS\System32\combase.dll
0x00007ffb8f500000 - 0x00007ffb8f5f5000 	C:\WINDOWS\System32\ucrtbase.dll
0x00007ffb8fcc0000 - 0x00007ffb8fd2a000 	C:\WINDOWS\System32\bcryptPrimitives.dll
0x00007ffb8fee0000 - 0x00007ffb8ff0e000 	C:\WINDOWS\System32\IMM32.DLL
0x0000000061280000 - 0x0000000061352000 	D:\java\JDK\jre\bin\msvcr100.dll
0x00000000609e0000 - 0x0000000061276000 	D:\java\JDK\jre\bin\server\jvm.dll
0x00007ffb90a40000 - 0x00007ffb90a48000 	C:\WINDOWS\System32\PSAPI.DLL
0x00007ffb82250000 - 0x00007ffb82259000 	C:\WINDOWS\SYSTEM32\WSOCK32.dll
0x00007ffb90690000 - 0x00007ffb906fa000 	C:\WINDOWS\System32\WS2_32.dll
0x00007ffb8cc40000 - 0x00007ffb8cc63000 	C:\WINDOWS\SYSTEM32\WINMM.dll
0x00007ffb83410000 - 0x00007ffb8341a000 	C:\WINDOWS\SYSTEM32\VERSION.dll
0x00007ffb8cba0000 - 0x00007ffb8cbcb000 	C:\WINDOWS\SYSTEM32\WINMMBASE.dll
0x00007ffb8f660000 - 0x00007ffb8f6a2000 	C:\WINDOWS\System32\cfgmgr32.dll
0x00000000609d0000 - 0x00000000609df000 	D:\java\JDK\jre\bin\verify.dll
0x00000000609a0000 - 0x00000000609c9000 	D:\java\JDK\jre\bin\java.dll
0x0000000060980000 - 0x0000000060996000 	D:\java\JDK\jre\bin\zip.dll
0x00007ffb91150000 - 0x00007ffb92658000 	C:\WINDOWS\System32\SHELL32.dll
0x00007ffb8ee20000 - 0x00007ffb8f4fa000 	C:\WINDOWS\System32\windows.storage.dll
0x00007ffb8ec20000 - 0x00007ffb8ec6c000 	C:\WINDOWS\System32\powrprof.dll
0x00007ffb90a50000 - 0x00007ffb90aa2000 	C:\WINDOWS\System32\shlwapi.dll
0x00007ffb8ec70000 - 0x00007ffb8ec7f000 	C:\WINDOWS\System32\kernel.appcore.dll
0x00007ffb8fbf0000 - 0x00007ffb8fc99000 	C:\WINDOWS\System32\shcore.dll
0x00007ffb8ec00000 - 0x00007ffb8ec14000 	C:\WINDOWS\System32\profapi.dll

VM Arguments:
jvm_args: -Djava.awt.headless=true -Xmx1024M -Dfile.encoding=GBK -Duser.country=CN -Duser.language=zh -Duser.variant 
java_command: com.android.dx.command.Main --dex --num-threads=4 --multi-dex --output G:\nav\Navigation\app\build\intermediates\transforms\dex\debug\folders\1000\2\fastjson-1.2.2_01050640418699c2bae423f552ff7a385fc379cf G:\nav\Navigation\app\libs\fastjson-1.2.2.jar
java_class_path (initial): D:\java\SDK\build-tools\25.0.3\lib\dx.jar
Launcher Type: SUN_STANDARD

Environment Variables:
JAVA_HOME=D:\java\JDK
PATH=C:\ProgramData\Oracle\Java\javapath;C:\Program Files (x86)\Tesseract-OCR;C:\Python27\Scripts\;C:\WINDOWS\system32;C:\WINDOWS;C:\WINDOWS\System32\Wbem;C:\WINDOWS\System32\WindowsPowerShell\v1.0\;C:\Program Files\Microsoft SQL Server\110\Tools\Binn\;C:\Program Files\Microsoft SQL Server\120\Tools\Binn\;C:\WINDOWS\system32\config\systemprofile\.dnx\bin;C:\Program Files\Microsoft DNX\Dnvm\;C:\Program Files (x86)\Windows Kits\10\Windows Performance Toolkit\;C:\Python27;D:\Git\bin;C:\Program Files\MATLAB\MATLAB Runtime\v90\bin;C:\Program Files\MATLAB\MATLAB Runtime\v90\runtime\win64;D:\java\JDK\bin;D:\java\JRE\bin;C:\Program Files (x86)\IDM Computer Solutions\UltraEdit;D:\java\SDK\platform-tools;C:\Users\EdwardPC\AppData\Local\Microsoft\WindowsApps;C:\Users\EdwardPC\AppData\Roaming\npm;C:\Python27;C:\Python36;C:\Program Files\SQLite Expert\Personal 4;C:\Python27\Scripts\;C:\Program Files\MATLAB\MATLAB Runtime\v90\bin\win64;C:\Program Files\MATLAB\MATLAB Runtime\v90\bin;D:\java\SDK\platform-tools
USERNAME=EdwardPC
OS=Windows_NT
PROCESSOR_IDENTIFIER=Intel64 Family 6 Model 60 Stepping 3, GenuineIntel



---------------  S Y S T E M  ---------------

OS: Windows 10.0 , 64 bit Build 14393 (10.0.14393.1198)

CPU:total 8 (4 cores per cpu, 2 threads per core) family 6 model 60 stepping 3, cmov, cx8, fxsr, mmx, sse, sse2, sse3, ssse3, sse4.1, sse4.2, popcnt, avx, avx2, aes, clmul, erms, lzcnt, ht, tsc, tscinvbit, bmi1, bmi2

Memory: 4k page, physical 8277272k(1914628k free), swap 8277272k(5156k free)

vm_info: Java HotSpot(TM) 64-Bit Server VM (25.92-b14) for windows-amd64 JRE (1.8.0_92-b14), built on Mar 31 2016 21:03:04 by "java_re" with MS VC++ 10.0 (VS2010)

time: Thu Jun 15 11:21:50 2017
elapsed time: 2 seconds (0d 0h 0m 2s)

