#
# There is insufficient memory for the Java Runtime Environment to continue.
# Native memory allocation (malloc) failed to allocate 32744 bytes for ChunkPool::allocate
# Possible reasons:
#   The system is out of physical RAM or swap space
#   In 32 bit mode, the process size limit was hit
# Possible solutions:
#   Reduce memory load on the system
#   Increase physical memory or swap space
#   Check if swap backing store is full
#   Use 64 bit Java on a 64 bit OS
#   Decrease Java heap size (-Xmx/-Xms)
#   Decrease number of Java threads
#   Decrease Java thread stack sizes (-Xss)
#   Set larger code cache with -XX:ReservedCodeCacheSize=
# This output file may be truncated or incomplete.
#
#  Out of Memory Error (allocation.cpp:273), pid=3668, tid=0x0000000000003a24
#
# JRE version: Java(TM) SE Runtime Environment (8.0_92-b14) (build 1.8.0_92-b14)
# Java VM: Java HotSpot(TM) 64-Bit Server VM (25.92-b14 mixed mode windows-amd64 compressed oops)
# Failed to write core dump. Minidumps are not enabled by default on client versions of Windows
#

---------------  T H R E A D  ---------------

Current thread (0x00000000179e2800):  JavaThread "C1 CompilerThread3" daemon [_thread_in_native, id=14884, stack(0x0000000018350000,0x0000000018450000)]

Stack: [0x0000000018350000,0x0000000018450000]
[error occurred during error reporting (printing stack bounds), id 0xc0000005]

Native frames: (J=compiled Java code, j=interpreted, Vv=VM code, C=native code)


Current CompileTask:
C1:   3194  540   !   3       com.android.dx.cf.code.BytecodeArray::parseInstruction (2764 bytes)


---------------  P R O C E S S  ---------------

Java Threads: ( => current thread )
  0x0000000017ca8800 JavaThread "pool-1-thread-4" [_thread_in_Java, id=7120, stack(0x0000000018a50000,0x0000000018b50000)]
  0x0000000017c9b800 JavaThread "pool-2-thread-1" [_thread_blocked, id=13828, stack(0x0000000018750000,0x0000000018850000)]
  0x0000000017c95800 JavaThread "pool-1-thread-1" [_thread_in_Java, id=10696, stack(0x0000000018650000,0x0000000018750000)]
  0x00000000179ee800 JavaThread "Service Thread" daemon [_thread_blocked, id=14780, stack(0x0000000018450000,0x0000000018550000)]
=>0x00000000179e2800 JavaThread "C1 CompilerThread3" daemon [_thread_in_native, id=14884, stack(0x0000000018350000,0x0000000018450000)]
  0x00000000179dc800 JavaThread "C2 CompilerThread2" daemon [_thread_blocked, id=14648, stack(0x0000000018250000,0x0000000018350000)]
  0x00000000179d8800 JavaThread "C2 CompilerThread1" daemon [_thread_blocked, id=15248, stack(0x0000000018150000,0x0000000018250000)]
  0x00000000179d6000 JavaThread "C2 CompilerThread0" daemon [_thread_blocked, id=4860, stack(0x0000000018050000,0x0000000018150000)]
  0x00000000179d4000 JavaThread "Attach Listener" daemon [_thread_blocked, id=12448, stack(0x0000000017f50000,0x0000000018050000)]
  0x00000000179d3800 JavaThread "Signal Dispatcher" daemon [_thread_blocked, id=5248, stack(0x0000000017e50000,0x0000000017f50000)]
  0x0000000002f39000 JavaThread "Finalizer" daemon [_thread_blocked, id=11684, stack(0x0000000017d50000,0x0000000017e50000)]
  0x0000000015a5d800 JavaThread "Reference Handler" daemon [_thread_blocked, id=14112, stack(0x0000000017850000,0x0000000017950000)]
  0x00000000009ed800 JavaThread "main" [_thread_blocked, id=12168, stack(0x0000000002c40000,0x0000000002d40000)]

Other Threads:
  0x0000000015a59000 VMThread [stack: 0x0000000017750000,0x0000000017850000] [id=15140]
  0x0000000017a52000 WatcherThread [stack: 0x0000000018550000,0x0000000018650000] [id=10892]

VM state:not at safepoint (normal execution)

VM Mutex/Monitor currently owned by a thread: None

Heap:
 PSYoungGen      total 38400K, used 11983K [0x00000000eab00000, 0x00000000ed580000, 0x0000000100000000)
  eden space 33280K, 36% used [0x00000000eab00000,0x00000000eb6b3f70,0x00000000ecb80000)
  from space 5120K, 0% used [0x00000000ed080000,0x00000000ed080000,0x00000000ed580000)
  to   space 5120K, 0% used [0x00000000ecb80000,0x00000000ecb80000,0x00000000ed080000)
 ParOldGen       total 87552K, used 0K [0x00000000c0000000, 0x00000000c5580000, 0x00000000eab00000)
  object space 87552K, 0% used [0x00000000c0000000,0x00000000c0000000,0x00000000c5580000)
 Metaspace       used 5544K, capacity 6516K, committed 6784K, reserved 1056768K
  class space    used 602K, capacity 620K, committed 640K, reserved 1048576K

Card table byte_map: [0x0000000012300000,0x0000000012510000] byte_map_base: 0x0000000011d00000

Marking Bits: (ParMarkBitMap*) 0x00000000701464f0
 Begin Bits: [0x0000000012e70000, 0x0000000013e70000)
 End Bits:   [0x0000000013e70000, 0x0000000014e70000)

Polling page: 0x0000000000d20000

CodeCache: size=245760Kb used=2138Kb max_used=2149Kb free=243621Kb
 bounds [0x0000000002f40000, 0x00000000031b0000, 0x0000000011f40000]
 total_blobs=818 nmethods=547 adapters=184
 compilation: enabled

Compilation events (10 events):
Event: 3.173 Thread 0x00000000179e2800 nmethod 544 0x0000000003156810 code [0x00000000031569a0, 0x0000000003156cf8]
Event: 3.173 Thread 0x00000000179e2800  550       3       com.android.dx.ssa.NormalSsaInsn::<init> (15 bytes)
Event: 3.174 Thread 0x00000000179e2800 nmethod 550 0x0000000003156ed0 code [0x0000000003157060, 0x0000000003157468]
Event: 3.174 Thread 0x00000000179e2800  546       3       com.android.dx.rop.type.Type::getBasicFrameType (60 bytes)
Event: 3.174 Thread 0x00000000179e2800 nmethod 546 0x0000000003157610 code [0x0000000003157760, 0x00000000031578f0]
Event: 3.174 Thread 0x00000000179e2800  552       3       com.android.dx.cf.code.ByteOps::opInfo (6 bytes)
Event: 3.174 Thread 0x00000000179e2800 nmethod 552 0x0000000003157990 code [0x0000000003157ae0, 0x0000000003157c30]
Event: 3.174 Thread 0x00000000179e2800  540   !   3       com.android.dx.cf.code.BytecodeArray::parseInstruction (2764 bytes)
Event: 3.184 Thread 0x00000000179d6000  555       4       java.lang.Long::bitCount (61 bytes)
Event: 3.185 Thread 0x00000000179d6000 nmethod 555 0x0000000003127590 code [0x00000000031276c0, 0x0000000003127778]

GC Heap History (0 events):
No events

Deoptimization events (1 events):
Event: 3.165 Thread 0x0000000017c95800 Uncommon trap: reason=unstable_if action=reinterpret pc=0x000000000312a9c0 method=java.util.HashMap.getNode(ILjava/lang/Object;)Ljava/util/HashMap$Node; @ 62

Internal exceptions (2 events):
Event: 0.401 Thread 0x00000000009ed800 Exception <a 'java/lang/NoSuchMethodError': Method sun.misc.Unsafe.defineClass(Ljava/lang/String;[BII)Ljava/lang/Class; name or signature does not match> (0x00000000eab07cc0) thrown at [D:\re\workspace\8-2-build-windows-amd64-cygwin\jdk8u92\6642\hotspot\srÿNÊqÎ²Ù?
Event: 0.402 Thread 0x00000000009ed800 Exception <a 'java/lang/NoSuchMethodError': Method sun.misc.Unsafe.prefetchRead(Ljava/lang/Object;J)V name or signature does not match> (0x00000000eab07fa8) thrown at [D:\re\workspace\8-2-build-windows-amd64-cygwin\jdk8u92\6642\hotspot\src\share\vm\prims\j

Events (10 events):
Event: 3.121 Thread 0x0000000017ca7800 Thread exited: 0x0000000017ca7800
Event: 3.162 loading class com/android/dx/cf/code/Ropper$ExceptionHandlerSetup
Event: 3.162 loading class com/android/dx/cf/code/Ropper$ExceptionHandlerSetup done
Event: 3.165 Thread 0x0000000017c95800 Uncommon trap: trap_request=0xffffff65 fr.pc=0x000000000312a9c0
Event: 3.165 Thread 0x0000000017c95800 DEOPT PACKING pc=0x000000000312a9c0 sp=0x000000001874e590
Event: 3.166 Thread 0x0000000017c95800 DEOPT UNPACKING pc=0x0000000002f8582a sp=0x000000001874e508 mode 2
Event: 3.167 loading class java/util/HashMap$Values
Event: 3.167 loading class java/util/HashMap$Values done
Event: 3.167 loading class java/util/HashMap$ValueIterator
Event: 3.167 loading class java/util/HashMap$ValueIterator done


Dynamic libraries:
0x00007ff740de0000 - 0x00007ff740e17000 	D:\java\JDK\bin\java.exe
0x00007ffb53020000 - 0x00007ffb531f1000 	C:\WINDOWS\SYSTEM32\ntdll.dll
0x00007ffb529b0000 - 0x00007ffb52a5b000 	C:\WINDOWS\System32\KERNEL32.DLL
0x00007ffb50200000 - 0x00007ffb5041d000 	C:\WINDOWS\System32\KERNELBASE.dll
0x00007ffb52d70000 - 0x00007ffb52e12000 	C:\WINDOWS\System32\ADVAPI32.dll
0x00007ffb52ac0000 - 0x00007ffb52b5e000 	C:\WINDOWS\System32\msvcrt.dll
0x00007ffb52510000 - 0x00007ffb52569000 	C:\WINDOWS\System32\sechost.dll
0x00007ffb52e30000 - 0x00007ffb52f51000 	C:\WINDOWS\System32\RPCRT4.dll
0x00007ffb52840000 - 0x00007ffb529a5000 	C:\WINDOWS\System32\USER32.dll
0x00007ffb4f790000 - 0x00007ffb4f7ae000 	C:\WINDOWS\System32\win32u.dll
0x00007ffb509f0000 - 0x00007ffb50a24000 	C:\WINDOWS\System32\GDI32.dll
0x00007ffb50420000 - 0x00007ffb505a2000 	C:\WINDOWS\System32\gdi32full.dll
0x00007ffb49790000 - 0x00007ffb49a09000 	C:\WINDOWS\WinSxS\amd64_microsoft.windows.common-controls_6595b64144ccf1df_6.0.14393.447_none_42191651c6827bb3\COMCTL32.dll
0x00007ffb52570000 - 0x00007ffb52838000 	C:\WINDOWS\System32\combase.dll
0x00007ffb4f690000 - 0x00007ffb4f785000 	C:\WINDOWS\System32\ucrtbase.dll
0x00007ffb4f570000 - 0x00007ffb4f5da000 	C:\WINDOWS\System32\bcryptPrimitives.dll
0x00007ffb52420000 - 0x00007ffb5244e000 	C:\WINDOWS\System32\IMM32.DLL
0x000000006ee80000 - 0x000000006ef52000 	D:\java\JDK\jre\bin\msvcr100.dll
0x000000006f930000 - 0x00000000701c6000 	D:\java\JDK\jre\bin\server\jvm.dll
0x00007ffb509e0000 - 0x00007ffb509e8000 	C:\WINDOWS\System32\PSAPI.DLL
0x00007ffb476f0000 - 0x00007ffb476f9000 	C:\WINDOWS\SYSTEM32\WSOCK32.dll
0x00007ffb50aa0000 - 0x00007ffb50b0a000 	C:\WINDOWS\System32\WS2_32.dll
0x00007ffb4d7b0000 - 0x00007ffb4d7d3000 	C:\WINDOWS\SYSTEM32\WINMM.dll
0x00007ffb4b190000 - 0x00007ffb4b19a000 	C:\WINDOWS\SYSTEM32\VERSION.dll
0x00007ffb4d770000 - 0x00007ffb4d79b000 	C:\WINDOWS\SYSTEM32\WINMMBASE.dll
0x00007ffb4fad0000 - 0x00007ffb4fb12000 	C:\WINDOWS\System32\cfgmgr32.dll
0x000000006f920000 - 0x000000006f92f000 	D:\java\JDK\jre\bin\verify.dll
0x000000006f8f0000 - 0x000000006f919000 	D:\java\JDK\jre\bin\java.dll
0x000000006f8d0000 - 0x000000006f8e6000 	D:\java\JDK\jre\bin\zip.dll
0x00007ffb50c10000 - 0x00007ffb52119000 	C:\WINDOWS\System32\SHELL32.dll
0x00007ffb4fb20000 - 0x00007ffb501fa000 	C:\WINDOWS\System32\windows.storage.dll
0x00007ffb4f4b0000 - 0x00007ffb4f4fc000 	C:\WINDOWS\System32\powrprof.dll
0x00007ffb524b0000 - 0x00007ffb52502000 	C:\WINDOWS\System32\shlwapi.dll
0x00007ffb4f500000 - 0x00007ffb4f50f000 	C:\WINDOWS\System32\kernel.appcore.dll
0x00007ffb4f980000 - 0x00007ffb4fa29000 	C:\WINDOWS\System32\shcore.dll
0x00007ffb4f490000 - 0x00007ffb4f4a4000 	C:\WINDOWS\System32\profapi.dll

VM Arguments:
jvm_args: -Djava.awt.headless=true -Xmx1024M -Dfile.encoding=GBK -Duser.country=CN -Duser.language=zh -Duser.variant 
java_command: com.android.dx.command.Main --dex --num-threads=4 --output G:\nav\Navigation\app\build\intermediates\pre-dexed\debug\com.android.support-animated-vector-drawable-24.1.1_2be66ce25a4e5093a4ef4a758c226a9288942a26.jar G:\nav\Navigation\app\build\intermediates\exploded-aar\com.android.support\animated-vector-drawable\24.1.1\jars\classes.jar
java_class_path (initial): D:\java\SDK\build-tools\23.0.3\lib\dx.jar
Launcher Type: SUN_STANDARD

Environment Variables:
JAVA_HOME=D:\java\JDK
PATH=C:\Python34\;C:\Python34\Scripts;D:\perl\site\bin;D:\perl\bin;C:\ProgramData\Oracle\Java\javapath;C:\Program Files (x86)\NVIDIA Corporation\PhysX\Common;C:\Program Files (x86)\Intel\iCLS Client\;C:\Program Files\Intel\iCLS Client\;C:\Windows\system32;C:\Windows;C:\Windows\System32\Wbem;C:\Windows\System32\WindowsPowerShell\v1.0\;C:\Program Files (x86)\Acer\abFiles\;C:\Program Files\Intel\Intel(R) Management Engine Components\DAL;C:\Program Files\Intel\Intel(R) Management Engine Components\IPT;C:\Program Files (x86)\Intel\Intel(R) Management Engine Components\DAL;C:\Program Files (x86)\Intel\Intel(R) Management Engine Components\IPT;D:\java\JDK\bin;C:\WINDOWS\system32;C:\WINDOWS;C:\WINDOWS\System32\Wbem;C:\WINDOWS\System32\WindowsPowerShell\v1.0\;C:\WINDOWS\system32\config\systemprofile\.dnx\bin;C:\Program Files\Microsoft DNX\Dnvm\;C:\Program Files\Microsoft SQL Server\120\Tools\Binn\;C:\Program Files\Microsoft SQL Server\130\Tools\Binn\;C:\Program Files (x86)\nodejs\;C:\Program Files (x86)\Windows Kits\10\Windows Performance Toolkit\;D:\Git\cmd;D:\matlab2\runtime\win64;D:\matlab2\bin;D:\matlab\runtime\win64;D:\matlab\bin;D:\matlab\polyspace\bin;C:\Python27;C:\Program Files\MySQL\MySQL Utilities 1.6\;C:\Program Files\MySQL\MySQL Server 5.7\bin;C:\Users\EdwardPC\AppData\Local\Microsoft\WindowsApps;C:\Users\EdwardPC\AppData\Roaming\npm;C:\Python27
USERNAME=EdwardPC
OS=Windows_NT
PROCESSOR_IDENTIFIER=Intel64 Family 6 Model 60 Stepping 3, GenuineIntel



---------------  S Y S T E M  ---------------

OS: Windows 10.0 , 64 bit Build 14393 (10.0.14393.0)

CPU:total 8 (4 cores per cpu, 2 threads per core) family 6 model 60 stepping 3, cmov, cx8, fxsr, mmx, sse, sse2, sse3, ssse3, sse4.1, sse4.2, popcnt, avx, avx2, aes, clmul, erms, lzcnt, ht, tsc, tscinvbit, bmi1, bmi2

Memory: 4k page, physical 8277272k(1185432k free), swap 8277272k(4084k free)

vm_info: Java HotSpot(TM) 64-Bit Server VM (25.92-b14) for windows-amd64 JRE (1.8.0_92-b14), built on Mar 31 2016 21:03:04 by "java_re" with MS VC++ 10.0 (VS2010)

time: Sat Dec 17 19:26:57 2016
elapsed time: 3 seconds (0d 0h 0m 3s)

