#
# There is insufficient memory for the Java Runtime Environment to continue.
# Native memory allocation (malloc) failed to allocate 613456 bytes for Chunk::new
# Possible reasons:
#   The system is out of physical RAM or swap space
#   In 32 bit mode, the process size limit was hit
# Possible solutions:
#   Reduce memory load on the system
#   Increase physical memory or swap space
#   Check if swap backing store is full
#   Use 64 bit Java on a 64 bit OS
#   Decrease Java heap size (-Xmx/-Xms)
#   Decrease number of Java threads
#   Decrease Java thread stack sizes (-Xss)
#   Set larger code cache with -XX:ReservedCodeCacheSize=
# This output file may be truncated or incomplete.
#
#  Out of Memory Error (allocation.cpp:390), pid=7612, tid=0x0000000000000f6c
#
# JRE version: Java(TM) SE Runtime Environment (8.0_92-b14) (build 1.8.0_92-b14)
# Java VM: Java HotSpot(TM) 64-Bit Server VM (25.92-b14 mixed mode windows-amd64 compressed oops)
# Failed to write core dump. Minidumps are not enabled by default on client versions of Windows
#

---------------  T H R E A D  ---------------

Current thread (0x0000000017d3d000):  JavaThread "C2 CompilerThread2" daemon [_thread_in_native, id=3948, stack(0x00000000185b0000,0x00000000186b0000)]

Stack: [0x00000000185b0000,0x00000000186b0000]
[error occurred during error reporting (printing stack bounds), id 0xc0000005]

Native frames: (J=compiled Java code, j=interpreted, Vv=VM code, C=native code)


Current CompileTask:
C2:   5841 1311       4       com.android.dx.dex.code.RopToDop::dopFor (792 bytes)


---------------  P R O C E S S  ---------------

Java Threads: ( => current thread )
  0x0000000018091800 JavaThread "pool-2-thread-4" [_thread_in_Java, id=20740, stack(0x00000000195b0000,0x00000000196b0000)]
  0x000000001807b000 JavaThread "pool-2-thread-3" [_thread_in_Java, id=18848, stack(0x00000000194b0000,0x00000000195b0000)]
  0x000000001807a000 JavaThread "pool-2-thread-2" [_thread_in_Java, id=12392, stack(0x00000000193b0000,0x00000000194b0000)]
  0x0000000018079800 JavaThread "pool-3-thread-1" [_thread_blocked, id=2132, stack(0x00000000192b0000,0x00000000193b0000)]
  0x0000000018079000 JavaThread "pool-2-thread-1" [_thread_in_Java, id=20244, stack(0x00000000191b0000,0x00000000192b0000)]
  0x0000000017de3000 JavaThread "Service Thread" daemon [_thread_blocked, id=11292, stack(0x00000000187b0000,0x00000000188b0000)]
  0x0000000017d52800 JavaThread "C1 CompilerThread3" daemon [_thread_in_native, id=4548, stack(0x00000000186b0000,0x00000000187b0000)]
=>0x0000000017d3d000 JavaThread "C2 CompilerThread2" daemon [_thread_in_native, id=3948, stack(0x00000000185b0000,0x00000000186b0000)]
  0x0000000017d39000 JavaThread "C2 CompilerThread1" daemon [_thread_in_native, id=10840, stack(0x00000000184b0000,0x00000000185b0000)]
  0x0000000017d37000 JavaThread "C2 CompilerThread0" daemon [_thread_in_native, id=20040, stack(0x00000000183b0000,0x00000000184b0000)]
  0x0000000017d34000 JavaThread "Attach Listener" daemon [_thread_blocked, id=17512, stack(0x00000000182b0000,0x00000000183b0000)]
  0x0000000017d33000 JavaThread "Signal Dispatcher" daemon [_thread_blocked, id=14856, stack(0x00000000181b0000,0x00000000182b0000)]
  0x00000000032a9000 JavaThread "Finalizer" daemon [_thread_blocked, id=15164, stack(0x00000000180b0000,0x00000000181b0000)]
  0x0000000015dcd800 JavaThread "Reference Handler" daemon [_thread_blocked, id=18600, stack(0x0000000017bb0000,0x0000000017cb0000)]
  0x00000000031b0800 JavaThread "main" [_thread_in_Java, id=15868, stack(0x0000000002ff0000,0x00000000030f0000)]

Other Threads:
  0x0000000015dc8800 VMThread [stack: 0x0000000017ab0000,0x0000000017bb0000] [id=20164]
  0x0000000017e2c800 WatcherThread [stack: 0x00000000188b0000,0x00000000189b0000] [id=18108]

VM state:not at safepoint (normal execution)

VM Mutex/Monitor currently owned by a thread: None

Heap:
 PSYoungGen      total 38400K, used 31442K [0x00000000eab00000, 0x00000000ef600000, 0x0000000100000000)
  eden space 33280K, 79% used [0x00000000eab00000,0x00000000ec4bb518,0x00000000ecb80000)
  from space 5120K, 99% used [0x00000000ecb80000,0x00000000ed079448,0x00000000ed080000)
  to   space 5120K, 0% used [0x00000000ef100000,0x00000000ef100000,0x00000000ef600000)
 ParOldGen       total 87552K, used 1513K [0x00000000c0000000, 0x00000000c5580000, 0x00000000eab00000)
  object space 87552K, 1% used [0x00000000c0000000,0x00000000c017a5b0,0x00000000c5580000)
 Metaspace       used 6060K, capacity 6900K, committed 7040K, reserved 1056768K
  class space    used 596K, capacity 620K, committed 640K, reserved 1048576K

Card table byte_map: [0x0000000012670000,0x0000000012880000] byte_map_base: 0x0000000012070000

Marking Bits: (ParMarkBitMap*) 0x00000000611f64f0
 Begin Bits: [0x00000000131e0000, 0x00000000141e0000)
 End Bits:   [0x00000000141e0000, 0x00000000151e0000)

Polling page: 0x0000000001670000

CodeCache: size=245760Kb used=5408Kb max_used=5408Kb free=240351Kb
 bounds [0x00000000032b0000, 0x0000000003800000, 0x00000000122b0000]
 total_blobs=1619 nmethods=1349 adapters=183
 compilation: enabled

Compilation events (10 events):
Event: 5.833 Thread 0x0000000017d39000 nmethod 1370 0x00000000037b6050 code [0x00000000037b61a0, 0x00000000037b62d8]
Event: 5.833 Thread 0x0000000017d39000 1365       4       com.android.dx.rop.code.ThrowingCstInsn::accept (8 bytes)
Event: 5.834 Thread 0x0000000017d39000 nmethod 1365 0x00000000037b1250 code [0x00000000037b1380, 0x00000000037b13f8]
Event: 5.834 Thread 0x0000000017d39000 1323       4       com.android.dx.ssa.SsaBasicBlock::<init> (109 bytes)
Event: 5.835 Thread 0x0000000017d52800 nmethod 1357 0x00000000037e5950 code [0x00000000037e6880, 0x00000000037ecda8]
Event: 5.835 Thread 0x0000000017d52800 1358   !   3       com.android.dx.cf.code.Merger::mergeStack (192 bytes)
Event: 5.837 Thread 0x0000000017d52800 nmethod 1358 0x00000000037e0d10 code [0x00000000037e10a0, 0x00000000037e3098]
Event: 5.837 Thread 0x0000000017d52800 1356       2       com.android.dx.cf.code.ByteOps::opInfo (6 bytes)
Event: 5.837 Thread 0x0000000017d52800 nmethod 1356 0x00000000037f8d50 code [0x00000000037f8ea0, 0x00000000037f8ff0]
Event: 5.837 Thread 0x0000000017d52800 1360       3       com.android.dx.cf.code.ByteCatchList$Item::getExceptionClass (18 bytes)

GC Heap History (2 events):
Event: 5.355 GC heap before
{Heap before GC invocations=1 (full 0):
 PSYoungGen      total 38400K, used 33280K [0x00000000eab00000, 0x00000000ed580000, 0x0000000100000000)
  eden space 33280K, 100% used [0x00000000eab00000,0x00000000ecb80000,0x00000000ecb80000)
  from space 5120K, 0% used [0x00000000ed080000,0x00000000ed080000,0x00000000ed580000)
  to   space 5120K, 0% used [0x00000000ecb80000,0x00000000ecb80000,0x00000000ed080000)
 ParOldGen       total 87552K, used 0K [0x00000000c0000000, 0x00000000c5580000, 0x00000000eab00000)
  object space 87552K, 0% used [0x00000000c0000000,0x00000000c0000000,0x00000000c5580000)
 Metaspace       used 5889K, capacity 6772K, committed 7040K, reserved 1056768K
  class space    used 594K, capacity 620K, committed 640K, reserved 1048576K
Event: 5.478 GC heap after
Heap after GC invocations=1 (full 0):
 PSYoungGen      total 38400K, used 5093K [0x00000000eab00000, 0x00000000ef600000, 0x0000000100000000)
  eden space 33280K, 0% used [0x00000000eab00000,0x00000000eab00000,0x00000000ecb80000)
  from space 5120K, 99% used [0x00000000ecb80000,0x00000000ed079448,0x00000000ed080000)
  to   space 5120K, 0% used [0x00000000ef100000,0x00000000ef100000,0x00000000ef600000)
 ParOldGen       total 87552K, used 1513K [0x00000000c0000000, 0x00000000c5580000, 0x00000000eab00000)
  object space 87552K, 1% used [0x00000000c0000000,0x00000000c017a5b0,0x00000000c5580000)
 Metaspace       used 5889K, capacity 6772K, committed 7040K, reserved 1056768K
  class space    used 594K, capacity 620K, committed 640K, reserved 1048576K
}

Deoptimization events (10 events):
Event: 5.229 Thread 0x000000001807b000 Uncommon trap: reason=class_check action=maybe_recompile pc=0x000000000355bd00 method=com.android.dx.ssa.NormalSsaInsn.accept(Lcom/android/dx/ssa/SsaInsn$Visitor;)V @ 9
Event: 5.229 Thread 0x000000001807b000 Uncommon trap: reason=class_check action=maybe_recompile pc=0x00000000035194b0 method=com.android.dx.ssa.NormalSsaInsn.accept(Lcom/android/dx/ssa/SsaInsn$Visitor;)V @ 9
Event: 5.236 Thread 0x000000001807b000 Uncommon trap: reason=bimorphic action=maybe_recompile pc=0x000000000354d884 method=java.util.HashMap.getNode(ILjava/lang/Object;)Ljava/util/HashMap$Node; @ 126
Event: 5.236 Thread 0x000000001807b000 Uncommon trap: reason=bimorphic action=maybe_recompile pc=0x000000000354d884 method=java.util.HashMap.getNode(ILjava/lang/Object;)Ljava/util/HashMap$Node; @ 126
Event: 5.237 Thread 0x000000001807b000 Uncommon trap: reason=class_check action=maybe_recompile pc=0x000000000355bd00 method=com.android.dx.ssa.NormalSsaInsn.accept(Lcom/android/dx/ssa/SsaInsn$Visitor;)V @ 9
Event: 5.579 Thread 0x00000000031b0800 Uncommon trap: reason=unstable_if action=reinterpret pc=0x00000000034b42a8 method=java.lang.String.<init>([CII)V @ 18
Event: 5.591 Thread 0x00000000031b0800 Uncommon trap: reason=bimorphic action=maybe_recompile pc=0x00000000036eb5f4 method=com.android.dx.cf.code.BytecodeArray.parseInstruction(ILcom/android/dx/cf/code/BytecodeArray$Visitor;)I @ 2281
Event: 5.591 Thread 0x00000000031b0800 Uncommon trap: reason=bimorphic action=maybe_recompile pc=0x00000000036eb5f4 method=com.android.dx.cf.code.BytecodeArray.parseInstruction(ILcom/android/dx/cf/code/BytecodeArray$Visitor;)I @ 2281
Event: 5.821 Thread 0x0000000018091800 Uncommon trap: reason=bimorphic action=maybe_recompile pc=0x00000000036ecd90 method=com.android.dx.cf.code.BytecodeArray.parseInstruction(ILcom/android/dx/cf/code/BytecodeArray$Visitor;)I @ 1161
Event: 5.821 Thread 0x0000000018091800 Uncommon trap: reason=bimorphic action=maybe_recompile pc=0x00000000036ecd90 method=com.android.dx.cf.code.BytecodeArray.parseInstruction(ILcom/android/dx/cf/code/BytecodeArray$Visitor;)I @ 1161

Internal exceptions (2 events):
Event: 0.227 Thread 0x00000000031b0800 Exception <a 'java/lang/NoSuchMethodError': Method sun.misc.Unsafe.defineClass(Ljava/lang/String;[BII)Ljava/lang/Class; name or signature does not match> (0x00000000eab07cc0) thrown at [D:\re\workspace\8-2-build-windows-amd64-cygwin\jdk8u92\6642\hotspot\srØYPÍ?
Event: 0.227 Thread 0x00000000031b0800 Exception <a 'java/lang/NoSuchMethodError': Method sun.misc.Unsafe.prefetchRead(Ljava/lang/Object;J)V name or signature does not match> (0x00000000eab07fa8) thrown at [D:\re\workspace\8-2-build-windows-amd64-cygwin\jdk8u92\6642\hotspot\src\share\vm\prims\j

Events (10 events):
Event: 5.821 Thread 0x0000000018091800 Uncommon trap: trap_request=0xffffffc6 fr.pc=0x00000000036ecd90
Event: 5.821 Thread 0x0000000018091800 DEOPT PACKING pc=0x00000000036ecd90 sp=0x00000000196ae620
Event: 5.821 Thread 0x0000000018091800 DEOPT UNPACKING pc=0x00000000032f582a sp=0x00000000196ae598 mode 2
Event: 5.821 Thread 0x0000000018091800 Uncommon trap: trap_request=0xffffffc6 fr.pc=0x00000000036ecd90
Event: 5.821 Thread 0x0000000018091800 DEOPT PACKING pc=0x00000000036ecd90 sp=0x00000000196ae3e0
Event: 5.821 Thread 0x0000000018091800 DEOPT UNPACKING pc=0x00000000032f582a sp=0x00000000196ae358 mode 2
Event: 5.828 Thread 0x000000001807a000 DEOPT PACKING pc=0x00000000035dd209 sp=0x00000000194ae920
Event: 5.828 Thread 0x000000001807a000 DEOPT UNPACKING pc=0x00000000032f787f sp=0x00000000194ae6e8 mode 0
Event: 5.834 Thread 0x000000001807b000 DEOPT PACKING pc=0x00000000035dd209 sp=0x00000000195aeca0
Event: 5.834 Thread 0x000000001807b000 DEOPT UNPACKING pc=0x00000000032f787f sp=0x00000000195aea68 mode 0


Dynamic libraries:
0x00007ff76ba40000 - 0x00007ff76ba77000 	D:\java\JDK\bin\java.exe
0x00007ffb927a0000 - 0x00007ffb92971000 	C:\WINDOWS\SYSTEM32\ntdll.dll
0x00007ffb8fdf0000 - 0x00007ffb8fe9c000 	C:\WINDOWS\System32\KERNEL32.DLL
0x00007ffb8f800000 - 0x00007ffb8fa1d000 	C:\WINDOWS\System32\KERNELBASE.dll
0x00007ffb90d40000 - 0x00007ffb90de2000 	C:\WINDOWS\System32\ADVAPI32.dll
0x00007ffb90550000 - 0x00007ffb905ee000 	C:\WINDOWS\System32\msvcrt.dll
0x00007ffb90ff0000 - 0x00007ffb91049000 	C:\WINDOWS\System32\sechost.dll
0x00007ffb90ab0000 - 0x00007ffb90bd1000 	C:\WINDOWS\System32\RPCRT4.dll
0x00007ffb90e80000 - 0x00007ffb90fe5000 	C:\WINDOWS\System32\USER32.dll
0x00007ffb8fca0000 - 0x00007ffb8fcbe000 	C:\WINDOWS\System32\win32u.dll
0x00007ffb8fea0000 - 0x00007ffb8fed4000 	C:\WINDOWS\System32\GDI32.dll
0x00007ffb8ec90000 - 0x00007ffb8ee12000 	C:\WINDOWS\System32\gdi32full.dll
0x00007ffb7d960000 - 0x00007ffb7dbda000 	C:\WINDOWS\WinSxS\amd64_microsoft.windows.common-controls_6595b64144ccf1df_6.0.14393.953_none_42151e83c686086b\COMCTL32.dll
0x00007ffb90760000 - 0x00007ffb90a28000 	C:\WINDOWS\System32\combase.dll
0x00007ffb8f500000 - 0x00007ffb8f5f5000 	C:\WINDOWS\System32\ucrtbase.dll
0x00007ffb8fcc0000 - 0x00007ffb8fd2a000 	C:\WINDOWS\System32\bcryptPrimitives.dll
0x00007ffb8fee0000 - 0x00007ffb8ff0e000 	C:\WINDOWS\System32\IMM32.DLL
0x0000000061280000 - 0x0000000061352000 	D:\java\JDK\jre\bin\msvcr100.dll
0x00000000609e0000 - 0x0000000061276000 	D:\java\JDK\jre\bin\server\jvm.dll
0x00007ffb90a40000 - 0x00007ffb90a48000 	C:\WINDOWS\System32\PSAPI.DLL
0x00007ffb8cc40000 - 0x00007ffb8cc63000 	C:\WINDOWS\SYSTEM32\WINMM.dll
0x00007ffb82250000 - 0x00007ffb82259000 	C:\WINDOWS\SYSTEM32\WSOCK32.dll
0x00007ffb83410000 - 0x00007ffb8341a000 	C:\WINDOWS\SYSTEM32\VERSION.dll
0x00007ffb90690000 - 0x00007ffb906fa000 	C:\WINDOWS\System32\WS2_32.dll
0x00007ffb8cba0000 - 0x00007ffb8cbcb000 	C:\WINDOWS\SYSTEM32\WINMMBASE.dll
0x00007ffb8f660000 - 0x00007ffb8f6a2000 	C:\WINDOWS\System32\cfgmgr32.dll
0x00000000609d0000 - 0x00000000609df000 	D:\java\JDK\jre\bin\verify.dll
0x00000000609a0000 - 0x00000000609c9000 	D:\java\JDK\jre\bin\java.dll
0x0000000060980000 - 0x0000000060996000 	D:\java\JDK\jre\bin\zip.dll
0x00007ffb91150000 - 0x00007ffb92658000 	C:\WINDOWS\System32\SHELL32.dll
0x00007ffb8ee20000 - 0x00007ffb8f4fa000 	C:\WINDOWS\System32\windows.storage.dll
0x00007ffb8ec20000 - 0x00007ffb8ec6c000 	C:\WINDOWS\System32\powrprof.dll
0x00007ffb90a50000 - 0x00007ffb90aa2000 	C:\WINDOWS\System32\shlwapi.dll
0x00007ffb8ec70000 - 0x00007ffb8ec7f000 	C:\WINDOWS\System32\kernel.appcore.dll
0x00007ffb8fbf0000 - 0x00007ffb8fc99000 	C:\WINDOWS\System32\shcore.dll
0x00007ffb8ec00000 - 0x00007ffb8ec14000 	C:\WINDOWS\System32\profapi.dll

VM Arguments:
jvm_args: -Djava.awt.headless=true -Xmx1024M -Dfile.encoding=GBK -Duser.country=CN -Duser.language=zh -Duser.variant 
java_command: com.android.dx.command.Main --dex --num-threads=4 --multi-dex --output G:\nav\Navigation\app\build\intermediates\transforms\dex\debug\folders\1000\2\AMap_3DMap_V4.0.0_20160920_c12fdb4051ce1af34698a8cb8c0e2e6b191d7c00 G:\nav\Navigation\app\libs\AMap_3DMap_V4.0.0_20160920.jar
java_class_path (initial): D:\java\SDK\build-tools\25.0.3\lib\dx.jar
Launcher Type: SUN_STANDARD

Environment Variables:
JAVA_HOME=D:\java\JDK
PATH=C:\ProgramData\Oracle\Java\javapath;C:\Program Files (x86)\Tesseract-OCR;C:\Python27\Scripts\;C:\WINDOWS\system32;C:\WINDOWS;C:\WINDOWS\System32\Wbem;C:\WINDOWS\System32\WindowsPowerShell\v1.0\;C:\Program Files\Microsoft SQL Server\110\Tools\Binn\;C:\Program Files\Microsoft SQL Server\120\Tools\Binn\;C:\WINDOWS\system32\config\systemprofile\.dnx\bin;C:\Program Files\Microsoft DNX\Dnvm\;C:\Program Files (x86)\Windows Kits\10\Windows Performance Toolkit\;C:\Python27;D:\Git\bin;C:\Program Files\MATLAB\MATLAB Runtime\v90\bin;C:\Program Files\MATLAB\MATLAB Runtime\v90\runtime\win64;D:\java\JDK\bin;D:\java\JRE\bin;C:\Program Files (x86)\IDM Computer Solutions\UltraEdit;D:\java\SDK\platform-tools;C:\Users\EdwardPC\AppData\Local\Microsoft\WindowsApps;C:\Users\EdwardPC\AppData\Roaming\npm;C:\Python27;C:\Python36;C:\Program Files\SQLite Expert\Personal 4;C:\Python27\Scripts\;C:\Program Files\MATLAB\MATLAB Runtime\v90\bin\win64;C:\Program Files\MATLAB\MATLAB Runtime\v90\bin;D:\java\SDK\platform-tools
USERNAME=EdwardPC
OS=Windows_NT
PROCESSOR_IDENTIFIER=Intel64 Family 6 Model 60 Stepping 3, GenuineIntel



---------------  S Y S T E M  ---------------

OS: Windows 10.0 , 64 bit Build 14393 (10.0.14393.1198)

CPU:total 8 (4 cores per cpu, 2 threads per core) family 6 model 60 stepping 3, cmov, cx8, fxsr, mmx, sse, sse2, sse3, ssse3, sse4.1, sse4.2, popcnt, avx, avx2, aes, clmul, erms, lzcnt, ht, tsc, tscinvbit, bmi1, bmi2

Memory: 4k page, physical 8277272k(1961624k free), swap 8277272k(2224k free)

vm_info: Java HotSpot(TM) 64-Bit Server VM (25.92-b14) for windows-amd64 JRE (1.8.0_92-b14), built on Mar 31 2016 21:03:04 by "java_re" with MS VC++ 10.0 (VS2010)

time: Thu Jun 15 11:21:57 2017
elapsed time: 5 seconds (0d 0h 0m 5s)

