#
# There is insufficient memory for the Java Runtime Environment to continue.
# Native memory allocation (malloc) failed to allocate 188496 bytes for Chunk::new
# Possible reasons:
#   The system is out of physical RAM or swap space
#   In 32 bit mode, the process size limit was hit
# Possible solutions:
#   Reduce memory load on the system
#   Increase physical memory or swap space
#   Check if swap backing store is full
#   Use 64 bit Java on a 64 bit OS
#   Decrease Java heap size (-Xmx/-Xms)
#   Decrease number of Java threads
#   Decrease Java thread stack sizes (-Xss)
#   Set larger code cache with -XX:ReservedCodeCacheSize=
# This output file may be truncated or incomplete.
#
#  Out of Memory Error (allocation.cpp:390), pid=12164, tid=0x000000000000395c
#
# JRE version: Java(TM) SE Runtime Environment (8.0_92-b14) (build 1.8.0_92-b14)
# Java VM: Java HotSpot(TM) 64-Bit Server VM (25.92-b14 mixed mode windows-amd64 compressed oops)
# Failed to write core dump. Minidumps are not enabled by default on client versions of Windows
#

---------------  T H R E A D  ---------------

Current thread (0x0000000017506800):  JavaThread "C2 CompilerThread0" daemon [_thread_in_native, id=14684, stack(0x0000000017b80000,0x0000000017c80000)]

Stack: [0x0000000017b80000,0x0000000017c80000]
[error occurred during error reporting (printing stack bounds), id 0xc0000005]

Native frames: (J=compiled Java code, j=interpreted, Vv=VM code, C=native code)


Current CompileTask:
C2:   2746 1284   !   4       com.android.dx.cf.cst.ConstantPoolParser::parse0 (731 bytes)


---------------  P R O C E S S  ---------------

Java Threads: ( => current thread )
  0x00000000177ee000 JavaThread "pool-2-thread-4" [_thread_in_Java, id=15752, stack(0x0000000018d80000,0x0000000018e80000)]
  0x0000000017870000 JavaThread "pool-2-thread-3" [_thread_in_Java, id=16036, stack(0x0000000018c80000,0x0000000018d80000)]
  0x000000001783e000 JavaThread "pool-2-thread-2" [_thread_in_Java, id=1508, stack(0x0000000018b80000,0x0000000018c80000)]
  0x000000001783a000 JavaThread "pool-3-thread-1" [_thread_blocked, id=17640, stack(0x0000000018a80000,0x0000000018b80000)]
  0x0000000017777000 JavaThread "pool-2-thread-1" [_thread_blocked, id=5900, stack(0x0000000018980000,0x0000000018a80000)]
  0x000000001759e800 JavaThread "Service Thread" daemon [_thread_blocked, id=6356, stack(0x0000000017f80000,0x0000000018080000)]
  0x000000001753f000 JavaThread "C1 CompilerThread3" daemon [_thread_blocked, id=6360, stack(0x0000000017e80000,0x0000000017f80000)]
  0x0000000017512000 JavaThread "C2 CompilerThread2" daemon [_thread_in_native, id=1992, stack(0x0000000017d80000,0x0000000017e80000)]
  0x0000000017509000 JavaThread "C2 CompilerThread1" daemon [_thread_in_native, id=18712, stack(0x0000000017c80000,0x0000000017d80000)]
=>0x0000000017506800 JavaThread "C2 CompilerThread0" daemon [_thread_in_native, id=14684, stack(0x0000000017b80000,0x0000000017c80000)]
  0x0000000017504000 JavaThread "Attach Listener" daemon [_thread_blocked, id=11456, stack(0x0000000017a80000,0x0000000017b80000)]
  0x0000000017503800 JavaThread "Signal Dispatcher" daemon [_thread_blocked, id=16436, stack(0x0000000017980000,0x0000000017a80000)]
  0x0000000002a7d000 JavaThread "Finalizer" daemon [_thread_blocked, id=21224, stack(0x0000000017880000,0x0000000017980000)]
  0x0000000002a74000 JavaThread "Reference Handler" daemon [_thread_blocked, id=18424, stack(0x0000000017380000,0x0000000017480000)]
  0x0000000002980800 JavaThread "main" [_thread_blocked, id=7660, stack(0x0000000002880000,0x0000000002980000)]

Other Threads:
  0x000000001559a000 VMThread [stack: 0x0000000017280000,0x0000000017380000] [id=3548]
  0x00000000175df000 WatcherThread [stack: 0x0000000018080000,0x0000000018180000] [id=20220]

VM state:not at safepoint (normal execution)

VM Mutex/Monitor currently owned by a thread: None

Heap:
 PSYoungGen      total 38400K, used 9930K [0x00000000eab00000, 0x00000000ed580000, 0x0000000100000000)
  eden space 33280K, 14% used [0x00000000eab00000,0x00000000eafb6838,0x00000000ecb80000)
  from space 5120K, 99% used [0x00000000ecb80000,0x00000000ed07c0a8,0x00000000ed080000)
  to   space 5120K, 0% used [0x00000000ed080000,0x00000000ed080000,0x00000000ed580000)
 ParOldGen       total 87552K, used 1449K [0x00000000c0000000, 0x00000000c5580000, 0x00000000eab00000)
  object space 87552K, 1% used [0x00000000c0000000,0x00000000c016a660,0x00000000c5580000)
 Metaspace       used 6064K, capacity 6902K, committed 7040K, reserved 1056768K
  class space    used 597K, capacity 622K, committed 640K, reserved 1048576K

Card table byte_map: [0x0000000011e40000,0x0000000012050000] byte_map_base: 0x0000000011840000

Marking Bits: (ParMarkBitMap*) 0x00000000611f64f0
 Begin Bits: [0x00000000129b0000, 0x00000000139b0000)
 End Bits:   [0x00000000139b0000, 0x00000000149b0000)

Polling page: 0x0000000000a30000

CodeCache: size=245760Kb used=5413Kb max_used=5424Kb free=240346Kb
 bounds [0x0000000002a80000, 0x0000000002fe0000, 0x0000000011a80000]
 total_blobs=1595 nmethods=1325 adapters=183
 compilation: enabled

Compilation events (10 events):
Event: 2.740 Thread 0x0000000017509000 nmethod 1317 0x0000000002fcffd0 code [0x0000000002fd0180, 0x0000000002fd0460]
Event: 2.740 Thread 0x0000000017509000 1322       4       com.android.dx.ssa.SsaInsn::<init> (29 bytes)
Event: 2.741 Thread 0x0000000017509000 nmethod 1322 0x0000000002ec1f10 code [0x0000000002ec2040, 0x0000000002ec20d8]
Event: 2.741 Thread 0x0000000017509000 1305       4       com.android.dx.cf.code.ByteCatchList$Item::getExceptionClass (18 bytes)
Event: 2.741 Thread 0x0000000017509000 nmethod 1305 0x0000000002e71890 code [0x0000000002e719c0, 0x0000000002e71a38]
Event: 2.741 Thread 0x0000000017509000 1318       4       com.android.dx.cf.code.ExecutionStack::peek (42 bytes)
Event: 2.742 Thread 0x0000000017509000 nmethod 1318 0x0000000002fc8390 code [0x0000000002fc84e0, 0x0000000002fc85b8]
Event: 2.742 Thread 0x0000000017509000 1319       4       com.android.dx.rop.type.Type::isCategory2 (36 bytes)
Event: 2.743 Thread 0x0000000017509000 nmethod 1319 0x0000000002ecdd50 code [0x0000000002ecde80, 0x0000000002ecdef8]
Event: 2.743 Thread 0x0000000017509000 1328       4       com.android.dx.ssa.LocalVariableExtractor::processBlock (383 bytes)

GC Heap History (2 events):
Event: 2.592 GC heap before
{Heap before GC invocations=1 (full 0):
 PSYoungGen      total 38400K, used 33280K [0x00000000eab00000, 0x00000000ed580000, 0x0000000100000000)
  eden space 33280K, 100% used [0x00000000eab00000,0x00000000ecb80000,0x00000000ecb80000)
  from space 5120K, 0% used [0x00000000ed080000,0x00000000ed080000,0x00000000ed580000)
  to   space 5120K, 0% used [0x00000000ecb80000,0x00000000ecb80000,0x00000000ed080000)
 ParOldGen       total 87552K, used 0K [0x00000000c0000000, 0x00000000c5580000, 0x00000000eab00000)
  object space 87552K, 0% used [0x00000000c0000000,0x00000000c0000000,0x00000000c5580000)
 Metaspace       used 6047K, capacity 6902K, committed 7040K, reserved 1056768K
  class space    used 597K, capacity 622K, committed 640K, reserved 1048576K
Event: 2.691 GC heap after
Heap after GC invocations=1 (full 0):
 PSYoungGen      total 38400K, used 5104K [0x00000000eab00000, 0x00000000ed580000, 0x0000000100000000)
  eden space 33280K, 0% used [0x00000000eab00000,0x00000000eab00000,0x00000000ecb80000)
  from space 5120K, 99% used [0x00000000ecb80000,0x00000000ed07c0a8,0x00000000ed080000)
  to   space 5120K, 0% used [0x00000000ed080000,0x00000000ed080000,0x00000000ed580000)
 ParOldGen       total 87552K, used 1449K [0x00000000c0000000, 0x00000000c5580000, 0x00000000eab00000)
  object space 87552K, 1% used [0x00000000c0000000,0x00000000c016a660,0x00000000c5580000)
 Metaspace       used 6047K, capacity 6902K, committed 7040K, reserved 1056768K
  class space    used 597K, capacity 622K, committed 640K, reserved 1048576K
}

Deoptimization events (10 events):
Event: 1.980 Thread 0x0000000017777000 Uncommon trap: reason=bimorphic action=maybe_recompile pc=0x0000000002d16a00 method=java.util.HashMap.getNode(ILjava/lang/Object;)Ljava/util/HashMap$Node; @ 126
Event: 1.980 Thread 0x0000000017777000 Uncommon trap: reason=class_check action=maybe_recompile pc=0x0000000002ec5d44 method=java.util.HashMap.putVal(ILjava/lang/Object;Ljava/lang/Object;ZZ)Ljava/lang/Object; @ 203
Event: 1.980 Thread 0x00000000177ee000 Uncommon trap: reason=class_check action=maybe_recompile pc=0x0000000002d6827c method=com.android.dx.ssa.NormalSsaInsn.accept(Lcom/android/dx/ssa/SsaInsn$Visitor;)V @ 9
Event: 1.980 Thread 0x00000000177ee000 Uncommon trap: reason=class_check action=maybe_recompile pc=0x0000000002c9c29c method=com.android.dx.ssa.NormalSsaInsn.accept(Lcom/android/dx/ssa/SsaInsn$Visitor;)V @ 9
Event: 1.981 Thread 0x0000000017777000 Uncommon trap: reason=bimorphic action=maybe_recompile pc=0x0000000002d16a00 method=java.util.HashMap.getNode(ILjava/lang/Object;)Ljava/util/HashMap$Node; @ 126
Event: 1.981 Thread 0x00000000177ee000 Uncommon trap: reason=unstable_if action=reinterpret pc=0x0000000002e5bbbc method=com.android.dx.util.IntList.binarysearch(I)I @ 105
Event: 2.034 Thread 0x000000001783e000 Uncommon trap: reason=class_check action=maybe_recompile pc=0x0000000002d6827c method=com.android.dx.ssa.NormalSsaInsn.accept(Lcom/android/dx/ssa/SsaInsn$Visitor;)V @ 9
Event: 2.271 Thread 0x00000000177ee000 Uncommon trap: reason=unstable_if action=reinterpret pc=0x0000000002f44444 method=com.android.dx.ssa.SCCP.simulateStmt(Lcom/android/dx/ssa/SsaInsn;)V @ 53
Event: 2.700 Thread 0x0000000002980800 Uncommon trap: reason=unstable_if action=reinterpret pc=0x0000000002dbc528 method=java.lang.String.<init>([CII)V @ 18
Event: 2.725 Thread 0x0000000017870000 Uncommon trap: reason=null_check action=make_not_entrant pc=0x0000000002de3fa8 method=com.android.dx.rop.type.Type.equals(Ljava/lang/Object;)Z @ 8

Internal exceptions (3 events):
Event: 0.170 Thread 0x0000000002980800 Exception <a 'java/lang/NoSuchMethodError': Method sun.misc.Unsafe.defineClass(Ljava/lang/String;[BII)Ljava/lang/Class; name or signature does not match> (0x00000000eab07cc0) thrown at [D:\re\workspace\8-2-build-windows-amd64-cygwin\jdk8u92\6642\hotspot\srè!âéÏÏÅ?
Event: 0.170 Thread 0x0000000002980800 Exception <a 'java/lang/NoSuchMethodError': Method sun.misc.Unsafe.prefetchRead(Ljava/lang/Object;J)V name or signature does not match> (0x00000000eab07fa8) thrown at [D:\re\workspace\8-2-build-windows-amd64-cygwin\jdk8u92\6642\hotspot\src\share\vm\prims\jUÂ»Q£Í@
Event: 2.725 Thread 0x0000000017870000 Implicit null exception at 0x0000000002de3ea2 to 0x0000000002de3f9a

Events (10 events):
Event: 2.592 Executing VM operation: ParallelGCFailedAllocation
Event: 2.691 Executing VM operation: ParallelGCFailedAllocation done
Event: 2.700 Thread 0x0000000002980800 Uncommon trap: trap_request=0xffffff65 fr.pc=0x0000000002dbc528
Event: 2.700 Thread 0x0000000002980800 DEOPT PACKING pc=0x0000000002dbc528 sp=0x000000000297e0f0
Event: 2.700 Thread 0x0000000002980800 DEOPT UNPACKING pc=0x0000000002ac582a sp=0x000000000297e0b8 mode 2
Event: 2.724 Thread 0x0000000017870000 DEOPT PACKING pc=0x0000000002e4ae44 sp=0x0000000018d7e9a0
Event: 2.724 Thread 0x0000000017870000 DEOPT UNPACKING pc=0x0000000002ac787f sp=0x0000000018d7e770 mode 0
Event: 2.725 Thread 0x0000000017870000 Uncommon trap: trap_request=0xfffffff4 fr.pc=0x0000000002de3fa8
Event: 2.725 Thread 0x0000000017870000 DEOPT PACKING pc=0x0000000002de3fa8 sp=0x0000000018d7e5d0
Event: 2.725 Thread 0x0000000017870000 DEOPT UNPACKING pc=0x0000000002ac582a sp=0x0000000018d7e558 mode 2


Dynamic libraries:
0x00007ff76ba40000 - 0x00007ff76ba77000 	D:\java\JDK\bin\java.exe
0x00007ffb927a0000 - 0x00007ffb92971000 	C:\WINDOWS\SYSTEM32\ntdll.dll
0x00007ffb8fdf0000 - 0x00007ffb8fe9c000 	C:\WINDOWS\System32\KERNEL32.DLL
0x00007ffb8f800000 - 0x00007ffb8fa1d000 	C:\WINDOWS\System32\KERNELBASE.dll
0x00007ffb90d40000 - 0x00007ffb90de2000 	C:\WINDOWS\System32\ADVAPI32.dll
0x00007ffb90550000 - 0x00007ffb905ee000 	C:\WINDOWS\System32\msvcrt.dll
0x00007ffb90ff0000 - 0x00007ffb91049000 	C:\WINDOWS\System32\sechost.dll
0x00007ffb90ab0000 - 0x00007ffb90bd1000 	C:\WINDOWS\System32\RPCRT4.dll
0x00007ffb90e80000 - 0x00007ffb90fe5000 	C:\WINDOWS\System32\USER32.dll
0x00007ffb8fca0000 - 0x00007ffb8fcbe000 	C:\WINDOWS\System32\win32u.dll
0x00007ffb8fea0000 - 0x00007ffb8fed4000 	C:\WINDOWS\System32\GDI32.dll
0x00007ffb8ec90000 - 0x00007ffb8ee12000 	C:\WINDOWS\System32\gdi32full.dll
0x00007ffb7d960000 - 0x00007ffb7dbda000 	C:\WINDOWS\WinSxS\amd64_microsoft.windows.common-controls_6595b64144ccf1df_6.0.14393.953_none_42151e83c686086b\COMCTL32.dll
0x00007ffb90760000 - 0x00007ffb90a28000 	C:\WINDOWS\System32\combase.dll
0x00007ffb8f500000 - 0x00007ffb8f5f5000 	C:\WINDOWS\System32\ucrtbase.dll
0x00007ffb8fcc0000 - 0x00007ffb8fd2a000 	C:\WINDOWS\System32\bcryptPrimitives.dll
0x00007ffb8fee0000 - 0x00007ffb8ff0e000 	C:\WINDOWS\System32\IMM32.DLL
0x0000000061280000 - 0x0000000061352000 	D:\java\JDK\jre\bin\msvcr100.dll
0x00000000609e0000 - 0x0000000061276000 	D:\java\JDK\jre\bin\server\jvm.dll
0x00007ffb90a40000 - 0x00007ffb90a48000 	C:\WINDOWS\System32\PSAPI.DLL
0x00007ffb82250000 - 0x00007ffb82259000 	C:\WINDOWS\SYSTEM32\WSOCK32.dll
0x00007ffb90690000 - 0x00007ffb906fa000 	C:\WINDOWS\System32\WS2_32.dll
0x00007ffb8cc40000 - 0x00007ffb8cc63000 	C:\WINDOWS\SYSTEM32\WINMM.dll
0x00007ffb83410000 - 0x00007ffb8341a000 	C:\WINDOWS\SYSTEM32\VERSION.dll
0x00007ffb8cba0000 - 0x00007ffb8cbcb000 	C:\WINDOWS\SYSTEM32\WINMMBASE.dll
0x00007ffb8f660000 - 0x00007ffb8f6a2000 	C:\WINDOWS\System32\cfgmgr32.dll
0x00000000609d0000 - 0x00000000609df000 	D:\java\JDK\jre\bin\verify.dll
0x00000000609a0000 - 0x00000000609c9000 	D:\java\JDK\jre\bin\java.dll
0x0000000060980000 - 0x0000000060996000 	D:\java\JDK\jre\bin\zip.dll
0x00007ffb91150000 - 0x00007ffb92658000 	C:\WINDOWS\System32\SHELL32.dll
0x00007ffb8ee20000 - 0x00007ffb8f4fa000 	C:\WINDOWS\System32\windows.storage.dll
0x00007ffb8ec20000 - 0x00007ffb8ec6c000 	C:\WINDOWS\System32\powrprof.dll
0x00007ffb90a50000 - 0x00007ffb90aa2000 	C:\WINDOWS\System32\shlwapi.dll
0x00007ffb8ec70000 - 0x00007ffb8ec7f000 	C:\WINDOWS\System32\kernel.appcore.dll
0x00007ffb8fbf0000 - 0x00007ffb8fc99000 	C:\WINDOWS\System32\shcore.dll
0x00007ffb8ec00000 - 0x00007ffb8ec14000 	C:\WINDOWS\System32\profapi.dll

VM Arguments:
jvm_args: -Djava.awt.headless=true -Xmx1024M -Dfile.encoding=GBK -Duser.country=CN -Duser.language=zh -Duser.variant 
java_command: com.android.dx.command.Main --dex --num-threads=4 --multi-dex --output G:\nav\Navigation\app\build\intermediates\transforms\dex\debug\folders\1000\2\alipaySdk-20161129_30a12de64bb4ffc575ec96aaa22ffa074b342aeb G:\nav\Navigation\app\libs\alipaySdk-20161129.jar
java_class_path (initial): D:\java\SDK\build-tools\25.0.3\lib\dx.jar
Launcher Type: SUN_STANDARD

Environment Variables:
JAVA_HOME=D:\java\JDK
PATH=C:\ProgramData\Oracle\Java\javapath;C:\Program Files (x86)\Tesseract-OCR;C:\Python27\Scripts\;C:\WINDOWS\system32;C:\WINDOWS;C:\WINDOWS\System32\Wbem;C:\WINDOWS\System32\WindowsPowerShell\v1.0\;C:\Program Files\Microsoft SQL Server\110\Tools\Binn\;C:\Program Files\Microsoft SQL Server\120\Tools\Binn\;C:\WINDOWS\system32\config\systemprofile\.dnx\bin;C:\Program Files\Microsoft DNX\Dnvm\;C:\Program Files (x86)\Windows Kits\10\Windows Performance Toolkit\;C:\Python27;D:\Git\bin;C:\Program Files\MATLAB\MATLAB Runtime\v90\bin;C:\Program Files\MATLAB\MATLAB Runtime\v90\runtime\win64;D:\java\JDK\bin;D:\java\JRE\bin;C:\Program Files (x86)\IDM Computer Solutions\UltraEdit;D:\java\SDK\platform-tools;C:\Users\EdwardPC\AppData\Local\Microsoft\WindowsApps;C:\Users\EdwardPC\AppData\Roaming\npm;C:\Python27;C:\Python36;C:\Program Files\SQLite Expert\Personal 4;C:\Python27\Scripts\;C:\Program Files\MATLAB\MATLAB Runtime\v90\bin\win64;C:\Program Files\MATLAB\MATLAB Runtime\v90\bin;D:\java\SDK\platform-tools
USERNAME=EdwardPC
OS=Windows_NT
PROCESSOR_IDENTIFIER=Intel64 Family 6 Model 60 Stepping 3, GenuineIntel



---------------  S Y S T E M  ---------------

OS: Windows 10.0 , 64 bit Build 14393 (10.0.14393.1198)

CPU:total 8 (4 cores per cpu, 2 threads per core) family 6 model 60 stepping 3, cmov, cx8, fxsr, mmx, sse, sse2, sse3, ssse3, sse4.1, sse4.2, popcnt, avx, avx2, aes, clmul, erms, lzcnt, ht, tsc, tscinvbit, bmi1, bmi2

Memory: 4k page, physical 8277272k(1913520k free), swap 8277272k(2192k free)

vm_info: Java HotSpot(TM) 64-Bit Server VM (25.92-b14) for windows-amd64 JRE (1.8.0_92-b14), built on Mar 31 2016 21:03:04 by "java_re" with MS VC++ 10.0 (VS2010)

time: Thu Jun 15 11:21:50 2017
elapsed time: 2 seconds (0d 0h 0m 2s)

