#
# There is insufficient memory for the Java Runtime Environment to continue.
# Native memory allocation (malloc) failed to allocate 278496 bytes for Chunk::new
# Possible reasons:
#   The system is out of physical RAM or swap space
#   In 32 bit mode, the process size limit was hit
# Possible solutions:
#   Reduce memory load on the system
#   Increase physical memory or swap space
#   Check if swap backing store is full
#   Use 64 bit Java on a 64 bit OS
#   Decrease Java heap size (-Xmx/-Xms)
#   Decrease number of Java threads
#   Decrease Java thread stack sizes (-Xss)
#   Set larger code cache with -XX:ReservedCodeCacheSize=
# This output file may be truncated or incomplete.
#
#  Out of Memory Error (allocation.cpp:390), pid=8540, tid=0x000000000000259c
#
# JRE version: Java(TM) SE Runtime Environment (8.0_92-b14) (build 1.8.0_92-b14)
# Java VM: Java HotSpot(TM) 64-Bit Server VM (25.92-b14 mixed mode windows-amd64 compressed oops)
# Failed to write core dump. Minidumps are not enabled by default on client versions of Windows
#

---------------  T H R E A D  ---------------

Current thread (0x0000000018157000):  JavaThread "C2 CompilerThread1" daemon [_thread_in_native, id=9628, stack(0x00000000188d0000,0x00000000189d0000)]

Stack: [0x00000000188d0000,0x00000000189d0000]
[error occurred during error reporting (printing stack bounds), id 0xc0000005]

Native frames: (J=compiled Java code, j=interpreted, Vv=VM code, C=native code)


Current CompileTask:
C2:   9875 1039       4       com.android.dx.ssa.SCCP::simulatePhi (169 bytes)


---------------  P R O C E S S  ---------------

Java Threads: ( => current thread )
  0x0000000018229800 JavaThread "pool-2-thread-4" [_thread_blocked, id=18992, stack(0x00000000191d0000,0x00000000192d0000)]
  0x0000000018222800 JavaThread "pool-2-thread-3" [_thread_blocked, id=4872, stack(0x00000000190d0000,0x00000000191d0000)]
  0x00000000183da800 JavaThread "pool-2-thread-2" [_thread_blocked, id=18968, stack(0x0000000018fd0000,0x00000000190d0000)]
  0x00000000183d9800 JavaThread "pool-3-thread-1" [_thread_blocked, id=10808, stack(0x0000000018ed0000,0x0000000018fd0000)]
  0x00000000183d9000 JavaThread "pool-2-thread-1" [_thread_blocked, id=15840, stack(0x0000000018dd0000,0x0000000018ed0000)]
  0x00000000181d8000 JavaThread "Service Thread" daemon [_thread_blocked, id=19020, stack(0x0000000018bd0000,0x0000000018cd0000)]
  0x0000000018175000 JavaThread "C1 CompilerThread3" daemon [_thread_blocked, id=13932, stack(0x0000000018ad0000,0x0000000018bd0000)]
  0x000000001815e800 JavaThread "C2 CompilerThread2" daemon [_thread_in_native, id=18164, stack(0x00000000189d0000,0x0000000018ad0000)]
=>0x0000000018157000 JavaThread "C2 CompilerThread1" daemon [_thread_in_native, id=9628, stack(0x00000000188d0000,0x00000000189d0000)]
  0x0000000018155000 JavaThread "C2 CompilerThread0" daemon [_thread_in_native, id=3808, stack(0x00000000187d0000,0x00000000188d0000)]
  0x0000000018153000 JavaThread "Attach Listener" daemon [_thread_blocked, id=5624, stack(0x00000000186d0000,0x00000000187d0000)]
  0x0000000018152800 JavaThread "Signal Dispatcher" daemon [_thread_blocked, id=5420, stack(0x00000000185d0000,0x00000000186d0000)]
  0x00000000036e9000 JavaThread "Finalizer" daemon [_thread_blocked, id=6232, stack(0x00000000184d0000,0x00000000185d0000)]
  0x000000001620d800 JavaThread "Reference Handler" daemon [_thread_blocked, id=412, stack(0x0000000017fd0000,0x00000000180d0000)]
  0x00000000035f0800 JavaThread "main" [_thread_blocked, id=17648, stack(0x00000000034f0000,0x00000000035f0000)]

Other Threads:
  0x0000000016209800 VMThread [stack: 0x0000000017ed0000,0x0000000017fd0000] [id=8132]
  0x0000000018261000 WatcherThread [stack: 0x0000000018cd0000,0x0000000018dd0000] [id=13624]

VM state:at safepoint (normal execution)

VM Mutex/Monitor currently owned by a thread:  ([mutex/lock_event])
[0x000000000312c230] Threads_lock - owner thread: 0x0000000016209800
[0x000000000312bf30] Heap_lock - owner thread: 0x00000000035f0800

Heap:
 PSYoungGen      total 38400K, used 38399K [0x00000000eab00000, 0x00000000ed580000, 0x0000000100000000)
  eden space 33280K, 100% used [0x00000000eab00000,0x00000000ecb80000,0x00000000ecb80000)
  from space 5120K, 99% used [0x00000000ecb80000,0x00000000ed07fc88,0x00000000ed080000)
  to   space 5120K, 99% used [0x00000000ed080000,0x00000000ed57bc98,0x00000000ed580000)
 ParOldGen       total 87552K, used 7201K [0x00000000c0000000, 0x00000000c5580000, 0x00000000eab00000)
  object space 87552K, 8% used [0x00000000c0000000,0x00000000c070c570,0x00000000c5580000)
 Metaspace       used 6039K, capacity 6900K, committed 7040K, reserved 1056768K
  class space    used 601K, capacity 620K, committed 640K, reserved 1048576K

Card table byte_map: [0x0000000012ab0000,0x0000000012cc0000] byte_map_base: 0x00000000124b0000

Marking Bits: (ParMarkBitMap*) 0x0000000064fd64f0
 Begin Bits: [0x0000000013620000, 0x0000000014620000)
 End Bits:   [0x0000000014620000, 0x0000000015620000)

Polling page: 0x0000000001880000

CodeCache: size=245760Kb used=4887Kb max_used=4887Kb free=240872Kb
 bounds [0x00000000036f0000, 0x0000000003bc0000, 0x00000000126f0000]
 total_blobs=1570 nmethods=1298 adapters=183
 compilation: enabled

Compilation events (10 events):
Event: 9.789 Thread 0x0000000018175000 nmethod 1112 0x0000000003b16c10 code [0x0000000003b16d80, 0x0000000003b16f48]
Event: 9.790 Thread 0x0000000018175000 1106       3       com.android.dx.ssa.SsaMethod::getEntryBlock (15 bytes)
Event: 9.790 Thread 0x0000000018175000 nmethod 1106 0x0000000003b16fd0 code [0x0000000003b17180, 0x0000000003b17658]
Event: 9.790 Thread 0x0000000018175000 1134       2       com.android.dx.ssa.DeadCodeRemover$NoSideEffectVisitor::visitPhiInsn (22 bytes)
Event: 9.790 Thread 0x0000000018175000 nmethod 1134 0x0000000003b17990 code [0x0000000003b17b00, 0x0000000003b17d28]
Event: 9.790 Thread 0x0000000018175000 1103       3       com.android.dx.rop.code.PlainCstInsn::<init> (30 bytes)
Event: 9.790 Thread 0x0000000018175000 nmethod 1103 0x0000000003b17ed0 code [0x0000000003b18080, 0x0000000003b18548]
Event: 9.790 Thread 0x0000000018175000 1117       3       com.android.dx.rop.type.Prototype::withFirstParameter (68 bytes)
Event: 9.791 Thread 0x0000000018175000 nmethod 1117 0x0000000003b18790 code [0x0000000003b189c0, 0x0000000003b195d8]
Event: 9.791 Thread 0x0000000018175000 1145       2       com.android.dx.ssa.SsaMethod::forEachBlockDepthFirst (194 bytes)

GC Heap History (2 events):
Event: 9.726 GC heap before
{Heap before GC invocations=1 (full 0):
 PSYoungGen      total 38400K, used 33280K [0x00000000eab00000, 0x00000000ed580000, 0x0000000100000000)
  eden space 33280K, 100% used [0x00000000eab00000,0x00000000ecb80000,0x00000000ecb80000)
  from space 5120K, 0% used [0x00000000ed080000,0x00000000ed080000,0x00000000ed580000)
  to   space 5120K, 0% used [0x00000000ecb80000,0x00000000ecb80000,0x00000000ed080000)
 ParOldGen       total 87552K, used 0K [0x00000000c0000000, 0x00000000c5580000, 0x00000000eab00000)
  object space 87552K, 0% used [0x00000000c0000000,0x00000000c0000000,0x00000000c5580000)
 Metaspace       used 5925K, capacity 6836K, committed 7040K, reserved 1056768K
  class space    used 600K, capacity 620K, committed 640K, reserved 1048576K
Event: 9.740 GC heap after
Heap after GC invocations=1 (full 0):
 PSYoungGen      total 38400K, used 5119K [0x00000000eab00000, 0x00000000ed580000, 0x0000000100000000)
  eden space 33280K, 0% used [0x00000000eab00000,0x00000000eab00000,0x00000000ecb80000)
  from space 5120K, 99% used [0x00000000ecb80000,0x00000000ed07fc88,0x00000000ed080000)
  to   space 5120K, 0% used [0x00000000ed080000,0x00000000ed080000,0x00000000ed580000)
 ParOldGen       total 87552K, used 2819K [0x00000000c0000000, 0x00000000c5580000, 0x00000000eab00000)
  object space 87552K, 3% used [0x00000000c0000000,0x00000000c02c0dc8,0x00000000c5580000)
 Metaspace       used 5925K, capacity 6836K, committed 7040K, reserved 1056768K
  class space    used 600K, capacity 620K, committed 640K, reserved 1048576K
}

Deoptimization events (10 events):
Event: 9.531 Thread 0x00000000035f0800 Uncommon trap: reason=bimorphic action=maybe_recompile pc=0x0000000003929d28 method=java.util.HashMap.getNode(ILjava/lang/Object;)Ljava/util/HashMap$Node; @ 126
Event: 9.592 Thread 0x00000000183da800 Uncommon trap: reason=null_check action=make_not_entrant pc=0x00000000039bdf68 method=com.android.dx.rop.type.Type.equals(Ljava/lang/Object;)Z @ 8
Event: 9.709 Thread 0x00000000183d9000 Uncommon trap: reason=class_check action=maybe_recompile pc=0x000000000395f854 method=com.android.dx.ssa.NormalSsaInsn.accept(Lcom/android/dx/ssa/SsaInsn$Visitor;)V @ 9
Event: 9.714 Thread 0x00000000183da800 Uncommon trap: reason=class_check action=maybe_recompile pc=0x0000000003aa7770 method=java.util.HashMap.putVal(ILjava/lang/Object;Ljava/lang/Object;ZZ)Ljava/lang/Object; @ 203
Event: 9.714 Thread 0x00000000183da800 Uncommon trap: reason=class_check action=maybe_recompile pc=0x0000000003aa7770 method=java.util.HashMap.putVal(ILjava/lang/Object;Ljava/lang/Object;ZZ)Ljava/lang/Object; @ 203
Event: 9.714 Thread 0x00000000183da800 Uncommon trap: reason=class_check action=maybe_recompile pc=0x0000000003aa7770 method=java.util.HashMap.putVal(ILjava/lang/Object;Ljava/lang/Object;ZZ)Ljava/lang/Object; @ 203
Event: 9.714 Thread 0x00000000183da800 Uncommon trap: reason=class_check action=maybe_recompile pc=0x0000000003aa7770 method=java.util.HashMap.putVal(ILjava/lang/Object;Ljava/lang/Object;ZZ)Ljava/lang/Object; @ 203
Event: 9.776 Thread 0x0000000018222800 Uncommon trap: reason=class_check action=maybe_recompile pc=0x000000000395f854 method=com.android.dx.ssa.NormalSsaInsn.accept(Lcom/android/dx/ssa/SsaInsn$Visitor;)V @ 9
Event: 9.780 Thread 0x0000000018222800 Uncommon trap: reason=unstable_if action=reinterpret pc=0x00000000039f6abc method=com.android.dx.util.IntList.binarysearch(I)I @ 105
Event: 9.787 Thread 0x0000000018222800 Uncommon trap: reason=class_check action=maybe_recompile pc=0x0000000003a77b84 method=java.util.HashMap.putVal(ILjava/lang/Object;Ljava/lang/Object;ZZ)Ljava/lang/Object; @ 203

Internal exceptions (3 events):
Event: 0.028 Thread 0x00000000035f0800 Exception <a 'java/lang/NoSuchMethodError': Method sun.misc.Unsafe.defineClass(Ljava/lang/String;[BII)Ljava/lang/Class; name or signature does not match> (0x00000000eab07cc0) thrown at [D:\re\workspace\8-2-build-windows-amd64-cygwin\jdk8u92\6642\hotspot\sr'S|iHœ?
Event: 0.028 Thread 0x00000000035f0800 Exception <a 'java/lang/NoSuchMethodError': Method sun.misc.Unsafe.prefetchRead(Ljava/lang/Object;J)V name or signature does not match> (0x00000000eab07fa8) thrown at [D:\re\workspace\8-2-build-windows-amd64-cygwin\jdk8u92\6642\hotspot\src\share\vm\prims\j
	Æjë.#@
Event: 9.592 Thread 0x00000000183da800 Implicit null exception at 0x00000000039bde62 to 0x00000000039bdf5a

Events (10 events):
Event: 9.767 loading class com/android/dx/cf/attrib/AttRuntimeInvisibleAnnotations done
Event: 9.775 Thread 0x0000000018222800 Uncommon trap: trap_request=0xffffffde fr.pc=0x000000000395f854
Event: 9.776 Thread 0x0000000018222800 DEOPT PACKING pc=0x000000000395f854 sp=0x00000000191ce900
Event: 9.776 Thread 0x0000000018222800 DEOPT UNPACKING pc=0x000000000373582a sp=0x00000000191ce850 mode 2
Event: 9.780 Thread 0x0000000018222800 Uncommon trap: trap_request=0xffffff65 fr.pc=0x00000000039f6abc
Event: 9.780 Thread 0x0000000018222800 DEOPT PACKING pc=0x00000000039f6abc sp=0x00000000191ce8e0
Event: 9.780 Thread 0x0000000018222800 DEOPT UNPACKING pc=0x000000000373582a sp=0x00000000191ce858 mode 2
Event: 9.787 Thread 0x0000000018222800 Uncommon trap: trap_request=0xffffffde fr.pc=0x0000000003a77b84
Event: 9.787 Thread 0x0000000018222800 DEOPT PACKING pc=0x0000000003a77b84 sp=0x00000000191ce8e0
Event: 9.787 Thread 0x0000000018222800 DEOPT UNPACKING pc=0x000000000373582a sp=0x00000000191ce858 mode 2


Dynamic libraries:
0x00007ff6bf840000 - 0x00007ff6bf877000 	D:\java\JDK\bin\java.exe
0x00007ffa54f30000 - 0x00007ffa55101000 	C:\WINDOWS\SYSTEM32\ntdll.dll
0x00007ffa54e80000 - 0x00007ffa54f2c000 	C:\WINDOWS\System32\KERNEL32.DLL
0x00007ffa514c0000 - 0x00007ffa516dd000 	C:\WINDOWS\System32\KERNELBASE.dll
0x00007ffa526b0000 - 0x00007ffa52752000 	C:\WINDOWS\System32\ADVAPI32.dll
0x00007ffa54a30000 - 0x00007ffa54ace000 	C:\WINDOWS\System32\msvcrt.dll
0x00007ffa545c0000 - 0x00007ffa54619000 	C:\WINDOWS\System32\sechost.dll
0x00007ffa528c0000 - 0x00007ffa529e1000 	C:\WINDOWS\System32\RPCRT4.dll
0x00007ffa54ad0000 - 0x00007ffa54c35000 	C:\WINDOWS\System32\USER32.dll
0x00007ffa519e0000 - 0x00007ffa519fe000 	C:\WINDOWS\System32\win32u.dll
0x00007ffa524c0000 - 0x00007ffa524f4000 	C:\WINDOWS\System32\GDI32.dll
0x00007ffa51850000 - 0x00007ffa519d2000 	C:\WINDOWS\System32\gdi32full.dll
0x00007ffa40940000 - 0x00007ffa40bba000 	C:\WINDOWS\WinSxS\amd64_microsoft.windows.common-controls_6595b64144ccf1df_6.0.14393.953_none_42151e83c686086b\COMCTL32.dll
0x00007ffa546f0000 - 0x00007ffa549b8000 	C:\WINDOWS\System32\combase.dll
0x00007ffa516e0000 - 0x00007ffa517d5000 	C:\WINDOWS\System32\ucrtbase.dll
0x00007ffa517e0000 - 0x00007ffa5184a000 	C:\WINDOWS\System32\bcryptPrimitives.dll
0x00007ffa54590000 - 0x00007ffa545be000 	C:\WINDOWS\System32\IMM32.DLL
0x0000000065060000 - 0x0000000065132000 	D:\java\JDK\jre\bin\msvcr100.dll
0x00000000647c0000 - 0x0000000065056000 	D:\java\JDK\jre\bin\server\jvm.dll
0x00007ffa54620000 - 0x00007ffa54628000 	C:\WINDOWS\System32\PSAPI.DLL
0x00007ffa4eb40000 - 0x00007ffa4eb49000 	C:\WINDOWS\SYSTEM32\WSOCK32.dll
0x00007ffa4f4b0000 - 0x00007ffa4f4d3000 	C:\WINDOWS\SYSTEM32\WINMM.dll
0x00007ffa4eaa0000 - 0x00007ffa4eaaa000 	C:\WINDOWS\SYSTEM32\VERSION.dll
0x00007ffa54e10000 - 0x00007ffa54e7a000 	C:\WINDOWS\System32\WS2_32.dll
0x00007ffa4f1f0000 - 0x00007ffa4f21b000 	C:\WINDOWS\SYSTEM32\WINMMBASE.dll
0x00007ffa51ab0000 - 0x00007ffa51af2000 	C:\WINDOWS\System32\cfgmgr32.dll
0x0000000066440000 - 0x000000006644f000 	D:\java\JDK\jre\bin\verify.dll
0x0000000066410000 - 0x0000000066439000 	D:\java\JDK\jre\bin\java.dll
0x00000000663f0000 - 0x0000000066406000 	D:\java\JDK\jre\bin\zip.dll
0x00007ffa529f0000 - 0x00007ffa53ef8000 	C:\WINDOWS\System32\SHELL32.dll
0x00007ffa51d80000 - 0x00007ffa5245a000 	C:\WINDOWS\System32\windows.storage.dll
0x00007ffa51390000 - 0x00007ffa513dc000 	C:\WINDOWS\System32\powrprof.dll
0x00007ffa54690000 - 0x00007ffa546e2000 	C:\WINDOWS\System32\shlwapi.dll
0x00007ffa513f0000 - 0x00007ffa513ff000 	C:\WINDOWS\System32\kernel.appcore.dll
0x00007ffa51a00000 - 0x00007ffa51aa9000 	C:\WINDOWS\System32\shcore.dll
0x00007ffa51400000 - 0x00007ffa51414000 	C:\WINDOWS\System32\profapi.dll

VM Arguments:
jvm_args: -Djava.awt.headless=true -Xmx1024M -Dfile.encoding=GBK -Duser.country=CN -Duser.language=zh -Duser.variant 
java_command: com.android.dx.command.Main --dex --num-threads=4 --multi-dex --output G:\nav\Navigation\app\build\intermediates\transforms\dex\debug\folders\1000\2\TencentLocationSDK_v4.9.7.12_r247861_161205_1104_2560801edc3190d7d29e41a24b4384e316c0c410 G:\nav\Navigation\app\libs\TencentLocationSDK_v4.9.7.12_r247861_161205_1104.jar
java_class_path (initial): D:\java\SDK\build-tools\25.0.3\lib\dx.jar
Launcher Type: SUN_STANDARD

Environment Variables:
JAVA_HOME=D:\java\JDK
PATH=C:\ProgramData\Oracle\Java\javapath;C:\Program Files (x86)\Tesseract-OCR;C:\Python27\Scripts\;C:\WINDOWS\system32;C:\WINDOWS;C:\WINDOWS\System32\Wbem;C:\WINDOWS\System32\WindowsPowerShell\v1.0\;C:\Program Files\Microsoft SQL Server\110\Tools\Binn\;C:\Program Files\Microsoft SQL Server\120\Tools\Binn\;C:\WINDOWS\system32\config\systemprofile\.dnx\bin;C:\Program Files\Microsoft DNX\Dnvm\;C:\Program Files (x86)\Windows Kits\10\Windows Performance Toolkit\;C:\Python27;D:\Git\bin;C:\Program Files\MATLAB\MATLAB Runtime\v90\bin;C:\Program Files\MATLAB\MATLAB Runtime\v90\runtime\win64;D:\java\JDK\bin;D:\java\JRE\bin;C:\Program Files (x86)\IDM Computer Solutions\UltraEdit;D:\java\SDK\platform-tools;C:\Users\EdwardPC\AppData\Local\Microsoft\WindowsApps;C:\Users\EdwardPC\AppData\Roaming\npm;C:\Python27;C:\Python36;C:\Program Files\SQLite Expert\Personal 4;C:\Python27\Scripts\;C:\Program Files\MATLAB\MATLAB Runtime\v90\bin\win64;C:\Program Files\MATLAB\MATLAB Runtime\v90\bin;D:\java\SDK\platform-tools
USERNAME=EdwardPC
OS=Windows_NT
PROCESSOR_IDENTIFIER=Intel64 Family 6 Model 60 Stepping 3, GenuineIntel



---------------  S Y S T E M  ---------------

OS: Windows 10.0 , 64 bit Build 14393 (10.0.14393.1198)

CPU:total 8 (4 cores per cpu, 2 threads per core) family 6 model 60 stepping 3, cmov, cx8, fxsr, mmx, sse, sse2, sse3, ssse3, sse4.1, sse4.2, popcnt, avx, avx2, aes, clmul, erms, lzcnt, ht, tsc, tscinvbit, bmi1, bmi2

Memory: 4k page, physical 8277272k(774620k free), swap 8277272k(296k free)

vm_info: Java HotSpot(TM) 64-Bit Server VM (25.92-b14) for windows-amd64 JRE (1.8.0_92-b14), built on Mar 31 2016 21:03:04 by "java_re" with MS VC++ 10.0 (VS2010)

time: Fri Jun 09 11:41:46 2017
elapsed time: 10 seconds (0d 0h 0m 10s)

