#
# There is insufficient memory for the Java Runtime Environment to continue.
# Native memory allocation (malloc) failed to allocate 32784 bytes for Chunk::new
# Possible reasons:
#   The system is out of physical RAM or swap space
#   In 32 bit mode, the process size limit was hit
# Possible solutions:
#   Reduce memory load on the system
#   Increase physical memory or swap space
#   Check if swap backing store is full
#   Use 64 bit Java on a 64 bit OS
#   Decrease Java heap size (-Xmx/-Xms)
#   Decrease number of Java threads
#   Decrease Java thread stack sizes (-Xss)
#   Set larger code cache with -XX:ReservedCodeCacheSize=
# This output file may be truncated or incomplete.
#
#  Out of Memory Error (allocation.cpp:390), pid=14308, tid=0x0000000000004c08
#
# JRE version: Java(TM) SE Runtime Environment (8.0_92-b14) (build 1.8.0_92-b14)
# Java VM: Java HotSpot(TM) 64-Bit Server VM (25.92-b14 mixed mode windows-amd64 compressed oops)
# Failed to write core dump. Minidumps are not enabled by default on client versions of Windows
#

---------------  T H R E A D  ---------------

Current thread (0x0000000017b65800):  JavaThread "C2 CompilerThread2" daemon [_thread_in_native, id=19464, stack(0x00000000183d0000,0x00000000184d0000)]

Stack: [0x00000000183d0000,0x00000000184d0000]
[error occurred during error reporting (printing stack bounds), id 0xc0000005]

Native frames: (J=compiled Java code, j=interpreted, Vv=VM code, C=native code)


Current CompileTask:
C2:   2998 1368       4       com.android.dx.ssa.LocalVariableExtractor::processBlock (383 bytes)


---------------  P R O C E S S  ---------------

Java Threads: ( => current thread )
  0x0000000017e8d800 JavaThread "pool-2-thread-4" [_thread_blocked, id=15672, stack(0x00000000193d0000,0x00000000194d0000)]
  0x0000000017eba000 JavaThread "pool-2-thread-3" [_thread_blocked, id=15420, stack(0x00000000192d0000,0x00000000193d0000)]
  0x0000000017eb9800 JavaThread "pool-2-thread-2" [_thread_blocked, id=18180, stack(0x00000000191d0000,0x00000000192d0000)]
  0x0000000017e73000 JavaThread "pool-3-thread-1" [_thread_blocked, id=18200, stack(0x00000000190d0000,0x00000000191d0000)]
  0x0000000017e6d800 JavaThread "pool-2-thread-1" [_thread_blocked, id=4980, stack(0x0000000018fd0000,0x00000000190d0000)]
  0x0000000017c01000 JavaThread "Service Thread" daemon [_thread_blocked, id=13508, stack(0x00000000185d0000,0x00000000186d0000)]
  0x0000000017b68800 JavaThread "C1 CompilerThread3" daemon [_thread_blocked, id=8372, stack(0x00000000184d0000,0x00000000185d0000)]
=>0x0000000017b65800 JavaThread "C2 CompilerThread2" daemon [_thread_in_native, id=19464, stack(0x00000000183d0000,0x00000000184d0000)]
  0x0000000015bed800 JavaThread "C2 CompilerThread1" daemon [_thread_in_native, id=6656, stack(0x00000000182d0000,0x00000000183d0000)]
  0x0000000015beb800 JavaThread "C2 CompilerThread0" daemon [_thread_in_native, id=7776, stack(0x00000000181d0000,0x00000000182d0000)]
  0x0000000017b0c000 JavaThread "Attach Listener" daemon [_thread_blocked, id=10876, stack(0x00000000180d0000,0x00000000181d0000)]
  0x0000000017b0b000 JavaThread "Signal Dispatcher" daemon [_thread_blocked, id=12576, stack(0x0000000017fd0000,0x00000000180d0000)]
  0x0000000017af0800 JavaThread "Finalizer" daemon [_thread_blocked, id=21084, stack(0x0000000017ed0000,0x0000000017fd0000)]
  0x00000000030b4000 JavaThread "Reference Handler" daemon [_thread_blocked, id=2984, stack(0x00000000179d0000,0x0000000017ad0000)]
  0x0000000002fc0800 JavaThread "main" [_thread_in_native, id=19160, stack(0x0000000002ec0000,0x0000000002fc0000)]

Other Threads:
  0x0000000015bd9000 VMThread [stack: 0x00000000178d0000,0x00000000179d0000] [id=21272]
  0x0000000017c2e800 WatcherThread [stack: 0x00000000186d0000,0x00000000187d0000] [id=20840]

VM state:not at safepoint (normal execution)

VM Mutex/Monitor currently owned by a thread: None

Heap:
 PSYoungGen      total 71680K, used 23898K [0x00000000eab00000, 0x00000000ef600000, 0x0000000100000000)
  eden space 66560K, 28% used [0x00000000eab00000,0x00000000ebd59fc0,0x00000000eec00000)
  from space 5120K, 99% used [0x00000000ef100000,0x00000000ef5fcab8,0x00000000ef600000)
  to   space 5120K, 0% used [0x00000000eec00000,0x00000000eec00000,0x00000000ef100000)
 ParOldGen       total 87552K, used 5165K [0x00000000c0000000, 0x00000000c5580000, 0x00000000eab00000)
  object space 87552K, 5% used [0x00000000c0000000,0x00000000c050b5a0,0x00000000c5580000)
 Metaspace       used 6179K, capacity 7028K, committed 7296K, reserved 1056768K
  class space    used 601K, capacity 620K, committed 640K, reserved 1048576K

Card table byte_map: [0x0000000012480000,0x0000000012690000] byte_map_base: 0x0000000011e80000

Marking Bits: (ParMarkBitMap*) 0x00000000611f64f0
 Begin Bits: [0x0000000012ff0000, 0x0000000013ff0000)
 End Bits:   [0x0000000013ff0000, 0x0000000014ff0000)

Polling page: 0x0000000000d80000

CodeCache: size=245760Kb used=6334Kb max_used=6334Kb free=239426Kb
 bounds [0x00000000030c0000, 0x0000000003700000, 0x00000000120c0000]
 total_blobs=1794 nmethods=1524 adapters=183
 compilation: enabled

Compilation events (10 events):
Event: 2.659 Thread 0x0000000017b68800 1415       3       com.android.dx.cf.code.BytecodeArray::<init> (43 bytes)
Event: 2.659 Thread 0x0000000017b68800 nmethod 1415 0x0000000003657390 code [0x0000000003657520, 0x00000000036578d8]
Event: 2.659 Thread 0x0000000017b68800 1416   !   3       com.android.dx.cf.attrib.AttLineNumberTable::<init> (43 bytes)
Event: 2.659 Thread 0x0000000017b68800 nmethod 1416 0x0000000003656a50 code [0x0000000003656c00, 0x00000000036570f8]
Event: 2.665 Thread 0x0000000017b68800 1420       3       com.android.dx.dex.file.EncodedMember::<init> (10 bytes)
Event: 2.665 Thread 0x0000000017b68800 nmethod 1420 0x0000000003656690 code [0x00000000036567e0, 0x0000000003656990]
Event: 2.665 Thread 0x0000000017b68800 1421       3       com.android.dx.rop.code.BasicBlockList$RegCountVisitor::visitThrowingInsn (6 bytes)
Event: 2.665 Thread 0x0000000017b68800 nmethod 1421 0x0000000003656310 code [0x0000000003656480, 0x0000000003656608]
Event: 2.665 Thread 0x0000000017b68800 1423       3       com.android.dx.cf.attrib.AttLineNumberTable::byteLength (13 bytes)
Event: 2.665 Thread 0x0000000017b68800 nmethod 1423 0x0000000003655e50 code [0x0000000003655fc0, 0x0000000003656210]

GC Heap History (2 events):
Event: 1.749 GC heap before
{Heap before GC invocations=1 (full 0):
 PSYoungGen      total 38400K, used 33280K [0x00000000eab00000, 0x00000000ed580000, 0x0000000100000000)
  eden space 33280K, 100% used [0x00000000eab00000,0x00000000ecb80000,0x00000000ecb80000)
  from space 5120K, 0% used [0x00000000ed080000,0x00000000ed080000,0x00000000ed580000)
  to   space 5120K, 0% used [0x00000000ecb80000,0x00000000ecb80000,0x00000000ed080000)
 ParOldGen       total 87552K, used 0K [0x00000000c0000000, 0x00000000c5580000, 0x00000000eab00000)
  object space 87552K, 0% used [0x00000000c0000000,0x00000000c0000000,0x00000000c5580000)
 Metaspace       used 5924K, capacity 6836K, committed 7040K, reserved 1056768K
  class space    used 595K, capacity 620K, committed 640K, reserved 1048576K
Event: 1.998 GC heap after
Heap after GC invocations=1 (full 0):
 PSYoungGen      total 38400K, used 5088K [0x00000000eab00000, 0x00000000ef600000, 0x0000000100000000)
  eden space 33280K, 0% used [0x00000000eab00000,0x00000000eab00000,0x00000000ecb80000)
  from space 5120K, 99% used [0x00000000ecb80000,0x00000000ed078098,0x00000000ed080000)
  to   space 5120K, 0% used [0x00000000ef100000,0x00000000ef100000,0x00000000ef600000)
 ParOldGen       total 87552K, used 1293K [0x00000000c0000000, 0x00000000c5580000, 0x00000000eab00000)
  object space 87552K, 1% used [0x00000000c0000000,0x00000000c0143760,0x00000000c5580000)
 Metaspace       used 5924K, capacity 6836K, committed 7040K, reserved 1056768K
  class space    used 595K, capacity 620K, committed 640K, reserved 1048576K
}

Deoptimization events (3 events):
Event: 1.171 Thread 0x0000000017e6d800 Uncommon trap: reason=unstable_if action=reinterpret pc=0x00000000032cf010 method=java.util.HashMap.getNode(ILjava/lang/Object;)Ljava/util/HashMap$Node; @ 62
Event: 2.637 Thread 0x0000000017eba000 Uncommon trap: reason=bimorphic action=maybe_recompile pc=0x00000000036162d0 method=com.android.dx.cf.code.BytecodeArray.parseInstruction(ILcom/android/dx/cf/code/BytecodeArray$Visitor;)I @ 1130
Event: 2.637 Thread 0x0000000017eba000 Uncommon trap: reason=unstable_if action=reinterpret pc=0x0000000003619a30 method=com.android.dx.cf.code.ByteCatchList.listFor(I)Lcom/android/dx/cf/code/ByteCatchList; @ 47

Internal exceptions (2 events):
Event: 0.153 Thread 0x0000000002fc0800 Exception <a 'java/lang/NoSuchMethodError': Method sun.misc.Unsafe.defineClass(Ljava/lang/String;[BII)Ljava/lang/Class; name or signature does not match> (0x00000000eab07cc0) thrown at [D:\re\workspace\8-2-build-windows-amd64-cygwin\jdk8u92\6642\hotspot\sr;Rvú√?
Event: 0.153 Thread 0x0000000002fc0800 Exception <a 'java/lang/NoSuchMethodError': Method sun.misc.Unsafe.prefetchRead(Ljava/lang/Object;J)V name or signature does not match> (0x00000000eab07fa8) thrown at [D:\re\workspace\8-2-build-windows-amd64-cygwin\jdk8u92\6642\hotspot\src\share\vm\prims\j

Events (10 events):
Event: 2.149 Thread 0x0000000017e6d800 DEOPT PACKING pc=0x000000000342df25 sp=0x00000000190ce920
Event: 2.149 Thread 0x0000000017e6d800 DEOPT UNPACKING pc=0x000000000310787f sp=0x00000000190ce710 mode 0
Event: 2.154 Thread 0x0000000017eb9800 DEOPT PACKING pc=0x000000000342df25 sp=0x00000000192ceb80
Event: 2.154 Thread 0x0000000017eb9800 DEOPT UNPACKING pc=0x000000000310787f sp=0x00000000192ce960 mode 0
Event: 2.637 Thread 0x0000000017eba000 Uncommon trap: trap_request=0xffffffc6 fr.pc=0x00000000036162d0
Event: 2.637 Thread 0x0000000017eba000 DEOPT PACKING pc=0x00000000036162d0 sp=0x00000000193ce6e0
Event: 2.637 Thread 0x0000000017eba000 DEOPT UNPACKING pc=0x000000000310582a sp=0x00000000193ce6a8 mode 2
Event: 2.637 Thread 0x0000000017eba000 Uncommon trap: trap_request=0xffffff65 fr.pc=0x0000000003619a30
Event: 2.637 Thread 0x0000000017eba000 DEOPT PACKING pc=0x0000000003619a30 sp=0x00000000193ce870
Event: 2.637 Thread 0x0000000017eba000 DEOPT UNPACKING pc=0x000000000310582a sp=0x00000000193ce6c0 mode 2


Dynamic libraries:
0x00007ff76ba40000 - 0x00007ff76ba77000 	D:\java\JDK\bin\java.exe
0x00007ffb927a0000 - 0x00007ffb92971000 	C:\WINDOWS\SYSTEM32\ntdll.dll
0x00007ffb8fdf0000 - 0x00007ffb8fe9c000 	C:\WINDOWS\System32\KERNEL32.DLL
0x00007ffb8f800000 - 0x00007ffb8fa1d000 	C:\WINDOWS\System32\KERNELBASE.dll
0x00007ffb90d40000 - 0x00007ffb90de2000 	C:\WINDOWS\System32\ADVAPI32.dll
0x00007ffb90550000 - 0x00007ffb905ee000 	C:\WINDOWS\System32\msvcrt.dll
0x00007ffb90ff0000 - 0x00007ffb91049000 	C:\WINDOWS\System32\sechost.dll
0x00007ffb90ab0000 - 0x00007ffb90bd1000 	C:\WINDOWS\System32\RPCRT4.dll
0x00007ffb90e80000 - 0x00007ffb90fe5000 	C:\WINDOWS\System32\USER32.dll
0x00007ffb8fca0000 - 0x00007ffb8fcbe000 	C:\WINDOWS\System32\win32u.dll
0x00007ffb8fea0000 - 0x00007ffb8fed4000 	C:\WINDOWS\System32\GDI32.dll
0x00007ffb8ec90000 - 0x00007ffb8ee12000 	C:\WINDOWS\System32\gdi32full.dll
0x00007ffb7d960000 - 0x00007ffb7dbda000 	C:\WINDOWS\WinSxS\amd64_microsoft.windows.common-controls_6595b64144ccf1df_6.0.14393.953_none_42151e83c686086b\COMCTL32.dll
0x00007ffb90760000 - 0x00007ffb90a28000 	C:\WINDOWS\System32\combase.dll
0x00007ffb8f500000 - 0x00007ffb8f5f5000 	C:\WINDOWS\System32\ucrtbase.dll
0x00007ffb8fcc0000 - 0x00007ffb8fd2a000 	C:\WINDOWS\System32\bcryptPrimitives.dll
0x00007ffb8fee0000 - 0x00007ffb8ff0e000 	C:\WINDOWS\System32\IMM32.DLL
0x0000000061280000 - 0x0000000061352000 	D:\java\JDK\jre\bin\msvcr100.dll
0x00000000609e0000 - 0x0000000061276000 	D:\java\JDK\jre\bin\server\jvm.dll
0x00007ffb90a40000 - 0x00007ffb90a48000 	C:\WINDOWS\System32\PSAPI.DLL
0x00007ffb8cc40000 - 0x00007ffb8cc63000 	C:\WINDOWS\SYSTEM32\WINMM.dll
0x00007ffb82250000 - 0x00007ffb82259000 	C:\WINDOWS\SYSTEM32\WSOCK32.dll
0x00007ffb83410000 - 0x00007ffb8341a000 	C:\WINDOWS\SYSTEM32\VERSION.dll
0x00007ffb90690000 - 0x00007ffb906fa000 	C:\WINDOWS\System32\WS2_32.dll
0x00007ffb8cba0000 - 0x00007ffb8cbcb000 	C:\WINDOWS\SYSTEM32\WINMMBASE.dll
0x00007ffb8f660000 - 0x00007ffb8f6a2000 	C:\WINDOWS\System32\cfgmgr32.dll
0x00000000609d0000 - 0x00000000609df000 	D:\java\JDK\jre\bin\verify.dll
0x00000000609a0000 - 0x00000000609c9000 	D:\java\JDK\jre\bin\java.dll
0x0000000060980000 - 0x0000000060996000 	D:\java\JDK\jre\bin\zip.dll
0x00007ffb91150000 - 0x00007ffb92658000 	C:\WINDOWS\System32\SHELL32.dll
0x00007ffb8ee20000 - 0x00007ffb8f4fa000 	C:\WINDOWS\System32\windows.storage.dll
0x00007ffb8ec20000 - 0x00007ffb8ec6c000 	C:\WINDOWS\System32\powrprof.dll
0x00007ffb90a50000 - 0x00007ffb90aa2000 	C:\WINDOWS\System32\shlwapi.dll
0x00007ffb8ec70000 - 0x00007ffb8ec7f000 	C:\WINDOWS\System32\kernel.appcore.dll
0x00007ffb8fbf0000 - 0x00007ffb8fc99000 	C:\WINDOWS\System32\shcore.dll
0x00007ffb8ec00000 - 0x00007ffb8ec14000 	C:\WINDOWS\System32\profapi.dll

VM Arguments:
jvm_args: -Djava.awt.headless=true -Xmx1024M -Dfile.encoding=GBK -Duser.country=CN -Duser.language=zh -Duser.variant 
java_command: com.android.dx.command.Main --dex --num-threads=4 --multi-dex --output G:\nav\Navigation\app\build\intermediates\transforms\dex\debug\folders\1000\2\AMap_Search_V3.4.0_20160811_b3d629faecdf378e2ef75c950726127627f98557 G:\nav\Navigation\app\libs\AMap_Search_V3.4.0_20160811.jar
java_class_path (initial): D:\java\SDK\build-tools\25.0.3\lib\dx.jar
Launcher Type: SUN_STANDARD

Environment Variables:
JAVA_HOME=D:\java\JDK
PATH=C:\ProgramData\Oracle\Java\javapath;C:\Program Files (x86)\Tesseract-OCR;C:\Python27\Scripts\;C:\WINDOWS\system32;C:\WINDOWS;C:\WINDOWS\System32\Wbem;C:\WINDOWS\System32\WindowsPowerShell\v1.0\;C:\Program Files\Microsoft SQL Server\110\Tools\Binn\;C:\Program Files\Microsoft SQL Server\120\Tools\Binn\;C:\WINDOWS\system32\config\systemprofile\.dnx\bin;C:\Program Files\Microsoft DNX\Dnvm\;C:\Program Files (x86)\Windows Kits\10\Windows Performance Toolkit\;C:\Python27;D:\Git\bin;C:\Program Files\MATLAB\MATLAB Runtime\v90\bin;C:\Program Files\MATLAB\MATLAB Runtime\v90\runtime\win64;D:\java\JDK\bin;D:\java\JRE\bin;C:\Program Files (x86)\IDM Computer Solutions\UltraEdit;D:\java\SDK\platform-tools;C:\Users\EdwardPC\AppData\Local\Microsoft\WindowsApps;C:\Users\EdwardPC\AppData\Roaming\npm;C:\Python27;C:\Python36;C:\Program Files\SQLite Expert\Personal 4;C:\Python27\Scripts\;C:\Program Files\MATLAB\MATLAB Runtime\v90\bin\win64;C:\Program Files\MATLAB\MATLAB Runtime\v90\bin;D:\java\SDK\platform-tools
USERNAME=EdwardPC
OS=Windows_NT
PROCESSOR_IDENTIFIER=Intel64 Family 6 Model 60 Stepping 3, GenuineIntel



---------------  S Y S T E M  ---------------

OS: Windows 10.0 , 64 bit Build 14393 (10.0.14393.1198)

CPU:total 8 (4 cores per cpu, 2 threads per core) family 6 model 60 stepping 3, cmov, cx8, fxsr, mmx, sse, sse2, sse3, ssse3, sse4.1, sse4.2, popcnt, avx, avx2, aes, clmul, erms, lzcnt, ht, tsc, tscinvbit, bmi1, bmi2

Memory: 4k page, physical 8277272k(2145180k free), swap 8277272k(730068k free)

vm_info: Java HotSpot(TM) 64-Bit Server VM (25.92-b14) for windows-amd64 JRE (1.8.0_92-b14), built on Mar 31 2016 21:03:04 by "java_re" with MS VC++ 10.0 (VS2010)

time: Thu Jun 15 11:21:50 2017
elapsed time: 2 seconds (0d 0h 0m 2s)

