#
# There is insufficient memory for the Java Runtime Environment to continue.
# Native memory allocation (malloc) failed to allocate 480104 bytes for AllocateHeap
# Possible reasons:
#   The system is out of physical RAM or swap space
#   In 32 bit mode, the process size limit was hit
# Possible solutions:
#   Reduce memory load on the system
#   Increase physical memory or swap space
#   Check if swap backing store is full
#   Use 64 bit Java on a 64 bit OS
#   Decrease Java heap size (-Xmx/-Xms)
#   Decrease number of Java threads
#   Decrease Java thread stack sizes (-Xss)
#   Set larger code cache with -XX:ReservedCodeCacheSize=
# This output file may be truncated or incomplete.
#
#  Out of Memory Error (memory/allocation.inline.hpp:61), pid=520, tid=0x0000000000004a4c
#
# JRE version:  (8.0_92-b14) (build )
# Java VM: Java HotSpot(TM) 64-Bit Server VM (25.92-b14 mixed mode windows-amd64 compressed oops)
# Failed to write core dump. Minidumps are not enabled by default on client versions of Windows
#

---------------  T H R E A D  ---------------

Current thread (0x0000000003162800):  JavaThread "Unknown thread" [_thread_in_vm, id=19020, stack(0x0000000003010000,0x0000000003110000)]

Stack: [0x0000000003010000,0x0000000003110000]
[error occurred during error reporting (printing stack bounds), id 0xc0000005]

Native frames: (J=compiled Java code, j=interpreted, Vv=VM code, C=native code)


---------------  P R O C E S S  ---------------

Java Threads: ( => current thread )

Other Threads:

=>0x0000000003162800 (exited) JavaThread "Unknown thread" [_thread_in_vm, id=19020, stack(0x0000000003010000,0x0000000003110000)]

VM state:not at safepoint (not fully initialized)

VM Mutex/Monitor currently owned by a thread: None

GC Heap History (0 events):
No events

Deoptimization events (0 events):
No events

Internal exceptions (0 events):
No events

Events (0 events):
No events


Dynamic libraries:
0x00007ff6a83d0000 - 0x00007ff6a8407000 	D:\java\JDK\bin\java.exe
0x00007ffa85140000 - 0x00007ffa85311000 	C:\WINDOWS\SYSTEM32\ntdll.dll
0x00007ffa84150000 - 0x00007ffa841fc000 	C:\WINDOWS\System32\KERNEL32.DLL
0x00007ffa822e0000 - 0x00007ffa824fd000 	C:\WINDOWS\System32\KERNELBASE.dll
0x00007ffa83be0000 - 0x00007ffa83c82000 	C:\WINDOWS\System32\ADVAPI32.dll
0x00007ffa83ed0000 - 0x00007ffa83f6e000 	C:\WINDOWS\System32\msvcrt.dll
0x00007ffa84d70000 - 0x00007ffa84dc9000 	C:\WINDOWS\System32\sechost.dll
0x00007ffa84fa0000 - 0x00007ffa850c1000 	C:\WINDOWS\System32\RPCRT4.dll
0x00007ffa83c90000 - 0x00007ffa83df5000 	C:\WINDOWS\System32\USER32.dll
0x00007ffa817b0000 - 0x00007ffa817ce000 	C:\WINDOWS\System32\win32u.dll
0x00007ffa83e00000 - 0x00007ffa83e34000 	C:\WINDOWS\System32\GDI32.dll
0x00007ffa81a80000 - 0x00007ffa81c00000 	C:\WINDOWS\System32\gdi32full.dll
0x00007ffa74d60000 - 0x00007ffa74fda000 	C:\WINDOWS\WinSxS\amd64_microsoft.windows.common-controls_6595b64144ccf1df_6.0.14393.953_none_42151e83c686086b\COMCTL32.dll
0x00007ffa84900000 - 0x00007ffa84bc8000 	C:\WINDOWS\System32\combase.dll
0x00007ffa816b0000 - 0x00007ffa817a5000 	C:\WINDOWS\System32\ucrtbase.dll
0x00007ffa81640000 - 0x00007ffa816aa000 	C:\WINDOWS\System32\bcryptPrimitives.dll
0x00007ffa83e40000 - 0x00007ffa83e6e000 	C:\WINDOWS\System32\IMM32.DLL
0x0000000071170000 - 0x0000000071242000 	D:\java\JDK\jre\bin\msvcr100.dll
0x000000006fab0000 - 0x0000000070346000 	D:\java\JDK\jre\bin\server\jvm.dll
0x00007ffa84e50000 - 0x00007ffa84e58000 	C:\WINDOWS\System32\PSAPI.DLL
0x00007ffa7c380000 - 0x00007ffa7c38a000 	C:\WINDOWS\SYSTEM32\VERSION.dll
0x00007ffa7f3c0000 - 0x00007ffa7f3e3000 	C:\WINDOWS\SYSTEM32\WINMM.dll
0x00000000014b0000 - 0x00000000014db000 	C:\WINDOWS\SYSTEM32\WINMMBASE.dll
0x00007ffa7f950000 - 0x00007ffa7f959000 	C:\WINDOWS\SYSTEM32\WSOCK32.dll
0x00007ffa818d0000 - 0x00007ffa81912000 	C:\WINDOWS\System32\cfgmgr32.dll
0x00007ffa84890000 - 0x00007ffa848fa000 	C:\WINDOWS\System32\WS2_32.dll
0x00000000725d0000 - 0x00000000725df000 	D:\java\JDK\jre\bin\verify.dll
0x00000000716e0000 - 0x0000000071709000 	D:\java\JDK\jre\bin\java.dll
0x00000000716c0000 - 0x00000000716d6000 	D:\java\JDK\jre\bin\zip.dll

VM Arguments:
jvm_args: -Djava.awt.headless=true -Xmx1024M -Dfile.encoding=GBK -Duser.country=CN -Duser.language=zh -Duser.variant 
java_command: com.android.dx.command.Main --dex --num-threads=4 --multi-dex --output G:\nav\Navigation\app\build\intermediates\transforms\dex\debug\folders\1000\2\ShareSDK-Wechat-Core-2.8.2_80dba3ff563a7dadd17e3341eb55dae342c6e4e9 G:\nav\Navigation\app\libs\ShareSDK-Wechat-Core-2.8.2.jar
java_class_path (initial): D:\java\SDK\build-tools\25.0.3\lib\dx.jar
Launcher Type: SUN_STANDARD

Environment Variables:
JAVA_HOME=D:\java\JDK
PATH=C:\ProgramData\Oracle\Java\javapath;C:\Program Files (x86)\Tesseract-OCR;C:\Python27\Scripts\;C:\WINDOWS\system32;C:\WINDOWS;C:\WINDOWS\System32\Wbem;C:\WINDOWS\System32\WindowsPowerShell\v1.0\;C:\Program Files\Microsoft SQL Server\110\Tools\Binn\;C:\Program Files\Microsoft SQL Server\120\Tools\Binn\;C:\WINDOWS\system32\config\systemprofile\.dnx\bin;C:\Program Files\Microsoft DNX\Dnvm\;C:\Program Files (x86)\Windows Kits\10\Windows Performance Toolkit\;C:\Python27;D:\Git\bin;C:\Program Files\MATLAB\MATLAB Runtime\v90\bin;C:\Program Files\MATLAB\MATLAB Runtime\v90\runtime\win64;D:\java\JDK\bin;D:\java\JRE\bin;C:\Program Files (x86)\IDM Computer Solutions\UltraEdit;D:\java\SDK\platform-tools;E:\wamp64\bin\php\php5.6.25;C:\ProgramData\ComposerSetup\bin;C:\Program Files\IDM Computer Solutions\UltraEdit;C:\Users\EdwardPC\AppData\Local\Microsoft\WindowsApps;C:\Users\EdwardPC\AppData\Roaming\npm;C:\Python27;C:\Python36;C:\Program Files\SQLite Expert\Personal 4;C:\Python27\Scripts\;C:\Program Files\MATLAB\MATLAB Runtime\v90\bin\win64;C:\Program Files\MATLAB\MATLAB Runtime\v90\bin;D:\java\SDK\platform-tools;C:\Users\EdwardPC\AppData\Roaming\Composer\vendor\bin
USERNAME=EdwardPC
OS=Windows_NT
PROCESSOR_IDENTIFIER=Intel64 Family 6 Model 60 Stepping 3, GenuineIntel



---------------  S Y S T E M  ---------------

OS: Windows 10.0 , 64 bit Build 14393 (10.0.14393.1198)

CPU:total 8 (4 cores per cpu, 2 threads per core) family 6 model 60 stepping 3, cmov, cx8, fxsr, mmx, sse, sse2, sse3, ssse3, sse4.1, sse4.2, popcnt, avx, avx2, aes, clmul, erms, lzcnt, ht, tsc, tscinvbit, bmi1, bmi2

Memory: 4k page, physical 8277272k(1044752k free), swap 8277272k(360212k free)

vm_info: Java HotSpot(TM) 64-Bit Server VM (25.92-b14) for windows-amd64 JRE (1.8.0_92-b14), built on Mar 31 2016 21:03:04 by "java_re" with MS VC++ 10.0 (VS2010)

time: Thu Jun 22 20:49:00 2017
elapsed time: 0 seconds (0d 0h 0m 0s)

