#
# There is insufficient memory for the Java Runtime Environment to continue.
# Native memory allocation (malloc) failed to allocate 65552 bytes for Chunk::new
# Possible reasons:
#   The system is out of physical RAM or swap space
#   In 32 bit mode, the process size limit was hit
# Possible solutions:
#   Reduce memory load on the system
#   Increase physical memory or swap space
#   Check if swap backing store is full
#   Use 64 bit Java on a 64 bit OS
#   Decrease Java heap size (-Xmx/-Xms)
#   Decrease number of Java threads
#   Decrease Java thread stack sizes (-Xss)
#   Set larger code cache with -XX:ReservedCodeCacheSize=
# This output file may be truncated or incomplete.
#
#  Out of Memory Error (allocation.cpp:390), pid=3980, tid=0x000000000000194c
#
# JRE version: Java(TM) SE Runtime Environment (8.0_92-b14) (build 1.8.0_92-b14)
# Java VM: Java HotSpot(TM) 64-Bit Server VM (25.92-b14 mixed mode windows-amd64 compressed oops)
# Failed to write core dump. Minidumps are not enabled by default on client versions of Windows
#

---------------  T H R E A D  ---------------

Current thread (0x0000000017c35800):  JavaThread "C2 CompilerThread0" daemon [_thread_in_native, id=6476, stack(0x00000000182b0000,0x00000000183b0000)]

Stack: [0x00000000182b0000,0x00000000183b0000]
[error occurred during error reporting (printing stack bounds), id 0xc0000005]

Native frames: (J=compiled Java code, j=interpreted, Vv=VM code, C=native code)


Current CompileTask:
C2:  14587 2173       4       com.android.dx.cf.code.Simulator$SimVisitor::visitConstant (332 bytes)


---------------  P R O C E S S  ---------------

Java Threads: ( => current thread )
  0x00000000188d1000 JavaThread "pool-1-thread-4" [_thread_blocked, id=15312, stack(0x00000000194b0000,0x00000000195b0000)]
  0x00000000188d0800 JavaThread "pool-1-thread-3" [_thread_blocked, id=16444, stack(0x00000000193b0000,0x00000000194b0000)]
  0x0000000017fae000 JavaThread "pool-1-thread-2" [_thread_in_Java, id=16116, stack(0x00000000192b0000,0x00000000193b0000)]
  0x0000000017eef800 JavaThread "pool-2-thread-1" [_thread_blocked, id=11224, stack(0x00000000191b0000,0x00000000192b0000)]
  0x0000000017eee000 JavaThread "pool-1-thread-1" [_thread_blocked, id=628, stack(0x00000000190b0000,0x00000000191b0000)]
  0x0000000017c4d000 JavaThread "Service Thread" daemon [_thread_blocked, id=12272, stack(0x00000000186b0000,0x00000000187b0000)]
  0x0000000017c43800 JavaThread "C1 CompilerThread3" daemon [_thread_blocked, id=14516, stack(0x00000000185b0000,0x00000000186b0000)]
  0x0000000017c3c800 JavaThread "C2 CompilerThread2" daemon [_thread_in_native, id=17044, stack(0x00000000184b0000,0x00000000185b0000)]
  0x0000000017c37800 JavaThread "C2 CompilerThread1" daemon [_thread_in_native, id=14116, stack(0x00000000183b0000,0x00000000184b0000)]
=>0x0000000017c35800 JavaThread "C2 CompilerThread0" daemon [_thread_in_native, id=6476, stack(0x00000000182b0000,0x00000000183b0000)]
  0x0000000017c33000 JavaThread "Attach Listener" daemon [_thread_blocked, id=9764, stack(0x00000000181b0000,0x00000000182b0000)]
  0x0000000017c32800 JavaThread "Signal Dispatcher" daemon [_thread_blocked, id=9444, stack(0x00000000180b0000,0x00000000181b0000)]
  0x0000000003199000 JavaThread "Finalizer" daemon [_thread_blocked, id=10832, stack(0x0000000017fb0000,0x00000000180b0000)]
  0x0000000003195000 JavaThread "Reference Handler" daemon [_thread_blocked, id=8576, stack(0x0000000017ab0000,0x0000000017bb0000)]
  0x00000000030a0800 JavaThread "main" [_thread_blocked, id=12848, stack(0x0000000002ea0000,0x0000000002fa0000)]

Other Threads:
  0x0000000015cba000 VMThread [stack: 0x00000000179b0000,0x0000000017ab0000] [id=16512]
  0x0000000017c52800 WatcherThread [stack: 0x00000000187b0000,0x00000000188b0000] [id=3060]

VM state:not at safepoint (normal execution)

VM Mutex/Monitor currently owned by a thread: None

Heap:
 PSYoungGen      total 71680K, used 35971K [0x00000000eab00000, 0x00000000ef600000, 0x0000000100000000)
  eden space 66560K, 46% used [0x00000000eab00000,0x00000000ec922ba0,0x00000000eec00000)
  from space 5120K, 99% used [0x00000000eec00000,0x00000000ef0fe078,0x00000000ef100000)
  to   space 5120K, 0% used [0x00000000ef100000,0x00000000ef100000,0x00000000ef600000)
 ParOldGen       total 87552K, used 26659K [0x00000000c0000000, 0x00000000c5580000, 0x00000000eab00000)
  object space 87552K, 30% used [0x00000000c0000000,0x00000000c1a08da0,0x00000000c5580000)
 Metaspace       used 6445K, capacity 7156K, committed 7296K, reserved 1056768K
  class space    used 601K, capacity 620K, committed 640K, reserved 1048576K

Card table byte_map: [0x0000000012560000,0x0000000012770000] byte_map_base: 0x0000000011f60000

Marking Bits: (ParMarkBitMap*) 0x00000000586e64f0
 Begin Bits: [0x00000000130d0000, 0x00000000140d0000)
 End Bits:   [0x00000000140d0000, 0x00000000150d0000)

Polling page: 0x0000000001460000

CodeCache: size=245760Kb used=9654Kb max_used=9664Kb free=236105Kb
 bounds [0x00000000031a0000, 0x0000000003b30000, 0x00000000121a0000]
 total_blobs=2399 nmethods=2127 adapters=184
 compilation: enabled

Compilation events (10 events):
Event: 14.343 Thread 0x0000000017c37800 nmethod 2164 0x0000000003ac1d50 code [0x0000000003ac1ea0, 0x0000000003ac22b8]
Event: 14.358 Thread 0x0000000017c37800 2169       4       com.android.dx.ssa.LocalVariableExtractor::doit (59 bytes)
Event: 14.366 Thread 0x0000000017c37800 nmethod 2169 0x0000000003afb7d0 code [0x0000000003afb940, 0x0000000003afbc68]
Event: 14.371 Thread 0x0000000017c37800 2170       4       com.android.dx.ssa.SsaConverter::edgeSplitMoveExceptionsAndResults (157 bytes)
Event: 14.488 Thread 0x0000000017c35800 nmethod 2163 0x0000000003b18cd0 code [0x0000000003b190c0, 0x0000000003b1c628]
Event: 14.488 Thread 0x0000000017c35800 2171       4       com.android.dx.cf.code.BaseMachine::popArgs (72 bytes)
Event: 14.508 Thread 0x0000000017c35800 nmethod 2171 0x0000000003b0da90 code [0x0000000003b0dc60, 0x0000000003b0e668]
Event: 14.510 Thread 0x0000000017c43800 2172       3       com.android.dx.ssa.back.FirstFitLocalCombiningAllocator::handleNormalUnassociated (99 bytes)
Event: 14.511 Thread 0x0000000017c43800 nmethod 2172 0x0000000003aebe50 code [0x0000000003aec100, 0x0000000003aed4b8]
Event: 14.537 Thread 0x0000000017c35800 2173       4       com.android.dx.cf.code.Simulator$SimVisitor::visitConstant (332 bytes)

GC Heap History (10 events):
Event: 3.021 GC heap before
{Heap before GC invocations=1 (full 0):
 PSYoungGen      total 38400K, used 33280K [0x00000000eab00000, 0x00000000ed580000, 0x0000000100000000)
  eden space 33280K, 100% used [0x00000000eab00000,0x00000000ecb80000,0x00000000ecb80000)
  from space 5120K, 0% used [0x00000000ed080000,0x00000000ed080000,0x00000000ed580000)
  to   space 5120K, 0% used [0x00000000ecb80000,0x00000000ecb80000,0x00000000ed080000)
 ParOldGen       total 87552K, used 0K [0x00000000c0000000, 0x00000000c5580000, 0x00000000eab00000)
  object space 87552K, 0% used [0x00000000c0000000,0x00000000c0000000,0x00000000c5580000)
 Metaspace       used 5820K, capacity 6708K, committed 6784K, reserved 1056768K
  class space    used 599K, capacity 620K, committed 640K, reserved 1048576K
Event: 3.033 GC heap after
Heap after GC invocations=1 (full 0):
 PSYoungGen      total 38400K, used 4885K [0x00000000eab00000, 0x00000000ed580000, 0x0000000100000000)
  eden space 33280K, 0% used [0x00000000eab00000,0x00000000eab00000,0x00000000ecb80000)
  from space 5120K, 95% used [0x00000000ecb80000,0x00000000ed045668,0x00000000ed080000)
  to   space 5120K, 0% used [0x00000000ed080000,0x00000000ed080000,0x00000000ed580000)
 ParOldGen       total 87552K, used 8K [0x00000000c0000000, 0x00000000c5580000, 0x00000000eab00000)
  object space 87552K, 0% used [0x00000000c0000000,0x00000000c0002000,0x00000000c5580000)
 Metaspace       used 5820K, capacity 6708K, committed 6784K, reserved 1056768K
  class space    used 599K, capacity 620K, committed 640K, reserved 1048576K
}
Event: 3.869 GC heap before
{Heap before GC invocations=2 (full 0):
 PSYoungGen      total 38400K, used 38165K [0x00000000eab00000, 0x00000000ed580000, 0x0000000100000000)
  eden space 33280K, 100% used [0x00000000eab00000,0x00000000ecb80000,0x00000000ecb80000)
  from space 5120K, 95% used [0x00000000ecb80000,0x00000000ed045668,0x00000000ed080000)
  to   space 5120K, 0% used [0x00000000ed080000,0x00000000ed080000,0x00000000ed580000)
 ParOldGen       total 87552K, used 8K [0x00000000c0000000, 0x00000000c5580000, 0x00000000eab00000)
  object space 87552K, 0% used [0x00000000c0000000,0x00000000c0002000,0x00000000c5580000)
 Metaspace       used 6147K, capacity 7028K, committed 7296K, reserved 1056768K
  class space    used 600K, capacity 620K, committed 640K, reserved 1048576K
Event: 3.883 GC heap after
Heap after GC invocations=2 (full 0):
 PSYoungGen      total 38400K, used 5119K [0x00000000eab00000, 0x00000000ed580000, 0x0000000100000000)
  eden space 33280K, 0% used [0x00000000eab00000,0x00000000eab00000,0x00000000ecb80000)
  from space 5120K, 99% used [0x00000000ed080000,0x00000000ed57fc88,0x00000000ed580000)
  to   space 5120K, 0% used [0x00000000ecb80000,0x00000000ecb80000,0x00000000ed080000)
 ParOldGen       total 87552K, used 3021K [0x00000000c0000000, 0x00000000c5580000, 0x00000000eab00000)
  object space 87552K, 3% used [0x00000000c0000000,0x00000000c02f3410,0x00000000c5580000)
 Metaspace       used 6147K, capacity 7028K, committed 7296K, reserved 1056768K
  class space    used 600K, capacity 620K, committed 640K, reserved 1048576K
}
Event: 4.703 GC heap before
{Heap before GC invocations=3 (full 0):
 PSYoungGen      total 38400K, used 38399K [0x00000000eab00000, 0x00000000ed580000, 0x0000000100000000)
  eden space 33280K, 100% used [0x00000000eab00000,0x00000000ecb80000,0x00000000ecb80000)
  from space 5120K, 99% used [0x00000000ed080000,0x00000000ed57fc88,0x00000000ed580000)
  to   space 5120K, 0% used [0x00000000ecb80000,0x00000000ecb80000,0x00000000ed080000)
 ParOldGen       total 87552K, used 3021K [0x00000000c0000000, 0x00000000c5580000, 0x00000000eab00000)
  object space 87552K, 3% used [0x00000000c0000000,0x00000000c02f3410,0x00000000c5580000)
 Metaspace       used 6267K, capacity 7092K, committed 7296K, reserved 1056768K
  class space    used 600K, capacity 620K, committed 640K, reserved 1048576K
Event: 4.728 GC heap after
Heap after GC invocations=3 (full 0):
 PSYoungGen      total 38400K, used 5115K [0x00000000eab00000, 0x00000000ef600000, 0x0000000100000000)
  eden space 33280K, 0% used [0x00000000eab00000,0x00000000eab00000,0x00000000ecb80000)
  from space 5120K, 99% used [0x00000000ecb80000,0x00000000ed07ef00,0x00000000ed080000)
  to   space 5120K, 0% used [0x00000000ef100000,0x00000000ef100000,0x00000000ef600000)
 ParOldGen       total 87552K, used 8438K [0x00000000c0000000, 0x00000000c5580000, 0x00000000eab00000)
  object space 87552K, 9% used [0x00000000c0000000,0x00000000c083d960,0x00000000c5580000)
 Metaspace       used 6267K, capacity 7092K, committed 7296K, reserved 1056768K
  class space    used 600K, capacity 620K, committed 640K, reserved 1048576K
}
Event: 5.026 GC heap before
{Heap before GC invocations=4 (full 0):
 PSYoungGen      total 38400K, used 38395K [0x00000000eab00000, 0x00000000ef600000, 0x0000000100000000)
  eden space 33280K, 100% used [0x00000000eab00000,0x00000000ecb80000,0x00000000ecb80000)
  from space 5120K, 99% used [0x00000000ecb80000,0x00000000ed07ef00,0x00000000ed080000)
  to   space 5120K, 0% used [0x00000000ef100000,0x00000000ef100000,0x00000000ef600000)
 ParOldGen       total 87552K, used 8438K [0x00000000c0000000, 0x00000000c5580000, 0x00000000eab00000)
  object space 87552K, 9% used [0x00000000c0000000,0x00000000c083d960,0x00000000c5580000)
 Metaspace       used 6318K, capacity 7092K, committed 7296K, reserved 1056768K
  class space    used 600K, capacity 620K, committed 640K, reserved 1048576K
Event: 5.152 GC heap after
Heap after GC invocations=4 (full 0):
 PSYoungGen      total 71680K, used 5112K [0x00000000eab00000, 0x00000000ef600000, 0x0000000100000000)
  eden space 66560K, 0% used [0x00000000eab00000,0x00000000eab00000,0x00000000eec00000)
  from space 5120K, 99% used [0x00000000ef100000,0x00000000ef5fe068,0x00000000ef600000)
  to   space 5120K, 0% used [0x00000000eec00000,0x00000000eec00000,0x00000000ef100000)
 ParOldGen       total 87552K, used 14588K [0x00000000c0000000, 0x00000000c5580000, 0x00000000eab00000)
  object space 87552K, 16% used [0x00000000c0000000,0x00000000c0e3f0a8,0x00000000c5580000)
 Metaspace       used 6318K, capacity 7092K, committed 7296K, reserved 1056768K
  class space    used 600K, capacity 620K, committed 640K, reserved 1048576K
}
Event: 8.208 GC heap before
{Heap before GC invocations=5 (full 0):
 PSYoungGen      total 71680K, used 71672K [0x00000000eab00000, 0x00000000ef600000, 0x0000000100000000)
  eden space 66560K, 100% used [0x00000000eab00000,0x00000000eec00000,0x00000000eec00000)
  from space 5120K, 99% used [0x00000000ef100000,0x00000000ef5fe068,0x00000000ef600000)
  to   space 5120K, 0% used [0x00000000eec00000,0x00000000eec00000,0x00000000ef100000)
 ParOldGen       total 87552K, used 14588K [0x00000000c0000000, 0x00000000c5580000, 0x00000000eab00000)
  object space 87552K, 16% used [0x00000000c0000000,0x00000000c0e3f0a8,0x00000000c5580000)
 Metaspace       used 6436K, capacity 7156K, committed 7296K, reserved 1056768K
  class space    used 601K, capacity 620K, committed 640K, reserved 1048576K
Event: 8.404 GC heap after
Heap after GC invocations=5 (full 0):
 PSYoungGen      total 71680K, used 5112K [0x00000000eab00000, 0x00000000ef600000, 0x0000000100000000)
  eden space 66560K, 0% used [0x00000000eab00000,0x00000000eab00000,0x00000000eec00000)
  from space 5120K, 99% used [0x00000000eec00000,0x00000000ef0fe078,0x00000000ef100000)
  to   space 5120K, 0% used [0x00000000ef100000,0x00000000ef100000,0x00000000ef600000)
 ParOldGen       total 87552K, used 26659K [0x00000000c0000000, 0x00000000c5580000, 0x00000000eab00000)
  object space 87552K, 30% used [0x00000000c0000000,0x00000000c1a08da0,0x00000000c5580000)
 Metaspace       used 6436K, capacity 7156K, committed 7296K, reserved 1056768K
  class space    used 601K, capacity 620K, committed 640K, reserved 1048576K
}

Deoptimization events (10 events):
Event: 4.672 Thread 0x00000000188d1000 Uncommon trap: reason=class_check action=maybe_recompile pc=0x00000000038110f0 method=com.android.dx.ssa.SCCP.setLatticeValueTo(IILcom/android/dx/rop/cst/Constant;)Z @ 43
Event: 4.672 Thread 0x00000000188d1000 Uncommon trap: reason=class_check action=maybe_recompile pc=0x00000000038110f0 method=com.android.dx.ssa.SCCP.setLatticeValueTo(IILcom/android/dx/rop/cst/Constant;)Z @ 43
Event: 4.766 Thread 0x0000000017eee000 Uncommon trap: reason=unstable_if action=reinterpret pc=0x00000000035c8d74 method=java.util.HashMap.putVal(ILjava/lang/Object;Ljava/lang/Object;ZZ)Ljava/lang/Object; @ 162
Event: 4.767 Thread 0x0000000017eee000 Uncommon trap: reason=unstable_if action=reinterpret pc=0x000000000340c508 method=java.util.HashMap.getNode(ILjava/lang/Object;)Ljava/util/HashMap$Node; @ 84
Event: 4.930 Thread 0x00000000030a0800 Uncommon trap: reason=unstable_if action=reinterpret pc=0x000000000377f2f0 method=com.android.dx.ssa.SCCP.simulateBranch(Lcom/android/dx/ssa/SsaInsn;)V @ 548
Event: 4.937 Thread 0x00000000030a0800 Uncommon trap: reason=class_check action=maybe_recompile pc=0x0000000003844fec method=com.android.dx.cf.code.RopperMachine.run(Lcom/android/dx/cf/code/Frame;II)V @ 1024
Event: 5.215 Thread 0x00000000030a0800 Uncommon trap: reason=unstable_if action=reinterpret pc=0x00000000036a0f18 method=com.android.dx.ssa.SCCP.simulateStmt(Lcom/android/dx/ssa/SsaInsn;)V @ 53
Event: 5.219 Thread 0x00000000188d0800 Uncommon trap: reason=unstable_if action=reinterpret pc=0x00000000036df9b8 method=com.android.dx.util.BitIntSet.has(I)Z @ 8
Event: 14.146 Thread 0x0000000017fae000 Uncommon trap: reason=unstable_if action=reinterpret pc=0x0000000003b010f8 method=com.android.dx.ssa.InterferenceRegisterMapper.interferes(III)Z @ 69
Event: 14.185 Thread 0x0000000017fae000 Uncommon trap: reason=unstable_if action=reinterpret pc=0x0000000003ab2b38 method=com.android.dx.ssa.InterferenceRegisterMapper.interferes(III)Z @ 69

Internal exceptions (3 events):
Event: 0.792 Thread 0x00000000030a0800 Exception <a 'java/lang/NoSuchMethodError': Method sun.misc.Unsafe.defineClass(Ljava/lang/String;[BII)Ljava/lang/Class; name or signature does not match> (0x00000000eab07cc0) thrown at [D:\re\workspace\8-2-build-windows-amd64-cygwin\jdk8u92\6642\hotspot\sry~O¥OZé?
Event: 0.792 Thread 0x00000000030a0800 Exception <a 'java/lang/NoSuchMethodError': Method sun.misc.Unsafe.prefetchRead(Ljava/lang/Object;J)V name or signature does not match> (0x00000000eab07fa8) thrown at [D:\re\workspace\8-2-build-windows-amd64-cygwin\jdk8u92\6642\hotspot\src\share\vm\prims\jï¢ƒÞ@
Event: 4.006 Thread 0x00000000188d0800 Implicit null exception at 0x000000000340f122 to 0x000000000340f21a

Events (10 events):
Event: 10.575 Thread 0x00000000188d0800 DEOPT PACKING pc=0x0000000003589ab9 sp=0x00000000194aed60
Event: 10.575 Thread 0x00000000188d0800 DEOPT UNPACKING pc=0x00000000031e787f sp=0x00000000194aeaf0 mode 0
Event: 10.883 Thread 0x00000000188d0800 DEOPT PACKING pc=0x0000000003629761 sp=0x00000000194aed40
Event: 10.885 Thread 0x00000000188d0800 DEOPT UNPACKING pc=0x00000000031e787f sp=0x00000000194aeb20 mode 0
Event: 14.146 Thread 0x0000000017fae000 Uncommon trap: trap_request=0xffffff65 fr.pc=0x0000000003b010f8
Event: 14.146 Thread 0x0000000017fae000 DEOPT PACKING pc=0x0000000003b010f8 sp=0x00000000193ae940
Event: 14.146 Thread 0x0000000017fae000 DEOPT UNPACKING pc=0x00000000031e582a sp=0x00000000193ae838 mode 2
Event: 14.185 Thread 0x0000000017fae000 Uncommon trap: trap_request=0xffffff65 fr.pc=0x0000000003ab2b38
Event: 14.185 Thread 0x0000000017fae000 DEOPT PACKING pc=0x0000000003ab2b38 sp=0x00000000193ae8d0
Event: 14.185 Thread 0x0000000017fae000 DEOPT UNPACKING pc=0x00000000031e582a sp=0x00000000193ae860 mode 2


Dynamic libraries:
0x00007ff622aa0000 - 0x00007ff622ad7000 	D:\java\JDK\bin\java.exe
0x00007ff8e03c0000 - 0x00007ff8e0591000 	C:\WINDOWS\SYSTEM32\ntdll.dll
0x00007ff8ddf20000 - 0x00007ff8ddfcb000 	C:\WINDOWS\System32\KERNEL32.DLL
0x00007ff8dd1b0000 - 0x00007ff8dd3cd000 	C:\WINDOWS\System32\KERNELBASE.dll
0x00007ff8e0210000 - 0x00007ff8e02b2000 	C:\WINDOWS\System32\ADVAPI32.dll
0x00007ff8e0120000 - 0x00007ff8e01be000 	C:\WINDOWS\System32\msvcrt.dll
0x00007ff8ddfd0000 - 0x00007ff8de029000 	C:\WINDOWS\System32\sechost.dll
0x00007ff8de3b0000 - 0x00007ff8de4d1000 	C:\WINDOWS\System32\RPCRT4.dll
0x00007ff8de240000 - 0x00007ff8de3a5000 	C:\WINDOWS\System32\USER32.dll
0x00007ff8dd090000 - 0x00007ff8dd0ae000 	C:\WINDOWS\System32\win32u.dll
0x00007ff8e01c0000 - 0x00007ff8e01f4000 	C:\WINDOWS\System32\GDI32.dll
0x00007ff8dd710000 - 0x00007ff8dd892000 	C:\WINDOWS\System32\gdi32full.dll
0x00007ff8cb9d0000 - 0x00007ff8cbc4a000 	C:\WINDOWS\WinSxS\amd64_microsoft.windows.common-controls_6595b64144ccf1df_6.0.14393.953_none_42151e83c686086b\COMCTL32.dll
0x00007ff8dd950000 - 0x00007ff8ddc18000 	C:\WINDOWS\System32\combase.dll
0x00007ff8dd0b0000 - 0x00007ff8dd1a5000 	C:\WINDOWS\System32\ucrtbase.dll
0x00007ff8dd600000 - 0x00007ff8dd66a000 	C:\WINDOWS\System32\bcryptPrimitives.dll
0x00007ff8de9d0000 - 0x00007ff8de9fe000 	C:\WINDOWS\System32\IMM32.DLL
0x0000000057dc0000 - 0x0000000057e92000 	D:\java\JDK\jre\bin\msvcr100.dll
0x0000000057ed0000 - 0x0000000058766000 	D:\java\JDK\jre\bin\server\jvm.dll
0x00007ff8de590000 - 0x00007ff8de598000 	C:\WINDOWS\System32\PSAPI.DLL
0x00007ff8d6e20000 - 0x00007ff8d6e29000 	C:\WINDOWS\SYSTEM32\WSOCK32.dll
0x00007ff8dea60000 - 0x00007ff8deaca000 	C:\WINDOWS\System32\WS2_32.dll
0x00007ff8dab00000 - 0x00007ff8dab23000 	C:\WINDOWS\SYSTEM32\WINMM.dll
0x00007ff8d9de0000 - 0x00007ff8d9dea000 	C:\WINDOWS\SYSTEM32\VERSION.dll
0x00007ff8da400000 - 0x00007ff8da42b000 	C:\WINDOWS\SYSTEM32\WINMMBASE.dll
0x00007ff8dcf90000 - 0x00007ff8dcfd2000 	C:\WINDOWS\System32\cfgmgr32.dll
0x0000000058de0000 - 0x0000000058def000 	D:\java\JDK\jre\bin\verify.dll
0x0000000058db0000 - 0x0000000058dd9000 	D:\java\JDK\jre\bin\java.dll
0x0000000058d90000 - 0x0000000058da6000 	D:\java\JDK\jre\bin\zip.dll
0x00007ff8debf0000 - 0x00007ff8e00f9000 	C:\WINDOWS\System32\SHELL32.dll
0x00007ff8dc8b0000 - 0x00007ff8dcf8a000 	C:\WINDOWS\System32\windows.storage.dll
0x00007ff8dc860000 - 0x00007ff8dc8ac000 	C:\WINDOWS\System32\powrprof.dll
0x00007ff8dead0000 - 0x00007ff8deb22000 	C:\WINDOWS\System32\shlwapi.dll
0x00007ff8dc850000 - 0x00007ff8dc85f000 	C:\WINDOWS\System32\kernel.appcore.dll
0x00007ff8dcfe0000 - 0x00007ff8dd089000 	C:\WINDOWS\System32\shcore.dll
0x00007ff8dc820000 - 0x00007ff8dc834000 	C:\WINDOWS\System32\profapi.dll

VM Arguments:
jvm_args: -Djava.awt.headless=true -Xmx1024M -Dfile.encoding=GBK -Duser.country=CN -Duser.language=zh -Duser.variant 
java_command: com.android.dx.command.Main --dex --num-threads=4 --output G:\nav\Navigation\app\build\intermediates\pre-dexed\debug\com.google.android.gms-play-services-basement-8.1.0_dcfe1e2e9cc17c35b4086ab98e51105b94de0ff9.jar G:\nav\Navigation\app\build\intermediates\exploded-aar\com.google.android.gms\play-services-basement\8.1.0\jars\classes.jar
java_class_path (initial): D:\java\SDK\build-tools\23.0.3\lib\dx.jar
Launcher Type: SUN_STANDARD

Environment Variables:
JAVA_HOME=D:\java\JDK
PATH=C:\Program Files (x86)\Tesseract-OCR;C:\Python27\Scripts\;C:\WINDOWS\system32;C:\WINDOWS;C:\WINDOWS\System32\Wbem;C:\WINDOWS\System32\WindowsPowerShell\v1.0\;C:\Program Files\Microsoft SQL Server\110\Tools\Binn\;C:\Program Files\Microsoft SQL Server\120\Tools\Binn\;C:\WINDOWS\system32\config\systemprofile\.dnx\bin;C:\Program Files\Microsoft DNX\Dnvm\;C:\Program Files (x86)\Windows Kits\10\Windows Performance Toolkit\;C:\Python27;D:\Git\bin;C:\Program Files\MATLAB\MATLAB Runtime\v90\bin;C:\Program Files\MATLAB\MATLAB Runtime\v90\runtime\win64;D:\java\JDK\bin;D:\java\JRE\bin;C:\Program Files (x86)\IDM Computer Solutions\UltraEdit;C:\Users\EdwardPC\AppData\Local\Microsoft\WindowsApps;C:\Users\EdwardPC\AppData\Roaming\npm;C:\Python27;C:\Python36;C:\Program Files\SQLite Expert\Personal 4;C:\Python27\Scripts\;C:\Program Files\MATLAB\MATLAB Runtime\v90\bin\win64;C:\Program Files\MATLAB\MATLAB Runtime\v90\bin
USERNAME=EdwardPC
OS=Windows_NT
PROCESSOR_IDENTIFIER=Intel64 Family 6 Model 60 Stepping 3, GenuineIntel



---------------  S Y S T E M  ---------------

OS: Windows 10.0 , 64 bit Build 14393 (10.0.14393.0)

CPU:total 8 (4 cores per cpu, 2 threads per core) family 6 model 60 stepping 3, cmov, cx8, fxsr, mmx, sse, sse2, sse3, ssse3, sse4.1, sse4.2, popcnt, avx, avx2, aes, clmul, erms, lzcnt, ht, tsc, tscinvbit, bmi1, bmi2

Memory: 4k page, physical 8277272k(1229712k free), swap 8277272k(4080k free)

vm_info: Java HotSpot(TM) 64-Bit Server VM (25.92-b14) for windows-amd64 JRE (1.8.0_92-b14), built on Mar 31 2016 21:03:04 by "java_re" with MS VC++ 10.0 (VS2010)

time: Wed May 10 19:50:52 2017
elapsed time: 14 seconds (0d 0h 0m 14s)

