#
# There is insufficient memory for the Java Runtime Environment to continue.
# Native memory allocation (malloc) failed to allocate 204576 bytes for Chunk::new
# Possible reasons:
#   The system is out of physical RAM or swap space
#   In 32 bit mode, the process size limit was hit
# Possible solutions:
#   Reduce memory load on the system
#   Increase physical memory or swap space
#   Check if swap backing store is full
#   Use 64 bit Java on a 64 bit OS
#   Decrease Java heap size (-Xmx/-Xms)
#   Decrease number of Java threads
#   Decrease Java thread stack sizes (-Xss)
#   Set larger code cache with -XX:ReservedCodeCacheSize=
# This output file may be truncated or incomplete.
#
#  Out of Memory Error (allocation.cpp:390), pid=18860, tid=0x00000000000012d0
#
# JRE version: Java(TM) SE Runtime Environment (8.0_92-b14) (build 1.8.0_92-b14)
# Java VM: Java HotSpot(TM) 64-Bit Server VM (25.92-b14 mixed mode windows-amd64 compressed oops)
# Failed to write core dump. Minidumps are not enabled by default on client versions of Windows
#

---------------  T H R E A D  ---------------

Current thread (0x00000000180ee000):  JavaThread "C2 CompilerThread2" daemon [_thread_in_native, id=4816, stack(0x0000000018960000,0x0000000018a60000)]

Stack: [0x0000000018960000,0x0000000018a60000]
[error occurred during error reporting (printing stack bounds), id 0xc0000005]

Native frames: (J=compiled Java code, j=interpreted, Vv=VM code, C=native code)


Current CompileTask:
C2:   1698 1188       4       com.android.dx.rop.code.RopMethod::labelToPredecessors (54 bytes)


---------------  P R O C E S S  ---------------

Java Threads: ( => current thread )
  0x00000000183a7000 JavaThread "pool-2-thread-4" [_thread_blocked, id=20820, stack(0x0000000019160000,0x0000000019260000)]
  0x000000001825b000 JavaThread "pool-3-thread-1" [_thread_blocked, id=19904, stack(0x0000000018e60000,0x0000000018f60000)]
  0x0000000018193000 JavaThread "Service Thread" daemon [_thread_blocked, id=19564, stack(0x0000000018b60000,0x0000000018c60000)]
  0x00000000180f6800 JavaThread "C1 CompilerThread3" daemon [_thread_blocked, id=11048, stack(0x0000000018a60000,0x0000000018b60000)]
=>0x00000000180ee000 JavaThread "C2 CompilerThread2" daemon [_thread_in_native, id=4816, stack(0x0000000018960000,0x0000000018a60000)]
  0x000000001619e000 JavaThread "C2 CompilerThread1" daemon [_thread_blocked, id=20608, stack(0x0000000018860000,0x0000000018960000)]
  0x000000001619b800 JavaThread "C2 CompilerThread0" daemon [_thread_in_native, id=15560, stack(0x0000000018760000,0x0000000018860000)]
  0x000000001809c000 JavaThread "Attach Listener" daemon [_thread_blocked, id=16596, stack(0x0000000018660000,0x0000000018760000)]
  0x000000001809b000 JavaThread "Signal Dispatcher" daemon [_thread_blocked, id=18972, stack(0x0000000018560000,0x0000000018660000)]
  0x0000000018080800 JavaThread "Finalizer" daemon [_thread_blocked, id=17080, stack(0x0000000018460000,0x0000000018560000)]
  0x0000000003664000 JavaThread "Reference Handler" daemon [_thread_blocked, id=14724, stack(0x0000000017f60000,0x0000000018060000)]
  0x0000000003570800 JavaThread "main" [_thread_blocked, id=11592, stack(0x0000000003470000,0x0000000003570000)]

Other Threads:
  0x0000000016189000 VMThread [stack: 0x0000000017e60000,0x0000000017f60000] [id=18052]
  0x00000000181ee800 WatcherThread [stack: 0x0000000018c60000,0x0000000018d60000] [id=17492]

VM state:not at safepoint (normal execution)

VM Mutex/Monitor currently owned by a thread: None

Heap:
 PSYoungGen      total 38400K, used 6238K [0x00000000eab00000, 0x00000000ed580000, 0x0000000100000000)
  eden space 33280K, 3% used [0x00000000eab00000,0x00000000eac1e260,0x00000000ecb80000)
  from space 5120K, 99% used [0x00000000ecb80000,0x00000000ed079970,0x00000000ed080000)
  to   space 5120K, 0% used [0x00000000ed080000,0x00000000ed080000,0x00000000ed580000)
 ParOldGen       total 87552K, used 1199K [0x00000000c0000000, 0x00000000c5580000, 0x00000000eab00000)
  object space 87552K, 1% used [0x00000000c0000000,0x00000000c012bf68,0x00000000c5580000)
 Metaspace       used 6016K, capacity 6902K, committed 7040K, reserved 1056768K
  class space    used 602K, capacity 622K, committed 640K, reserved 1048576K

Card table byte_map: [0x0000000012a30000,0x0000000012c40000] byte_map_base: 0x0000000012430000

Marking Bits: (ParMarkBitMap*) 0x00000000611f64f0
 Begin Bits: [0x00000000135a0000, 0x00000000145a0000)
 End Bits:   [0x00000000145a0000, 0x00000000155a0000)

Polling page: 0x00000000017f0000

CodeCache: size=245760Kb used=4866Kb max_used=4866Kb free=240893Kb
 bounds [0x0000000003670000, 0x0000000003b40000, 0x0000000012670000]
 total_blobs=1457 nmethods=1186 adapters=184
 compilation: enabled

Compilation events (10 events):
Event: 1.691 Thread 0x00000000180f6800 nmethod 1176 0x0000000003b2f790 code [0x0000000003b2f920, 0x0000000003b2fcc8]
Event: 1.692 Thread 0x00000000180ee000 1188       4       com.android.dx.rop.code.RopMethod::labelToPredecessors (54 bytes)
Event: 1.693 Thread 0x00000000180f6800 1189       1       com.android.dx.rop.code.ThrowingInsn::getCatches (5 bytes)
Event: 1.693 Thread 0x00000000180f6800 nmethod 1189 0x0000000003b2fe50 code [0x0000000003b2ffa0, 0x0000000003b300b0]
Event: 1.694 Thread 0x00000000180f6800 1190       3       com.android.dx.rop.code.Rops::opGetField (97 bytes)
Event: 1.694 Thread 0x000000001619b800 1191       4       com.android.dx.rop.code.BasicBlockList::set (12 bytes)
Event: 1.694 Thread 0x00000000180f6800 nmethod 1190 0x0000000003b30110 code [0x0000000003b30340, 0x0000000003b30fb8]
Event: 1.694 Thread 0x00000000180f6800 1192       3       com.android.dx.util.MutabilityControl::<init> (10 bytes)
Event: 1.695 Thread 0x00000000180f6800 nmethod 1192 0x0000000003b31550 code [0x0000000003b316a0, 0x0000000003b31850]
Event: 1.695 Thread 0x00000000180f6800 1193       3       com.android.dx.ssa.SsaMethod::makeExitBlock (134 bytes)

GC Heap History (2 events):
Event: 1.339 GC heap before
{Heap before GC invocations=1 (full 0):
 PSYoungGen      total 38400K, used 33280K [0x00000000eab00000, 0x00000000ed580000, 0x0000000100000000)
  eden space 33280K, 100% used [0x00000000eab00000,0x00000000ecb80000,0x00000000ecb80000)
  from space 5120K, 0% used [0x00000000ed080000,0x00000000ed080000,0x00000000ed580000)
  to   space 5120K, 0% used [0x00000000ecb80000,0x00000000ecb80000,0x00000000ed080000)
 ParOldGen       total 87552K, used 0K [0x00000000c0000000, 0x00000000c5580000, 0x00000000eab00000)
  object space 87552K, 0% used [0x00000000c0000000,0x00000000c0000000,0x00000000c5580000)
 Metaspace       used 5982K, capacity 6902K, committed 7040K, reserved 1056768K
  class space    used 602K, capacity 622K, committed 640K, reserved 1048576K
Event: 1.651 GC heap after
Heap after GC invocations=1 (full 0):
 PSYoungGen      total 38400K, used 5094K [0x00000000eab00000, 0x00000000ed580000, 0x0000000100000000)
  eden space 33280K, 0% used [0x00000000eab00000,0x00000000eab00000,0x00000000ecb80000)
  from space 5120K, 99% used [0x00000000ecb80000,0x00000000ed079970,0x00000000ed080000)
  to   space 5120K, 0% used [0x00000000ed080000,0x00000000ed080000,0x00000000ed580000)
 ParOldGen       total 87552K, used 1199K [0x00000000c0000000, 0x00000000c5580000, 0x00000000eab00000)
  object space 87552K, 1% used [0x00000000c0000000,0x00000000c012bf68,0x00000000c5580000)
 Metaspace       used 5982K, capacity 6902K, committed 7040K, reserved 1056768K
  class space    used 602K, capacity 622K, committed 640K, reserved 1048576K
}

Deoptimization events (9 events):
Event: 0.733 Thread 0x0000000018269000 Uncommon trap: reason=bimorphic action=maybe_recompile pc=0x000000000385326c method=java.util.HashMap.getNode(ILjava/lang/Object;)Ljava/util/HashMap$Node; @ 126
Event: 0.824 Thread 0x00000000183a7000 Uncommon trap: reason=null_check action=make_not_entrant pc=0x000000000391a528 method=com.android.dx.rop.type.Type.equals(Ljava/lang/Object;)Z @ 8
Event: 0.921 Thread 0x0000000018264800 Uncommon trap: reason=unstable_if action=reinterpret pc=0x00000000038d29f4 method=java.util.BitSet.ensureCapacity(I)V @ 6
Event: 1.105 Thread 0x00000000183a7000 Uncommon trap: reason=class_check action=maybe_recompile pc=0x0000000003a7e66c method=com.android.dx.ssa.NormalSsaInsn.accept(Lcom/android/dx/ssa/SsaInsn$Visitor;)V @ 9
Event: 1.108 Thread 0x00000000183a7000 Uncommon trap: reason=class_check action=maybe_recompile pc=0x00000000038d12f0 method=com.android.dx.ssa.NormalSsaInsn.accept(Lcom/android/dx/ssa/SsaInsn$Visitor;)V @ 9
Event: 1.130 Thread 0x00000000183a7000 Uncommon trap: reason=class_check action=maybe_recompile pc=0x0000000003a7e66c method=com.android.dx.ssa.NormalSsaInsn.accept(Lcom/android/dx/ssa/SsaInsn$Visitor;)V @ 9
Event: 1.130 Thread 0x00000000183a7000 Uncommon trap: reason=class_check action=maybe_recompile pc=0x00000000038d12f0 method=com.android.dx.ssa.NormalSsaInsn.accept(Lcom/android/dx/ssa/SsaInsn$Visitor;)V @ 9
Event: 1.130 Thread 0x00000000183a7000 Uncommon trap: reason=class_check action=maybe_recompile pc=0x00000000038dd170 method=com.android.dx.ssa.NormalSsaInsn.accept(Lcom/android/dx/ssa/SsaInsn$Visitor;)V @ 9
Event: 1.131 Thread 0x00000000183a7000 Uncommon trap: reason=class_check action=maybe_recompile pc=0x0000000003a7e66c method=com.android.dx.ssa.NormalSsaInsn.accept(Lcom/android/dx/ssa/SsaInsn$Visitor;)V @ 9

Internal exceptions (3 events):
Event: 0.068 Thread 0x0000000003570800 Exception <a 'java/lang/NoSuchMethodError': Method sun.misc.Unsafe.defineClass(Ljava/lang/String;[BII)Ljava/lang/Class; name or signature does not match> (0x00000000eab07cc0) thrown at [D:\re\workspace\8-2-build-windows-amd64-cygwin\jdk8u92\6642\hotspot\srÅi8tÄ|±?
Event: 0.068 Thread 0x0000000003570800 Exception <a 'java/lang/NoSuchMethodError': Method sun.misc.Unsafe.prefetchRead(Ljava/lang/Object;J)V name or signature does not match> (0x00000000eab07fa8) thrown at [D:\re\workspace\8-2-build-windows-amd64-cygwin\jdk8u92\6642\hotspot\src\share\vm\prims\jö@¿ú˚YÍ?
Event: 0.823 Thread 0x00000000183a7000 Implicit null exception at 0x000000000391a422 to 0x000000000391a51a

Events (10 events):
Event: 1.130 Thread 0x00000000183a7000 DEOPT PACKING pc=0x00000000038dd170 sp=0x000000001925e740
Event: 1.130 Thread 0x00000000183a7000 DEOPT UNPACKING pc=0x00000000036b582a sp=0x000000001925e690 mode 2
Event: 1.131 Thread 0x00000000183a7000 Uncommon trap: trap_request=0xffffffde fr.pc=0x0000000003a7e66c
Event: 1.131 Thread 0x00000000183a7000 DEOPT PACKING pc=0x0000000003a7e66c sp=0x000000001925eb20
Event: 1.131 Thread 0x00000000183a7000 DEOPT UNPACKING pc=0x00000000036b582a sp=0x000000001925ea30 mode 2
Event: 1.137 Thread 0x0000000018264800 Thread exited: 0x0000000018264800
Event: 1.137 Thread 0x0000000018269000 Thread exited: 0x0000000018269000
Event: 1.169 Thread 0x000000001825e000 Thread exited: 0x000000001825e000
Event: 1.339 Executing VM operation: ParallelGCFailedAllocation
Event: 1.651 Executing VM operation: ParallelGCFailedAllocation done


Dynamic libraries:
0x00007ff76ba40000 - 0x00007ff76ba77000 	D:\java\JDK\bin\java.exe
0x00007ffb927a0000 - 0x00007ffb92971000 	C:\WINDOWS\SYSTEM32\ntdll.dll
0x00007ffb8fdf0000 - 0x00007ffb8fe9c000 	C:\WINDOWS\System32\KERNEL32.DLL
0x00007ffb8f800000 - 0x00007ffb8fa1d000 	C:\WINDOWS\System32\KERNELBASE.dll
0x00007ffb90d40000 - 0x00007ffb90de2000 	C:\WINDOWS\System32\ADVAPI32.dll
0x00007ffb90550000 - 0x00007ffb905ee000 	C:\WINDOWS\System32\msvcrt.dll
0x00007ffb90ff0000 - 0x00007ffb91049000 	C:\WINDOWS\System32\sechost.dll
0x00007ffb90ab0000 - 0x00007ffb90bd1000 	C:\WINDOWS\System32\RPCRT4.dll
0x00007ffb90e80000 - 0x00007ffb90fe5000 	C:\WINDOWS\System32\USER32.dll
0x00007ffb8fca0000 - 0x00007ffb8fcbe000 	C:\WINDOWS\System32\win32u.dll
0x00007ffb8fea0000 - 0x00007ffb8fed4000 	C:\WINDOWS\System32\GDI32.dll
0x00007ffb8ec90000 - 0x00007ffb8ee12000 	C:\WINDOWS\System32\gdi32full.dll
0x00007ffb7d960000 - 0x00007ffb7dbda000 	C:\WINDOWS\WinSxS\amd64_microsoft.windows.common-controls_6595b64144ccf1df_6.0.14393.953_none_42151e83c686086b\COMCTL32.dll
0x00007ffb90760000 - 0x00007ffb90a28000 	C:\WINDOWS\System32\combase.dll
0x00007ffb8f500000 - 0x00007ffb8f5f5000 	C:\WINDOWS\System32\ucrtbase.dll
0x00007ffb8fcc0000 - 0x00007ffb8fd2a000 	C:\WINDOWS\System32\bcryptPrimitives.dll
0x00007ffb8fee0000 - 0x00007ffb8ff0e000 	C:\WINDOWS\System32\IMM32.DLL
0x0000000061280000 - 0x0000000061352000 	D:\java\JDK\jre\bin\msvcr100.dll
0x00000000609e0000 - 0x0000000061276000 	D:\java\JDK\jre\bin\server\jvm.dll
0x00007ffb90a40000 - 0x00007ffb90a48000 	C:\WINDOWS\System32\PSAPI.DLL
0x00007ffb82250000 - 0x00007ffb82259000 	C:\WINDOWS\SYSTEM32\WSOCK32.dll
0x00007ffb83410000 - 0x00007ffb8341a000 	C:\WINDOWS\SYSTEM32\VERSION.dll
0x00007ffb8cc40000 - 0x00007ffb8cc63000 	C:\WINDOWS\SYSTEM32\WINMM.dll
0x00007ffb90690000 - 0x00007ffb906fa000 	C:\WINDOWS\System32\WS2_32.dll
0x0000000003010000 - 0x000000000303b000 	C:\WINDOWS\SYSTEM32\WINMMBASE.dll
0x00007ffb8f660000 - 0x00007ffb8f6a2000 	C:\WINDOWS\System32\cfgmgr32.dll
0x00000000609d0000 - 0x00000000609df000 	D:\java\JDK\jre\bin\verify.dll
0x00000000609a0000 - 0x00000000609c9000 	D:\java\JDK\jre\bin\java.dll
0x0000000060980000 - 0x0000000060996000 	D:\java\JDK\jre\bin\zip.dll
0x00007ffb91150000 - 0x00007ffb92658000 	C:\WINDOWS\System32\SHELL32.dll
0x00007ffb8ee20000 - 0x00007ffb8f4fa000 	C:\WINDOWS\System32\windows.storage.dll
0x00007ffb8ec20000 - 0x00007ffb8ec6c000 	C:\WINDOWS\System32\powrprof.dll
0x00007ffb90a50000 - 0x00007ffb90aa2000 	C:\WINDOWS\System32\shlwapi.dll
0x00007ffb8ec70000 - 0x00007ffb8ec7f000 	C:\WINDOWS\System32\kernel.appcore.dll
0x00007ffb8fbf0000 - 0x00007ffb8fc99000 	C:\WINDOWS\System32\shcore.dll
0x00007ffb8ec00000 - 0x00007ffb8ec14000 	C:\WINDOWS\System32\profapi.dll

VM Arguments:
jvm_args: -Djava.awt.headless=true -Xmx1024M -Dfile.encoding=GBK -Duser.country=CN -Duser.language=zh -Duser.variant 
java_command: com.android.dx.command.Main --dex --num-threads=4 --multi-dex --output G:\nav\Navigation\app\build\intermediates\transforms\dex\debug\folders\1000\2\ShareSDK-Wechat-Core-2.8.2_80dba3ff563a7dadd17e3341eb55dae342c6e4e9 G:\nav\Navigation\app\libs\ShareSDK-Wechat-Core-2.8.2.jar
java_class_path (initial): D:\java\SDK\build-tools\25.0.3\lib\dx.jar
Launcher Type: SUN_STANDARD

Environment Variables:
JAVA_HOME=D:\java\JDK
PATH=C:\ProgramData\Oracle\Java\javapath;C:\Program Files (x86)\Tesseract-OCR;C:\Python27\Scripts\;C:\WINDOWS\system32;C:\WINDOWS;C:\WINDOWS\System32\Wbem;C:\WINDOWS\System32\WindowsPowerShell\v1.0\;C:\Program Files\Microsoft SQL Server\110\Tools\Binn\;C:\Program Files\Microsoft SQL Server\120\Tools\Binn\;C:\WINDOWS\system32\config\systemprofile\.dnx\bin;C:\Program Files\Microsoft DNX\Dnvm\;C:\Program Files (x86)\Windows Kits\10\Windows Performance Toolkit\;C:\Python27;D:\Git\bin;C:\Program Files\MATLAB\MATLAB Runtime\v90\bin;C:\Program Files\MATLAB\MATLAB Runtime\v90\runtime\win64;D:\java\JDK\bin;D:\java\JRE\bin;C:\Program Files (x86)\IDM Computer Solutions\UltraEdit;D:\java\SDK\platform-tools;C:\Users\EdwardPC\AppData\Local\Microsoft\WindowsApps;C:\Users\EdwardPC\AppData\Roaming\npm;C:\Python27;C:\Python36;C:\Program Files\SQLite Expert\Personal 4;C:\Python27\Scripts\;C:\Program Files\MATLAB\MATLAB Runtime\v90\bin\win64;C:\Program Files\MATLAB\MATLAB Runtime\v90\bin;D:\java\SDK\platform-tools
USERNAME=EdwardPC
OS=Windows_NT
PROCESSOR_IDENTIFIER=Intel64 Family 6 Model 60 Stepping 3, GenuineIntel



---------------  S Y S T E M  ---------------

OS: Windows 10.0 , 64 bit Build 14393 (10.0.14393.1198)

CPU:total 8 (4 cores per cpu, 2 threads per core) family 6 model 60 stepping 3, cmov, cx8, fxsr, mmx, sse, sse2, sse3, ssse3, sse4.1, sse4.2, popcnt, avx, avx2, aes, clmul, erms, lzcnt, ht, tsc, tscinvbit, bmi1, bmi2

Memory: 4k page, physical 8277272k(1917636k free), swap 8277272k(5876k free)

vm_info: Java HotSpot(TM) 64-Bit Server VM (25.92-b14) for windows-amd64 JRE (1.8.0_92-b14), built on Mar 31 2016 21:03:04 by "java_re" with MS VC++ 10.0 (VS2010)

time: Thu Jun 15 11:21:41 2017
elapsed time: 1 seconds (0d 0h 0m 1s)

