#
# There is insufficient memory for the Java Runtime Environment to continue.
# Native memory allocation (malloc) failed to allocate 192256 bytes for Chunk::new
# Possible reasons:
#   The system is out of physical RAM or swap space
#   In 32 bit mode, the process size limit was hit
# Possible solutions:
#   Reduce memory load on the system
#   Increase physical memory or swap space
#   Check if swap backing store is full
#   Use 64 bit Java on a 64 bit OS
#   Decrease Java heap size (-Xmx/-Xms)
#   Decrease number of Java threads
#   Decrease Java thread stack sizes (-Xss)
#   Set larger code cache with -XX:ReservedCodeCacheSize=
# This output file may be truncated or incomplete.
#
#  Out of Memory Error (allocation.cpp:390), pid=19636, tid=0x000000000000394c
#
# JRE version: Java(TM) SE Runtime Environment (8.0_92-b14) (build 1.8.0_92-b14)
# Java VM: Java HotSpot(TM) 64-Bit Server VM (25.92-b14 mixed mode windows-amd64 compressed oops)
# Failed to write core dump. Minidumps are not enabled by default on client versions of Windows
#

---------------  T H R E A D  ---------------

Current thread (0x0000000017219000):  JavaThread "C2 CompilerThread1" daemon [_thread_in_native, id=14668, stack(0x00000000179f0000,0x0000000017af0000)]

Stack: [0x00000000179f0000,0x0000000017af0000]
[error occurred during error reporting (printing stack bounds), id 0xc0000005]

Native frames: (J=compiled Java code, j=interpreted, Vv=VM code, C=native code)


Current CompileTask:
C2:   1761 1038 %     4       com.android.dx.ssa.SsaMethod::deleteInsns @ 42 (239 bytes)


---------------  P R O C E S S  ---------------

Java Threads: ( => current thread )
  0x00000000174a0000 JavaThread "pool-2-thread-4" [_thread_blocked, id=19732, stack(0x00000000182f0000,0x00000000183f0000)]
  0x00000000173a2000 JavaThread "pool-2-thread-3" [_thread_in_Java, id=8552, stack(0x00000000181f0000,0x00000000182f0000)]
  0x0000000017391800 JavaThread "pool-2-thread-2" [_thread_in_vm, id=17288, stack(0x00000000180f0000,0x00000000181f0000)]
  0x0000000017390800 JavaThread "pool-3-thread-1" [_thread_blocked, id=1784, stack(0x0000000017ff0000,0x00000000180f0000)]
  0x0000000017399000 JavaThread "pool-2-thread-1" [_thread_in_Java, id=11140, stack(0x0000000017ef0000,0x0000000017ff0000)]
  0x0000000017289800 JavaThread "Service Thread" daemon [_thread_blocked, id=17744, stack(0x0000000017cf0000,0x0000000017df0000)]
  0x0000000017222000 JavaThread "C1 CompilerThread3" daemon [_thread_in_native, id=6468, stack(0x0000000017bf0000,0x0000000017cf0000)]
  0x000000001721d000 JavaThread "C2 CompilerThread2" daemon [_thread_in_native, id=6100, stack(0x0000000017af0000,0x0000000017bf0000)]
=>0x0000000017219000 JavaThread "C2 CompilerThread1" daemon [_thread_in_native, id=14668, stack(0x00000000179f0000,0x0000000017af0000)]
  0x00000000152bc800 JavaThread "C2 CompilerThread0" daemon [_thread_in_native, id=20140, stack(0x00000000178f0000,0x00000000179f0000)]
  0x00000000171cc000 JavaThread "Attach Listener" daemon [_thread_blocked, id=12452, stack(0x00000000177f0000,0x00000000178f0000)]
  0x00000000171cb000 JavaThread "Signal Dispatcher" daemon [_thread_blocked, id=10920, stack(0x00000000176f0000,0x00000000177f0000)]
  0x000000000278d800 JavaThread "Finalizer" daemon [_thread_blocked, id=14400, stack(0x0000000017590000,0x0000000017690000)]
  0x0000000002784000 JavaThread "Reference Handler" daemon [_thread_blocked, id=5016, stack(0x0000000017090000,0x0000000017190000)]
  0x0000000002690800 JavaThread "main" [_thread_blocked, id=7904, stack(0x0000000002200000,0x0000000002300000)]

Other Threads:
  0x00000000152a9000 VMThread [stack: 0x0000000016f90000,0x0000000017090000] [id=7108]
  0x00000000172d4800 WatcherThread [stack: 0x0000000017df0000,0x0000000017ef0000] [id=4928]

VM state:not at safepoint (normal execution)

VM Mutex/Monitor currently owned by a thread: None

Heap:
 PSYoungGen      total 38400K, used 29989K [0x00000000eab00000, 0x00000000ed580000, 0x0000000100000000)
  eden space 33280K, 90% used [0x00000000eab00000,0x00000000ec8497f0,0x00000000ecb80000)
  from space 5120K, 0% used [0x00000000ed080000,0x00000000ed080000,0x00000000ed580000)
  to   space 5120K, 0% used [0x00000000ecb80000,0x00000000ecb80000,0x00000000ed080000)
 ParOldGen       total 87552K, used 0K [0x00000000c0000000, 0x00000000c5580000, 0x00000000eab00000)
  object space 87552K, 0% used [0x00000000c0000000,0x00000000c0000000,0x00000000c5580000)
 Metaspace       used 5907K, capacity 6838K, committed 7040K, reserved 1056768K
  class space    used 602K, capacity 622K, committed 640K, reserved 1048576K

Card table byte_map: [0x0000000011b50000,0x0000000011d60000] byte_map_base: 0x0000000011550000

Marking Bits: (ParMarkBitMap*) 0x0000000064fd64f0
 Begin Bits: [0x00000000126c0000, 0x00000000136c0000)
 End Bits:   [0x00000000136c0000, 0x00000000146c0000)

Polling page: 0x0000000000a50000

CodeCache: size=245760Kb used=3948Kb max_used=3948Kb free=241811Kb
 bounds [0x0000000002790000, 0x0000000002b70000, 0x0000000011790000]
 total_blobs=1292 nmethods=1021 adapters=184
 compilation: enabled

Compilation events (10 events):
Event: 1.757 Thread 0x0000000017222000 nmethod 1036 0x0000000002b62e50 code [0x0000000002b63040, 0x0000000002b63b18]
Event: 1.757 Thread 0x0000000017222000 1037       3       com.android.dx.rop.type.Prototype::<init> (67 bytes)
Event: 1.758 Thread 0x0000000017222000 nmethod 1037 0x0000000002b69850 code [0x0000000002b69a00, 0x0000000002b69ee8]
Event: 1.758 Thread 0x0000000017222000 1023       3       com.android.dx.rop.code.BasicBlockList$RegCountVisitor::visitPlainCstInsn (6 bytes)
Event: 1.758 Thread 0x0000000017222000 nmethod 1023 0x0000000002b62a10 code [0x0000000002b62b80, 0x0000000002b62d08]
Event: 1.758 Thread 0x0000000017222000 1024       3       java.util.ArrayList::<init> (61 bytes)
Event: 1.758 Thread 0x0000000017222000 nmethod 1024 0x0000000002b6a0d0 code [0x0000000002b6a2e0, 0x0000000002b6ad58]
Event: 1.758 Thread 0x0000000017222000 1052       3       com.android.dx.ssa.SsaMethod$1::visitPhiInsn (17 bytes)
Event: 1.759 Thread 0x0000000017222000 nmethod 1052 0x0000000002b6b1d0 code [0x0000000002b6b340, 0x0000000002b6b730]
Event: 1.759 Thread 0x0000000017222000 1051       3       com.android.dx.ssa.SsaMethod$2::visitPhiInsn (6 bytes)

GC Heap History (0 events):
No events

Deoptimization events (8 events):
Event: 1.167 Thread 0x00000000173a2000 Uncommon trap: reason=bimorphic action=maybe_recompile pc=0x000000000297f9ac method=java.util.HashMap.getNode(ILjava/lang/Object;)Ljava/util/HashMap$Node; @ 126
Event: 1.208 Thread 0x0000000017391800 Uncommon trap: reason=bimorphic action=maybe_recompile pc=0x000000000297f9ac method=java.util.HashMap.getNode(ILjava/lang/Object;)Ljava/util/HashMap$Node; @ 126
Event: 1.328 Thread 0x0000000017391800 Uncommon trap: reason=unstable_if action=reinterpret pc=0x00000000029e86f4 method=java.util.BitSet.ensureCapacity(I)V @ 6
Event: 1.536 Thread 0x00000000173a2000 Uncommon trap: reason=class_check action=maybe_recompile pc=0x0000000002a069b0 method=com.android.dx.ssa.NormalSsaInsn.accept(Lcom/android/dx/ssa/SsaInsn$Visitor;)V @ 9
Event: 1.536 Thread 0x00000000173a2000 Uncommon trap: reason=class_check action=maybe_recompile pc=0x00000000029e3c30 method=com.android.dx.ssa.NormalSsaInsn.accept(Lcom/android/dx/ssa/SsaInsn$Visitor;)V @ 9
Event: 1.704 Thread 0x00000000173a2000 Uncommon trap: reason=class_check action=maybe_recompile pc=0x0000000002a069b0 method=com.android.dx.ssa.NormalSsaInsn.accept(Lcom/android/dx/ssa/SsaInsn$Visitor;)V @ 9
Event: 1.704 Thread 0x00000000173a2000 Uncommon trap: reason=class_check action=maybe_recompile pc=0x00000000029e3c30 method=com.android.dx.ssa.NormalSsaInsn.accept(Lcom/android/dx/ssa/SsaInsn$Visitor;)V @ 9
Event: 1.704 Thread 0x00000000173a2000 Uncommon trap: reason=class_check action=maybe_recompile pc=0x0000000002a069b0 method=com.android.dx.ssa.NormalSsaInsn.accept(Lcom/android/dx/ssa/SsaInsn$Visitor;)V @ 9

Internal exceptions (2 events):
Event: 0.164 Thread 0x0000000002690800 Exception <a 'java/lang/NoSuchMethodError': Method sun.misc.Unsafe.defineClass(Ljava/lang/String;[BII)Ljava/lang/Class; name or signature does not match> (0x00000000eab07cc0) thrown at [D:\re\workspace\8-2-build-windows-amd64-cygwin\jdk8u92\6642\hotspot\sr—ªÔí
öÄ?
Event: 0.164 Thread 0x0000000002690800 Exception <a 'java/lang/NoSuchMethodError': Method sun.misc.Unsafe.prefetchRead(Ljava/lang/Object;J)V name or signature does not match> (0x00000000eab07fa8) thrown at [D:\re\workspace\8-2-build-windows-amd64-cygwin\jdk8u92\6642\hotspot\src\share\vm\prims\j

Events (10 events):
Event: 1.704 Thread 0x00000000173a2000 DEOPT PACKING pc=0x0000000002a069b0 sp=0x00000000182ee7e0
Event: 1.704 Thread 0x00000000173a2000 DEOPT UNPACKING pc=0x00000000027d582a sp=0x00000000182ee720 mode 2
Event: 1.704 Thread 0x00000000173a2000 Uncommon trap: trap_request=0xffffffde fr.pc=0x00000000029e3c30
Event: 1.704 Thread 0x00000000173a2000 DEOPT PACKING pc=0x00000000029e3c30 sp=0x00000000182ee770
Event: 1.704 Thread 0x00000000173a2000 DEOPT UNPACKING pc=0x00000000027d582a sp=0x00000000182ee710 mode 2
Event: 1.704 Thread 0x00000000173a2000 Uncommon trap: trap_request=0xffffffde fr.pc=0x0000000002a069b0
Event: 1.704 Thread 0x00000000173a2000 DEOPT PACKING pc=0x0000000002a069b0 sp=0x00000000182ee7e0
Event: 1.704 Thread 0x00000000173a2000 DEOPT UNPACKING pc=0x00000000027d582a sp=0x00000000182ee720 mode 2
Event: 1.743 Thread 0x00000000174a0000 DEOPT PACKING pc=0x0000000002ae2ffa sp=0x00000000183ee760
Event: 1.743 Thread 0x00000000174a0000 DEOPT UNPACKING pc=0x00000000027d787f sp=0x00000000183ee4c8 mode 0


Dynamic libraries:
0x00007ff6bf840000 - 0x00007ff6bf877000 	D:\java\JDK\bin\java.exe
0x00007ffa54f30000 - 0x00007ffa55101000 	C:\WINDOWS\SYSTEM32\ntdll.dll
0x00007ffa54e80000 - 0x00007ffa54f2c000 	C:\WINDOWS\System32\KERNEL32.DLL
0x00007ffa514c0000 - 0x00007ffa516dd000 	C:\WINDOWS\System32\KERNELBASE.dll
0x00007ffa526b0000 - 0x00007ffa52752000 	C:\WINDOWS\System32\ADVAPI32.dll
0x00007ffa54a30000 - 0x00007ffa54ace000 	C:\WINDOWS\System32\msvcrt.dll
0x00007ffa545c0000 - 0x00007ffa54619000 	C:\WINDOWS\System32\sechost.dll
0x00007ffa528c0000 - 0x00007ffa529e1000 	C:\WINDOWS\System32\RPCRT4.dll
0x00007ffa54ad0000 - 0x00007ffa54c35000 	C:\WINDOWS\System32\USER32.dll
0x00007ffa519e0000 - 0x00007ffa519fe000 	C:\WINDOWS\System32\win32u.dll
0x00007ffa524c0000 - 0x00007ffa524f4000 	C:\WINDOWS\System32\GDI32.dll
0x00007ffa51850000 - 0x00007ffa519d2000 	C:\WINDOWS\System32\gdi32full.dll
0x00007ffa40940000 - 0x00007ffa40bba000 	C:\WINDOWS\WinSxS\amd64_microsoft.windows.common-controls_6595b64144ccf1df_6.0.14393.953_none_42151e83c686086b\COMCTL32.dll
0x00007ffa546f0000 - 0x00007ffa549b8000 	C:\WINDOWS\System32\combase.dll
0x00007ffa516e0000 - 0x00007ffa517d5000 	C:\WINDOWS\System32\ucrtbase.dll
0x00007ffa517e0000 - 0x00007ffa5184a000 	C:\WINDOWS\System32\bcryptPrimitives.dll
0x00007ffa54590000 - 0x00007ffa545be000 	C:\WINDOWS\System32\IMM32.DLL
0x0000000065060000 - 0x0000000065132000 	D:\java\JDK\jre\bin\msvcr100.dll
0x00000000647c0000 - 0x0000000065056000 	D:\java\JDK\jre\bin\server\jvm.dll
0x00007ffa54620000 - 0x00007ffa54628000 	C:\WINDOWS\System32\PSAPI.DLL
0x00007ffa4eb40000 - 0x00007ffa4eb49000 	C:\WINDOWS\SYSTEM32\WSOCK32.dll
0x00007ffa4f4b0000 - 0x00007ffa4f4d3000 	C:\WINDOWS\SYSTEM32\WINMM.dll
0x00007ffa4eaa0000 - 0x00007ffa4eaaa000 	C:\WINDOWS\SYSTEM32\VERSION.dll
0x00007ffa54e10000 - 0x00007ffa54e7a000 	C:\WINDOWS\System32\WS2_32.dll
0x0000000000a20000 - 0x0000000000a4b000 	C:\WINDOWS\SYSTEM32\WINMMBASE.dll
0x00007ffa51ab0000 - 0x00007ffa51af2000 	C:\WINDOWS\System32\cfgmgr32.dll
0x0000000066440000 - 0x000000006644f000 	D:\java\JDK\jre\bin\verify.dll
0x0000000066410000 - 0x0000000066439000 	D:\java\JDK\jre\bin\java.dll
0x00000000663f0000 - 0x0000000066406000 	D:\java\JDK\jre\bin\zip.dll
0x00007ffa529f0000 - 0x00007ffa53ef8000 	C:\WINDOWS\System32\SHELL32.dll
0x00007ffa51d80000 - 0x00007ffa5245a000 	C:\WINDOWS\System32\windows.storage.dll
0x00007ffa51390000 - 0x00007ffa513dc000 	C:\WINDOWS\System32\powrprof.dll
0x00007ffa54690000 - 0x00007ffa546e2000 	C:\WINDOWS\System32\shlwapi.dll
0x00007ffa513f0000 - 0x00007ffa513ff000 	C:\WINDOWS\System32\kernel.appcore.dll
0x00007ffa51a00000 - 0x00007ffa51aa9000 	C:\WINDOWS\System32\shcore.dll
0x00007ffa51400000 - 0x00007ffa51414000 	C:\WINDOWS\System32\profapi.dll

VM Arguments:
jvm_args: -Djava.awt.headless=true -Xmx1024M -Dfile.encoding=GBK -Duser.country=CN -Duser.language=zh -Duser.variant 
java_command: com.android.dx.command.Main --dex --num-threads=4 --multi-dex --output G:\nav\Navigation\app\build\intermediates\transforms\dex\debug\folders\1000\2\ShareSDK-Wechat-Core-2.8.2_80dba3ff563a7dadd17e3341eb55dae342c6e4e9 G:\nav\Navigation\app\libs\ShareSDK-Wechat-Core-2.8.2.jar
java_class_path (initial): D:\java\SDK\build-tools\25.0.3\lib\dx.jar
Launcher Type: SUN_STANDARD

Environment Variables:
JAVA_HOME=D:\java\JDK
PATH=C:\ProgramData\Oracle\Java\javapath;C:\Program Files (x86)\Tesseract-OCR;C:\Python27\Scripts\;C:\WINDOWS\system32;C:\WINDOWS;C:\WINDOWS\System32\Wbem;C:\WINDOWS\System32\WindowsPowerShell\v1.0\;C:\Program Files\Microsoft SQL Server\110\Tools\Binn\;C:\Program Files\Microsoft SQL Server\120\Tools\Binn\;C:\WINDOWS\system32\config\systemprofile\.dnx\bin;C:\Program Files\Microsoft DNX\Dnvm\;C:\Program Files (x86)\Windows Kits\10\Windows Performance Toolkit\;C:\Python27;D:\Git\bin;C:\Program Files\MATLAB\MATLAB Runtime\v90\bin;C:\Program Files\MATLAB\MATLAB Runtime\v90\runtime\win64;D:\java\JDK\bin;D:\java\JRE\bin;C:\Program Files (x86)\IDM Computer Solutions\UltraEdit;D:\java\SDK\platform-tools;C:\Users\EdwardPC\AppData\Local\Microsoft\WindowsApps;C:\Users\EdwardPC\AppData\Roaming\npm;C:\Python27;C:\Python36;C:\Program Files\SQLite Expert\Personal 4;C:\Python27\Scripts\;C:\Program Files\MATLAB\MATLAB Runtime\v90\bin\win64;C:\Program Files\MATLAB\MATLAB Runtime\v90\bin;D:\java\SDK\platform-tools
USERNAME=EdwardPC
OS=Windows_NT
PROCESSOR_IDENTIFIER=Intel64 Family 6 Model 60 Stepping 3, GenuineIntel



---------------  S Y S T E M  ---------------

OS: Windows 10.0 , 64 bit Build 14393 (10.0.14393.1198)

CPU:total 8 (4 cores per cpu, 2 threads per core) family 6 model 60 stepping 3, cmov, cx8, fxsr, mmx, sse, sse2, sse3, ssse3, sse4.1, sse4.2, popcnt, avx, avx2, aes, clmul, erms, lzcnt, ht, tsc, tscinvbit, bmi1, bmi2

Memory: 4k page, physical 8277272k(981780k free), swap 8277272k(2228k free)

vm_info: Java HotSpot(TM) 64-Bit Server VM (25.92-b14) for windows-amd64 JRE (1.8.0_92-b14), built on Mar 31 2016 21:03:04 by "java_re" with MS VC++ 10.0 (VS2010)

time: Fri Jun 09 11:45:16 2017
elapsed time: 1 seconds (0d 0h 0m 1s)

