#
# There is insufficient memory for the Java Runtime Environment to continue.
# Native memory allocation (malloc) failed to allocate 398224 bytes for Chunk::new
# Possible reasons:
#   The system is out of physical RAM or swap space
#   In 32 bit mode, the process size limit was hit
# Possible solutions:
#   Reduce memory load on the system
#   Increase physical memory or swap space
#   Check if swap backing store is full
#   Use 64 bit Java on a 64 bit OS
#   Decrease Java heap size (-Xmx/-Xms)
#   Decrease number of Java threads
#   Decrease Java thread stack sizes (-Xss)
#   Set larger code cache with -XX:ReservedCodeCacheSize=
# This output file may be truncated or incomplete.
#
#  Out of Memory Error (allocation.cpp:390), pid=13648, tid=0x0000000000003170
#
# JRE version: Java(TM) SE Runtime Environment (8.0_92-b14) (build 1.8.0_92-b14)
# Java VM: Java HotSpot(TM) 64-Bit Server VM (25.92-b14 mixed mode windows-amd64 compressed oops)
# Failed to write core dump. Minidumps are not enabled by default on client versions of Windows
#

---------------  T H R E A D  ---------------

Current thread (0x0000000017d08800):  JavaThread "C2 CompilerThread1" daemon [_thread_in_native, id=12656, stack(0x0000000018480000,0x0000000018580000)]

Stack: [0x0000000018480000,0x0000000018580000]
[error occurred during error reporting (printing stack bounds), id 0xc0000005]

Native frames: (J=compiled Java code, j=interpreted, Vv=VM code, C=native code)


Current CompileTask:
C2:   2781 1327       4       com.android.dx.ssa.SCCP::simulateBranch (666 bytes)


---------------  P R O C E S S  ---------------

Java Threads: ( => current thread )
  0x0000000017f69000 JavaThread "pool-1-thread-4" [_thread_blocked, id=2940, stack(0x0000000018d80000,0x0000000018e80000)]
  0x0000000017f62000 JavaThread "pool-1-thread-3" [_thread_in_Java, id=4228, stack(0x0000000018c80000,0x0000000018d80000)]
  0x0000000017e5e000 JavaThread "pool-1-thread-2" [_thread_blocked, id=12144, stack(0x0000000018b80000,0x0000000018c80000)]
  0x0000000017e5b800 JavaThread "pool-2-thread-1" [_thread_blocked, id=13860, stack(0x0000000018a80000,0x0000000018b80000)]
  0x0000000017e5a800 JavaThread "pool-1-thread-1" [_thread_blocked, id=9088, stack(0x0000000018980000,0x0000000018a80000)]
  0x0000000017db9800 JavaThread "Service Thread" daemon [_thread_blocked, id=12504, stack(0x0000000018780000,0x0000000018880000)]
  0x0000000017d74000 JavaThread "C1 CompilerThread3" daemon [_thread_blocked, id=8616, stack(0x0000000018680000,0x0000000018780000)]
  0x0000000017d1b000 JavaThread "C2 CompilerThread2" daemon [_thread_in_native, id=5256, stack(0x0000000018580000,0x0000000018680000)]
=>0x0000000017d08800 JavaThread "C2 CompilerThread1" daemon [_thread_in_native, id=12656, stack(0x0000000018480000,0x0000000018580000)]
  0x0000000017d06800 JavaThread "C2 CompilerThread0" daemon [_thread_in_native, id=11024, stack(0x0000000018380000,0x0000000018480000)]
  0x0000000017d04000 JavaThread "Attach Listener" daemon [_thread_blocked, id=8916, stack(0x0000000018280000,0x0000000018380000)]
  0x0000000017d03800 JavaThread "Signal Dispatcher" daemon [_thread_blocked, id=9212, stack(0x0000000018180000,0x0000000018280000)]
  0x0000000017ca0800 JavaThread "Finalizer" daemon [_thread_blocked, id=13684, stack(0x0000000018080000,0x0000000018180000)]
  0x0000000015d7d800 JavaThread "Reference Handler" daemon [_thread_blocked, id=12964, stack(0x0000000017b80000,0x0000000017c80000)]
  0x0000000003162800 JavaThread "main" [_thread_in_vm, id=14904, stack(0x0000000003060000,0x0000000003160000)]

Other Threads:
  0x0000000015d79000 VMThread [stack: 0x0000000017a80000,0x0000000017b80000] [id=7536]
  0x0000000017dc5800 WatcherThread [stack: 0x0000000018880000,0x0000000018980000] [id=10816]

VM state:not at safepoint (normal execution)

VM Mutex/Monitor currently owned by a thread: None

Heap:
 PSYoungGen      total 38400K, used 33052K [0x00000000eab00000, 0x00000000ef600000, 0x0000000100000000)
  eden space 33280K, 84% used [0x00000000eab00000,0x00000000ec64d1d0,0x00000000ecb80000)
  from space 5120K, 99% used [0x00000000ecb80000,0x00000000ed07a048,0x00000000ed080000)
  to   space 5120K, 0% used [0x00000000ef100000,0x00000000ef100000,0x00000000ef600000)
 ParOldGen       total 87552K, used 2214K [0x00000000c0000000, 0x00000000c5580000, 0x00000000eab00000)
  object space 87552K, 2% used [0x00000000c0000000,0x00000000c0229808,0x00000000c5580000)
 Metaspace       used 6086K, capacity 7032K, committed 7296K, reserved 1056768K
  class space    used 607K, capacity 624K, committed 640K, reserved 1048576K

Card table byte_map: [0x0000000012620000,0x0000000012830000] byte_map_base: 0x0000000012020000

Marking Bits: (ParMarkBitMap*) 0x00000000701464f0
 Begin Bits: [0x0000000013190000, 0x0000000014190000)
 End Bits:   [0x0000000014190000, 0x0000000015190000)

Polling page: 0x0000000001030000

CodeCache: size=245760Kb used=5864Kb max_used=5880Kb free=239895Kb
 bounds [0x0000000003260000, 0x0000000003830000, 0x0000000012260000]
 total_blobs=1722 nmethods=1458 adapters=177
 compilation: enabled

Compilation events (10 events):
Event: 2.698 Thread 0x0000000017d74000 1464       3       com.android.dx.cf.attrib.AttLocalVariableTable::<init> (8 bytes)
Event: 2.699 Thread 0x0000000017d74000 nmethod 1464 0x0000000003813850 code [0x00000000038139c0, 0x0000000003813b68]
Event: 2.699 Thread 0x0000000017d74000 1480       2       com.android.dx.rop.type.Type::getComponentType (70 bytes)
Event: 2.700 Thread 0x0000000017d74000 nmethod 1480 0x0000000003813c10 code [0x0000000003813de0, 0x00000000038142e8]
Event: 2.700 Thread 0x0000000017d74000 1443       1       com.android.dx.ssa.back.FirstFitLocalCombiningAllocator$Multiset::getSize (5 bytes)
Event: 2.700 Thread 0x0000000017d74000 nmethod 1443 0x0000000003814610 code [0x0000000003814760, 0x0000000003814870]
Event: 2.763 Thread 0x0000000017d06800 nmethod 1320 0x0000000003818990 code [0x0000000003818f20, 0x000000000381c080]
Event: 2.763 Thread 0x0000000017d06800 1408       4       com.android.dx.ssa.SsaMethod::updateOneDefinition (70 bytes)
Event: 2.767 Thread 0x0000000017d06800 nmethod 1408 0x0000000003815890 code [0x00000000038159e0, 0x0000000003815af8]
Event: 2.767 Thread 0x0000000017d06800 1413 %     4       com.android.dx.ssa.SsaMethod::computeReachability @ 8 (131 bytes)

GC Heap History (2 events):
Event: 2.058 GC heap before
{Heap before GC invocations=1 (full 0):
 PSYoungGen      total 38400K, used 33280K [0x00000000eab00000, 0x00000000ed580000, 0x0000000100000000)
  eden space 33280K, 100% used [0x00000000eab00000,0x00000000ecb80000,0x00000000ecb80000)
  from space 5120K, 0% used [0x00000000ed080000,0x00000000ed080000,0x00000000ed580000)
  to   space 5120K, 0% used [0x00000000ecb80000,0x00000000ecb80000,0x00000000ed080000)
 ParOldGen       total 87552K, used 0K [0x00000000c0000000, 0x00000000c5580000, 0x00000000eab00000)
  object space 87552K, 0% used [0x00000000c0000000,0x00000000c0000000,0x00000000c5580000)
 Metaspace       used 5840K, capacity 6896K, committed 7040K, reserved 1056768K
  class space    used 586K, capacity 616K, committed 640K, reserved 1048576K
Event: 2.275 GC heap after
Heap after GC invocations=1 (full 0):
 PSYoungGen      total 38400K, used 5096K [0x00000000eab00000, 0x00000000ef600000, 0x0000000100000000)
  eden space 33280K, 0% used [0x00000000eab00000,0x00000000eab00000,0x00000000ecb80000)
  from space 5120K, 99% used [0x00000000ecb80000,0x00000000ed07a048,0x00000000ed080000)
  to   space 5120K, 0% used [0x00000000ef100000,0x00000000ef100000,0x00000000ef600000)
 ParOldGen       total 87552K, used 2214K [0x00000000c0000000, 0x00000000c5580000, 0x00000000eab00000)
  object space 87552K, 2% used [0x00000000c0000000,0x00000000c0229808,0x00000000c5580000)
 Metaspace       used 5840K, capacity 6896K, committed 7040K, reserved 1056768K
  class space    used 586K, capacity 616K, committed 640K, reserved 1048576K
}

Deoptimization events (10 events):
Event: 1.939 Thread 0x0000000017e5a800 Uncommon trap: reason=unstable_if action=reinterpret pc=0x0000000003562334 method=com.android.dx.ssa.SsaMethod.getExitBlock()Lcom/android/dx/ssa/SsaBasicBlock; @ 4
Event: 1.939 Thread 0x0000000017e5a800 Uncommon trap: reason=unstable_if action=reinterpret pc=0x000000000366467c method=com.android.dx.util.IntList.binarysearch(I)I @ 105
Event: 2.445 Thread 0x0000000017e5e000 Uncommon trap: reason=class_check action=maybe_recompile pc=0x00000000036fd5b8 method=com.android.dx.cf.code.BytecodeArray.parseInstruction(ILcom/android/dx/cf/code/BytecodeArray$Visitor;)I @ 1258
Event: 2.445 Thread 0x0000000017e5e000 Uncommon trap: reason=class_check action=maybe_recompile pc=0x00000000036fd5b8 method=com.android.dx.cf.code.BytecodeArray.parseInstruction(ILcom/android/dx/cf/code/BytecodeArray$Visitor;)I @ 1258
Event: 2.445 Thread 0x0000000017e5e000 Uncommon trap: reason=class_check action=maybe_recompile pc=0x00000000036fd5b8 method=com.android.dx.cf.code.BytecodeArray.parseInstruction(ILcom/android/dx/cf/code/BytecodeArray$Visitor;)I @ 1258
Event: 2.445 Thread 0x0000000017e5e000 Uncommon trap: reason=class_check action=maybe_recompile pc=0x00000000036fd5b8 method=com.android.dx.cf.code.BytecodeArray.parseInstruction(ILcom/android/dx/cf/code/BytecodeArray$Visitor;)I @ 1258
Event: 2.640 Thread 0x0000000017e5e000 Uncommon trap: reason=unstable_if action=reinterpret pc=0x00000000037402d0 method=java.util.HashMap.putVal(ILjava/lang/Object;Ljava/lang/Object;ZZ)Ljava/lang/Object; @ 162
Event: 2.670 Thread 0x0000000017e5a800 Uncommon trap: reason=unstable_if action=reinterpret pc=0x000000000373dbd8 method=com.android.dx.ssa.SsaMethod.getExitBlock()Lcom/android/dx/ssa/SsaBasicBlock; @ 4
Event: 2.672 Thread 0x0000000017e5e000 Uncommon trap: reason=unstable_if action=reinterpret pc=0x0000000003591390 method=java.util.HashMap.putVal(ILjava/lang/Object;Ljava/lang/Object;ZZ)Ljava/lang/Object; @ 162
Event: 2.681 Thread 0x0000000017e5e000 Uncommon trap: reason=unstable_if action=reinterpret pc=0x00000000036d1368 method=java.util.HashMap.getNode(ILjava/lang/Object;)Ljava/util/HashMap$Node; @ 84

Internal exceptions (6 events):
Event: 0.090 Thread 0x0000000003162800 Exception <a 'java/lang/NoSuchMethodError': Method sun.misc.Unsafe.defineClass(Ljava/lang/String;[BII)Ljava/lang/Class; name or signature does not match> (0x00000000eab07cc0) thrown at [D:\re\workspace\8-2-build-windows-amd64-cygwin\jdk8u92\6642\hotspot\sr/z4ÛÁ·?
Event: 0.090 Thread 0x0000000003162800 Exception <a 'java/lang/NoSuchMethodError': Method sun.misc.Unsafe.prefetchRead(Ljava/lang/Object;J)V name or signature does not match> (0x00000000eab07fa8) thrown at [D:\re\workspace\8-2-build-windows-amd64-cygwin\jdk8u92\6642\hotspot\src\share\vm\prims\j«cèù?
Event: 1.619 Thread 0x0000000017e5e000 Implicit null exception at 0x00000000035afea2 to 0x00000000035aff9a
Event: 2.675 Thread 0x0000000017e5e000 Exception <a 'java/lang/ArrayIndexOutOfBoundsException': 18> (0x00000000ec291670) thrown at [D:\re\workspace\8-2-build-windows-amd64-cygwin\jdk8u92\6642\hotspot\src\share\vm\interpreter\interpreterRuntime.cpp, line 366]
Event: 2.676 Thread 0x0000000017e5e000 Exception <a 'java/lang/ArrayIndexOutOfBoundsException': 145> (0x00000000ec2931f0) thrown at [D:\re\workspace\8-2-build-windows-amd64-cygwin\jdk8u92\6642\hotspot\src\share\vm\interpreter\interpreterRuntime.cpp, line 366]
Event: 2.679 Thread 0x0000000017e5e000 Exception <a 'java/lang/ArrayIndexOutOfBoundsException': 40> (0x00000000ec2944d8) thrown at [D:\re\workspace\8-2-build-windows-amd64-cygwin\jdk8u92\6642\hotspot\src\share\vm\interpreter\interpreterRuntime.cpp, line 366]

Events (10 events):
Event: 2.679 loading class sun/reflect/generics/reflectiveObjects/ParameterizedTypeImpl done
Event: 2.680 loading class java/lang/reflect/TypeVariable
Event: 2.680 loading class java/lang/reflect/TypeVariable done
Event: 2.680 loading class sun/reflect/generics/reflectiveObjects/TypeVariableImpl
Event: 2.680 loading class sun/reflect/generics/reflectiveObjects/LazyReflectiveObjectGenerator
Event: 2.680 loading class sun/reflect/generics/reflectiveObjects/LazyReflectiveObjectGenerator done
Event: 2.680 loading class sun/reflect/generics/reflectiveObjects/TypeVariableImpl done
Event: 2.681 Thread 0x0000000017e5e000 Uncommon trap: trap_request=0xffffff65 fr.pc=0x00000000036d1368
Event: 2.681 Thread 0x0000000017e5e000 DEOPT PACKING pc=0x00000000036d1368 sp=0x0000000018c7e790
Event: 2.681 Thread 0x0000000017e5e000 DEOPT UNPACKING pc=0x00000000032a582a sp=0x0000000018c7e6b0 mode 2


Dynamic libraries:
0x00007ff740de0000 - 0x00007ff740e17000 	D:\java\JDK\bin\java.exe
0x00007ffb53020000 - 0x00007ffb531f1000 	C:\WINDOWS\SYSTEM32\ntdll.dll
0x00007ffb529b0000 - 0x00007ffb52a5b000 	C:\WINDOWS\System32\KERNEL32.DLL
0x00007ffb50200000 - 0x00007ffb5041d000 	C:\WINDOWS\System32\KERNELBASE.dll
0x00007ffb52d70000 - 0x00007ffb52e12000 	C:\WINDOWS\System32\ADVAPI32.dll
0x00007ffb52ac0000 - 0x00007ffb52b5e000 	C:\WINDOWS\System32\msvcrt.dll
0x00007ffb52510000 - 0x00007ffb52569000 	C:\WINDOWS\System32\sechost.dll
0x00007ffb52e30000 - 0x00007ffb52f51000 	C:\WINDOWS\System32\RPCRT4.dll
0x00007ffb52840000 - 0x00007ffb529a5000 	C:\WINDOWS\System32\USER32.dll
0x00007ffb4f790000 - 0x00007ffb4f7ae000 	C:\WINDOWS\System32\win32u.dll
0x00007ffb509f0000 - 0x00007ffb50a24000 	C:\WINDOWS\System32\GDI32.dll
0x00007ffb50420000 - 0x00007ffb505a2000 	C:\WINDOWS\System32\gdi32full.dll
0x00007ffb49790000 - 0x00007ffb49a09000 	C:\WINDOWS\WinSxS\amd64_microsoft.windows.common-controls_6595b64144ccf1df_6.0.14393.447_none_42191651c6827bb3\COMCTL32.dll
0x00007ffb52570000 - 0x00007ffb52838000 	C:\WINDOWS\System32\combase.dll
0x00007ffb4f690000 - 0x00007ffb4f785000 	C:\WINDOWS\System32\ucrtbase.dll
0x00007ffb4f570000 - 0x00007ffb4f5da000 	C:\WINDOWS\System32\bcryptPrimitives.dll
0x00007ffb52420000 - 0x00007ffb5244e000 	C:\WINDOWS\System32\IMM32.DLL
0x000000006ee80000 - 0x000000006ef52000 	D:\java\JDK\jre\bin\msvcr100.dll
0x000000006f930000 - 0x00000000701c6000 	D:\java\JDK\jre\bin\server\jvm.dll
0x00007ffb509e0000 - 0x00007ffb509e8000 	C:\WINDOWS\System32\PSAPI.DLL
0x00007ffb476f0000 - 0x00007ffb476f9000 	C:\WINDOWS\SYSTEM32\WSOCK32.dll
0x00007ffb4b190000 - 0x00007ffb4b19a000 	C:\WINDOWS\SYSTEM32\VERSION.dll
0x00007ffb4d7b0000 - 0x00007ffb4d7d3000 	C:\WINDOWS\SYSTEM32\WINMM.dll
0x00007ffb50aa0000 - 0x00007ffb50b0a000 	C:\WINDOWS\System32\WS2_32.dll
0x00007ffb4d770000 - 0x00007ffb4d79b000 	C:\WINDOWS\SYSTEM32\WINMMBASE.dll
0x00007ffb4fad0000 - 0x00007ffb4fb12000 	C:\WINDOWS\System32\cfgmgr32.dll
0x000000006f920000 - 0x000000006f92f000 	D:\java\JDK\jre\bin\verify.dll
0x000000006f8f0000 - 0x000000006f919000 	D:\java\JDK\jre\bin\java.dll
0x000000006f8d0000 - 0x000000006f8e6000 	D:\java\JDK\jre\bin\zip.dll
0x00007ffb50c10000 - 0x00007ffb52119000 	C:\WINDOWS\System32\SHELL32.dll
0x00007ffb4fb20000 - 0x00007ffb501fa000 	C:\WINDOWS\System32\windows.storage.dll
0x00007ffb4f4b0000 - 0x00007ffb4f4fc000 	C:\WINDOWS\System32\powrprof.dll
0x00007ffb524b0000 - 0x00007ffb52502000 	C:\WINDOWS\System32\shlwapi.dll
0x00007ffb4f500000 - 0x00007ffb4f50f000 	C:\WINDOWS\System32\kernel.appcore.dll
0x00007ffb4f980000 - 0x00007ffb4fa29000 	C:\WINDOWS\System32\shcore.dll
0x00007ffb4f490000 - 0x00007ffb4f4a4000 	C:\WINDOWS\System32\profapi.dll

VM Arguments:
jvm_args: -Djava.awt.headless=true -Xmx1024M -Dfile.encoding=GBK -Duser.country=CN -Duser.language=zh -Duser.variant 
java_command: com.android.dx.command.Main --dex --num-threads=4 --output G:\nav\Navigation\app\build\intermediates\pre-dexed\debug\debug_b5ca384f949d5ea4fc2544da028b57e3b70ec661.jar G:\nav\Navigation\app\build\intermediates\classes\debug
java_class_path (initial): D:\java\SDK\build-tools\23.0.3\lib\dx.jar
Launcher Type: SUN_STANDARD

Environment Variables:
JAVA_HOME=D:\java\JDK
PATH=C:\Python34\;C:\Python34\Scripts;D:\perl\site\bin;D:\perl\bin;C:\ProgramData\Oracle\Java\javapath;C:\Program Files (x86)\NVIDIA Corporation\PhysX\Common;C:\Program Files (x86)\Intel\iCLS Client\;C:\Program Files\Intel\iCLS Client\;C:\Windows\system32;C:\Windows;C:\Windows\System32\Wbem;C:\Windows\System32\WindowsPowerShell\v1.0\;C:\Program Files (x86)\Acer\abFiles\;C:\Program Files\Intel\Intel(R) Management Engine Components\DAL;C:\Program Files\Intel\Intel(R) Management Engine Components\IPT;C:\Program Files (x86)\Intel\Intel(R) Management Engine Components\DAL;C:\Program Files (x86)\Intel\Intel(R) Management Engine Components\IPT;D:\java\JDK\bin;C:\WINDOWS\system32;C:\WINDOWS;C:\WINDOWS\System32\Wbem;C:\WINDOWS\System32\WindowsPowerShell\v1.0\;C:\WINDOWS\system32\config\systemprofile\.dnx\bin;C:\Program Files\Microsoft DNX\Dnvm\;C:\Program Files\Microsoft SQL Server\120\Tools\Binn\;C:\Program Files\Microsoft SQL Server\130\Tools\Binn\;C:\Program Files (x86)\nodejs\;C:\Program Files (x86)\Windows Kits\10\Windows Performance Toolkit\;D:\Git\cmd;D:\matlab2\runtime\win64;D:\matlab2\bin;D:\matlab\runtime\win64;D:\matlab\bin;D:\matlab\polyspace\bin;C:\Python27;C:\Program Files\MySQL\MySQL Utilities 1.6\;C:\Program Files\MySQL\MySQL Server 5.7\bin;C:\Users\EdwardPC\AppData\Local\Microsoft\WindowsApps;C:\Users\EdwardPC\AppData\Roaming\npm;C:\Python27
USERNAME=EdwardPC
OS=Windows_NT
PROCESSOR_IDENTIFIER=Intel64 Family 6 Model 60 Stepping 3, GenuineIntel



---------------  S Y S T E M  ---------------

OS: Windows 10.0 , 64 bit Build 14393 (10.0.14393.0)

CPU:total 8 (4 cores per cpu, 2 threads per core) family 6 model 60 stepping 3, cmov, cx8, fxsr, mmx, sse, sse2, sse3, ssse3, sse4.1, sse4.2, popcnt, avx, avx2, aes, clmul, erms, lzcnt, ht, tsc, tscinvbit, bmi1, bmi2

Memory: 4k page, physical 8277272k(772616k free), swap 8277272k(5656k free)

vm_info: Java HotSpot(TM) 64-Bit Server VM (25.92-b14) for windows-amd64 JRE (1.8.0_92-b14), built on Mar 31 2016 21:03:04 by "java_re" with MS VC++ 10.0 (VS2010)

time: Sat Dec 17 19:30:55 2016
elapsed time: 2 seconds (0d 0h 0m 2s)

