#
# There is insufficient memory for the Java Runtime Environment to continue.
# Native memory allocation (malloc) failed to allocate 32744 bytes for ChunkPool::allocate
# Possible reasons:
#   The system is out of physical RAM or swap space
#   In 32 bit mode, the process size limit was hit
# Possible solutions:
#   Reduce memory load on the system
#   Increase physical memory or swap space
#   Check if swap backing store is full
#   Use 64 bit Java on a 64 bit OS
#   Decrease Java heap size (-Xmx/-Xms)
#   Decrease number of Java threads
#   Decrease Java thread stack sizes (-Xss)
#   Set larger code cache with -XX:ReservedCodeCacheSize=
# This output file may be truncated or incomplete.
#
#  Out of Memory Error (allocation.cpp:273), pid=4084, tid=0x0000000000001060
#
# JRE version: Java(TM) SE Runtime Environment (8.0_92-b14) (build 1.8.0_92-b14)
# Java VM: Java HotSpot(TM) 64-Bit Server VM (25.92-b14 mixed mode windows-amd64 compressed oops)
# Failed to write core dump. Minidumps are not enabled by default on client versions of Windows
#

---------------  T H R E A D  ---------------

Current thread (0x0000000017c00000):  JavaThread "C1 CompilerThread3" daemon [_thread_in_native, id=4192, stack(0x0000000018570000,0x0000000018670000)]

Stack: [0x0000000018570000,0x0000000018670000]
[error occurred during error reporting (printing stack bounds), id 0xc0000005]

Native frames: (J=compiled Java code, j=interpreted, Vv=VM code, C=native code)


Current CompileTask:
C1:   3076 1221       3       com.android.dx.ssa.SsaMethod::getCountReachableBlocks (44 bytes)


---------------  P R O C E S S  ---------------

Java Threads: ( => current thread )
  0x0000000017ea9000 JavaThread "pool-1-thread-4" [_thread_blocked, id=13868, stack(0x0000000019470000,0x0000000019570000)]
  0x0000000017e95800 JavaThread "pool-1-thread-3" [_thread_blocked, id=15260, stack(0x0000000019370000,0x0000000019470000)]
  0x0000000017e2e800 JavaThread "pool-1-thread-2" [_thread_blocked, id=10844, stack(0x0000000019270000,0x0000000019370000)]
  0x0000000017e2e000 JavaThread "pool-2-thread-1" [_thread_blocked, id=15180, stack(0x0000000019170000,0x0000000019270000)]
  0x0000000017e2d000 JavaThread "pool-1-thread-1" [_thread_in_Java, id=1220, stack(0x0000000019070000,0x0000000019170000)]
  0x0000000017c3d000 JavaThread "Service Thread" daemon [_thread_blocked, id=7156, stack(0x0000000018670000,0x0000000018770000)]
=>0x0000000017c00000 JavaThread "C1 CompilerThread3" daemon [_thread_in_native, id=4192, stack(0x0000000018570000,0x0000000018670000)]
  0x0000000017bea800 JavaThread "C2 CompilerThread2" daemon [_thread_in_native, id=10340, stack(0x0000000018470000,0x0000000018570000)]
  0x0000000017b98000 JavaThread "C2 CompilerThread1" daemon [_thread_in_native, id=13148, stack(0x0000000018370000,0x0000000018470000)]
  0x0000000017b96000 JavaThread "C2 CompilerThread0" daemon [_thread_in_native, id=8100, stack(0x0000000018270000,0x0000000018370000)]
  0x0000000017b94000 JavaThread "Attach Listener" daemon [_thread_blocked, id=9100, stack(0x0000000018170000,0x0000000018270000)]
  0x0000000017b93000 JavaThread "Signal Dispatcher" daemon [_thread_blocked, id=13076, stack(0x0000000018070000,0x0000000018170000)]
  0x00000000030e9000 JavaThread "Finalizer" daemon [_thread_blocked, id=5776, stack(0x0000000017f10000,0x0000000018010000)]
  0x0000000015c2d800 JavaThread "Reference Handler" daemon [_thread_blocked, id=13404, stack(0x0000000017a10000,0x0000000017b10000)]
  0x000000000142d800 JavaThread "main" [_thread_blocked, id=10784, stack(0x0000000002b80000,0x0000000002c80000)]

Other Threads:
  0x0000000015c29800 VMThread [stack: 0x0000000017910000,0x0000000017a10000] [id=8496]
  0x0000000017cb3800 WatcherThread [stack: 0x0000000018770000,0x0000000018870000] [id=12836]

VM state:not at safepoint (normal execution)

VM Mutex/Monitor currently owned by a thread: None

Heap:
 PSYoungGen      total 38400K, used 11527K [0x00000000eab00000, 0x00000000ef600000, 0x0000000100000000)
  eden space 33280K, 19% used [0x00000000eab00000,0x00000000eb149238,0x00000000ecb80000)
  from space 5120K, 99% used [0x00000000ecb80000,0x00000000ed078ac8,0x00000000ed080000)
  to   space 5120K, 0% used [0x00000000ef100000,0x00000000ef100000,0x00000000ef600000)
 ParOldGen       total 87552K, used 1547K [0x00000000c0000000, 0x00000000c5580000, 0x00000000eab00000)
  object space 87552K, 1% used [0x00000000c0000000,0x00000000c0182e00,0x00000000c5580000)
 Metaspace       used 6003K, capacity 6900K, committed 7040K, reserved 1056768K
  class space    used 599K, capacity 620K, committed 640K, reserved 1048576K

Card table byte_map: [0x00000000124b0000,0x00000000126c0000] byte_map_base: 0x0000000011eb0000

Marking Bits: (ParMarkBitMap*) 0x00000000701464f0
 Begin Bits: [0x0000000013020000, 0x0000000014020000)
 End Bits:   [0x0000000014020000, 0x0000000015020000)

Polling page: 0x0000000001430000

CodeCache: size=245760Kb used=4742Kb max_used=4742Kb free=241017Kb
 bounds [0x00000000030f0000, 0x00000000035a0000, 0x00000000120f0000]
 total_blobs=1471 nmethods=1201 adapters=183
 compilation: enabled

Compilation events (10 events):
Event: 3.055 Thread 0x0000000017c00000 nmethod 1215 0x000000000358fc10 code [0x000000000358fd60, 0x000000000358feb0]
Event: 3.062 Thread 0x0000000017c00000 1217       3       com.android.dx.ssa.ConstCollector$2::map (28 bytes)
Event: 3.062 Thread 0x0000000017c00000 nmethod 1217 0x000000000358ff50 code [0x00000000035900c0, 0x00000000035904e8]
Event: 3.066 Thread 0x0000000017c00000 1218       3       com.android.dx.ssa.back.LivenessAnalyzer::coInterferePhis (128 bytes)
Event: 3.069 Thread 0x0000000017c00000 nmethod 1218 0x0000000003590610 code [0x00000000035908a0, 0x0000000003591b98]
Event: 3.069 Thread 0x0000000017c00000 1219       3       com.android.dx.ssa.back.FirstFitLocalCombiningAllocator::handleNormalUnassociated (99 bytes)
Event: 3.071 Thread 0x0000000017c00000 nmethod 1219 0x0000000003592590 code [0x0000000003592840, 0x0000000003593bf8]
Event: 3.071 Thread 0x0000000017c00000 1220       3       com.android.dx.ssa.SsaMethod::onSourceChanged (65 bytes)
Event: 3.072 Thread 0x0000000017c00000 nmethod 1220 0x0000000003594690 code [0x0000000003594860, 0x00000000035950b8]
Event: 3.072 Thread 0x0000000017c00000 1221       3       com.android.dx.ssa.SsaMethod::getCountReachableBlocks (44 bytes)

GC Heap History (2 events):
Event: 2.866 GC heap before
{Heap before GC invocations=1 (full 0):
 PSYoungGen      total 38400K, used 33280K [0x00000000eab00000, 0x00000000ed580000, 0x0000000100000000)
  eden space 33280K, 100% used [0x00000000eab00000,0x00000000ecb80000,0x00000000ecb80000)
  from space 5120K, 0% used [0x00000000ed080000,0x00000000ed080000,0x00000000ed580000)
  to   space 5120K, 0% used [0x00000000ecb80000,0x00000000ecb80000,0x00000000ed080000)
 ParOldGen       total 87552K, used 0K [0x00000000c0000000, 0x00000000c5580000, 0x00000000eab00000)
  object space 87552K, 0% used [0x00000000c0000000,0x00000000c0000000,0x00000000c5580000)
 Metaspace       used 5955K, capacity 6836K, committed 7040K, reserved 1056768K
  class space    used 599K, capacity 620K, committed 640K, reserved 1048576K
Event: 2.987 GC heap after
Heap after GC invocations=1 (full 0):
 PSYoungGen      total 38400K, used 5090K [0x00000000eab00000, 0x00000000ef600000, 0x0000000100000000)
  eden space 33280K, 0% used [0x00000000eab00000,0x00000000eab00000,0x00000000ecb80000)
  from space 5120K, 99% used [0x00000000ecb80000,0x00000000ed078ac8,0x00000000ed080000)
  to   space 5120K, 0% used [0x00000000ef100000,0x00000000ef100000,0x00000000ef600000)
 ParOldGen       total 87552K, used 1547K [0x00000000c0000000, 0x00000000c5580000, 0x00000000eab00000)
  object space 87552K, 1% used [0x00000000c0000000,0x00000000c0182e00,0x00000000c5580000)
 Metaspace       used 5955K, capacity 6836K, committed 7040K, reserved 1056768K
  class space    used 599K, capacity 620K, committed 640K, reserved 1048576K
}

Deoptimization events (3 events):
Event: 1.890 Thread 0x0000000017ea9000 Uncommon trap: reason=class_check action=maybe_recompile pc=0x0000000003352630 method=com.android.dx.ssa.NormalSsaInsn.accept(Lcom/android/dx/ssa/SsaInsn$Visitor;)V @ 9
Event: 2.178 Thread 0x0000000017e2e800 Uncommon trap: reason=class_check action=maybe_recompile pc=0x000000000338ddf0 method=com.android.dx.ssa.NormalSsaInsn.accept(Lcom/android/dx/ssa/SsaInsn$Visitor;)V @ 9
Event: 2.255 Thread 0x0000000017ea9000 Uncommon trap: reason=null_check action=make_not_entrant pc=0x00000000033e4668 method=com.android.dx.rop.type.Type.equals(Ljava/lang/Object;)Z @ 8

Internal exceptions (3 events):
Event: 0.086 Thread 0x000000000142d800 Exception <a 'java/lang/NoSuchMethodError': Method sun.misc.Unsafe.defineClass(Ljava/lang/String;[BII)Ljava/lang/Class; name or signature does not match> (0x00000000eab07cc0) thrown at [D:\re\workspace\8-2-build-windows-amd64-cygwin\jdk8u92\6642\hotspot\sr"ªA<[ñµ?
Event: 0.086 Thread 0x000000000142d800 Exception <a 'java/lang/NoSuchMethodError': Method sun.misc.Unsafe.prefetchRead(Ljava/lang/Object;J)V name or signature does not match> (0x00000000eab07fa8) thrown at [D:\re\workspace\8-2-build-windows-amd64-cygwin\jdk8u92\6642\hotspot\src\share\vm\prims\jTd,ˆ
@
Event: 2.255 Thread 0x0000000017ea9000 Implicit null exception at 0x00000000033e4562 to 0x00000000033e465a

Events (10 events):
Event: 2.614 Thread 0x0000000017ea9000 DEOPT PACKING pc=0x0000000003453c3a sp=0x000000001956e660
Event: 2.614 Thread 0x0000000017ea9000 DEOPT UNPACKING pc=0x000000000313787f sp=0x000000001956e3c8 mode 0
Event: 2.784 Thread 0x0000000017e95800 DEOPT PACKING pc=0x0000000003453c3a sp=0x000000001946ed80
Event: 2.784 Thread 0x0000000017e95800 DEOPT UNPACKING pc=0x000000000313787f sp=0x000000001946eae8 mode 0
Event: 2.788 Executing VM operation: ParallelGCFailedAllocation
Event: 2.987 Executing VM operation: ParallelGCFailedAllocation done
Event: 2.989 Thread 0x0000000017e2d000 DEOPT PACKING pc=0x0000000003453c3a sp=0x000000001916e3a0
Event: 2.989 Thread 0x0000000017e2d000 DEOPT UNPACKING pc=0x000000000313787f sp=0x000000001916e108 mode 0
Event: 2.990 Thread 0x0000000017e2d000 DEOPT PACKING pc=0x0000000003453c3a sp=0x000000001916e3a0
Event: 2.990 Thread 0x0000000017e2d000 DEOPT UNPACKING pc=0x000000000313787f sp=0x000000001916e108 mode 0


Dynamic libraries:
0x00007ff740de0000 - 0x00007ff740e17000 	D:\java\JDK\bin\java.exe
0x00007ffb53020000 - 0x00007ffb531f1000 	C:\WINDOWS\SYSTEM32\ntdll.dll
0x00007ffb529b0000 - 0x00007ffb52a5b000 	C:\WINDOWS\System32\KERNEL32.DLL
0x00007ffb50200000 - 0x00007ffb5041d000 	C:\WINDOWS\System32\KERNELBASE.dll
0x00007ffb52d70000 - 0x00007ffb52e12000 	C:\WINDOWS\System32\ADVAPI32.dll
0x00007ffb52ac0000 - 0x00007ffb52b5e000 	C:\WINDOWS\System32\msvcrt.dll
0x00007ffb52510000 - 0x00007ffb52569000 	C:\WINDOWS\System32\sechost.dll
0x00007ffb52e30000 - 0x00007ffb52f51000 	C:\WINDOWS\System32\RPCRT4.dll
0x00007ffb52840000 - 0x00007ffb529a5000 	C:\WINDOWS\System32\USER32.dll
0x00007ffb4f790000 - 0x00007ffb4f7ae000 	C:\WINDOWS\System32\win32u.dll
0x00007ffb509f0000 - 0x00007ffb50a24000 	C:\WINDOWS\System32\GDI32.dll
0x00007ffb50420000 - 0x00007ffb505a2000 	C:\WINDOWS\System32\gdi32full.dll
0x00007ffb49790000 - 0x00007ffb49a09000 	C:\WINDOWS\WinSxS\amd64_microsoft.windows.common-controls_6595b64144ccf1df_6.0.14393.447_none_42191651c6827bb3\COMCTL32.dll
0x00007ffb52570000 - 0x00007ffb52838000 	C:\WINDOWS\System32\combase.dll
0x00007ffb4f690000 - 0x00007ffb4f785000 	C:\WINDOWS\System32\ucrtbase.dll
0x00007ffb4f570000 - 0x00007ffb4f5da000 	C:\WINDOWS\System32\bcryptPrimitives.dll
0x00007ffb52420000 - 0x00007ffb5244e000 	C:\WINDOWS\System32\IMM32.DLL
0x000000006ee80000 - 0x000000006ef52000 	D:\java\JDK\jre\bin\msvcr100.dll
0x000000006f930000 - 0x00000000701c6000 	D:\java\JDK\jre\bin\server\jvm.dll
0x00007ffb509e0000 - 0x00007ffb509e8000 	C:\WINDOWS\System32\PSAPI.DLL
0x00007ffb476f0000 - 0x00007ffb476f9000 	C:\WINDOWS\SYSTEM32\WSOCK32.dll
0x00007ffb4b190000 - 0x00007ffb4b19a000 	C:\WINDOWS\SYSTEM32\VERSION.dll
0x00007ffb50aa0000 - 0x00007ffb50b0a000 	C:\WINDOWS\System32\WS2_32.dll
0x00007ffb4d7b0000 - 0x00007ffb4d7d3000 	C:\WINDOWS\SYSTEM32\WINMM.dll
0x00007ffb4d770000 - 0x00007ffb4d79b000 	C:\WINDOWS\SYSTEM32\WINMMBASE.dll
0x00007ffb4fad0000 - 0x00007ffb4fb12000 	C:\WINDOWS\System32\cfgmgr32.dll
0x000000006f920000 - 0x000000006f92f000 	D:\java\JDK\jre\bin\verify.dll
0x000000006f8f0000 - 0x000000006f919000 	D:\java\JDK\jre\bin\java.dll
0x000000006f8d0000 - 0x000000006f8e6000 	D:\java\JDK\jre\bin\zip.dll
0x00007ffb50c10000 - 0x00007ffb52119000 	C:\WINDOWS\System32\SHELL32.dll
0x00007ffb4fb20000 - 0x00007ffb501fa000 	C:\WINDOWS\System32\windows.storage.dll
0x00007ffb4f4b0000 - 0x00007ffb4f4fc000 	C:\WINDOWS\System32\powrprof.dll
0x00007ffb524b0000 - 0x00007ffb52502000 	C:\WINDOWS\System32\shlwapi.dll
0x00007ffb4f500000 - 0x00007ffb4f50f000 	C:\WINDOWS\System32\kernel.appcore.dll
0x00007ffb4f980000 - 0x00007ffb4fa29000 	C:\WINDOWS\System32\shcore.dll
0x00007ffb4f490000 - 0x00007ffb4f4a4000 	C:\WINDOWS\System32\profapi.dll

VM Arguments:
jvm_args: -Djava.awt.headless=true -Xmx1024M -Dfile.encoding=GBK -Duser.country=CN -Duser.language=zh -Duser.variant 
java_command: com.android.dx.command.Main --dex --num-threads=4 --output G:\nav\Navigation\app\build\intermediates\pre-dexed\debug\AMap_Location_V2.4.1_20160414_15d1da896f082db3b19c540e29256540c431025b.jar G:\nav\Navigation\app\libs\AMap_Location_V2.4.1_20160414.jar
java_class_path (initial): D:\java\SDK\build-tools\23.0.3\lib\dx.jar
Launcher Type: SUN_STANDARD

Environment Variables:
JAVA_HOME=D:\java\JDK
PATH=C:\Python34\;C:\Python34\Scripts;D:\perl\site\bin;D:\perl\bin;C:\ProgramData\Oracle\Java\javapath;C:\Program Files (x86)\NVIDIA Corporation\PhysX\Common;C:\Program Files (x86)\Intel\iCLS Client\;C:\Program Files\Intel\iCLS Client\;C:\Windows\system32;C:\Windows;C:\Windows\System32\Wbem;C:\Windows\System32\WindowsPowerShell\v1.0\;C:\Program Files (x86)\Acer\abFiles\;C:\Program Files\Intel\Intel(R) Management Engine Components\DAL;C:\Program Files\Intel\Intel(R) Management Engine Components\IPT;C:\Program Files (x86)\Intel\Intel(R) Management Engine Components\DAL;C:\Program Files (x86)\Intel\Intel(R) Management Engine Components\IPT;D:\java\JDK\bin;C:\WINDOWS\system32;C:\WINDOWS;C:\WINDOWS\System32\Wbem;C:\WINDOWS\System32\WindowsPowerShell\v1.0\;C:\WINDOWS\system32\config\systemprofile\.dnx\bin;C:\Program Files\Microsoft DNX\Dnvm\;C:\Program Files\Microsoft SQL Server\120\Tools\Binn\;C:\Program Files\Microsoft SQL Server\130\Tools\Binn\;C:\Program Files (x86)\nodejs\;C:\Program Files (x86)\Windows Kits\10\Windows Performance Toolkit\;D:\Git\cmd;D:\matlab2\runtime\win64;D:\matlab2\bin;D:\matlab\runtime\win64;D:\matlab\bin;D:\matlab\polyspace\bin;C:\Python27;C:\Program Files\MySQL\MySQL Utilities 1.6\;C:\Program Files\MySQL\MySQL Server 5.7\bin;C:\Users\EdwardPC\AppData\Local\Microsoft\WindowsApps;C:\Users\EdwardPC\AppData\Roaming\npm;C:\Python27
USERNAME=EdwardPC
OS=Windows_NT
PROCESSOR_IDENTIFIER=Intel64 Family 6 Model 60 Stepping 3, GenuineIntel



---------------  S Y S T E M  ---------------

OS: Windows 10.0 , 64 bit Build 14393 (10.0.14393.0)

CPU:total 8 (4 cores per cpu, 2 threads per core) family 6 model 60 stepping 3, cmov, cx8, fxsr, mmx, sse, sse2, sse3, ssse3, sse4.1, sse4.2, popcnt, avx, avx2, aes, clmul, erms, lzcnt, ht, tsc, tscinvbit, bmi1, bmi2

Memory: 4k page, physical 8277272k(794456k free), swap 8277272k(4652k free)

vm_info: Java HotSpot(TM) 64-Bit Server VM (25.92-b14) for windows-amd64 JRE (1.8.0_92-b14), built on Mar 31 2016 21:03:04 by "java_re" with MS VC++ 10.0 (VS2010)

time: Sat Dec 17 19:31:31 2016
elapsed time: 3 seconds (0d 0h 0m 3s)

