#
# There is insufficient memory for the Java Runtime Environment to continue.
# Native memory allocation (malloc) failed to allocate 706336 bytes for Chunk::new
# Possible reasons:
#   The system is out of physical RAM or swap space
#   In 32 bit mode, the process size limit was hit
# Possible solutions:
#   Reduce memory load on the system
#   Increase physical memory or swap space
#   Check if swap backing store is full
#   Use 64 bit Java on a 64 bit OS
#   Decrease Java heap size (-Xmx/-Xms)
#   Decrease number of Java threads
#   Decrease Java thread stack sizes (-Xss)
#   Set larger code cache with -XX:ReservedCodeCacheSize=
# This output file may be truncated or incomplete.
#
#  Out of Memory Error (allocation.cpp:390), pid=13904, tid=0x0000000000004d98
#
# JRE version: Java(TM) SE Runtime Environment (8.0_92-b14) (build 1.8.0_92-b14)
# Java VM: Java HotSpot(TM) 64-Bit Server VM (25.92-b14 mixed mode windows-amd64 compressed oops)
# Failed to write core dump. Minidumps are not enabled by default on client versions of Windows
#

---------------  T H R E A D  ---------------

Current thread (0x000000001746a800):  JavaThread "C2 CompilerThread1" daemon [_thread_in_native, id=19864, stack(0x0000000017c40000,0x0000000017d40000)]

Stack: [0x0000000017c40000,0x0000000017d40000]
[error occurred during error reporting (printing stack bounds), id 0xc0000005]

Native frames: (J=compiled Java code, j=interpreted, Vv=VM code, C=native code)


Current CompileTask:
C2:   1679 1145   !   4       com.android.dx.cf.code.BytecodeArray::parseInstruction (2764 bytes)


---------------  P R O C E S S  ---------------

Java Threads: ( => current thread )
  0x000000001771a800 JavaThread "pool-2-thread-2" [_thread_in_Java, id=13012, stack(0x0000000018340000,0x0000000018440000)]
  0x00000000175cb800 JavaThread "pool-3-thread-1" [_thread_blocked, id=12464, stack(0x0000000018240000,0x0000000018340000)]
  0x000000001750b000 JavaThread "Service Thread" daemon [_thread_blocked, id=20032, stack(0x0000000017f40000,0x0000000018040000)]
  0x0000000017476800 JavaThread "C1 CompilerThread3" daemon [_thread_blocked, id=16960, stack(0x0000000017e40000,0x0000000017f40000)]
  0x000000001746e000 JavaThread "C2 CompilerThread2" daemon [_thread_blocked, id=18048, stack(0x0000000017d40000,0x0000000017e40000)]
=>0x000000001746a800 JavaThread "C2 CompilerThread1" daemon [_thread_in_native, id=19864, stack(0x0000000017c40000,0x0000000017d40000)]
  0x000000001551e800 JavaThread "C2 CompilerThread0" daemon [_thread_in_native, id=10528, stack(0x0000000017b40000,0x0000000017c40000)]
  0x000000001741c000 JavaThread "Attach Listener" daemon [_thread_blocked, id=9324, stack(0x0000000017a40000,0x0000000017b40000)]
  0x000000001741b000 JavaThread "Signal Dispatcher" daemon [_thread_blocked, id=20100, stack(0x0000000017940000,0x0000000017a40000)]
  0x00000000029ee800 JavaThread "Finalizer" daemon [_thread_blocked, id=8272, stack(0x00000000177e0000,0x00000000178e0000)]
  0x00000000029e5000 JavaThread "Reference Handler" daemon [_thread_blocked, id=18256, stack(0x00000000172e0000,0x00000000173e0000)]
  0x00000000028f0800 JavaThread "main" [_thread_blocked, id=15608, stack(0x00000000027f0000,0x00000000028f0000)]

Other Threads:
  0x0000000015509000 VMThread [stack: 0x00000000171e0000,0x00000000172e0000] [id=8332]
  0x0000000017566800 WatcherThread [stack: 0x0000000018040000,0x0000000018140000] [id=19428]

VM state:not at safepoint (normal execution)

VM Mutex/Monitor currently owned by a thread: None

Heap:
 PSYoungGen      total 38400K, used 32227K [0x00000000eab00000, 0x00000000ed580000, 0x0000000100000000)
  eden space 33280K, 96% used [0x00000000eab00000,0x00000000eca78da8,0x00000000ecb80000)
  from space 5120K, 0% used [0x00000000ed080000,0x00000000ed080000,0x00000000ed580000)
  to   space 5120K, 0% used [0x00000000ecb80000,0x00000000ecb80000,0x00000000ed080000)
 ParOldGen       total 87552K, used 0K [0x00000000c0000000, 0x00000000c5580000, 0x00000000eab00000)
  object space 87552K, 0% used [0x00000000c0000000,0x00000000c0000000,0x00000000c5580000)
 Metaspace       used 5980K, capacity 6902K, committed 7040K, reserved 1056768K
  class space    used 599K, capacity 622K, committed 640K, reserved 1048576K

Card table byte_map: [0x0000000011db0000,0x0000000011fc0000] byte_map_base: 0x00000000117b0000

Marking Bits: (ParMarkBitMap*) 0x00000000611f64f0
 Begin Bits: [0x0000000012920000, 0x0000000013920000)
 End Bits:   [0x0000000013920000, 0x0000000014920000)

Polling page: 0x0000000000cc0000

CodeCache: size=245760Kb used=4737Kb max_used=4754Kb free=241022Kb
 bounds [0x00000000029f0000, 0x0000000002ea0000, 0x00000000119f0000]
 total_blobs=1432 nmethods=1160 adapters=184
 compilation: disabled (not enough contiguous free space left)

Compilation events (10 events):
Event: 1.627 Thread 0x0000000017476800 nmethod 1171 0x0000000002e85190 code [0x0000000002e85400, 0x0000000002e86228]
Event: 1.628 Thread 0x0000000017476800 1172       3       com.android.dx.ssa.Dominators::run (506 bytes)
Event: 1.632 Thread 0x0000000017476800 nmethod 1172 0x0000000002e86bd0 code [0x0000000002e871c0, 0x0000000002e8b3b8]
Event: 1.635 Thread 0x0000000017476800 1173       3       com.android.dx.ssa.DomFront::calcDomFronts (154 bytes)
Event: 1.636 Thread 0x0000000017476800 nmethod 1173 0x0000000002e931d0 code [0x0000000002e93460, 0x0000000002e94408]
Event: 1.636 Thread 0x0000000017476800 1174       3       com.android.dx.ssa.SsaConverter::placePhiFunctions (394 bytes)
Event: 1.637 Thread 0x000000001746e000 nmethod 1115 0x0000000002e950d0 code [0x0000000002e95360, 0x0000000002e96b10]
Event: 1.637 Thread 0x000000001746e000 1154   !   4       com.android.dx.rop.code.BasicBlock::<init> (273 bytes)
Event: 1.641 Thread 0x0000000017476800 

Event: 1.646 Thread 0x000000001746e000 


GC Heap History (0 events):
No events

Deoptimization events (5 events):
Event: 0.795 Thread 0x000000001771a800 Uncommon trap: reason=unstable_if action=reinterpret pc=0x0000000002bdd8b0 method=java.util.BitSet.nextSetBit(I)I @ 87
Event: 0.809 Thread 0x000000001771e800 Uncommon trap: reason=unstable_if action=reinterpret pc=0x0000000002bd70e4 method=java.util.HashMap.getNode(ILjava/lang/Object;)Ljava/util/HashMap$Node; @ 129
Event: 0.972 Thread 0x000000001771a800 Uncommon trap: reason=unstable_if action=reinterpret pc=0x0000000002bf30b4 method=java.util.BitSet.ensureCapacity(I)V @ 6
Event: 1.285 Thread 0x000000001771e800 Uncommon trap: reason=unstable_if action=reinterpret pc=0x0000000002cacfdc method=com.android.dx.rop.cst.Constant.compareTo(Lcom/android/dx/rop/cst/Constant;)I @ 12
Event: 1.285 Thread 0x000000001771e800 Uncommon trap: reason=bimorphic action=maybe_recompile pc=0x0000000002be7f24 method=java.util.HashMap.getNode(ILjava/lang/Object;)Ljava/util/HashMap$Node; @ 126

Internal exceptions (2 events):
Event: 0.071 Thread 0x00000000028f0800 Exception <a 'java/lang/NoSuchMethodError': Method sun.misc.Unsafe.defineClass(Ljava/lang/String;[BII)Ljava/lang/Class; name or signature does not match> (0x00000000eab07cc0) thrown at [D:\re\workspace\8-2-build-windows-amd64-cygwin\jdk8u92\6642\hotspot\srÏL∞5≤?
Event: 0.071 Thread 0x00000000028f0800 Exception <a 'java/lang/NoSuchMethodError': Method sun.misc.Unsafe.prefetchRead(Ljava/lang/Object;J)V name or signature does not match> (0x00000000eab07fa8) thrown at [D:\re\workspace\8-2-build-windows-amd64-cygwin\jdk8u92\6642\hotspot\src\share\vm\prims\j

Events (10 events):
Event: 1.301 loading class java/util/TreeMap$EntrySet
Event: 1.301 loading class java/util/TreeMap$EntrySet done
Event: 1.301 loading class java/util/TreeMap$EntryIterator
Event: 1.301 loading class java/util/TreeMap$EntryIterator done
Event: 1.301 Executing VM operation: Deoptimize
Event: 1.353 Executing VM operation: Deoptimize done
Event: 1.356 Thread 0x000000001771a800 DEOPT PACKING pc=0x0000000002d5707a sp=0x000000001843eaf0
Event: 1.356 Thread 0x000000001771a800 DEOPT UNPACKING pc=0x0000000002a3787f sp=0x000000001843e860 mode 0
Event: 1.428 Thread 0x000000001771e800 Thread exited: 0x000000001771e800
Event: 1.445 Thread 0x0000000017715000 Thread exited: 0x0000000017715000


Dynamic libraries:
0x00007ff76ba40000 - 0x00007ff76ba77000 	D:\java\JDK\bin\java.exe
0x00007ffb927a0000 - 0x00007ffb92971000 	C:\WINDOWS\SYSTEM32\ntdll.dll
0x00007ffb8fdf0000 - 0x00007ffb8fe9c000 	C:\WINDOWS\System32\KERNEL32.DLL
0x00007ffb8f800000 - 0x00007ffb8fa1d000 	C:\WINDOWS\System32\KERNELBASE.dll
0x00007ffb90d40000 - 0x00007ffb90de2000 	C:\WINDOWS\System32\ADVAPI32.dll
0x00007ffb90550000 - 0x00007ffb905ee000 	C:\WINDOWS\System32\msvcrt.dll
0x00007ffb90ff0000 - 0x00007ffb91049000 	C:\WINDOWS\System32\sechost.dll
0x00007ffb90ab0000 - 0x00007ffb90bd1000 	C:\WINDOWS\System32\RPCRT4.dll
0x00007ffb90e80000 - 0x00007ffb90fe5000 	C:\WINDOWS\System32\USER32.dll
0x00007ffb8fca0000 - 0x00007ffb8fcbe000 	C:\WINDOWS\System32\win32u.dll
0x00007ffb8fea0000 - 0x00007ffb8fed4000 	C:\WINDOWS\System32\GDI32.dll
0x00007ffb8ec90000 - 0x00007ffb8ee12000 	C:\WINDOWS\System32\gdi32full.dll
0x00007ffb7d960000 - 0x00007ffb7dbda000 	C:\WINDOWS\WinSxS\amd64_microsoft.windows.common-controls_6595b64144ccf1df_6.0.14393.953_none_42151e83c686086b\COMCTL32.dll
0x00007ffb90760000 - 0x00007ffb90a28000 	C:\WINDOWS\System32\combase.dll
0x00007ffb8f500000 - 0x00007ffb8f5f5000 	C:\WINDOWS\System32\ucrtbase.dll
0x00007ffb8fcc0000 - 0x00007ffb8fd2a000 	C:\WINDOWS\System32\bcryptPrimitives.dll
0x00007ffb8fee0000 - 0x00007ffb8ff0e000 	C:\WINDOWS\System32\IMM32.DLL
0x0000000061280000 - 0x0000000061352000 	D:\java\JDK\jre\bin\msvcr100.dll
0x00000000609e0000 - 0x0000000061276000 	D:\java\JDK\jre\bin\server\jvm.dll
0x00007ffb90a40000 - 0x00007ffb90a48000 	C:\WINDOWS\System32\PSAPI.DLL
0x00007ffb82250000 - 0x00007ffb82259000 	C:\WINDOWS\SYSTEM32\WSOCK32.dll
0x00007ffb8cc40000 - 0x00007ffb8cc63000 	C:\WINDOWS\SYSTEM32\WINMM.dll
0x00007ffb83410000 - 0x00007ffb8341a000 	C:\WINDOWS\SYSTEM32\VERSION.dll
0x00007ffb90690000 - 0x00007ffb906fa000 	C:\WINDOWS\System32\WS2_32.dll
0x00007ffb8cba0000 - 0x00007ffb8cbcb000 	C:\WINDOWS\SYSTEM32\WINMMBASE.dll
0x00007ffb8f660000 - 0x00007ffb8f6a2000 	C:\WINDOWS\System32\cfgmgr32.dll
0x00000000609d0000 - 0x00000000609df000 	D:\java\JDK\jre\bin\verify.dll
0x00000000609a0000 - 0x00000000609c9000 	D:\java\JDK\jre\bin\java.dll
0x0000000060980000 - 0x0000000060996000 	D:\java\JDK\jre\bin\zip.dll
0x00007ffb91150000 - 0x00007ffb92658000 	C:\WINDOWS\System32\SHELL32.dll
0x00007ffb8ee20000 - 0x00007ffb8f4fa000 	C:\WINDOWS\System32\windows.storage.dll
0x00007ffb8ec20000 - 0x00007ffb8ec6c000 	C:\WINDOWS\System32\powrprof.dll
0x00007ffb90a50000 - 0x00007ffb90aa2000 	C:\WINDOWS\System32\shlwapi.dll
0x00007ffb8ec70000 - 0x00007ffb8ec7f000 	C:\WINDOWS\System32\kernel.appcore.dll
0x00007ffb8fbf0000 - 0x00007ffb8fc99000 	C:\WINDOWS\System32\shcore.dll
0x00007ffb8ec00000 - 0x00007ffb8ec14000 	C:\WINDOWS\System32\profapi.dll

VM Arguments:
jvm_args: -Djava.awt.headless=true -Xmx1024M -Dfile.encoding=GBK -Duser.country=CN -Duser.language=zh -Duser.variant 
java_command: com.android.dx.command.Main --dex --num-threads=4 --multi-dex --output G:\nav\Navigation\app\build\intermediates\transforms\dex\debug\folders\1000\2\ShareSDK-Facebook-2.8.2_0fa38f6ded270602d462e99ce1fed62bc17e94af G:\nav\Navigation\app\libs\ShareSDK-Facebook-2.8.2.jar
java_class_path (initial): D:\java\SDK\build-tools\25.0.3\lib\dx.jar
Launcher Type: SUN_STANDARD

Environment Variables:
JAVA_HOME=D:\java\JDK
PATH=C:\ProgramData\Oracle\Java\javapath;C:\Program Files (x86)\Tesseract-OCR;C:\Python27\Scripts\;C:\WINDOWS\system32;C:\WINDOWS;C:\WINDOWS\System32\Wbem;C:\WINDOWS\System32\WindowsPowerShell\v1.0\;C:\Program Files\Microsoft SQL Server\110\Tools\Binn\;C:\Program Files\Microsoft SQL Server\120\Tools\Binn\;C:\WINDOWS\system32\config\systemprofile\.dnx\bin;C:\Program Files\Microsoft DNX\Dnvm\;C:\Program Files (x86)\Windows Kits\10\Windows Performance Toolkit\;C:\Python27;D:\Git\bin;C:\Program Files\MATLAB\MATLAB Runtime\v90\bin;C:\Program Files\MATLAB\MATLAB Runtime\v90\runtime\win64;D:\java\JDK\bin;D:\java\JRE\bin;C:\Program Files (x86)\IDM Computer Solutions\UltraEdit;D:\java\SDK\platform-tools;C:\Users\EdwardPC\AppData\Local\Microsoft\WindowsApps;C:\Users\EdwardPC\AppData\Roaming\npm;C:\Python27;C:\Python36;C:\Program Files\SQLite Expert\Personal 4;C:\Python27\Scripts\;C:\Program Files\MATLAB\MATLAB Runtime\v90\bin\win64;C:\Program Files\MATLAB\MATLAB Runtime\v90\bin;D:\java\SDK\platform-tools
USERNAME=EdwardPC
OS=Windows_NT
PROCESSOR_IDENTIFIER=Intel64 Family 6 Model 60 Stepping 3, GenuineIntel



---------------  S Y S T E M  ---------------

OS: Windows 10.0 , 64 bit Build 14393 (10.0.14393.1198)

CPU:total 8 (4 cores per cpu, 2 threads per core) family 6 model 60 stepping 3, cmov, cx8, fxsr, mmx, sse, sse2, sse3, ssse3, sse4.1, sse4.2, popcnt, avx, avx2, aes, clmul, erms, lzcnt, ht, tsc, tscinvbit, bmi1, bmi2

Memory: 4k page, physical 8277272k(1917892k free), swap 8277272k(3280k free)

vm_info: Java HotSpot(TM) 64-Bit Server VM (25.92-b14) for windows-amd64 JRE (1.8.0_92-b14), built on Mar 31 2016 21:03:04 by "java_re" with MS VC++ 10.0 (VS2010)

time: Thu Jun 15 11:21:41 2017
elapsed time: 1 seconds (0d 0h 0m 1s)

