#
# There is insufficient memory for the Java Runtime Environment to continue.
# Native memory allocation (malloc) failed to allocate 32744 bytes for ChunkPool::allocate
# Possible reasons:
#   The system is out of physical RAM or swap space
#   In 32 bit mode, the process size limit was hit
# Possible solutions:
#   Reduce memory load on the system
#   Increase physical memory or swap space
#   Check if swap backing store is full
#   Use 64 bit Java on a 64 bit OS
#   Decrease Java heap size (-Xmx/-Xms)
#   Decrease number of Java threads
#   Decrease Java thread stack sizes (-Xss)
#   Set larger code cache with -XX:ReservedCodeCacheSize=
# This output file may be truncated or incomplete.
#
#  Out of Memory Error (allocation.cpp:273), pid=14028, tid=0x0000000000004e54
#
# JRE version: Java(TM) SE Runtime Environment (8.0_92-b14) (build 1.8.0_92-b14)
# Java VM: Java HotSpot(TM) 64-Bit Server VM (25.92-b14 mixed mode windows-amd64 compressed oops)
# Failed to write core dump. Minidumps are not enabled by default on client versions of Windows
#

---------------  T H R E A D  ---------------

Current thread (0x0000000017949800):  JavaThread "C2 CompilerThread1" daemon [_thread_in_native, id=20052, stack(0x00000000180c0000,0x00000000181c0000)]

Stack: [0x00000000180c0000,0x00000000181c0000]
[error occurred during error reporting (printing stack bounds), id 0xc0000005]

Native frames: (J=compiled Java code, j=interpreted, Vv=VM code, C=native code)


Current CompileTask:
C2:   1450 1047   !   4       com.android.dx.cf.code.BytecodeArray::parseInstruction (2764 bytes)


---------------  P R O C E S S  ---------------

Java Threads: ( => current thread )
  0x0000000017c06000 JavaThread "pool-2-thread-4" [_thread_blocked, id=408, stack(0x00000000189c0000,0x0000000018ac0000)]
  0x0000000017c05000 JavaThread "pool-2-thread-2" [_thread_in_Java, id=9004, stack(0x00000000187c0000,0x00000000188c0000)]
  0x0000000017bf8000 JavaThread "pool-3-thread-1" [_thread_blocked, id=19492, stack(0x00000000186c0000,0x00000000187c0000)]
  0x0000000017bf6800 JavaThread "pool-2-thread-1" [_thread_blocked, id=10672, stack(0x00000000185c0000,0x00000000186c0000)]
  0x00000000179de000 JavaThread "Service Thread" daemon [_thread_blocked, id=21048, stack(0x00000000183c0000,0x00000000184c0000)]
  0x0000000017954000 JavaThread "C1 CompilerThread3" daemon [_thread_blocked, id=5720, stack(0x00000000182c0000,0x00000000183c0000)]
  0x000000001794d000 JavaThread "C2 CompilerThread2" daemon [_thread_in_native, id=14904, stack(0x00000000181c0000,0x00000000182c0000)]
=>0x0000000017949800 JavaThread "C2 CompilerThread1" daemon [_thread_in_native, id=20052, stack(0x00000000180c0000,0x00000000181c0000)]
  0x0000000017947800 JavaThread "C2 CompilerThread0" daemon [_thread_in_native, id=12628, stack(0x0000000017fc0000,0x00000000180c0000)]
  0x0000000017944000 JavaThread "Attach Listener" daemon [_thread_blocked, id=12184, stack(0x0000000017ec0000,0x0000000017fc0000)]
  0x0000000017943800 JavaThread "Signal Dispatcher" daemon [_thread_blocked, id=11668, stack(0x0000000017dc0000,0x0000000017ec0000)]
  0x00000000178e0800 JavaThread "Finalizer" daemon [_thread_blocked, id=3940, stack(0x0000000017cc0000,0x0000000017dc0000)]
  0x00000000159ad800 JavaThread "Reference Handler" daemon [_thread_blocked, id=11532, stack(0x00000000177c0000,0x00000000178c0000)]
  0x0000000002d90800 JavaThread "main" [_thread_blocked, id=4968, stack(0x0000000002c10000,0x0000000002d10000)]

Other Threads:
  0x00000000159a8800 VMThread [stack: 0x00000000176c0000,0x00000000177c0000] [id=19804]
  0x00000000179ff800 WatcherThread [stack: 0x00000000184c0000,0x00000000185c0000] [id=12176]

VM state:not at safepoint (normal execution)

VM Mutex/Monitor currently owned by a thread: None

Heap:
 PSYoungGen      total 38400K, used 29306K [0x00000000eab00000, 0x00000000ed580000, 0x0000000100000000)
  eden space 33280K, 88% used [0x00000000eab00000,0x00000000ec79ea20,0x00000000ecb80000)
  from space 5120K, 0% used [0x00000000ed080000,0x00000000ed080000,0x00000000ed580000)
  to   space 5120K, 0% used [0x00000000ecb80000,0x00000000ecb80000,0x00000000ed080000)
 ParOldGen       total 87552K, used 0K [0x00000000c0000000, 0x00000000c5580000, 0x00000000eab00000)
  object space 87552K, 0% used [0x00000000c0000000,0x00000000c0000000,0x00000000c5580000)
 Metaspace       used 5903K, capacity 6838K, committed 7040K, reserved 1056768K
  class space    used 603K, capacity 622K, committed 640K, reserved 1048576K

Card table byte_map: [0x0000000012250000,0x0000000012460000] byte_map_base: 0x0000000011c50000

Marking Bits: (ParMarkBitMap*) 0x0000000064fd64f0
 Begin Bits: [0x0000000012dc0000, 0x0000000013dc0000)
 End Bits:   [0x0000000013dc0000, 0x0000000014dc0000)

Polling page: 0x0000000001140000

CodeCache: size=245760Kb used=4138Kb max_used=4150Kb free=241621Kb
 bounds [0x0000000002e90000, 0x00000000032b0000, 0x0000000011e90000]
 total_blobs=1329 nmethods=1058 adapters=184
 compilation: enabled

Compilation events (10 events):
Event: 1.403 Thread 0x0000000017954000 1063       3       com.android.dx.ssa.PhiInsn::predBlocksForReg (73 bytes)
Event: 1.425 Thread 0x0000000017947800 

Event: 1.425 Thread 0x0000000017947800 1053       4       com.android.dx.ssa.SsaBasicBlock::forEachPhiInsn (54 bytes)
Event: 1.426 Thread 0x0000000017954000 nmethod 1063 0x000000000329b210 code [0x000000000329b480, 0x000000000329c4d8]
Event: 1.426 Thread 0x0000000017954000 1064       3       com.android.dx.ssa.back.FirstFitLocalCombiningAllocator::tryMapReg (41 bytes)
Event: 1.427 Thread 0x0000000017954000 nmethod 1064 0x000000000329d090 code [0x000000000329d2c0, 0x000000000329e088]
Event: 1.439 Thread 0x0000000017947800 nmethod 1053 0x00000000032a1a90 code [0x00000000032a1c20, 0x00000000032a2338]
Event: 1.439 Thread 0x0000000017947800 1051       4       com.android.dx.dex.code.OutputFinisher::updateInfo (44 bytes)
Event: 1.444 Thread 0x0000000017947800 nmethod 1051 0x000000000329ac10 code [0x000000000329ad60, 0x000000000329afa8]
Event: 1.444 Thread 0x0000000017947800 1073       4       com.android.dx.ssa.SCCP::simulatePhi (169 bytes)

GC Heap History (0 events):
No events

Deoptimization events (7 events):
Event: 0.757 Thread 0x0000000017c06000 Uncommon trap: reason=unstable_if action=reinterpret pc=0x00000000030bceb4 method=java.util.BitSet.ensureCapacity(I)V @ 6
Event: 0.757 Thread 0x0000000017c06000 Uncommon trap: reason=unstable_if action=reinterpret pc=0x00000000030bc2b0 method=java.util.BitSet.ensureCapacity(I)V @ 6
Event: 0.855 Thread 0x0000000017c0c000 Uncommon trap: reason=bimorphic action=maybe_recompile pc=0x00000000030af884 method=java.util.HashMap.getNode(ILjava/lang/Object;)Ljava/util/HashMap$Node; @ 126
Event: 0.856 Thread 0x0000000017c0c000 Uncommon trap: reason=bimorphic action=maybe_recompile pc=0x00000000030af884 method=java.util.HashMap.getNode(ILjava/lang/Object;)Ljava/util/HashMap$Node; @ 126
Event: 0.856 Thread 0x0000000017c0c000 Uncommon trap: reason=bimorphic action=maybe_recompile pc=0x00000000030af884 method=java.util.HashMap.getNode(ILjava/lang/Object;)Ljava/util/HashMap$Node; @ 126
Event: 0.929 Thread 0x0000000017c06000 Uncommon trap: reason=null_check action=make_not_entrant pc=0x000000000318cf28 method=com.android.dx.rop.type.Type.equals(Ljava/lang/Object;)Z @ 8
Event: 0.988 Thread 0x0000000017c0c000 Uncommon trap: reason=bimorphic action=maybe_recompile pc=0x00000000030af884 method=java.util.HashMap.getNode(ILjava/lang/Object;)Ljava/util/HashMap$Node; @ 126

Internal exceptions (3 events):
Event: 0.038 Thread 0x0000000002d90800 Exception <a 'java/lang/NoSuchMethodError': Method sun.misc.Unsafe.defineClass(Ljava/lang/String;[BII)Ljava/lang/Class; name or signature does not match> (0x00000000eab07cc0) thrown at [D:\re\workspace\8-2-build-windows-amd64-cygwin\jdk8u92\6642\hotspot\sr‚˝«&ø£?
Event: 0.039 Thread 0x0000000002d90800 Exception <a 'java/lang/NoSuchMethodError': Method sun.misc.Unsafe.prefetchRead(Ljava/lang/Object;J)V name or signature does not match> (0x00000000eab07fa8) thrown at [D:\re\workspace\8-2-build-windows-amd64-cygwin\jdk8u92\6642\hotspot\src\share\vm\prims\jV™zPê∑Ì?
Event: 0.929 Thread 0x0000000017c06000 Implicit null exception at 0x000000000318ce22 to 0x000000000318cf1a

Events (10 events):
Event: 1.213 Executing VM operation: ForceSafepoint
Event: 1.256 Executing VM operation: ForceSafepoint done
Event: 1.331 Thread 0x0000000017c05000 DEOPT PACKING pc=0x00000000031c35fa sp=0x00000000188be800
Event: 1.331 Thread 0x0000000017c05000 DEOPT UNPACKING pc=0x0000000002ed787f sp=0x00000000188be568 mode 0
Event: 1.347 loading class java/util/TreeMap$EntrySet
Event: 1.347 loading class java/util/TreeMap$EntrySet done
Event: 1.347 loading class java/util/TreeMap$EntryIterator
Event: 1.347 loading class java/util/TreeMap$EntryIterator done
Event: 1.347 Executing VM operation: Deoptimize
Event: 1.401 Executing VM operation: Deoptimize done


Dynamic libraries:
0x00007ff6bf840000 - 0x00007ff6bf877000 	D:\java\JDK\bin\java.exe
0x00007ffa54f30000 - 0x00007ffa55101000 	C:\WINDOWS\SYSTEM32\ntdll.dll
0x00007ffa54e80000 - 0x00007ffa54f2c000 	C:\WINDOWS\System32\KERNEL32.DLL
0x00007ffa514c0000 - 0x00007ffa516dd000 	C:\WINDOWS\System32\KERNELBASE.dll
0x00007ffa526b0000 - 0x00007ffa52752000 	C:\WINDOWS\System32\ADVAPI32.dll
0x00007ffa54a30000 - 0x00007ffa54ace000 	C:\WINDOWS\System32\msvcrt.dll
0x00007ffa545c0000 - 0x00007ffa54619000 	C:\WINDOWS\System32\sechost.dll
0x00007ffa528c0000 - 0x00007ffa529e1000 	C:\WINDOWS\System32\RPCRT4.dll
0x00007ffa54ad0000 - 0x00007ffa54c35000 	C:\WINDOWS\System32\USER32.dll
0x00007ffa519e0000 - 0x00007ffa519fe000 	C:\WINDOWS\System32\win32u.dll
0x00007ffa524c0000 - 0x00007ffa524f4000 	C:\WINDOWS\System32\GDI32.dll
0x00007ffa51850000 - 0x00007ffa519d2000 	C:\WINDOWS\System32\gdi32full.dll
0x00007ffa40940000 - 0x00007ffa40bba000 	C:\WINDOWS\WinSxS\amd64_microsoft.windows.common-controls_6595b64144ccf1df_6.0.14393.953_none_42151e83c686086b\COMCTL32.dll
0x00007ffa546f0000 - 0x00007ffa549b8000 	C:\WINDOWS\System32\combase.dll
0x00007ffa516e0000 - 0x00007ffa517d5000 	C:\WINDOWS\System32\ucrtbase.dll
0x00007ffa517e0000 - 0x00007ffa5184a000 	C:\WINDOWS\System32\bcryptPrimitives.dll
0x00007ffa54590000 - 0x00007ffa545be000 	C:\WINDOWS\System32\IMM32.DLL
0x0000000065060000 - 0x0000000065132000 	D:\java\JDK\jre\bin\msvcr100.dll
0x00000000647c0000 - 0x0000000065056000 	D:\java\JDK\jre\bin\server\jvm.dll
0x00007ffa54620000 - 0x00007ffa54628000 	C:\WINDOWS\System32\PSAPI.DLL
0x00007ffa4eb40000 - 0x00007ffa4eb49000 	C:\WINDOWS\SYSTEM32\WSOCK32.dll
0x00007ffa4f4b0000 - 0x00007ffa4f4d3000 	C:\WINDOWS\SYSTEM32\WINMM.dll
0x00007ffa4eaa0000 - 0x00007ffa4eaaa000 	C:\WINDOWS\SYSTEM32\VERSION.dll
0x00007ffa54e10000 - 0x00007ffa54e7a000 	C:\WINDOWS\System32\WS2_32.dll
0x00007ffa4f1f0000 - 0x00007ffa4f21b000 	C:\WINDOWS\SYSTEM32\WINMMBASE.dll
0x00007ffa51ab0000 - 0x00007ffa51af2000 	C:\WINDOWS\System32\cfgmgr32.dll
0x0000000066440000 - 0x000000006644f000 	D:\java\JDK\jre\bin\verify.dll
0x0000000066410000 - 0x0000000066439000 	D:\java\JDK\jre\bin\java.dll
0x00000000663f0000 - 0x0000000066406000 	D:\java\JDK\jre\bin\zip.dll
0x00007ffa529f0000 - 0x00007ffa53ef8000 	C:\WINDOWS\System32\SHELL32.dll
0x00007ffa51d80000 - 0x00007ffa5245a000 	C:\WINDOWS\System32\windows.storage.dll
0x00007ffa51390000 - 0x00007ffa513dc000 	C:\WINDOWS\System32\powrprof.dll
0x00007ffa54690000 - 0x00007ffa546e2000 	C:\WINDOWS\System32\shlwapi.dll
0x00007ffa513f0000 - 0x00007ffa513ff000 	C:\WINDOWS\System32\kernel.appcore.dll
0x00007ffa51a00000 - 0x00007ffa51aa9000 	C:\WINDOWS\System32\shcore.dll
0x00007ffa51400000 - 0x00007ffa51414000 	C:\WINDOWS\System32\profapi.dll

VM Arguments:
jvm_args: -Djava.awt.headless=true -Xmx1024M -Dfile.encoding=GBK -Duser.country=CN -Duser.language=zh -Duser.variant 
java_command: com.android.dx.command.Main --dex --num-threads=4 --multi-dex --output G:\nav\Navigation\app\build\intermediates\transforms\dex\debug\folders\1000\2\ShareSDK-TencentWeibo-2.8.2_3649b3e4cf29a557d3b6e88cb3ea799110cf886e G:\nav\Navigation\app\libs\ShareSDK-TencentWeibo-2.8.2.jar
java_class_path (initial): D:\java\SDK\build-tools\25.0.3\lib\dx.jar
Launcher Type: SUN_STANDARD

Environment Variables:
JAVA_HOME=D:\java\JDK
PATH=C:\ProgramData\Oracle\Java\javapath;C:\Program Files (x86)\Tesseract-OCR;C:\Python27\Scripts\;C:\WINDOWS\system32;C:\WINDOWS;C:\WINDOWS\System32\Wbem;C:\WINDOWS\System32\WindowsPowerShell\v1.0\;C:\Program Files\Microsoft SQL Server\110\Tools\Binn\;C:\Program Files\Microsoft SQL Server\120\Tools\Binn\;C:\WINDOWS\system32\config\systemprofile\.dnx\bin;C:\Program Files\Microsoft DNX\Dnvm\;C:\Program Files (x86)\Windows Kits\10\Windows Performance Toolkit\;C:\Python27;D:\Git\bin;C:\Program Files\MATLAB\MATLAB Runtime\v90\bin;C:\Program Files\MATLAB\MATLAB Runtime\v90\runtime\win64;D:\java\JDK\bin;D:\java\JRE\bin;C:\Program Files (x86)\IDM Computer Solutions\UltraEdit;D:\java\SDK\platform-tools;C:\Users\EdwardPC\AppData\Local\Microsoft\WindowsApps;C:\Users\EdwardPC\AppData\Roaming\npm;C:\Python27;C:\Python36;C:\Program Files\SQLite Expert\Personal 4;C:\Python27\Scripts\;C:\Program Files\MATLAB\MATLAB Runtime\v90\bin\win64;C:\Program Files\MATLAB\MATLAB Runtime\v90\bin;D:\java\SDK\platform-tools
USERNAME=EdwardPC
OS=Windows_NT
PROCESSOR_IDENTIFIER=Intel64 Family 6 Model 60 Stepping 3, GenuineIntel



---------------  S Y S T E M  ---------------

OS: Windows 10.0 , 64 bit Build 14393 (10.0.14393.1198)

CPU:total 8 (4 cores per cpu, 2 threads per core) family 6 model 60 stepping 3, cmov, cx8, fxsr, mmx, sse, sse2, sse3, ssse3, sse4.1, sse4.2, popcnt, avx, avx2, aes, clmul, erms, lzcnt, ht, tsc, tscinvbit, bmi1, bmi2

Memory: 4k page, physical 8277272k(1003812k free), swap 8277272k(3076k free)

vm_info: Java HotSpot(TM) 64-Bit Server VM (25.92-b14) for windows-amd64 JRE (1.8.0_92-b14), built on Mar 31 2016 21:03:04 by "java_re" with MS VC++ 10.0 (VS2010)

time: Fri Jun 09 11:43:29 2017
elapsed time: 1 seconds (0d 0h 0m 1s)

