#
# There is insufficient memory for the Java Runtime Environment to continue.
# Native memory allocation (malloc) failed to allocate 200576 bytes for Chunk::new
# Possible reasons:
#   The system is out of physical RAM or swap space
#   In 32 bit mode, the process size limit was hit
# Possible solutions:
#   Reduce memory load on the system
#   Increase physical memory or swap space
#   Check if swap backing store is full
#   Use 64 bit Java on a 64 bit OS
#   Decrease Java heap size (-Xmx/-Xms)
#   Decrease number of Java threads
#   Decrease Java thread stack sizes (-Xss)
#   Set larger code cache with -XX:ReservedCodeCacheSize=
# This output file may be truncated or incomplete.
#
#  Out of Memory Error (allocation.cpp:390), pid=19800, tid=0x00000000000052d0
#
# JRE version: Java(TM) SE Runtime Environment (8.0_92-b14) (build 1.8.0_92-b14)
# Java VM: Java HotSpot(TM) 64-Bit Server VM (25.92-b14 mixed mode windows-amd64 compressed oops)
# Failed to write core dump. Minidumps are not enabled by default on client versions of Windows
#

---------------  T H R E A D  ---------------

Current thread (0x000000001561c000):  JavaThread "C2 CompilerThread0" daemon [_thread_in_native, id=21200, stack(0x0000000017be0000,0x0000000017ce0000)]

Stack: [0x0000000017be0000,0x0000000017ce0000]
[error occurred during error reporting (printing stack bounds), id 0xc0000005]

Native frames: (J=compiled Java code, j=interpreted, Vv=VM code, C=native code)


Current CompileTask:
C2:    629  639       4       com.android.dx.ssa.SsaBasicBlock::forEachInsn (37 bytes)


---------------  P R O C E S S  ---------------

Java Threads: ( => current thread )
  0x000000001772e800 JavaThread "pool-2-thread-4" [_thread_in_Java, id=2604, stack(0x00000000185e0000,0x00000000186e0000)]
  0x0000000017741800 JavaThread "pool-2-thread-3" [_thread_in_Java, id=17060, stack(0x00000000184e0000,0x00000000185e0000)]
  0x000000001772d800 JavaThread "pool-2-thread-2" [_thread_in_Java, id=18332, stack(0x00000000183e0000,0x00000000184e0000)]
  0x000000001772d000 JavaThread "pool-3-thread-1" [_thread_blocked, id=18072, stack(0x00000000182e0000,0x00000000183e0000)]
  0x000000001772c000 JavaThread "pool-2-thread-1" [_thread_in_Java, id=12020, stack(0x00000000181e0000,0x00000000182e0000)]
  0x000000001760a800 JavaThread "Service Thread" daemon [_thread_blocked, id=13444, stack(0x0000000017fe0000,0x00000000180e0000)]
  0x0000000017577000 JavaThread "C1 CompilerThread3" daemon [_thread_blocked, id=19524, stack(0x0000000017ee0000,0x0000000017fe0000)]
  0x0000000017572000 JavaThread "C2 CompilerThread2" daemon [_thread_blocked, id=14548, stack(0x0000000017de0000,0x0000000017ee0000)]
  0x000000001756a000 JavaThread "C2 CompilerThread1" daemon [_thread_blocked, id=14996, stack(0x0000000017ce0000,0x0000000017de0000)]
=>0x000000001561c000 JavaThread "C2 CompilerThread0" daemon [_thread_in_native, id=21200, stack(0x0000000017be0000,0x0000000017ce0000)]
  0x000000001751c000 JavaThread "Attach Listener" daemon [_thread_blocked, id=3316, stack(0x0000000017ae0000,0x0000000017be0000)]
  0x000000001751b000 JavaThread "Signal Dispatcher" daemon [_thread_blocked, id=19240, stack(0x00000000179e0000,0x0000000017ae0000)]
  0x0000000017500800 JavaThread "Finalizer" daemon [_thread_blocked, id=19940, stack(0x00000000178e0000,0x00000000179e0000)]
  0x0000000002ae4000 JavaThread "Reference Handler" daemon [_thread_blocked, id=17780, stack(0x00000000173e0000,0x00000000174e0000)]
  0x00000000029f0800 JavaThread "main" [_thread_in_Java, id=5164, stack(0x0000000002520000,0x0000000002620000)]

Other Threads:
  0x000000001560a000 VMThread [stack: 0x00000000172e0000,0x00000000173e0000] [id=5076]
  0x000000001762e000 WatcherThread [stack: 0x00000000180e0000,0x00000000181e0000] [id=5380]

VM state:not at safepoint (normal execution)

VM Mutex/Monitor currently owned by a thread: None

Heap:
 PSYoungGen      total 38400K, used 31312K [0x00000000eab00000, 0x00000000ed580000, 0x0000000100000000)
  eden space 33280K, 94% used [0x00000000eab00000,0x00000000ec9943a0,0x00000000ecb80000)
  from space 5120K, 99% used [0x00000000ecb80000,0x00000000ed07bc98,0x00000000ed080000)
  to   space 5120K, 0% used [0x00000000ed080000,0x00000000ed080000,0x00000000ed580000)
 ParOldGen       total 87552K, used 2249K [0x00000000c0000000, 0x00000000c5580000, 0x00000000eab00000)
  object space 87552K, 2% used [0x00000000c0000000,0x00000000c02327f8,0x00000000c5580000)
 Metaspace       used 5998K, capacity 6902K, committed 7040K, reserved 1056768K
  class space    used 605K, capacity 622K, committed 640K, reserved 1048576K

Card table byte_map: [0x0000000011eb0000,0x00000000120c0000] byte_map_base: 0x00000000118b0000

Marking Bits: (ParMarkBitMap*) 0x0000000064fd64f0
 Begin Bits: [0x0000000012a20000, 0x0000000013a20000)
 End Bits:   [0x0000000013a20000, 0x0000000014a20000)

Polling page: 0x0000000000db0000

CodeCache: size=245760Kb used=2517Kb max_used=2531Kb free=243242Kb
 bounds [0x0000000002af0000, 0x0000000002d70000, 0x0000000011af0000]
 total_blobs=909 nmethods=637 adapters=184
 compilation: disabled (not enough contiguous free space left)

Compilation events (10 events):
Event: 0.521 Thread 0x0000000017577000 nmethod 651 0x0000000002d624d0 code [0x0000000002d62660, 0x0000000002d629f8]
Event: 0.521 Thread 0x0000000017577000  638       3       java.util.ArrayList$SubList::<init> (46 bytes)
Event: 0.522 Thread 0x0000000017577000 nmethod 638 0x0000000002d61f10 code [0x0000000002d62080, 0x0000000002d62350]
Event: 0.522 Thread 0x0000000017577000  647       3       java.util.Collections$UnmodifiableCollection$1::<init> (26 bytes)
Event: 0.522 Thread 0x0000000017577000 nmethod 647 0x0000000002d619d0 code [0x0000000002d61b40, 0x0000000002d61e08]
Event: 0.522 Thread 0x0000000017577000  648       3       java.util.Collections$UnmodifiableCollection::iterator (9 bytes)
Event: 0.522 Thread 0x0000000017577000 nmethod 648 0x0000000002d61390 code [0x0000000002d61500, 0x0000000002d61868]
Event: 0.522 Thread 0x0000000017577000  599       3       com.android.dx.cf.direct.StdAttributeFactory::parse0 (532 bytes)
Event: 0.526 Thread 0x0000000017577000 

Event: 0.526 Thread 0x000000001756a000 


GC Heap History (0 events):
No events

Deoptimization events (1 events):
Event: 0.474 Thread 0x000000001772e800 Uncommon trap: reason=unstable_if action=reinterpret pc=0x0000000002cf8de4 method=java.util.HashMap.getNode(ILjava/lang/Object;)Ljava/util/HashMap$Node; @ 129

Internal exceptions (2 events):
Event: 0.042 Thread 0x00000000029f0800 Exception <a 'java/lang/NoSuchMethodError': Method sun.misc.Unsafe.defineClass(Ljava/lang/String;[BII)Ljava/lang/Class; name or signature does not match> (0x00000000eab07cc0) thrown at [D:\re\workspace\8-2-build-windows-amd64-cygwin\jdk8u92\6642\hotspot\srí˜#6½f¥?
Event: 0.042 Thread 0x00000000029f0800 Exception <a 'java/lang/NoSuchMethodError': Method sun.misc.Unsafe.prefetchRead(Ljava/lang/Object;J)V name or signature does not match> (0x00000000eab07fa8) thrown at [D:\re\workspace\8-2-build-windows-amd64-cygwin\jdk8u92\6642\hotspot\src\share\vm\prims\j

Events (10 events):
Event: 0.498 loading class com/android/dx/cf/attrib/AttDeprecated done
Event: 0.499 loading class com/android/dx/cf/attrib/AttRuntimeVisibleAnnotations
Event: 0.499 loading class com/android/dx/cf/attrib/AttRuntimeVisibleAnnotations done
Event: 0.513 loading class java/util/ArrayList$1
Event: 0.513 loading class java/util/ArrayList$1 done
Event: 0.522 loading class java/util/TreeMap$EntrySet
Event: 0.522 loading class java/util/TreeMap$EntrySet done
Event: 0.522 loading class java/util/TreeMap$EntryIterator
Event: 0.522 loading class java/util/TreeMap$EntryIterator done
Event: 0.528 Executing VM operation: ForceSafepoint


Dynamic libraries:
0x00007ff6bf840000 - 0x00007ff6bf877000 	D:\java\JDK\bin\java.exe
0x00007ffa54f30000 - 0x00007ffa55101000 	C:\WINDOWS\SYSTEM32\ntdll.dll
0x00007ffa54e80000 - 0x00007ffa54f2c000 	C:\WINDOWS\System32\KERNEL32.DLL
0x00007ffa514c0000 - 0x00007ffa516dd000 	C:\WINDOWS\System32\KERNELBASE.dll
0x00007ffa526b0000 - 0x00007ffa52752000 	C:\WINDOWS\System32\ADVAPI32.dll
0x00007ffa54a30000 - 0x00007ffa54ace000 	C:\WINDOWS\System32\msvcrt.dll
0x00007ffa545c0000 - 0x00007ffa54619000 	C:\WINDOWS\System32\sechost.dll
0x00007ffa528c0000 - 0x00007ffa529e1000 	C:\WINDOWS\System32\RPCRT4.dll
0x00007ffa54ad0000 - 0x00007ffa54c35000 	C:\WINDOWS\System32\USER32.dll
0x00007ffa519e0000 - 0x00007ffa519fe000 	C:\WINDOWS\System32\win32u.dll
0x00007ffa524c0000 - 0x00007ffa524f4000 	C:\WINDOWS\System32\GDI32.dll
0x00007ffa51850000 - 0x00007ffa519d2000 	C:\WINDOWS\System32\gdi32full.dll
0x00007ffa40940000 - 0x00007ffa40bba000 	C:\WINDOWS\WinSxS\amd64_microsoft.windows.common-controls_6595b64144ccf1df_6.0.14393.953_none_42151e83c686086b\COMCTL32.dll
0x00007ffa546f0000 - 0x00007ffa549b8000 	C:\WINDOWS\System32\combase.dll
0x00007ffa516e0000 - 0x00007ffa517d5000 	C:\WINDOWS\System32\ucrtbase.dll
0x00007ffa517e0000 - 0x00007ffa5184a000 	C:\WINDOWS\System32\bcryptPrimitives.dll
0x00007ffa54590000 - 0x00007ffa545be000 	C:\WINDOWS\System32\IMM32.DLL
0x0000000065060000 - 0x0000000065132000 	D:\java\JDK\jre\bin\msvcr100.dll
0x00000000647c0000 - 0x0000000065056000 	D:\java\JDK\jre\bin\server\jvm.dll
0x00007ffa54620000 - 0x00007ffa54628000 	C:\WINDOWS\System32\PSAPI.DLL
0x00007ffa4eb40000 - 0x00007ffa4eb49000 	C:\WINDOWS\SYSTEM32\WSOCK32.dll
0x00007ffa54e10000 - 0x00007ffa54e7a000 	C:\WINDOWS\System32\WS2_32.dll
0x00007ffa4f4b0000 - 0x00007ffa4f4d3000 	C:\WINDOWS\SYSTEM32\WINMM.dll
0x00007ffa4eaa0000 - 0x00007ffa4eaaa000 	C:\WINDOWS\SYSTEM32\VERSION.dll
0x00007ffa4f1f0000 - 0x00007ffa4f21b000 	C:\WINDOWS\SYSTEM32\WINMMBASE.dll
0x00007ffa51ab0000 - 0x00007ffa51af2000 	C:\WINDOWS\System32\cfgmgr32.dll
0x0000000066440000 - 0x000000006644f000 	D:\java\JDK\jre\bin\verify.dll
0x0000000066410000 - 0x0000000066439000 	D:\java\JDK\jre\bin\java.dll
0x00000000663f0000 - 0x0000000066406000 	D:\java\JDK\jre\bin\zip.dll
0x00007ffa529f0000 - 0x00007ffa53ef8000 	C:\WINDOWS\System32\SHELL32.dll
0x00007ffa51d80000 - 0x00007ffa5245a000 	C:\WINDOWS\System32\windows.storage.dll
0x00007ffa51390000 - 0x00007ffa513dc000 	C:\WINDOWS\System32\powrprof.dll
0x00007ffa54690000 - 0x00007ffa546e2000 	C:\WINDOWS\System32\shlwapi.dll
0x00007ffa513f0000 - 0x00007ffa513ff000 	C:\WINDOWS\System32\kernel.appcore.dll
0x00007ffa51a00000 - 0x00007ffa51aa9000 	C:\WINDOWS\System32\shcore.dll
0x00007ffa51400000 - 0x00007ffa51414000 	C:\WINDOWS\System32\profapi.dll

VM Arguments:
jvm_args: -Djava.awt.headless=true -Xmx1024M -Dfile.encoding=GBK -Duser.country=CN -Duser.language=zh -Duser.variant 
java_command: com.android.dx.command.Main --dex --num-threads=4 --multi-dex --output G:\nav\Navigation\app\build\intermediates\transforms\dex\debug\folders\1000\2\volley-1.0.19_6a5c9f65e710b890b7c78287e4aa33760774b43b G:\nav\Navigation\app\libs\volley-1.0.19.jar
java_class_path (initial): D:\java\SDK\build-tools\25.0.3\lib\dx.jar
Launcher Type: SUN_STANDARD

Environment Variables:
JAVA_HOME=D:\java\JDK
PATH=C:\ProgramData\Oracle\Java\javapath;C:\Program Files (x86)\Tesseract-OCR;C:\Python27\Scripts\;C:\WINDOWS\system32;C:\WINDOWS;C:\WINDOWS\System32\Wbem;C:\WINDOWS\System32\WindowsPowerShell\v1.0\;C:\Program Files\Microsoft SQL Server\110\Tools\Binn\;C:\Program Files\Microsoft SQL Server\120\Tools\Binn\;C:\WINDOWS\system32\config\systemprofile\.dnx\bin;C:\Program Files\Microsoft DNX\Dnvm\;C:\Program Files (x86)\Windows Kits\10\Windows Performance Toolkit\;C:\Python27;D:\Git\bin;C:\Program Files\MATLAB\MATLAB Runtime\v90\bin;C:\Program Files\MATLAB\MATLAB Runtime\v90\runtime\win64;D:\java\JDK\bin;D:\java\JRE\bin;C:\Program Files (x86)\IDM Computer Solutions\UltraEdit;D:\java\SDK\platform-tools;C:\Users\EdwardPC\AppData\Local\Microsoft\WindowsApps;C:\Users\EdwardPC\AppData\Roaming\npm;C:\Python27;C:\Python36;C:\Program Files\SQLite Expert\Personal 4;C:\Python27\Scripts\;C:\Program Files\MATLAB\MATLAB Runtime\v90\bin\win64;C:\Program Files\MATLAB\MATLAB Runtime\v90\bin;D:\java\SDK\platform-tools
USERNAME=EdwardPC
OS=Windows_NT
PROCESSOR_IDENTIFIER=Intel64 Family 6 Model 60 Stepping 3, GenuineIntel



---------------  S Y S T E M  ---------------

OS: Windows 10.0 , 64 bit Build 14393 (10.0.14393.1198)

CPU:total 8 (4 cores per cpu, 2 threads per core) family 6 model 60 stepping 3, cmov, cx8, fxsr, mmx, sse, sse2, sse3, ssse3, sse4.1, sse4.2, popcnt, avx, avx2, aes, clmul, erms, lzcnt, ht, tsc, tscinvbit, bmi1, bmi2

Memory: 4k page, physical 8277272k(1079744k free), swap 8277272k(229908k free)

vm_info: Java HotSpot(TM) 64-Bit Server VM (25.92-b14) for windows-amd64 JRE (1.8.0_92-b14), built on Mar 31 2016 21:03:04 by "java_re" with MS VC++ 10.0 (VS2010)

time: Fri Jun 09 11:43:46 2017
elapsed time: 0 seconds (0d 0h 0m 0s)

