#
# There is insufficient memory for the Java Runtime Environment to continue.
# Native memory allocation (malloc) failed to allocate 480104 bytes for AllocateHeap
# Possible reasons:
#   The system is out of physical RAM or swap space
#   In 32 bit mode, the process size limit was hit
# Possible solutions:
#   Reduce memory load on the system
#   Increase physical memory or swap space
#   Check if swap backing store is full
#   Use 64 bit Java on a 64 bit OS
#   Decrease Java heap size (-Xmx/-Xms)
#   Decrease number of Java threads
#   Decrease Java thread stack sizes (-Xss)
#   Set larger code cache with -XX:ReservedCodeCacheSize=
# This output file may be truncated or incomplete.
#
#  Out of Memory Error (memory/allocation.inline.hpp:61), pid=17520, tid=0x0000000000000f48
#
# JRE version:  (8.0_92-b14) (build )
# Java VM: Java HotSpot(TM) 64-Bit Server VM (25.92-b14 mixed mode windows-amd64 compressed oops)
# Failed to write core dump. Minidumps are not enabled by default on client versions of Windows
#

---------------  T H R E A D  ---------------

Current thread (0x0000000003390800):  JavaThread "Unknown thread" [_thread_in_vm, id=3912, stack(0x0000000003290000,0x0000000003390000)]

Stack: [0x0000000003290000,0x0000000003390000]
[error occurred during error reporting (printing stack bounds), id 0xc0000005]

Native frames: (J=compiled Java code, j=interpreted, Vv=VM code, C=native code)


---------------  P R O C E S S  ---------------

Java Threads: ( => current thread )

Other Threads:

=>0x0000000003390800 (exited) JavaThread "Unknown thread" [_thread_in_vm, id=3912, stack(0x0000000003290000,0x0000000003390000)]

VM state:not at safepoint (not fully initialized)

VM Mutex/Monitor currently owned by a thread: None

GC Heap History (0 events):
No events

Deoptimization events (0 events):
No events

Internal exceptions (0 events):
No events

Events (0 events):
No events


Dynamic libraries:
0x00007ff76ba40000 - 0x00007ff76ba77000 	D:\java\JDK\bin\java.exe
0x00007ffb927a0000 - 0x00007ffb92971000 	C:\WINDOWS\SYSTEM32\ntdll.dll
0x00007ffb8fdf0000 - 0x00007ffb8fe9c000 	C:\WINDOWS\System32\KERNEL32.DLL
0x00007ffb8f800000 - 0x00007ffb8fa1d000 	C:\WINDOWS\System32\KERNELBASE.dll
0x00007ffb90d40000 - 0x00007ffb90de2000 	C:\WINDOWS\System32\ADVAPI32.dll
0x00007ffb90550000 - 0x00007ffb905ee000 	C:\WINDOWS\System32\msvcrt.dll
0x00007ffb90ff0000 - 0x00007ffb91049000 	C:\WINDOWS\System32\sechost.dll
0x00007ffb90ab0000 - 0x00007ffb90bd1000 	C:\WINDOWS\System32\RPCRT4.dll
0x00007ffb90e80000 - 0x00007ffb90fe5000 	C:\WINDOWS\System32\USER32.dll
0x00007ffb8fca0000 - 0x00007ffb8fcbe000 	C:\WINDOWS\System32\win32u.dll
0x00007ffb8fea0000 - 0x00007ffb8fed4000 	C:\WINDOWS\System32\GDI32.dll
0x00007ffb8ec90000 - 0x00007ffb8ee12000 	C:\WINDOWS\System32\gdi32full.dll
0x00007ffb7d960000 - 0x00007ffb7dbda000 	C:\WINDOWS\WinSxS\amd64_microsoft.windows.common-controls_6595b64144ccf1df_6.0.14393.953_none_42151e83c686086b\COMCTL32.dll
0x00007ffb90760000 - 0x00007ffb90a28000 	C:\WINDOWS\System32\combase.dll
0x00007ffb8f500000 - 0x00007ffb8f5f5000 	C:\WINDOWS\System32\ucrtbase.dll
0x00007ffb8fcc0000 - 0x00007ffb8fd2a000 	C:\WINDOWS\System32\bcryptPrimitives.dll
0x00007ffb8fee0000 - 0x00007ffb8ff0e000 	C:\WINDOWS\System32\IMM32.DLL
0x0000000061280000 - 0x0000000061352000 	D:\java\JDK\jre\bin\msvcr100.dll
0x00000000609e0000 - 0x0000000061276000 	D:\java\JDK\jre\bin\server\jvm.dll
0x00007ffb90a40000 - 0x00007ffb90a48000 	C:\WINDOWS\System32\PSAPI.DLL
0x00007ffb8cc40000 - 0x00007ffb8cc63000 	C:\WINDOWS\SYSTEM32\WINMM.dll
0x00007ffb83410000 - 0x00007ffb8341a000 	C:\WINDOWS\SYSTEM32\VERSION.dll
0x00007ffb82250000 - 0x00007ffb82259000 	C:\WINDOWS\SYSTEM32\WSOCK32.dll
0x00007ffb90690000 - 0x00007ffb906fa000 	C:\WINDOWS\System32\WS2_32.dll
0x0000000001570000 - 0x000000000159b000 	C:\WINDOWS\SYSTEM32\WINMMBASE.dll
0x00007ffb8f660000 - 0x00007ffb8f6a2000 	C:\WINDOWS\System32\cfgmgr32.dll
0x00000000609d0000 - 0x00000000609df000 	D:\java\JDK\jre\bin\verify.dll
0x00000000609a0000 - 0x00000000609c9000 	D:\java\JDK\jre\bin\java.dll
0x0000000060980000 - 0x0000000060996000 	D:\java\JDK\jre\bin\zip.dll

VM Arguments:
jvm_args: -Djava.awt.headless=true -Xmx1024M -Dfile.encoding=GBK -Duser.country=CN -Duser.language=zh -Duser.variant 
java_command: com.android.dx.command.Main --dex --num-threads=4 --multi-dex --output G:\nav\Navigation\app\build\intermediates\transforms\dex\debug\folders\1000\2\ShareSDK-Alipay-2.8.2_b2a4f186f93a1dc953dd6d66aa6c30f405905dfa G:\nav\Navigation\app\libs\ShareSDK-Alipay-2.8.2.jar
java_class_path (initial): D:\java\SDK\build-tools\25.0.3\lib\dx.jar
Launcher Type: SUN_STANDARD

Environment Variables:
JAVA_HOME=D:\java\JDK
PATH=C:\ProgramData\Oracle\Java\javapath;C:\Program Files (x86)\Tesseract-OCR;C:\Python27\Scripts\;C:\WINDOWS\system32;C:\WINDOWS;C:\WINDOWS\System32\Wbem;C:\WINDOWS\System32\WindowsPowerShell\v1.0\;C:\Program Files\Microsoft SQL Server\110\Tools\Binn\;C:\Program Files\Microsoft SQL Server\120\Tools\Binn\;C:\WINDOWS\system32\config\systemprofile\.dnx\bin;C:\Program Files\Microsoft DNX\Dnvm\;C:\Program Files (x86)\Windows Kits\10\Windows Performance Toolkit\;C:\Python27;D:\Git\bin;C:\Program Files\MATLAB\MATLAB Runtime\v90\bin;C:\Program Files\MATLAB\MATLAB Runtime\v90\runtime\win64;D:\java\JDK\bin;D:\java\JRE\bin;C:\Program Files (x86)\IDM Computer Solutions\UltraEdit;D:\java\SDK\platform-tools;C:\Users\EdwardPC\AppData\Local\Microsoft\WindowsApps;C:\Users\EdwardPC\AppData\Roaming\npm;C:\Python27;C:\Python36;C:\Program Files\SQLite Expert\Personal 4;C:\Python27\Scripts\;C:\Program Files\MATLAB\MATLAB Runtime\v90\bin\win64;C:\Program Files\MATLAB\MATLAB Runtime\v90\bin;D:\java\SDK\platform-tools
USERNAME=EdwardPC
OS=Windows_NT
PROCESSOR_IDENTIFIER=Intel64 Family 6 Model 60 Stepping 3, GenuineIntel



---------------  S Y S T E M  ---------------

OS: Windows 10.0 , 64 bit Build 14393 (10.0.14393.1198)

CPU:total 8 (4 cores per cpu, 2 threads per core) family 6 model 60 stepping 3, cmov, cx8, fxsr, mmx, sse, sse2, sse3, ssse3, sse4.1, sse4.2, popcnt, avx, avx2, aes, clmul, erms, lzcnt, ht, tsc, tscinvbit, bmi1, bmi2

Memory: 4k page, physical 8277272k(1991700k free), swap 8277272k(49432k free)

vm_info: Java HotSpot(TM) 64-Bit Server VM (25.92-b14) for windows-amd64 JRE (1.8.0_92-b14), built on Mar 31 2016 21:03:04 by "java_re" with MS VC++ 10.0 (VS2010)

time: Thu Jun 15 11:22:01 2017
elapsed time: 0 seconds (0d 0h 0m 0s)

