#
# There is insufficient memory for the Java Runtime Environment to continue.
# Native memory allocation (malloc) failed to allocate 32744 bytes for ChunkPool::allocate
# Possible reasons:
#   The system is out of physical RAM or swap space
#   In 32 bit mode, the process size limit was hit
# Possible solutions:
#   Reduce memory load on the system
#   Increase physical memory or swap space
#   Check if swap backing store is full
#   Use 64 bit Java on a 64 bit OS
#   Decrease Java heap size (-Xmx/-Xms)
#   Decrease number of Java threads
#   Decrease Java thread stack sizes (-Xss)
#   Set larger code cache with -XX:ReservedCodeCacheSize=
# This output file may be truncated or incomplete.
#
#  Out of Memory Error (allocation.cpp:273), pid=13844, tid=0x0000000000000afc
#
# JRE version: Java(TM) SE Runtime Environment (8.0_92-b14) (build 1.8.0_92-b14)
# Java VM: Java HotSpot(TM) 64-Bit Server VM (25.92-b14 mixed mode windows-amd64 compressed oops)
# Failed to write core dump. Minidumps are not enabled by default on client versions of Windows
#

---------------  T H R E A D  ---------------

Current thread (0x00000000030ad800):  JavaThread "main" [_thread_in_vm, id=2812, stack(0x00000000030b0000,0x00000000031b0000)]

Stack: [0x00000000030b0000,0x00000000031b0000]
[error occurred during error reporting (printing stack bounds), id 0xc0000005]

Native frames: (J=compiled Java code, j=interpreted, Vv=VM code, C=native code)

Java frames: (J=compiled Java code, j=interpreted, Vv=VM code)
j  sun.util.locale.LocaleObjectCache.<init>(IFI)V+16
j  sun.util.locale.LocaleObjectCache.<init>()V+7
j  java.util.Locale$Cache.<init>()V+1
j  java.util.Locale$Cache.<init>(Ljava/util/Locale$1;)V+1
j  java.util.Locale.<clinit>()V+21
v  ~StubRoutines::call_stub
j  java.io.WinNTFileSystem.hashCode(Ljava/io/File;)I+4
j  java.io.File.hashCode()I+4
j  java.util.HashMap.hash(Ljava/lang/Object;)I+9
j  java.util.HashMap.put(Ljava/lang/Object;Ljava/lang/Object;)Ljava/lang/Object;+2
j  sun.misc.MetaIndex.registerDirectory(Ljava/io/File;)V+178
j  sun.misc.Launcher$ExtClassLoader$1.run()Lsun/misc/Launcher$ExtClassLoader;+19
j  sun.misc.Launcher$ExtClassLoader$1.run()Ljava/lang/Object;+1
v  ~StubRoutines::call_stub
j  java.security.AccessController.doPrivileged(Ljava/security/PrivilegedExceptionAction;)Ljava/lang/Object;+0
j  sun.misc.Launcher$ExtClassLoader.getExtClassLoader()Lsun/misc/Launcher$ExtClassLoader;+12
j  sun.misc.Launcher.<init>()V+4
j  sun.misc.Launcher.<clinit>()V+15
v  ~StubRoutines::call_stub
j  java.lang.ClassLoader.initSystemClassLoader()V+22
j  java.lang.ClassLoader.getSystemClassLoader()Ljava/lang/ClassLoader;+0
v  ~StubRoutines::call_stub

---------------  P R O C E S S  ---------------

Java Threads: ( => current thread )
  0x00000000032a9000 JavaThread "Finalizer" daemon [_thread_blocked, id=12632, stack(0x00000000180a0000,0x00000000181a0000)]
  0x00000000032a5800 JavaThread "Reference Handler" daemon [_thread_blocked, id=9044, stack(0x0000000017ba0000,0x0000000017ca0000)]
=>0x00000000030ad800 JavaThread "main" [_thread_in_vm, id=2812, stack(0x00000000030b0000,0x00000000031b0000)]

Other Threads:
  0x0000000015dc9000 VMThread [stack: 0x0000000017aa0000,0x0000000017ba0000] [id=15196]

VM state:not at safepoint (normal execution)

VM Mutex/Monitor currently owned by a thread: None

Heap:
 PSYoungGen      total 38400K, used 665K [0x00000000eab00000, 0x00000000ed580000, 0x0000000100000000)
  eden space 33280K, 2% used [0x00000000eab00000,0x00000000eaba6670,0x00000000ecb80000)
  from space 5120K, 0% used [0x00000000ed080000,0x00000000ed080000,0x00000000ed580000)
  to   space 5120K, 0% used [0x00000000ecb80000,0x00000000ecb80000,0x00000000ed080000)
 ParOldGen       total 87552K, used 0K [0x00000000c0000000, 0x00000000c5580000, 0x00000000eab00000)
  object space 87552K, 0% used [0x00000000c0000000,0x00000000c0000000,0x00000000c5580000)
 Metaspace       used 1955K, capacity 4480K, committed 4480K, reserved 1056768K
  class space    used 212K, capacity 384K, committed 384K, reserved 1048576K

Card table byte_map: [0x0000000012670000,0x0000000012880000] byte_map_base: 0x0000000012070000

Marking Bits: (ParMarkBitMap*) 0x00000000701464f0
 Begin Bits: [0x00000000131e0000, 0x00000000141e0000)
 End Bits:   [0x00000000141e0000, 0x00000000151e0000)

Polling page: 0x00000000010b0000

CodeCache: size=245760Kb used=427Kb max_used=427Kb free=245332Kb
 bounds [0x00000000032b0000, 0x0000000003520000, 0x00000000122b0000]
 total_blobs=151 nmethods=0 adapters=117
 compilation: enabled

Compilation events (0 events):
No events

GC Heap History (0 events):
No events

Deoptimization events (0 events):
No events

Internal exceptions (2 events):
Event: 0.131 Thread 0x00000000030ad800 Exception <a 'java/lang/NoSuchMethodError': Method sun.misc.Unsafe.defineClass(Ljava/lang/String;[BII)Ljava/lang/Class; name or signature does not match> (0x00000000eab07cc0) thrown at [D:\re\workspace\8-2-build-windows-amd64-cygwin\jdk8u92\6642\hotspot\srç–ÿΩ¿?
Event: 0.131 Thread 0x00000000030ad800 Exception <a 'java/lang/NoSuchMethodError': Method sun.misc.Unsafe.prefetchRead(Ljava/lang/Object;J)V name or signature does not match> (0x00000000eab07fa8) thrown at [D:\re\workspace\8-2-build-windows-amd64-cygwin\jdk8u92\6642\hotspot\src\share\vm\prims\j

Events (10 events):
Event: 0.565 loading class java/lang/reflect/Array
Event: 0.565 loading class java/lang/reflect/Array done
Event: 0.565 loading class java/util/Locale
Event: 0.566 loading class java/util/Locale done
Event: 0.566 loading class java/util/Locale$Cache
Event: 0.566 loading class sun/util/locale/LocaleObjectCache
Event: 0.566 loading class sun/util/locale/LocaleObjectCache done
Event: 0.566 loading class java/util/Locale$Cache done
Event: 0.566 loading class java/util/concurrent/ConcurrentHashMap
Event: 0.571 loading class java/util/concurrent/ConcurrentMap


Dynamic libraries:
0x00007ff740de0000 - 0x00007ff740e17000 	D:\java\JDK\bin\java.exe
0x00007ffb53020000 - 0x00007ffb531f1000 	C:\WINDOWS\SYSTEM32\ntdll.dll
0x00007ffb529b0000 - 0x00007ffb52a5b000 	C:\WINDOWS\System32\KERNEL32.DLL
0x00007ffb50200000 - 0x00007ffb5041d000 	C:\WINDOWS\System32\KERNELBASE.dll
0x00007ffb52d70000 - 0x00007ffb52e12000 	C:\WINDOWS\System32\ADVAPI32.dll
0x00007ffb52ac0000 - 0x00007ffb52b5e000 	C:\WINDOWS\System32\msvcrt.dll
0x00007ffb52510000 - 0x00007ffb52569000 	C:\WINDOWS\System32\sechost.dll
0x00007ffb52e30000 - 0x00007ffb52f51000 	C:\WINDOWS\System32\RPCRT4.dll
0x00007ffb52840000 - 0x00007ffb529a5000 	C:\WINDOWS\System32\USER32.dll
0x00007ffb4f790000 - 0x00007ffb4f7ae000 	C:\WINDOWS\System32\win32u.dll
0x00007ffb509f0000 - 0x00007ffb50a24000 	C:\WINDOWS\System32\GDI32.dll
0x00007ffb50420000 - 0x00007ffb505a2000 	C:\WINDOWS\System32\gdi32full.dll
0x00007ffb49790000 - 0x00007ffb49a09000 	C:\WINDOWS\WinSxS\amd64_microsoft.windows.common-controls_6595b64144ccf1df_6.0.14393.447_none_42191651c6827bb3\COMCTL32.dll
0x00007ffb52570000 - 0x00007ffb52838000 	C:\WINDOWS\System32\combase.dll
0x00007ffb4f690000 - 0x00007ffb4f785000 	C:\WINDOWS\System32\ucrtbase.dll
0x00007ffb4f570000 - 0x00007ffb4f5da000 	C:\WINDOWS\System32\bcryptPrimitives.dll
0x00007ffb52420000 - 0x00007ffb5244e000 	C:\WINDOWS\System32\IMM32.DLL
0x000000006ee80000 - 0x000000006ef52000 	D:\java\JDK\jre\bin\msvcr100.dll
0x000000006f930000 - 0x00000000701c6000 	D:\java\JDK\jre\bin\server\jvm.dll
0x00007ffb509e0000 - 0x00007ffb509e8000 	C:\WINDOWS\System32\PSAPI.DLL
0x00007ffb476f0000 - 0x00007ffb476f9000 	C:\WINDOWS\SYSTEM32\WSOCK32.dll
0x00007ffb50aa0000 - 0x00007ffb50b0a000 	C:\WINDOWS\System32\WS2_32.dll
0x00007ffb4d7b0000 - 0x00007ffb4d7d3000 	C:\WINDOWS\SYSTEM32\WINMM.dll
0x00007ffb4b190000 - 0x00007ffb4b19a000 	C:\WINDOWS\SYSTEM32\VERSION.dll
0x00007ffb4d770000 - 0x00007ffb4d79b000 	C:\WINDOWS\SYSTEM32\WINMMBASE.dll
0x00007ffb4fad0000 - 0x00007ffb4fb12000 	C:\WINDOWS\System32\cfgmgr32.dll
0x000000006f920000 - 0x000000006f92f000 	D:\java\JDK\jre\bin\verify.dll
0x000000006f8f0000 - 0x000000006f919000 	D:\java\JDK\jre\bin\java.dll
0x000000006f8d0000 - 0x000000006f8e6000 	D:\java\JDK\jre\bin\zip.dll
0x00007ffb50c10000 - 0x00007ffb52119000 	C:\WINDOWS\System32\SHELL32.dll
0x00007ffb4fb20000 - 0x00007ffb501fa000 	C:\WINDOWS\System32\windows.storage.dll
0x00007ffb4f4b0000 - 0x00007ffb4f4fc000 	C:\WINDOWS\System32\powrprof.dll
0x00007ffb524b0000 - 0x00007ffb52502000 	C:\WINDOWS\System32\shlwapi.dll
0x00007ffb4f500000 - 0x00007ffb4f50f000 	C:\WINDOWS\System32\kernel.appcore.dll
0x00007ffb4f980000 - 0x00007ffb4fa29000 	C:\WINDOWS\System32\shcore.dll
0x00007ffb4f490000 - 0x00007ffb4f4a4000 	C:\WINDOWS\System32\profapi.dll

VM Arguments:
jvm_args: -Djava.awt.headless=true -Xmx1024M -Dfile.encoding=GBK -Duser.country=CN -Duser.language=zh -Duser.variant 
java_command: com.android.dx.command.Main --dex --num-threads=4 --output G:\nav\Navigation\app\build\intermediates\pre-dexed\debug\internal_impl-24.2.1_f04cc4fa3c00adf7238d81ecec526788e581e9c5.jar G:\nav\Navigation\app\build\intermediates\exploded-aar\com.android.support\support-compat\24.2.1\jars\libs\internal_impl-24.2.1.jar
java_class_path (initial): D:\java\SDK\build-tools\23.0.3\lib\dx.jar
Launcher Type: SUN_STANDARD

Environment Variables:
JAVA_HOME=D:\java\JDK
PATH=C:\Python34\;C:\Python34\Scripts;D:\perl\site\bin;D:\perl\bin;C:\ProgramData\Oracle\Java\javapath;C:\Program Files (x86)\NVIDIA Corporation\PhysX\Common;C:\Program Files (x86)\Intel\iCLS Client\;C:\Program Files\Intel\iCLS Client\;C:\Windows\system32;C:\Windows;C:\Windows\System32\Wbem;C:\Windows\System32\WindowsPowerShell\v1.0\;C:\Program Files (x86)\Acer\abFiles\;C:\Program Files\Intel\Intel(R) Management Engine Components\DAL;C:\Program Files\Intel\Intel(R) Management Engine Components\IPT;C:\Program Files (x86)\Intel\Intel(R) Management Engine Components\DAL;C:\Program Files (x86)\Intel\Intel(R) Management Engine Components\IPT;D:\java\JDK\bin;C:\WINDOWS\system32;C:\WINDOWS;C:\WINDOWS\System32\Wbem;C:\WINDOWS\System32\WindowsPowerShell\v1.0\;C:\WINDOWS\system32\config\systemprofile\.dnx\bin;C:\Program Files\Microsoft DNX\Dnvm\;C:\Program Files\Microsoft SQL Server\120\Tools\Binn\;C:\Program Files\Microsoft SQL Server\130\Tools\Binn\;C:\Program Files (x86)\nodejs\;C:\Program Files (x86)\Windows Kits\10\Windows Performance Toolkit\;D:\Git\cmd;D:\matlab2\runtime\win64;D:\matlab2\bin;D:\matlab\runtime\win64;D:\matlab\bin;D:\matlab\polyspace\bin;C:\Python27;C:\Program Files\MySQL\MySQL Utilities 1.6\;C:\Program Files\MySQL\MySQL Server 5.7\bin;C:\Users\EdwardPC\AppData\Local\Microsoft\WindowsApps;C:\Users\EdwardPC\AppData\Roaming\npm;C:\Python27
USERNAME=EdwardPC
OS=Windows_NT
PROCESSOR_IDENTIFIER=Intel64 Family 6 Model 60 Stepping 3, GenuineIntel



---------------  S Y S T E M  ---------------

OS: Windows 10.0 , 64 bit Build 14393 (10.0.14393.0)

CPU:total 8 (4 cores per cpu, 2 threads per core) family 6 model 60 stepping 3, cmov, cx8, fxsr, mmx, sse, sse2, sse3, ssse3, sse4.1, sse4.2, popcnt, avx, avx2, aes, clmul, erms, lzcnt, ht, tsc, tscinvbit, bmi1, bmi2

Memory: 4k page, physical 8277272k(823396k free), swap 8277272k(6388k free)

vm_info: Java HotSpot(TM) 64-Bit Server VM (25.92-b14) for windows-amd64 JRE (1.8.0_92-b14), built on Mar 31 2016 21:03:04 by "java_re" with MS VC++ 10.0 (VS2010)

time: Sat Dec 17 19:31:34 2016
elapsed time: 0 seconds (0d 0h 0m 0s)

