#
# There is insufficient memory for the Java Runtime Environment to continue.
# Native memory allocation (malloc) failed to allocate 603696 bytes for Chunk::new
# Possible reasons:
#   The system is out of physical RAM or swap space
#   In 32 bit mode, the process size limit was hit
# Possible solutions:
#   Reduce memory load on the system
#   Increase physical memory or swap space
#   Check if swap backing store is full
#   Use 64 bit Java on a 64 bit OS
#   Decrease Java heap size (-Xmx/-Xms)
#   Decrease number of Java threads
#   Decrease Java thread stack sizes (-Xss)
#   Set larger code cache with -XX:ReservedCodeCacheSize=
# This output file may be truncated or incomplete.
#
#  Out of Memory Error (allocation.cpp:390), pid=17348, tid=0x0000000000002324
#
# JRE version: Java(TM) SE Runtime Environment (8.0_92-b14) (build 1.8.0_92-b14)
# Java VM: Java HotSpot(TM) 64-Bit Server VM (25.92-b14 mixed mode windows-amd64 compressed oops)
# Failed to write core dump. Minidumps are not enabled by default on client versions of Windows
#

---------------  T H R E A D  ---------------

Current thread (0x0000000017abd000):  JavaThread "C2 CompilerThread2" daemon [_thread_in_native, id=8996, stack(0x0000000018330000,0x0000000018430000)]

Stack: [0x0000000018330000,0x0000000018430000]
[error occurred during error reporting (printing stack bounds), id 0xc0000005]

Native frames: (J=compiled Java code, j=interpreted, Vv=VM code, C=native code)


Current CompileTask:
C2:  11434 2018       4       com.android.dx.dex.code.OutputFinisher::addConstants (93 bytes)


---------------  P R O C E S S  ---------------

Java Threads: ( => current thread )
  0x0000000017b2d000 JavaThread "Service Thread" daemon [_thread_blocked, id=12384, stack(0x0000000018530000,0x0000000018630000)]
  0x0000000017ac4000 JavaThread "C1 CompilerThread3" daemon [_thread_blocked, id=17288, stack(0x0000000018430000,0x0000000018530000)]
=>0x0000000017abd000 JavaThread "C2 CompilerThread2" daemon [_thread_in_native, id=8996, stack(0x0000000018330000,0x0000000018430000)]
  0x0000000017ab8000 JavaThread "C2 CompilerThread1" daemon [_thread_blocked, id=11020, stack(0x0000000018230000,0x0000000018330000)]
  0x0000000017ab6000 JavaThread "C2 CompilerThread0" daemon [_thread_in_native, id=8664, stack(0x0000000018130000,0x0000000018230000)]
  0x0000000017ab4800 JavaThread "Attach Listener" daemon [_thread_blocked, id=17136, stack(0x0000000018030000,0x0000000018130000)]
  0x0000000017a68000 JavaThread "Signal Dispatcher" daemon [_thread_blocked, id=14480, stack(0x0000000017f30000,0x0000000018030000)]
  0x0000000017a50800 JavaThread "Finalizer" daemon [_thread_blocked, id=14992, stack(0x0000000017e30000,0x0000000017f30000)]
  0x0000000003024000 JavaThread "Reference Handler" daemon [_thread_blocked, id=6620, stack(0x0000000017930000,0x0000000017a30000)]
  0x0000000002f30800 JavaThread "main" [_thread_in_vm, id=12808, stack(0x0000000002e30000,0x0000000002f30000)]

Other Threads:
  0x0000000015b4a000 VMThread [stack: 0x0000000017830000,0x0000000017930000] [id=10320]
  0x0000000017b64000 WatcherThread [stack: 0x0000000018630000,0x0000000018730000] [id=15392]

VM state:not at safepoint (normal execution)

VM Mutex/Monitor currently owned by a thread: None

Heap:
 PSYoungGen      total 71680K, used 67164K [0x00000000eab00000, 0x00000000ef600000, 0x0000000100000000)
  eden space 66560K, 93% used [0x00000000eab00000,0x00000000ee79e848,0x00000000eec00000)
  from space 5120K, 99% used [0x00000000ef100000,0x00000000ef5f8ac8,0x00000000ef600000)
  to   space 5120K, 0% used [0x00000000eec00000,0x00000000eec00000,0x00000000ef100000)
 ParOldGen       total 87552K, used 4896K [0x00000000c0000000, 0x00000000c5580000, 0x00000000eab00000)
  object space 87552K, 5% used [0x00000000c0000000,0x00000000c04c8138,0x00000000c5580000)
 Metaspace       used 6451K, capacity 7224K, committed 7296K, reserved 1056768K
  class space    used 612K, capacity 624K, committed 640K, reserved 1048576K

Card table byte_map: [0x00000000123f0000,0x0000000012600000] byte_map_base: 0x0000000011df0000

Marking Bits: (ParMarkBitMap*) 0x00000000586e64f0
 Begin Bits: [0x0000000012f60000, 0x0000000013f60000)
 End Bits:   [0x0000000013f60000, 0x0000000014f60000)

Polling page: 0x0000000000d50000

CodeCache: size=245760Kb used=8998Kb max_used=9005Kb free=236761Kb
 bounds [0x0000000003030000, 0x0000000003910000, 0x0000000012030000]
 total_blobs=2306 nmethods=2034 adapters=184
 compilation: enabled

Compilation events (10 events):
Event: 11.421 Thread 0x0000000017ac4000 nmethod 2039 0x00000000038e6e10 code [0x00000000038e6f80, 0x00000000038e7188]
Event: 11.421 Thread 0x0000000017ac4000 2040       3       com.android.dx.dex.file.AnnotationSetItem::itemType (4 bytes)
Event: 11.421 Thread 0x0000000017ac4000 nmethod 2040 0x00000000038ec590 code [0x00000000038ec6e0, 0x00000000038ec830]
Event: 11.421 Thread 0x0000000017ab8000 2042       4       java.util.TreeMap$EntryIterator::next (5 bytes)
Event: 11.422 Thread 0x0000000017ab6000 nmethod 2041 0x00000000038ec290 code [0x00000000038ec3e0, 0x00000000038ec4d8]
Event: 11.424 Thread 0x0000000017ab8000 nmethod 2042 0x00000000038ebe10 code [0x00000000038ebf60, 0x00000000038ec098]
Event: 11.427 Thread 0x0000000017ac4000 2043       3       com.android.dx.dex.file.DebugInfoItem::addContents (1 bytes)
Event: 11.427 Thread 0x0000000017ac4000 nmethod 2043 0x00000000038ebad0 code [0x00000000038ebc20, 0x00000000038ebd70]
Event: 11.427 Thread 0x0000000017ac4000 2044       1       com.android.dx.dex.file.DebugInfoItem::addContents (1 bytes)
Event: 11.427 Thread 0x0000000017ac4000 nmethod 2044 0x00000000039001d0 code [0x0000000003900320, 0x0000000003900430]

GC Heap History (4 events):
Event: 2.091 GC heap before
{Heap before GC invocations=1 (full 0):
 PSYoungGen      total 38400K, used 33280K [0x00000000eab00000, 0x00000000ed580000, 0x0000000100000000)
  eden space 33280K, 100% used [0x00000000eab00000,0x00000000ecb80000,0x00000000ecb80000)
  from space 5120K, 0% used [0x00000000ed080000,0x00000000ed080000,0x00000000ed580000)
  to   space 5120K, 0% used [0x00000000ecb80000,0x00000000ecb80000,0x00000000ed080000)
 ParOldGen       total 87552K, used 0K [0x00000000c0000000, 0x00000000c5580000, 0x00000000eab00000)
  object space 87552K, 0% used [0x00000000c0000000,0x00000000c0000000,0x00000000c5580000)
 Metaspace       used 5934K, capacity 6836K, committed 7040K, reserved 1056768K
  class space    used 603K, capacity 620K, committed 640K, reserved 1048576K
Event: 2.217 GC heap after
Heap after GC invocations=1 (full 0):
 PSYoungGen      total 38400K, used 5117K [0x00000000eab00000, 0x00000000ef600000, 0x0000000100000000)
  eden space 33280K, 0% used [0x00000000eab00000,0x00000000eab00000,0x00000000ecb80000)
  from space 5120K, 99% used [0x00000000ecb80000,0x00000000ed07f5e0,0x00000000ed080000)
  to   space 5120K, 0% used [0x00000000ef100000,0x00000000ef100000,0x00000000ef600000)
 ParOldGen       total 87552K, used 1157K [0x00000000c0000000, 0x00000000c5580000, 0x00000000eab00000)
  object space 87552K, 1% used [0x00000000c0000000,0x00000000c0121698,0x00000000c5580000)
 Metaspace       used 5934K, capacity 6836K, committed 7040K, reserved 1056768K
  class space    used 603K, capacity 620K, committed 640K, reserved 1048576K
}
Event: 3.144 GC heap before
{Heap before GC invocations=2 (full 0):
 PSYoungGen      total 38400K, used 38397K [0x00000000eab00000, 0x00000000ef600000, 0x0000000100000000)
  eden space 33280K, 100% used [0x00000000eab00000,0x00000000ecb80000,0x00000000ecb80000)
  from space 5120K, 99% used [0x00000000ecb80000,0x00000000ed07f5e0,0x00000000ed080000)
  to   space 5120K, 0% used [0x00000000ef100000,0x00000000ef100000,0x00000000ef600000)
 ParOldGen       total 87552K, used 1157K [0x00000000c0000000, 0x00000000c5580000, 0x00000000eab00000)
  object space 87552K, 1% used [0x00000000c0000000,0x00000000c0121698,0x00000000c5580000)
 Metaspace       used 6244K, capacity 7092K, committed 7296K, reserved 1056768K
  class space    used 605K, capacity 620K, committed 640K, reserved 1048576K
Event: 3.600 GC heap after
Heap after GC invocations=2 (full 0):
 PSYoungGen      total 71680K, used 5090K [0x00000000eab00000, 0x00000000ef600000, 0x0000000100000000)
  eden space 66560K, 0% used [0x00000000eab00000,0x00000000eab00000,0x00000000eec00000)
  from space 5120K, 99% used [0x00000000ef100000,0x00000000ef5f8ac8,0x00000000ef600000)
  to   space 5120K, 0% used [0x00000000eec00000,0x00000000eec00000,0x00000000ef100000)
 ParOldGen       total 87552K, used 4896K [0x00000000c0000000, 0x00000000c5580000, 0x00000000eab00000)
  object space 87552K, 5% used [0x00000000c0000000,0x00000000c04c8138,0x00000000c5580000)
 Metaspace       used 6244K, capacity 7092K, committed 7296K, reserved 1056768K
  class space    used 605K, capacity 620K, committed 640K, reserved 1048576K
}

Deoptimization events (10 events):
Event: 10.781 Thread 0x0000000002f30800 Uncommon trap: reason=class_check action=maybe_recompile pc=0x0000000003449974 method=java.util.Arrays.hashCode([Ljava/lang/Object;)I @ 43
Event: 10.782 Thread 0x0000000002f30800 Uncommon trap: reason=bimorphic action=maybe_recompile pc=0x000000000336e390 method=java.util.HashMap.getNode(ILjava/lang/Object;)Ljava/util/HashMap$Node; @ 126
Event: 10.802 Thread 0x0000000002f30800 Uncommon trap: reason=bimorphic action=maybe_recompile pc=0x000000000336e390 method=java.util.HashMap.getNode(ILjava/lang/Object;)Ljava/util/HashMap$Node; @ 126
Event: 10.803 Thread 0x0000000002f30800 Uncommon trap: reason=bimorphic action=maybe_recompile pc=0x000000000336e390 method=java.util.HashMap.getNode(ILjava/lang/Object;)Ljava/util/HashMap$Node; @ 126
Event: 10.803 Thread 0x0000000002f30800 Uncommon trap: reason=bimorphic action=maybe_recompile pc=0x000000000336e390 method=java.util.HashMap.getNode(ILjava/lang/Object;)Ljava/util/HashMap$Node; @ 126
Event: 10.803 Thread 0x0000000002f30800 Uncommon trap: reason=class_check action=maybe_recompile pc=0x00000000033bd900 method=java.util.HashMap.putVal(ILjava/lang/Object;Ljava/lang/Object;ZZ)Ljava/lang/Object; @ 203
Event: 10.804 Thread 0x0000000002f30800 Uncommon trap: reason=class_check action=maybe_recompile pc=0x00000000033bd900 method=java.util.HashMap.putVal(ILjava/lang/Object;Ljava/lang/Object;ZZ)Ljava/lang/Object; @ 203
Event: 10.804 Thread 0x0000000002f30800 Uncommon trap: reason=class_check action=maybe_recompile pc=0x00000000033bd900 method=java.util.HashMap.putVal(ILjava/lang/Object;Ljava/lang/Object;ZZ)Ljava/lang/Object; @ 203
Event: 10.804 Thread 0x0000000002f30800 Uncommon trap: reason=class_check action=maybe_recompile pc=0x00000000033bd900 method=java.util.HashMap.putVal(ILjava/lang/Object;Ljava/lang/Object;ZZ)Ljava/lang/Object; @ 203
Event: 10.831 Thread 0x0000000002f30800 Uncommon trap: reason=unstable_if action=reinterpret pc=0x00000000038e1f74 method=java.util.HashMap.putVal(ILjava/lang/Object;Ljava/lang/Object;ZZ)Ljava/lang/Object; @ 94

Internal exceptions (3 events):
Event: 0.919 Thread 0x0000000002f30800 Exception <a 'java/lang/NoSuchMethodError': Method sun.misc.Unsafe.defineClass(Ljava/lang/String;[BII)Ljava/lang/Class; name or signature does not match> (0x00000000eab07cc0) thrown at [D:\re\workspace\8-2-build-windows-amd64-cygwin\jdk8u92\6642\hotspot\srþJEz‚hí?
Event: 0.919 Thread 0x0000000002f30800 Exception <a 'java/lang/NoSuchMethodError': Method sun.misc.Unsafe.prefetchRead(Ljava/lang/Object;J)V name or signature does not match> (0x00000000eab07fa8) thrown at [D:\re\workspace\8-2-build-windows-amd64-cygwin\jdk8u92\6642\hotspot\src\share\vm\prims\jÑ Ž’¬‚@
Event: 2.439 Thread 0x00000000187ab800 Implicit null exception at 0x000000000335b255 to 0x000000000335c895

Events (10 events):
Event: 10.804 Thread 0x0000000002f30800 DEOPT PACKING pc=0x00000000033bd900 sp=0x0000000002f2eb60
Event: 10.804 Thread 0x0000000002f30800 DEOPT UNPACKING pc=0x000000000307582a sp=0x0000000002f2ead8 mode 2
Event: 10.804 Thread 0x0000000002f30800 Uncommon trap: trap_request=0xffffffde fr.pc=0x00000000033bd900
Event: 10.804 Thread 0x0000000002f30800 DEOPT PACKING pc=0x00000000033bd900 sp=0x0000000002f2eb60
Event: 10.804 Thread 0x0000000002f30800 DEOPT UNPACKING pc=0x000000000307582a sp=0x0000000002f2ead8 mode 2
Event: 10.809 loading class com/android/dx/dex/file/CatchStructs
Event: 10.809 loading class com/android/dx/dex/file/CatchStructs done
Event: 10.831 Thread 0x0000000002f30800 Uncommon trap: trap_request=0xffffff65 fr.pc=0x00000000038e1f74
Event: 10.831 Thread 0x0000000002f30800 DEOPT PACKING pc=0x00000000038e1f74 sp=0x0000000002f2ea20
Event: 10.831 Thread 0x0000000002f30800 DEOPT UNPACKING pc=0x000000000307582a sp=0x0000000002f2e9b0 mode 2


Dynamic libraries:
0x00007ff622aa0000 - 0x00007ff622ad7000 	D:\java\JDK\bin\java.exe
0x00007ff8e03c0000 - 0x00007ff8e0591000 	C:\WINDOWS\SYSTEM32\ntdll.dll
0x00007ff8ddf20000 - 0x00007ff8ddfcb000 	C:\WINDOWS\System32\KERNEL32.DLL
0x00007ff8dd1b0000 - 0x00007ff8dd3cd000 	C:\WINDOWS\System32\KERNELBASE.dll
0x00007ff8e0210000 - 0x00007ff8e02b2000 	C:\WINDOWS\System32\ADVAPI32.dll
0x00007ff8e0120000 - 0x00007ff8e01be000 	C:\WINDOWS\System32\msvcrt.dll
0x00007ff8ddfd0000 - 0x00007ff8de029000 	C:\WINDOWS\System32\sechost.dll
0x00007ff8de3b0000 - 0x00007ff8de4d1000 	C:\WINDOWS\System32\RPCRT4.dll
0x00007ff8de240000 - 0x00007ff8de3a5000 	C:\WINDOWS\System32\USER32.dll
0x00007ff8dd090000 - 0x00007ff8dd0ae000 	C:\WINDOWS\System32\win32u.dll
0x00007ff8e01c0000 - 0x00007ff8e01f4000 	C:\WINDOWS\System32\GDI32.dll
0x00007ff8dd710000 - 0x00007ff8dd892000 	C:\WINDOWS\System32\gdi32full.dll
0x00007ff8cb9d0000 - 0x00007ff8cbc4a000 	C:\WINDOWS\WinSxS\amd64_microsoft.windows.common-controls_6595b64144ccf1df_6.0.14393.953_none_42151e83c686086b\COMCTL32.dll
0x00007ff8dd950000 - 0x00007ff8ddc18000 	C:\WINDOWS\System32\combase.dll
0x00007ff8dd0b0000 - 0x00007ff8dd1a5000 	C:\WINDOWS\System32\ucrtbase.dll
0x00007ff8dd600000 - 0x00007ff8dd66a000 	C:\WINDOWS\System32\bcryptPrimitives.dll
0x00007ff8de9d0000 - 0x00007ff8de9fe000 	C:\WINDOWS\System32\IMM32.DLL
0x0000000057dc0000 - 0x0000000057e92000 	D:\java\JDK\jre\bin\msvcr100.dll
0x0000000057ed0000 - 0x0000000058766000 	D:\java\JDK\jre\bin\server\jvm.dll
0x00007ff8de590000 - 0x00007ff8de598000 	C:\WINDOWS\System32\PSAPI.DLL
0x00007ff8d6e20000 - 0x00007ff8d6e29000 	C:\WINDOWS\SYSTEM32\WSOCK32.dll
0x00007ff8dea60000 - 0x00007ff8deaca000 	C:\WINDOWS\System32\WS2_32.dll
0x00007ff8d9de0000 - 0x00007ff8d9dea000 	C:\WINDOWS\SYSTEM32\VERSION.dll
0x00007ff8dab00000 - 0x00007ff8dab23000 	C:\WINDOWS\SYSTEM32\WINMM.dll
0x00007ff8da400000 - 0x00007ff8da42b000 	C:\WINDOWS\SYSTEM32\WINMMBASE.dll
0x00007ff8dcf90000 - 0x00007ff8dcfd2000 	C:\WINDOWS\System32\cfgmgr32.dll
0x0000000058de0000 - 0x0000000058def000 	D:\java\JDK\jre\bin\verify.dll
0x0000000058db0000 - 0x0000000058dd9000 	D:\java\JDK\jre\bin\java.dll
0x0000000058d90000 - 0x0000000058da6000 	D:\java\JDK\jre\bin\zip.dll
0x00007ff8debf0000 - 0x00007ff8e00f9000 	C:\WINDOWS\System32\SHELL32.dll
0x00007ff8dc8b0000 - 0x00007ff8dcf8a000 	C:\WINDOWS\System32\windows.storage.dll
0x00007ff8dc860000 - 0x00007ff8dc8ac000 	C:\WINDOWS\System32\powrprof.dll
0x00007ff8dead0000 - 0x00007ff8deb22000 	C:\WINDOWS\System32\shlwapi.dll
0x00007ff8dc850000 - 0x00007ff8dc85f000 	C:\WINDOWS\System32\kernel.appcore.dll
0x00007ff8dcfe0000 - 0x00007ff8dd089000 	C:\WINDOWS\System32\shcore.dll
0x00007ff8dc820000 - 0x00007ff8dc834000 	C:\WINDOWS\System32\profapi.dll

VM Arguments:
jvm_args: -Djava.awt.headless=true -Xmx1024M -Dfile.encoding=GBK -Duser.country=CN -Duser.language=zh -Duser.variant 
java_command: com.android.dx.command.Main --dex --num-threads=4 --output G:\nav\Navigation\app\build\intermediates\pre-dexed\debug\internal_impl-24.1.1_2672b0bf6be61f0768134716d27e81898912fc36.jar G:\nav\Navigation\app\build\intermediates\exploded-aar\com.android.support\support-v4\24.1.1\jars\libs\internal_impl-24.1.1.jar
java_class_path (initial): D:\java\SDK\build-tools\23.0.3\lib\dx.jar
Launcher Type: SUN_STANDARD

Environment Variables:
JAVA_HOME=D:\java\JDK
PATH=C:\Program Files (x86)\Tesseract-OCR;C:\Python27\Scripts\;C:\WINDOWS\system32;C:\WINDOWS;C:\WINDOWS\System32\Wbem;C:\WINDOWS\System32\WindowsPowerShell\v1.0\;C:\Program Files\Microsoft SQL Server\110\Tools\Binn\;C:\Program Files\Microsoft SQL Server\120\Tools\Binn\;C:\WINDOWS\system32\config\systemprofile\.dnx\bin;C:\Program Files\Microsoft DNX\Dnvm\;C:\Program Files (x86)\Windows Kits\10\Windows Performance Toolkit\;C:\Python27;D:\Git\bin;C:\Program Files\MATLAB\MATLAB Runtime\v90\bin;C:\Program Files\MATLAB\MATLAB Runtime\v90\runtime\win64;D:\java\JDK\bin;D:\java\JRE\bin;C:\Program Files (x86)\IDM Computer Solutions\UltraEdit;C:\Users\EdwardPC\AppData\Local\Microsoft\WindowsApps;C:\Users\EdwardPC\AppData\Roaming\npm;C:\Python27;C:\Python36;C:\Program Files\SQLite Expert\Personal 4;C:\Python27\Scripts\;C:\Program Files\MATLAB\MATLAB Runtime\v90\bin\win64;C:\Program Files\MATLAB\MATLAB Runtime\v90\bin
USERNAME=EdwardPC
OS=Windows_NT
PROCESSOR_IDENTIFIER=Intel64 Family 6 Model 60 Stepping 3, GenuineIntel



---------------  S Y S T E M  ---------------

OS: Windows 10.0 , 64 bit Build 14393 (10.0.14393.0)

CPU:total 8 (4 cores per cpu, 2 threads per core) family 6 model 60 stepping 3, cmov, cx8, fxsr, mmx, sse, sse2, sse3, ssse3, sse4.1, sse4.2, popcnt, avx, avx2, aes, clmul, erms, lzcnt, ht, tsc, tscinvbit, bmi1, bmi2

Memory: 4k page, physical 8277272k(1227488k free), swap 8277272k(5336k free)

vm_info: Java HotSpot(TM) 64-Bit Server VM (25.92-b14) for windows-amd64 JRE (1.8.0_92-b14), built on Mar 31 2016 21:03:04 by "java_re" with MS VC++ 10.0 (VS2010)

time: Wed May 10 19:50:52 2017
elapsed time: 11 seconds (0d 0h 0m 11s)

