#
# There is insufficient memory for the Java Runtime Environment to continue.
# Native memory allocation (malloc) failed to allocate 32744 bytes for ChunkPool::allocate
# Possible reasons:
#   The system is out of physical RAM or swap space
#   In 32 bit mode, the process size limit was hit
# Possible solutions:
#   Reduce memory load on the system
#   Increase physical memory or swap space
#   Check if swap backing store is full
#   Use 64 bit Java on a 64 bit OS
#   Decrease Java heap size (-Xmx/-Xms)
#   Decrease number of Java threads
#   Decrease Java thread stack sizes (-Xss)
#   Set larger code cache with -XX:ReservedCodeCacheSize=
# This output file may be truncated or incomplete.
#
#  Out of Memory Error (allocation.cpp:273), pid=12804, tid=0x00000000000006e8
#
# JRE version: Java(TM) SE Runtime Environment (8.0_92-b14) (build 1.8.0_92-b14)
# Java VM: Java HotSpot(TM) 64-Bit Server VM (25.92-b14 mixed mode windows-amd64 compressed oops)
# Failed to write core dump. Minidumps are not enabled by default on client versions of Windows
#

---------------  T H R E A D  ---------------

Current thread (0x00000000178c2800):  JavaThread "C1 CompilerThread3" daemon [_thread_in_native, id=1768, stack(0x00000000181e0000,0x00000000182e0000)]

Stack: [0x00000000181e0000,0x00000000182e0000]
[error occurred during error reporting (printing stack bounds), id 0xc0000005]

Native frames: (J=compiled Java code, j=interpreted, Vv=VM code, C=native code)


Current CompileTask:
C1:    446  187   !   3       com.android.dx.cf.cst.ConstantPoolParser::parse0 (731 bytes)


---------------  P R O C E S S  ---------------

Java Threads: ( => current thread )
  0x0000000017a55000 JavaThread "pool-2-thread-4" [_thread_new, id=13576, stack(0x0000000000000000,0x0000000000000000)]
  0x0000000017a10800 JavaThread "pool-2-thread-3" [_thread_blocked, id=412, stack(0x00000000189e0000,0x0000000018ae0000)]
  0x0000000017a0a800 JavaThread "pool-2-thread-2" [_thread_in_vm, id=2648, stack(0x00000000188e0000,0x00000000189e0000)]
  0x00000000179c2000 JavaThread "pool-3-thread-1" [_thread_blocked, id=4616, stack(0x00000000187e0000,0x00000000188e0000)]
  0x00000000179c1800 JavaThread "pool-2-thread-1" [_thread_in_vm, id=9684, stack(0x00000000186e0000,0x00000000187e0000)]
  0x00000000178f9800 JavaThread "Service Thread" daemon [_thread_blocked, id=10200, stack(0x00000000182e0000,0x00000000183e0000)]
=>0x00000000178c2800 JavaThread "C1 CompilerThread3" daemon [_thread_in_native, id=1768, stack(0x00000000181e0000,0x00000000182e0000)]
  0x00000000178c0000 JavaThread "C2 CompilerThread2" daemon [_thread_blocked, id=2852, stack(0x00000000180e0000,0x00000000181e0000)]
  0x0000000017890800 JavaThread "C2 CompilerThread1" daemon [_thread_blocked, id=13316, stack(0x0000000017fe0000,0x00000000180e0000)]
  0x0000000017866800 JavaThread "C2 CompilerThread0" daemon [_thread_blocked, id=8396, stack(0x0000000017ee0000,0x0000000017fe0000)]
  0x0000000017864000 JavaThread "Attach Listener" daemon [_thread_blocked, id=2912, stack(0x0000000017de0000,0x0000000017ee0000)]
  0x0000000017863000 JavaThread "Signal Dispatcher" daemon [_thread_blocked, id=12924, stack(0x0000000017ce0000,0x0000000017de0000)]
  0x0000000002de9000 JavaThread "Finalizer" daemon [_thread_blocked, id=4576, stack(0x0000000017be0000,0x0000000017ce0000)]
  0x0000000002de5000 JavaThread "Reference Handler" daemon [_thread_blocked, id=8964, stack(0x00000000176e0000,0x00000000177e0000)]
  0x0000000002cf0800 JavaThread "main" [_thread_in_vm, id=5192, stack(0x0000000002bf0000,0x0000000002cf0000)]

Other Threads:
  0x000000001590a000 VMThread [stack: 0x00000000175e0000,0x00000000176e0000] [id=11128]
  0x000000001794f800 WatcherThread [stack: 0x00000000183e0000,0x00000000184e0000] [id=11272]

VM state:not at safepoint (normal execution)

VM Mutex/Monitor currently owned by a thread: None

Heap:
 PSYoungGen      total 38400K, used 6657K [0x00000000eab00000, 0x00000000ed580000, 0x0000000100000000)
  eden space 33280K, 20% used [0x00000000eab00000,0x00000000eb180678,0x00000000ecb80000)
  from space 5120K, 0% used [0x00000000ed080000,0x00000000ed080000,0x00000000ed580000)
  to   space 5120K, 0% used [0x00000000ecb80000,0x00000000ecb80000,0x00000000ed080000)
 ParOldGen       total 87552K, used 0K [0x00000000c0000000, 0x00000000c5580000, 0x00000000eab00000)
  object space 87552K, 0% used [0x00000000c0000000,0x00000000c0000000,0x00000000c5580000)
 Metaspace       used 4212K, capacity 5328K, committed 5504K, reserved 1058816K
  class space    used 477K, capacity 520K, committed 640K, reserved 1048576K

Card table byte_map: [0x00000000121b0000,0x00000000123c0000] byte_map_base: 0x0000000011bb0000

Marking Bits: (ParMarkBitMap*) 0x00000000508e64f0
 Begin Bits: [0x0000000012d20000, 0x0000000013d20000)
 End Bits:   [0x0000000013d20000, 0x0000000014d20000)

Polling page: 0x0000000000a60000

CodeCache: size=245760Kb used=1429Kb max_used=1441Kb free=244330Kb
 bounds [0x0000000002df0000, 0x0000000003060000, 0x0000000011df0000]
 total_blobs=457 nmethods=190 adapters=180
 compilation: enabled

Compilation events (10 events):
Event: 0.440 Thread 0x00000000178c2800 nmethod 182 0x0000000002f4f850 code [0x0000000002f4f9c0, 0x0000000002f4fbd0]
Event: 0.440 Thread 0x00000000178c2800  183       3       com.android.dx.rop.cst.StdConstantPool::set (123 bytes)
Event: 0.440 Thread 0x0000000017890800 nmethod 181 0x0000000002f52990 code [0x0000000002f52ac0, 0x0000000002f52b78]
Event: 0.440 Thread 0x0000000017866800 nmethod 179 0x0000000002f51110 code [0x0000000002f51240, 0x0000000002f513b8]
Event: 0.440 Thread 0x00000000178c2800 nmethod 183 0x0000000002f51490 code [0x0000000002f516c0, 0x0000000002f523c8]
Event: 0.440 Thread 0x00000000178c2800  185       3       com.android.dx.rop.cst.CstString::utf8BytesToString (391 bytes)
Event: 0.442 Thread 0x00000000178c2800 nmethod 185 0x0000000002f544d0 code [0x0000000002f54780, 0x0000000002f558f8]
Event: 0.442 Thread 0x00000000178c2800  186       3       com.android.dx.util.ByteArray::<init> (81 bytes)
Event: 0.442 Thread 0x00000000178c2800 nmethod 186 0x0000000002f50550 code [0x0000000002f50720, 0x0000000002f50cb8]
Event: 0.442 Thread 0x00000000178c2800  187   !   3       com.android.dx.cf.cst.ConstantPoolParser::parse0 (731 bytes)

GC Heap History (0 events):
No events

Deoptimization events (0 events):
No events

Internal exceptions (2 events):
Event: 0.231 Thread 0x0000000002cf0800 Exception <a 'java/lang/NoSuchMethodError': Method sun.misc.Unsafe.defineClass(Ljava/lang/String;[BII)Ljava/lang/Class; name or signature does not match> (0x00000000eab07cc0) thrown at [D:\re\workspace\8-2-build-windows-amd64-cygwin\jdk8u92\6642\hotspot\sr√QÒ¡üÕ?
Event: 0.231 Thread 0x0000000002cf0800 Exception <a 'java/lang/NoSuchMethodError': Method sun.misc.Unsafe.prefetchRead(Ljava/lang/Object;J)V name or signature does not match> (0x00000000eab07fa8) thrown at [D:\re\workspace\8-2-build-windows-amd64-cygwin\jdk8u92\6642\hotspot\src\share\vm\prims\j

Events (10 events):
Event: 0.443 loading class com/android/dx/rop/cst/CstEnumRef
Event: 0.443 loading class com/android/dx/rop/cst/CstEnumRef done
Event: 0.444 loading class com/android/dx/cf/attrib/AttRuntimeVisibleAnnotations
Event: 0.444 loading class com/android/dx/cf/attrib/AttRuntimeVisibleAnnotations done
Event: 0.444 loading class com/android/dx/dex/file/StringIdItem
Event: 0.444 loading class com/android/dx/dex/file/StringIdItem done
Event: 0.444 loading class com/android/dx/cf/attrib/BaseAnnotations
Event: 0.444 loading class com/android/dx/cf/attrib/BaseAnnotations done
Event: 0.445 loading class com/android/dx/dex/file/StringDataItem
Event: 0.445 loading class com/android/dx/dex/file/StringDataItem done


Dynamic libraries:
0x00007ff684f50000 - 0x00007ff684f87000 	D:\java\JDK\bin\java.exe
0x00007ffbb6100000 - 0x00007ffbb62d1000 	C:\WINDOWS\SYSTEM32\ntdll.dll
0x00007ffbb5af0000 - 0x00007ffbb5b9b000 	C:\WINDOWS\System32\KERNEL32.DLL
0x00007ffbb2960000 - 0x00007ffbb2b7d000 	C:\WINDOWS\System32\KERNELBASE.dll
0x00007ffbb5e50000 - 0x00007ffbb5ef2000 	C:\WINDOWS\System32\ADVAPI32.dll
0x00007ffbb5ba0000 - 0x00007ffbb5c3e000 	C:\WINDOWS\System32\msvcrt.dll
0x00007ffbb3f00000 - 0x00007ffbb3f59000 	C:\WINDOWS\System32\sechost.dll
0x00007ffbb5d20000 - 0x00007ffbb5e41000 	C:\WINDOWS\System32\RPCRT4.dll
0x00007ffbb40c0000 - 0x00007ffbb4225000 	C:\WINDOWS\System32\USER32.dll
0x00007ffbb2d50000 - 0x00007ffbb2d6e000 	C:\WINDOWS\System32\win32u.dll
0x00007ffbb3880000 - 0x00007ffbb38b4000 	C:\WINDOWS\System32\GDI32.dll
0x00007ffbb2e20000 - 0x00007ffbb2fa2000 	C:\WINDOWS\System32\gdi32full.dll
0x00007ffbad650000 - 0x00007ffbad8ca000 	C:\WINDOWS\WinSxS\amd64_microsoft.windows.common-controls_6595b64144ccf1df_6.0.14393.953_none_42151e83c686086b\COMCTL32.dll
0x00007ffbb42a0000 - 0x00007ffbb4568000 	C:\WINDOWS\System32\combase.dll
0x00007ffbb25f0000 - 0x00007ffbb26e5000 	C:\WINDOWS\System32\ucrtbase.dll
0x00007ffbb28f0000 - 0x00007ffbb295a000 	C:\WINDOWS\System32\bcryptPrimitives.dll
0x00007ffbb3850000 - 0x00007ffbb387e000 	C:\WINDOWS\System32\IMM32.DLL
0x0000000050970000 - 0x0000000050a42000 	D:\java\JDK\jre\bin\msvcr100.dll
0x00000000500d0000 - 0x0000000050966000 	D:\java\JDK\jre\bin\server\jvm.dll
0x00007ffbb5a80000 - 0x00007ffbb5a88000 	C:\WINDOWS\System32\PSAPI.DLL
0x00007ffb9d460000 - 0x00007ffb9d469000 	C:\WINDOWS\SYSTEM32\WSOCK32.dll
0x00007ffbb5cb0000 - 0x00007ffbb5d1a000 	C:\WINDOWS\System32\WS2_32.dll
0x00007ffbb0870000 - 0x00007ffbb0893000 	C:\WINDOWS\SYSTEM32\WINMM.dll
0x00007ffba6230000 - 0x00007ffba623a000 	C:\WINDOWS\SYSTEM32\VERSION.dll
0x0000000002630000 - 0x000000000265b000 	C:\WINDOWS\SYSTEM32\WINMMBASE.dll
0x00007ffbb2800000 - 0x00007ffbb2842000 	C:\WINDOWS\System32\cfgmgr32.dll
0x0000000050d90000 - 0x0000000050d9f000 	D:\java\JDK\jre\bin\verify.dll
0x0000000050d60000 - 0x0000000050d89000 	D:\java\JDK\jre\bin\java.dll
0x0000000050d40000 - 0x0000000050d56000 	D:\java\JDK\jre\bin\zip.dll
0x00007ffbb4570000 - 0x00007ffbb5a79000 	C:\WINDOWS\System32\SHELL32.dll
0x00007ffbb2fb0000 - 0x00007ffbb368a000 	C:\WINDOWS\System32\windows.storage.dll
0x00007ffbb25a0000 - 0x00007ffbb25ec000 	C:\WINDOWS\System32\powrprof.dll
0x00007ffbb5a90000 - 0x00007ffbb5ae2000 	C:\WINDOWS\System32\shlwapi.dll
0x00007ffbb2570000 - 0x00007ffbb257f000 	C:\WINDOWS\System32\kernel.appcore.dll
0x00007ffbb26f0000 - 0x00007ffbb2799000 	C:\WINDOWS\System32\shcore.dll
0x00007ffbb2580000 - 0x00007ffbb2594000 	C:\WINDOWS\System32\profapi.dll

VM Arguments:
jvm_args: -Djava.awt.headless=true -Xmx1024M -Dfile.encoding=GBK -Duser.country=CN -Duser.language=zh -Duser.variant 
java_command: com.android.dx.command.Main --dex --num-threads=4 --multi-dex --output G:\nav\Navigation\app\build\intermediates\transforms\dex\debug\folders\1000\2\ShareSDK-Email-2.8.2_0923bd3d97d7073619fdb90e162806fde061cfb8 G:\nav\Navigation\app\libs\ShareSDK-Email-2.8.2.jar
java_class_path (initial): D:\java\SDK\build-tools\25.0.3\lib\dx.jar
Launcher Type: SUN_STANDARD

Environment Variables:
JAVA_HOME=D:\java\JDK
PATH=C:\ProgramData\Oracle\Java\javapath;C:\Program Files (x86)\Tesseract-OCR;C:\Python27\Scripts\;C:\WINDOWS\system32;C:\WINDOWS;C:\WINDOWS\System32\Wbem;C:\WINDOWS\System32\WindowsPowerShell\v1.0\;C:\Program Files\Microsoft SQL Server\110\Tools\Binn\;C:\Program Files\Microsoft SQL Server\120\Tools\Binn\;C:\WINDOWS\system32\config\systemprofile\.dnx\bin;C:\Program Files\Microsoft DNX\Dnvm\;C:\Program Files (x86)\Windows Kits\10\Windows Performance Toolkit\;C:\Python27;D:\Git\bin;C:\Program Files\MATLAB\MATLAB Runtime\v90\bin;C:\Program Files\MATLAB\MATLAB Runtime\v90\runtime\win64;D:\java\JDK\bin;D:\java\JRE\bin;C:\Program Files (x86)\IDM Computer Solutions\UltraEdit;D:\java\SDK\platform-tools;C:\Users\EdwardPC\AppData\Local\Microsoft\WindowsApps;C:\Users\EdwardPC\AppData\Roaming\npm;C:\Python27;C:\Python36;C:\Program Files\SQLite Expert\Personal 4;C:\Python27\Scripts\;C:\Program Files\MATLAB\MATLAB Runtime\v90\bin\win64;C:\Program Files\MATLAB\MATLAB Runtime\v90\bin;D:\java\SDK\platform-tools
USERNAME=EdwardPC
OS=Windows_NT
PROCESSOR_IDENTIFIER=Intel64 Family 6 Model 60 Stepping 3, GenuineIntel



---------------  S Y S T E M  ---------------

OS: Windows 10.0 , 64 bit Build 14393 (10.0.14393.0)

CPU:total 8 (4 cores per cpu, 2 threads per core) family 6 model 60 stepping 3, cmov, cx8, fxsr, mmx, sse, sse2, sse3, ssse3, sse4.1, sse4.2, popcnt, avx, avx2, aes, clmul, erms, lzcnt, ht, tsc, tscinvbit, bmi1, bmi2

Memory: 4k page, physical 8277272k(1228104k free), swap 8277272k(1220k free)

vm_info: Java HotSpot(TM) 64-Bit Server VM (25.92-b14) for windows-amd64 JRE (1.8.0_92-b14), built on Mar 31 2016 21:03:04 by "java_re" with MS VC++ 10.0 (VS2010)

time: Wed May 24 10:37:54 2017
elapsed time: 0 seconds (0d 0h 0m 0s)

