#
# There is insufficient memory for the Java Runtime Environment to continue.
# Native memory allocation (malloc) failed to allocate 398064 bytes for Chunk::new
# Possible reasons:
#   The system is out of physical RAM or swap space
#   In 32 bit mode, the process size limit was hit
# Possible solutions:
#   Reduce memory load on the system
#   Increase physical memory or swap space
#   Check if swap backing store is full
#   Use 64 bit Java on a 64 bit OS
#   Decrease Java heap size (-Xmx/-Xms)
#   Decrease number of Java threads
#   Decrease Java thread stack sizes (-Xss)
#   Set larger code cache with -XX:ReservedCodeCacheSize=
# This output file may be truncated or incomplete.
#
#  Out of Memory Error (allocation.cpp:390), pid=12708, tid=0x0000000000001364
#
# JRE version: Java(TM) SE Runtime Environment (8.0_92-b14) (build 1.8.0_92-b14)
# Java VM: Java HotSpot(TM) 64-Bit Server VM (25.92-b14 mixed mode windows-amd64 compressed oops)
# Failed to write core dump. Minidumps are not enabled by default on client versions of Windows
#

---------------  T H R E A D  ---------------

Current thread (0x0000000015e2e800):  JavaThread "C2 CompilerThread2" daemon [_thread_in_native, id=4964, stack(0x0000000018610000,0x0000000018710000)]

Stack: [0x0000000018610000,0x0000000018710000]
[error occurred during error reporting (printing stack bounds), id 0xc0000005]

Native frames: (J=compiled Java code, j=interpreted, Vv=VM code, C=native code)


Current CompileTask:
C2:   6704 1969   !   4       com.android.dx.cf.code.BytecodeArray::parseInstruction (2764 bytes)


---------------  P R O C E S S  ---------------

Java Threads: ( => current thread )
  0x000000001807a000 JavaThread "pool-3-thread-1" [_thread_blocked, id=9920, stack(0x0000000018b10000,0x0000000018c10000)]
  0x0000000017db2000 JavaThread "Service Thread" daemon [_thread_blocked, id=856, stack(0x0000000018810000,0x0000000018910000)]
  0x0000000017da6800 JavaThread "C1 CompilerThread3" daemon [_thread_blocked, id=13660, stack(0x0000000018710000,0x0000000018810000)]
=>0x0000000015e2e800 JavaThread "C2 CompilerThread2" daemon [_thread_in_native, id=4964, stack(0x0000000018610000,0x0000000018710000)]
  0x0000000017da0800 JavaThread "C2 CompilerThread1" daemon [_thread_in_native, id=13596, stack(0x0000000018510000,0x0000000018610000)]
  0x0000000017d9f000 JavaThread "C2 CompilerThread0" daemon [_thread_in_native, id=12828, stack(0x0000000018410000,0x0000000018510000)]
  0x0000000017d9c800 JavaThread "Attach Listener" daemon [_thread_blocked, id=10732, stack(0x0000000018310000,0x0000000018410000)]
  0x0000000017d51000 JavaThread "Signal Dispatcher" daemon [_thread_blocked, id=1236, stack(0x0000000018210000,0x0000000018310000)]
  0x0000000017d30800 JavaThread "Finalizer" daemon [_thread_blocked, id=8700, stack(0x0000000018110000,0x0000000018210000)]
  0x00000000032f4000 JavaThread "Reference Handler" daemon [_thread_blocked, id=8116, stack(0x0000000017c10000,0x0000000017d10000)]
  0x0000000003200800 JavaThread "main" [_thread_blocked, id=4688, stack(0x0000000003100000,0x0000000003200000)]

Other Threads:
  0x0000000015e19000 VMThread [stack: 0x0000000017b10000,0x0000000017c10000] [id=9360]
  0x0000000017e1c800 WatcherThread [stack: 0x0000000018910000,0x0000000018a10000] [id=7592]

VM state:not at safepoint (normal execution)

VM Mutex/Monitor currently owned by a thread: None

Heap:
 PSYoungGen      total 138240K, used 61447K [0x00000000eab00000, 0x00000000fe100000, 0x0000000100000000)
  eden space 133120K, 42% used [0x00000000eab00000,0x00000000ee206798,0x00000000f2d00000)
  from space 5120K, 99% used [0x00000000f2d00000,0x00000000f31fb7e0,0x00000000f3200000)
  to   space 25600K, 0% used [0x00000000fc800000,0x00000000fc800000,0x00000000fe100000)
 ParOldGen       total 87552K, used 41985K [0x00000000c0000000, 0x00000000c5580000, 0x00000000eab00000)
  object space 87552K, 47% used [0x00000000c0000000,0x00000000c29005f8,0x00000000c5580000)
 Metaspace       used 6430K, capacity 7192K, committed 7424K, reserved 1056768K
  class space    used 623K, capacity 656K, committed 768K, reserved 1048576K

Card table byte_map: [0x00000000126c0000,0x00000000128d0000] byte_map_base: 0x00000000120c0000

Marking Bits: (ParMarkBitMap*) 0x00000000508e64f0
 Begin Bits: [0x0000000013230000, 0x0000000014230000)
 End Bits:   [0x0000000014230000, 0x0000000015230000)

Polling page: 0x0000000001500000

CodeCache: size=245760Kb used=8945Kb max_used=8990Kb free=236814Kb
 bounds [0x0000000003300000, 0x0000000003bd0000, 0x0000000012300000]
 total_blobs=2201 nmethods=1930 adapters=183
 compilation: enabled

Compilation events (10 events):
Event: 6.554 Thread 0x0000000017da6800 2004       2       com.android.dx.cf.direct.DirectClassFile::getMagic0 (9 bytes)
Event: 6.554 Thread 0x0000000017da6800 nmethod 2004 0x0000000003b63090 code [0x0000000003b63200, 0x0000000003b63388]
Event: 6.554 Thread 0x0000000017da6800 2005       2       java.util.TreeMap$Values::size (8 bytes)
Event: 6.554 Thread 0x0000000017da6800 nmethod 2005 0x0000000003b62d50 code [0x0000000003b62ea0, 0x0000000003b62ff0]
Event: 6.554 Thread 0x0000000017da6800 2006       2       java.util.concurrent.ThreadPoolExecutor::execute (132 bytes)
Event: 6.555 Thread 0x0000000017da6800 nmethod 2006 0x0000000003b62450 code [0x0000000003b62620, 0x0000000003b62a88]
Event: 6.556 Thread 0x0000000017da6800 2007       2       com.android.dx.cf.direct.DirectClassFile::getMethods (9 bytes)
Event: 6.556 Thread 0x0000000017da6800 nmethod 2007 0x0000000003b62090 code [0x0000000003b62200, 0x0000000003b62388]
Event: 6.556 Thread 0x0000000017da6800 2008       2       com.android.dx.cf.direct.DirectClassFile::getFields (9 bytes)
Event: 6.556 Thread 0x0000000017da6800 nmethod 2008 0x0000000003b61cd0 code [0x0000000003b61e40, 0x0000000003b61fc8]

GC Heap History (10 events):
Event: 2.063 GC heap before
{Heap before GC invocations=1 (full 0):
 PSYoungGen      total 38400K, used 33280K [0x00000000eab00000, 0x00000000ed580000, 0x0000000100000000)
  eden space 33280K, 100% used [0x00000000eab00000,0x00000000ecb80000,0x00000000ecb80000)
  from space 5120K, 0% used [0x00000000ed080000,0x00000000ed080000,0x00000000ed580000)
  to   space 5120K, 0% used [0x00000000ecb80000,0x00000000ecb80000,0x00000000ed080000)
 ParOldGen       total 87552K, used 0K [0x00000000c0000000, 0x00000000c5580000, 0x00000000eab00000)
  object space 87552K, 0% used [0x00000000c0000000,0x00000000c0000000,0x00000000c5580000)
 Metaspace       used 5911K, capacity 6836K, committed 7040K, reserved 1056768K
  class space    used 598K, capacity 620K, committed 640K, reserved 1048576K
Event: 2.095 GC heap after
Heap after GC invocations=1 (full 0):
 PSYoungGen      total 38400K, used 5117K [0x00000000eab00000, 0x00000000ef600000, 0x0000000100000000)
  eden space 33280K, 0% used [0x00000000eab00000,0x00000000eab00000,0x00000000ecb80000)
  from space 5120K, 99% used [0x00000000ecb80000,0x00000000ed07f670,0x00000000ed080000)
  to   space 5120K, 0% used [0x00000000ef100000,0x00000000ef100000,0x00000000ef600000)
 ParOldGen       total 87552K, used 1240K [0x00000000c0000000, 0x00000000c5580000, 0x00000000eab00000)
  object space 87552K, 1% used [0x00000000c0000000,0x00000000c0136358,0x00000000c5580000)
 Metaspace       used 5911K, capacity 6836K, committed 7040K, reserved 1056768K
  class space    used 598K, capacity 620K, committed 640K, reserved 1048576K
}
Event: 3.304 GC heap before
{Heap before GC invocations=2 (full 0):
 PSYoungGen      total 38400K, used 38397K [0x00000000eab00000, 0x00000000ef600000, 0x0000000100000000)
  eden space 33280K, 100% used [0x00000000eab00000,0x00000000ecb80000,0x00000000ecb80000)
  from space 5120K, 99% used [0x00000000ecb80000,0x00000000ed07f670,0x00000000ed080000)
  to   space 5120K, 0% used [0x00000000ef100000,0x00000000ef100000,0x00000000ef600000)
 ParOldGen       total 87552K, used 1240K [0x00000000c0000000, 0x00000000c5580000, 0x00000000eab00000)
  object space 87552K, 1% used [0x00000000c0000000,0x00000000c0136358,0x00000000c5580000)
 Metaspace       used 6125K, capacity 7028K, committed 7296K, reserved 1056768K
  class space    used 601K, capacity 620K, committed 640K, reserved 1048576K
Event: 3.434 GC heap after
Heap after GC invocations=2 (full 0):
 PSYoungGen      total 71680K, used 5119K [0x00000000eab00000, 0x00000000ef600000, 0x0000000100000000)
  eden space 66560K, 0% used [0x00000000eab00000,0x00000000eab00000,0x00000000eec00000)
  from space 5120K, 99% used [0x00000000ef100000,0x00000000ef5ffca8,0x00000000ef600000)
  to   space 5120K, 0% used [0x00000000eec00000,0x00000000eec00000,0x00000000ef100000)
 ParOldGen       total 87552K, used 4709K [0x00000000c0000000, 0x00000000c5580000, 0x00000000eab00000)
  object space 87552K, 5% used [0x00000000c0000000,0x00000000c04995a0,0x00000000c5580000)
 Metaspace       used 6125K, capacity 7028K, committed 7296K, reserved 1056768K
  class space    used 601K, capacity 620K, committed 640K, reserved 1048576K
}
Event: 4.765 GC heap before
{Heap before GC invocations=3 (full 0):
 PSYoungGen      total 71680K, used 71679K [0x00000000eab00000, 0x00000000ef600000, 0x0000000100000000)
  eden space 66560K, 100% used [0x00000000eab00000,0x00000000eec00000,0x00000000eec00000)
  from space 5120K, 99% used [0x00000000ef100000,0x00000000ef5ffca8,0x00000000ef600000)
  to   space 5120K, 0% used [0x00000000eec00000,0x00000000eec00000,0x00000000ef100000)
 ParOldGen       total 87552K, used 4709K [0x00000000c0000000, 0x00000000c5580000, 0x00000000eab00000)
  object space 87552K, 5% used [0x00000000c0000000,0x00000000c04995a0,0x00000000c5580000)
 Metaspace       used 6353K, capacity 7128K, committed 7424K, reserved 1056768K
  class space    used 621K, capacity 656K, committed 768K, reserved 1048576K
Event: 4.858 GC heap after
Heap after GC invocations=3 (full 0):
 PSYoungGen      total 71680K, used 5109K [0x00000000eab00000, 0x00000000f3700000, 0x0000000100000000)
  eden space 66560K, 0% used [0x00000000eab00000,0x00000000eab00000,0x00000000eec00000)
  from space 5120K, 99% used [0x00000000eec00000,0x00000000ef0fd550,0x00000000ef100000)
  to   space 5120K, 0% used [0x00000000f3200000,0x00000000f3200000,0x00000000f3700000)
 ParOldGen       total 87552K, used 12986K [0x00000000c0000000, 0x00000000c5580000, 0x00000000eab00000)
  object space 87552K, 14% used [0x00000000c0000000,0x00000000c0caea80,0x00000000c5580000)
 Metaspace       used 6353K, capacity 7128K, committed 7424K, reserved 1056768K
  class space    used 621K, capacity 656K, committed 768K, reserved 1048576K
}
Event: 5.177 GC heap before
{Heap before GC invocations=4 (full 0):
 PSYoungGen      total 71680K, used 71669K [0x00000000eab00000, 0x00000000f3700000, 0x0000000100000000)
  eden space 66560K, 100% used [0x00000000eab00000,0x00000000eec00000,0x00000000eec00000)
  from space 5120K, 99% used [0x00000000eec00000,0x00000000ef0fd550,0x00000000ef100000)
  to   space 5120K, 0% used [0x00000000f3200000,0x00000000f3200000,0x00000000f3700000)
 ParOldGen       total 87552K, used 12986K [0x00000000c0000000, 0x00000000c5580000, 0x00000000eab00000)
  object space 87552K, 14% used [0x00000000c0000000,0x00000000c0caea80,0x00000000c5580000)
 Metaspace       used 6372K, capacity 7128K, committed 7424K, reserved 1056768K
  class space    used 621K, capacity 656K, committed 768K, reserved 1048576K
Event: 5.220 GC heap after
Heap after GC invocations=4 (full 0):
 PSYoungGen      total 138240K, used 5109K [0x00000000eab00000, 0x00000000f3700000, 0x0000000100000000)
  eden space 133120K, 0% used [0x00000000eab00000,0x00000000eab00000,0x00000000f2d00000)
  from space 5120K, 99% used [0x00000000f3200000,0x00000000f36fd550,0x00000000f3700000)
  to   space 5120K, 0% used [0x00000000f2d00000,0x00000000f2d00000,0x00000000f3200000)
 ParOldGen       total 87552K, used 23643K [0x00000000c0000000, 0x00000000c5580000, 0x00000000eab00000)
  object space 87552K, 27% used [0x00000000c0000000,0x00000000c1716da8,0x00000000c5580000)
 Metaspace       used 6372K, capacity 7128K, committed 7424K, reserved 1056768K
  class space    used 621K, capacity 656K, committed 768K, reserved 1048576K
}
Event: 6.034 GC heap before
{Heap before GC invocations=5 (full 0):
 PSYoungGen      total 138240K, used 138229K [0x00000000eab00000, 0x00000000f3700000, 0x0000000100000000)
  eden space 133120K, 100% used [0x00000000eab00000,0x00000000f2d00000,0x00000000f2d00000)
  from space 5120K, 99% used [0x00000000f3200000,0x00000000f36fd550,0x00000000f3700000)
  to   space 5120K, 0% used [0x00000000f2d00000,0x00000000f2d00000,0x00000000f3200000)
 ParOldGen       total 87552K, used 23643K [0x00000000c0000000, 0x00000000c5580000, 0x00000000eab00000)
  object space 87552K, 27% used [0x00000000c0000000,0x00000000c1716da8,0x00000000c5580000)
 Metaspace       used 6399K, capacity 7192K, committed 7424K, reserved 1056768K
  class space    used 621K, capacity 656K, committed 768K, reserved 1048576K
Event: 6.160 GC heap after
Heap after GC invocations=5 (full 0):
 PSYoungGen      total 138240K, used 5101K [0x00000000eab00000, 0x00000000fe100000, 0x0000000100000000)
  eden space 133120K, 0% used [0x00000000eab00000,0x00000000eab00000,0x00000000f2d00000)
  from space 5120K, 99% used [0x00000000f2d00000,0x00000000f31fb7e0,0x00000000f3200000)
  to   space 25600K, 0% used [0x00000000fc800000,0x00000000fc800000,0x00000000fe100000)
 ParOldGen       total 87552K, used 41985K [0x00000000c0000000, 0x00000000c5580000, 0x00000000eab00000)
  object space 87552K, 47% used [0x00000000c0000000,0x00000000c29005f8,0x00000000c5580000)
 Metaspace       used 6399K, capacity 7192K, committed 7424K, reserved 1056768K
  class space    used 621K, capacity 656K, committed 768K, reserved 1048576K
}

Deoptimization events (10 events):
Event: 5.675 Thread 0x0000000003200800 Uncommon trap: reason=bimorphic action=maybe_recompile pc=0x000000000371e838 method=com.android.dx.ssa.LiteralOpUpgrader.tryReplacingWithConstant(Lcom/android/dx/ssa/NormalSsaInsn;)Z @ 62
Event: 5.675 Thread 0x0000000003200800 Uncommon trap: reason=bimorphic action=maybe_recompile pc=0x000000000371e838 method=com.android.dx.ssa.LiteralOpUpgrader.tryReplacingWithConstant(Lcom/android/dx/ssa/NormalSsaInsn;)Z @ 62
Event: 5.688 Thread 0x0000000003200800 Uncommon trap: reason=class_check action=maybe_recompile pc=0x0000000003aec698 method=com.android.dx.ssa.SCCP.replaceConstants()V @ 182
Event: 5.896 Thread 0x0000000018030800 Uncommon trap: reason=bimorphic action=maybe_recompile pc=0x0000000003b18234 method=com.android.dx.cf.code.BytecodeArray.parseInstruction(ILcom/android/dx/cf/code/BytecodeArray$Visitor;)I @ 1447
Event: 5.903 Thread 0x0000000018030800 Uncommon trap: reason=unloaded action=reinterpret pc=0x0000000003aea484 method=com.android.dx.ssa.SCCP.replaceBranches()V @ 110
Event: 5.903 Thread 0x0000000018030800 Uncommon trap: reason=unstable_if action=reinterpret pc=0x000000000385c2f0 method=com.android.dx.ssa.DeadCodeRemover.pruneDeadInstructions()V @ 49
Event: 5.961 Thread 0x0000000018030800 Uncommon trap: reason=bimorphic action=maybe_recompile pc=0x0000000003b171b4 method=com.android.dx.cf.code.BytecodeArray.parseInstruction(ILcom/android/dx/cf/code/BytecodeArray$Visitor;)I @ 1597
Event: 5.962 Thread 0x0000000018030800 Uncommon trap: reason=bimorphic action=maybe_recompile pc=0x0000000003b171b4 method=com.android.dx.cf.code.BytecodeArray.parseInstruction(ILcom/android/dx/cf/code/BytecodeArray$Visitor;)I @ 1597
Event: 5.983 Thread 0x000000001803d000 Uncommon trap: reason=unstable_if action=reinterpret pc=0x00000000038c30a0 method=com.android.dx.rop.code.RegisterSpecSet.<init>(I)V @ 2
Event: 5.983 Thread 0x000000001803d000 Uncommon trap: reason=unstable_if action=reinterpret pc=0x0000000003614340 method=com.android.dx.rop.code.RegisterSpecSet.<init>(I)V @ 2

Internal exceptions (7 events):
Event: 0.234 Thread 0x0000000003200800 Exception <a 'java/lang/NoSuchMethodError': Method sun.misc.Unsafe.defineClass(Ljava/lang/String;[BII)Ljava/lang/Class; name or signature does not match> (0x00000000eab07cc0) thrown at [D:\re\workspace\8-2-build-windows-amd64-cygwin\jdk8u92\6642\hotspot\srëá°\Q÷Í?
Event: 0.234 Thread 0x0000000003200800 Exception <a 'java/lang/NoSuchMethodError': Method sun.misc.Unsafe.prefetchRead(Ljava/lang/Object;J)V name or signature does not match> (0x00000000eab07fa8) thrown at [D:\re\workspace\8-2-build-windows-amd64-cygwin\jdk8u92\6642\hotspot\src\share\vm\prims\jdUûàÙ7û?
Event: 1.701 Thread 0x000000001803d000 Implicit null exception at 0x00000000035827a2 to 0x000000000358289a
Event: 4.616 Thread 0x0000000018079000 Exception <a 'java/lang/ArrayIndexOutOfBoundsException': 18> (0x00000000ecdc1a58) thrown at [D:\re\workspace\8-2-build-windows-amd64-cygwin\jdk8u92\6642\hotspot\src\share\vm\interpreter\interpreterRuntime.cpp, line 366]
Event: 4.616 Thread 0x0000000018079000 Exception <a 'java/lang/ArrayIndexOutOfBoundsException': 145> (0x00000000ecdc35d8) thrown at [D:\re\workspace\8-2-build-windows-amd64-cygwin\jdk8u92\6642\hotspot\src\share\vm\interpreter\interpreterRuntime.cpp, line 366]
Event: 4.617 Thread 0x0000000018079000 Exception <a 'java/lang/ArrayIndexOutOfBoundsException'> (0x00000000ecdc48c0) thrown at [D:\re\workspace\8-2-build-windows-amd64-cygwin\jdk8u92\6642\hotspot\src\share\vm\runtime\sharedRuntime.cpp, line 605]
Event: 4.973 Thread 0x000000001803d000 Implicit null exception at 0x0000000003852d2c to 0x0000000003852d4e

Events (10 events):
Event: 6.221 Thread 0x0000000003200800 DEOPT PACKING pc=0x000000000366977d sp=0x00000000031fe000
Event: 6.221 Thread 0x0000000003200800 DEOPT UNPACKING pc=0x000000000334787f sp=0x00000000031fdda0 mode 0
Event: 6.223 Thread 0x0000000018030800 DEOPT PACKING pc=0x00000000037013ec sp=0x0000000018d0eab0
Event: 6.230 Thread 0x0000000018030800 DEOPT UNPACKING pc=0x000000000334787f sp=0x0000000018d0e830 mode 0
Event: 6.250 Thread 0x0000000018035000 DEOPT PACKING pc=0x00000000036c5311 sp=0x0000000018e0ea10
Event: 6.250 Thread 0x0000000018035000 DEOPT UNPACKING pc=0x000000000334787f sp=0x0000000018e0e840 mode 0
Event: 6.390 Thread 0x0000000018079000 DEOPT PACKING pc=0x000000000378c1d6 sp=0x0000000018b0e610
Event: 6.390 Thread 0x0000000018079000 DEOPT UNPACKING pc=0x000000000334787f sp=0x0000000018b0e3f0 mode 0
Event: 6.546 Thread 0x0000000018030800 DEOPT PACKING pc=0x0000000003b30903 sp=0x0000000018d0eaa0
Event: 6.546 Thread 0x0000000018030800 DEOPT UNPACKING pc=0x000000000334787f sp=0x0000000018d0e830 mode 0


Dynamic libraries:
0x00007ff684f50000 - 0x00007ff684f87000 	D:\java\JDK\bin\java.exe
0x00007ffbb6100000 - 0x00007ffbb62d1000 	C:\WINDOWS\SYSTEM32\ntdll.dll
0x00007ffbb5af0000 - 0x00007ffbb5b9b000 	C:\WINDOWS\System32\KERNEL32.DLL
0x00007ffbb2960000 - 0x00007ffbb2b7d000 	C:\WINDOWS\System32\KERNELBASE.dll
0x00007ffbb5e50000 - 0x00007ffbb5ef2000 	C:\WINDOWS\System32\ADVAPI32.dll
0x00007ffbb5ba0000 - 0x00007ffbb5c3e000 	C:\WINDOWS\System32\msvcrt.dll
0x00007ffbb3f00000 - 0x00007ffbb3f59000 	C:\WINDOWS\System32\sechost.dll
0x00007ffbb5d20000 - 0x00007ffbb5e41000 	C:\WINDOWS\System32\RPCRT4.dll
0x00007ffbb40c0000 - 0x00007ffbb4225000 	C:\WINDOWS\System32\USER32.dll
0x00007ffbb2d50000 - 0x00007ffbb2d6e000 	C:\WINDOWS\System32\win32u.dll
0x00007ffbb3880000 - 0x00007ffbb38b4000 	C:\WINDOWS\System32\GDI32.dll
0x00007ffbb2e20000 - 0x00007ffbb2fa2000 	C:\WINDOWS\System32\gdi32full.dll
0x00007ffbad650000 - 0x00007ffbad8ca000 	C:\WINDOWS\WinSxS\amd64_microsoft.windows.common-controls_6595b64144ccf1df_6.0.14393.953_none_42151e83c686086b\COMCTL32.dll
0x00007ffbb42a0000 - 0x00007ffbb4568000 	C:\WINDOWS\System32\combase.dll
0x00007ffbb25f0000 - 0x00007ffbb26e5000 	C:\WINDOWS\System32\ucrtbase.dll
0x00007ffbb28f0000 - 0x00007ffbb295a000 	C:\WINDOWS\System32\bcryptPrimitives.dll
0x00007ffbb3850000 - 0x00007ffbb387e000 	C:\WINDOWS\System32\IMM32.DLL
0x0000000050970000 - 0x0000000050a42000 	D:\java\JDK\jre\bin\msvcr100.dll
0x00000000500d0000 - 0x0000000050966000 	D:\java\JDK\jre\bin\server\jvm.dll
0x00007ffbb5a80000 - 0x00007ffbb5a88000 	C:\WINDOWS\System32\PSAPI.DLL
0x00007ffb9d460000 - 0x00007ffb9d469000 	C:\WINDOWS\SYSTEM32\WSOCK32.dll
0x00007ffbb5cb0000 - 0x00007ffbb5d1a000 	C:\WINDOWS\System32\WS2_32.dll
0x00007ffbb0870000 - 0x00007ffbb0893000 	C:\WINDOWS\SYSTEM32\WINMM.dll
0x00007ffba6230000 - 0x00007ffba623a000 	C:\WINDOWS\SYSTEM32\VERSION.dll
0x00007ffbb02f0000 - 0x00007ffbb031b000 	C:\WINDOWS\SYSTEM32\WINMMBASE.dll
0x00007ffbb2800000 - 0x00007ffbb2842000 	C:\WINDOWS\System32\cfgmgr32.dll
0x0000000050d90000 - 0x0000000050d9f000 	D:\java\JDK\jre\bin\verify.dll
0x0000000050d60000 - 0x0000000050d89000 	D:\java\JDK\jre\bin\java.dll
0x0000000050d40000 - 0x0000000050d56000 	D:\java\JDK\jre\bin\zip.dll
0x00007ffbb4570000 - 0x00007ffbb5a79000 	C:\WINDOWS\System32\SHELL32.dll
0x00007ffbb2fb0000 - 0x00007ffbb368a000 	C:\WINDOWS\System32\windows.storage.dll
0x00007ffbb25a0000 - 0x00007ffbb25ec000 	C:\WINDOWS\System32\powrprof.dll
0x00007ffbb5a90000 - 0x00007ffbb5ae2000 	C:\WINDOWS\System32\shlwapi.dll
0x00007ffbb2570000 - 0x00007ffbb257f000 	C:\WINDOWS\System32\kernel.appcore.dll
0x00007ffbb26f0000 - 0x00007ffbb2799000 	C:\WINDOWS\System32\shcore.dll
0x00007ffbb2580000 - 0x00007ffbb2594000 	C:\WINDOWS\System32\profapi.dll

VM Arguments:
jvm_args: -Djava.awt.headless=true -Xmx1024M -Dfile.encoding=GBK -Duser.country=CN -Duser.language=zh -Duser.variant 
java_command: com.android.dx.command.Main --dex --num-threads=4 --multi-dex --output G:\nav\Navigation\app\build\intermediates\transforms\dex\debug\folders\1000\2\AMap_Location_V2.4.1_20160414_15d1da896f082db3b19c540e29256540c431025b G:\nav\Navigation\app\libs\AMap_Location_V2.4.1_20160414.jar
java_class_path (initial): D:\java\SDK\build-tools\25.0.3\lib\dx.jar
Launcher Type: SUN_STANDARD

Environment Variables:
JAVA_HOME=D:\java\JDK
PATH=C:\ProgramData\Oracle\Java\javapath;C:\Program Files (x86)\Tesseract-OCR;C:\Python27\Scripts\;C:\WINDOWS\system32;C:\WINDOWS;C:\WINDOWS\System32\Wbem;C:\WINDOWS\System32\WindowsPowerShell\v1.0\;C:\Program Files\Microsoft SQL Server\110\Tools\Binn\;C:\Program Files\Microsoft SQL Server\120\Tools\Binn\;C:\WINDOWS\system32\config\systemprofile\.dnx\bin;C:\Program Files\Microsoft DNX\Dnvm\;C:\Program Files (x86)\Windows Kits\10\Windows Performance Toolkit\;C:\Python27;D:\Git\bin;C:\Program Files\MATLAB\MATLAB Runtime\v90\bin;C:\Program Files\MATLAB\MATLAB Runtime\v90\runtime\win64;D:\java\JDK\bin;D:\java\JRE\bin;C:\Program Files (x86)\IDM Computer Solutions\UltraEdit;D:\java\SDK\platform-tools;C:\Users\EdwardPC\AppData\Local\Microsoft\WindowsApps;C:\Users\EdwardPC\AppData\Roaming\npm;C:\Python27;C:\Python36;C:\Program Files\SQLite Expert\Personal 4;C:\Python27\Scripts\;C:\Program Files\MATLAB\MATLAB Runtime\v90\bin\win64;C:\Program Files\MATLAB\MATLAB Runtime\v90\bin;D:\java\SDK\platform-tools
USERNAME=EdwardPC
OS=Windows_NT
PROCESSOR_IDENTIFIER=Intel64 Family 6 Model 60 Stepping 3, GenuineIntel



---------------  S Y S T E M  ---------------

OS: Windows 10.0 , 64 bit Build 14393 (10.0.14393.0)

CPU:total 8 (4 cores per cpu, 2 threads per core) family 6 model 60 stepping 3, cmov, cx8, fxsr, mmx, sse, sse2, sse3, ssse3, sse4.1, sse4.2, popcnt, avx, avx2, aes, clmul, erms, lzcnt, ht, tsc, tscinvbit, bmi1, bmi2

Memory: 4k page, physical 8277272k(1264428k free), swap 8277272k(22092k free)

vm_info: Java HotSpot(TM) 64-Bit Server VM (25.92-b14) for windows-amd64 JRE (1.8.0_92-b14), built on Mar 31 2016 21:03:04 by "java_re" with MS VC++ 10.0 (VS2010)

time: Wed May 24 10:38:06 2017
elapsed time: 6 seconds (0d 0h 0m 6s)

