#
# There is insufficient memory for the Java Runtime Environment to continue.
# Native memory allocation (malloc) failed to allocate 940816 bytes for Chunk::new
# Possible reasons:
#   The system is out of physical RAM or swap space
#   In 32 bit mode, the process size limit was hit
# Possible solutions:
#   Reduce memory load on the system
#   Increase physical memory or swap space
#   Check if swap backing store is full
#   Use 64 bit Java on a 64 bit OS
#   Decrease Java heap size (-Xmx/-Xms)
#   Decrease number of Java threads
#   Decrease Java thread stack sizes (-Xss)
#   Set larger code cache with -XX:ReservedCodeCacheSize=
# This output file may be truncated or incomplete.
#
#  Out of Memory Error (allocation.cpp:390), pid=20656, tid=0x0000000000002164
#
# JRE version: Java(TM) SE Runtime Environment (8.0_92-b14) (build 1.8.0_92-b14)
# Java VM: Java HotSpot(TM) 64-Bit Server VM (25.92-b14 mixed mode windows-amd64 compressed oops)
# Failed to write core dump. Minidumps are not enabled by default on client versions of Windows
#

---------------  T H R E A D  ---------------

Current thread (0x000000001604b800):  JavaThread "C2 CompilerThread0" daemon [_thread_in_native, id=8548, stack(0x0000000018600000,0x0000000018700000)]

Stack: [0x0000000018600000,0x0000000018700000]
[error occurred during error reporting (printing stack bounds), id 0xc0000005]

Native frames: (J=compiled Java code, j=interpreted, Vv=VM code, C=native code)


Current CompileTask:
C2:  13731 2810       4       com.android.dx.dex.file.ClassDataItem::addContents (207 bytes)


---------------  P R O C E S S  ---------------

Java Threads: ( => current thread )
  0x0000000018109800 JavaThread "pool-1-thread-1" [_thread_in_native, id=8104, stack(0x000000001d840000,0x000000001d940000)]
  0x0000000018032800 JavaThread "Service Thread" daemon [_thread_blocked, id=18124, stack(0x0000000018a00000,0x0000000018b00000)]
  0x0000000017f94000 JavaThread "C1 CompilerThread3" daemon [_thread_blocked, id=16832, stack(0x0000000018900000,0x0000000018a00000)]
  0x0000000017f8f000 JavaThread "C2 CompilerThread2" daemon [_thread_in_native, id=7748, stack(0x0000000018800000,0x0000000018900000)]
  0x000000001604e000 JavaThread "C2 CompilerThread1" daemon [_thread_in_native, id=4840, stack(0x0000000018700000,0x0000000018800000)]
=>0x000000001604b800 JavaThread "C2 CompilerThread0" daemon [_thread_in_native, id=8548, stack(0x0000000018600000,0x0000000018700000)]
  0x0000000017f3c000 JavaThread "Attach Listener" daemon [_thread_blocked, id=11132, stack(0x0000000018500000,0x0000000018600000)]
  0x0000000017f3b000 JavaThread "Signal Dispatcher" daemon [_thread_blocked, id=18708, stack(0x0000000018400000,0x0000000018500000)]
  0x0000000017f20800 JavaThread "Finalizer" daemon [_thread_blocked, id=8432, stack(0x0000000018300000,0x0000000018400000)]
  0x0000000003514000 JavaThread "Reference Handler" daemon [_thread_blocked, id=19176, stack(0x0000000017e00000,0x0000000017f00000)]
  0x0000000003420800 JavaThread "main" [_thread_blocked, id=12916, stack(0x00000000032a0000,0x00000000033a0000)]

Other Threads:
  0x000000001603a000 VMThread [stack: 0x0000000017d00000,0x0000000017e00000] [id=12548]
  0x00000000180b3800 WatcherThread [stack: 0x0000000018b00000,0x0000000018c00000] [id=17368]

VM state:not at safepoint (normal execution)

VM Mutex/Monitor currently owned by a thread: None

Heap:
 PSYoungGen      total 109568K, used 37462K [0x00000000eab00000, 0x00000000ff100000, 0x0000000100000000)
  eden space 104448K, 35% used [0x00000000eab00000,0x00000000ecf95a20,0x00000000f1100000)
  from space 5120K, 0% used [0x00000000f3200000,0x00000000f3200000,0x00000000f3700000)
  to   space 33792K, 0% used [0x00000000f1100000,0x00000000f1100000,0x00000000f3200000)
 ParOldGen       total 87552K, used 75017K [0x00000000c0000000, 0x00000000c5580000, 0x00000000eab00000)
  object space 87552K, 85% used [0x00000000c0000000,0x00000000c4942400,0x00000000c5580000)
 Metaspace       used 6966K, capacity 7736K, committed 7936K, reserved 1056768K
  class space    used 637K, capacity 688K, committed 768K, reserved 1048576K

Card table byte_map: [0x00000000128e0000,0x0000000012af0000] byte_map_base: 0x00000000122e0000

Marking Bits: (ParMarkBitMap*) 0x00000000611f64f0
 Begin Bits: [0x0000000013450000, 0x0000000014450000)
 End Bits:   [0x0000000014450000, 0x0000000015450000)

Polling page: 0x00000000017b0000

CodeCache: size=245760Kb used=11012Kb max_used=12118Kb free=234747Kb
 bounds [0x0000000003520000, 0x0000000004110000, 0x0000000012520000]
 total_blobs=2869 nmethods=2603 adapters=178
 compilation: enabled

Compilation events (10 events):
Event: 13.198 Thread 0x0000000017f94000 2878       2       com.android.dx.dex.file.ProtoIdItem::makeShortForm (74 bytes)
Event: 13.199 Thread 0x0000000017f94000 nmethod 2878 0x0000000003983310 code [0x0000000003983500, 0x0000000003983c28]
Event: 13.199 Thread 0x0000000017f94000 2877       2       com.android.dx.dex.file.ProtoIdItem::<init> (60 bytes)
Event: 13.199 Thread 0x0000000017f94000 nmethod 2877 0x0000000003872b50 code [0x0000000003872ce0, 0x0000000003873068]
Event: 13.212 Thread 0x0000000017f94000 2882  s    2       com.android.dx.dex.file.TypeIdsSection::intern (62 bytes)
Event: 13.212 Thread 0x0000000017f94000 nmethod 2882 0x0000000003929290 code [0x0000000003929440, 0x0000000003929a68]
Event: 13.212 Thread 0x0000000017f94000 2883       2       com.android.dx.dex.file.FieldIdItem::addContents (23 bytes)
Event: 13.213 Thread 0x0000000017f94000 nmethod 2883 0x0000000003969710 code [0x00000000039698c0, 0x0000000003969bc8]
Event: 13.213 Thread 0x0000000017f94000 2884       2       com.android.dx.dex.file.FieldIdItem::getFieldRef (8 bytes)
Event: 13.213 Thread 0x0000000017f94000 nmethod 2884 0x0000000003969350 code [0x00000000039694a0, 0x0000000003969630]

GC Heap History (10 events):
Event: 0.970 GC heap before
{Heap before GC invocations=3 (full 0):
 PSYoungGen      total 71680K, used 71666K [0x00000000eab00000, 0x00000000ef600000, 0x0000000100000000)
  eden space 66560K, 100% used [0x00000000eab00000,0x00000000eec00000,0x00000000eec00000)
  from space 5120K, 99% used [0x00000000ef100000,0x00000000ef5fca88,0x00000000ef600000)
  to   space 5120K, 0% used [0x00000000eec00000,0x00000000eec00000,0x00000000ef100000)
 ParOldGen       total 87552K, used 8216K [0x00000000c0000000, 0x00000000c5580000, 0x00000000eab00000)
  object space 87552K, 9% used [0x00000000c0000000,0x00000000c0806130,0x00000000c5580000)
 Metaspace       used 6192K, capacity 7096K, committed 7296K, reserved 1056768K
  class space    used 607K, capacity 624K, committed 640K, reserved 1048576K
Event: 0.994 GC heap after
Heap after GC invocations=3 (full 0):
 PSYoungGen      total 71680K, used 5102K [0x00000000eab00000, 0x00000000f3700000, 0x0000000100000000)
  eden space 66560K, 0% used [0x00000000eab00000,0x00000000eab00000,0x00000000eec00000)
  from space 5120K, 99% used [0x00000000eec00000,0x00000000ef0fb9b0,0x00000000ef100000)
  to   space 5120K, 0% used [0x00000000f3200000,0x00000000f3200000,0x00000000f3700000)
 ParOldGen       total 87552K, used 17903K [0x00000000c0000000, 0x00000000c5580000, 0x00000000eab00000)
  object space 87552K, 20% used [0x00000000c0000000,0x00000000c117bf20,0x00000000c5580000)
 Metaspace       used 6192K, capacity 7096K, committed 7296K, reserved 1056768K
  class space    used 607K, capacity 624K, committed 640K, reserved 1048576K
}
Event: 1.226 GC heap before
{Heap before GC invocations=4 (full 0):
 PSYoungGen      total 71680K, used 71662K [0x00000000eab00000, 0x00000000f3700000, 0x0000000100000000)
  eden space 66560K, 100% used [0x00000000eab00000,0x00000000eec00000,0x00000000eec00000)
  from space 5120K, 99% used [0x00000000eec00000,0x00000000ef0fb9b0,0x00000000ef100000)
  to   space 5120K, 0% used [0x00000000f3200000,0x00000000f3200000,0x00000000f3700000)
 ParOldGen       total 87552K, used 17903K [0x00000000c0000000, 0x00000000c5580000, 0x00000000eab00000)
  object space 87552K, 20% used [0x00000000c0000000,0x00000000c117bf20,0x00000000c5580000)
 Metaspace       used 6277K, capacity 7160K, committed 7296K, reserved 1056768K
  class space    used 607K, capacity 624K, committed 640K, reserved 1048576K
Event: 1.249 GC heap after
Heap after GC invocations=4 (full 0):
 PSYoungGen      total 138240K, used 5115K [0x00000000eab00000, 0x00000000f3700000, 0x0000000100000000)
  eden space 133120K, 0% used [0x00000000eab00000,0x00000000eab00000,0x00000000f2d00000)
  from space 5120K, 99% used [0x00000000f3200000,0x00000000f36fed48,0x00000000f3700000)
  to   space 5120K, 0% used [0x00000000f2d00000,0x00000000f2d00000,0x00000000f3200000)
 ParOldGen       total 87552K, used 29801K [0x00000000c0000000, 0x00000000c5580000, 0x00000000eab00000)
  object space 87552K, 34% used [0x00000000c0000000,0x00000000c1d1a710,0x00000000c5580000)
 Metaspace       used 6277K, capacity 7160K, committed 7296K, reserved 1056768K
  class space    used 607K, capacity 624K, committed 640K, reserved 1048576K
}
Event: 4.501 GC heap before
{Heap before GC invocations=5 (full 0):
 PSYoungGen      total 138240K, used 138235K [0x00000000eab00000, 0x00000000f3700000, 0x0000000100000000)
  eden space 133120K, 100% used [0x00000000eab00000,0x00000000f2d00000,0x00000000f2d00000)
  from space 5120K, 99% used [0x00000000f3200000,0x00000000f36fed48,0x00000000f3700000)
  to   space 5120K, 0% used [0x00000000f2d00000,0x00000000f2d00000,0x00000000f3200000)
 ParOldGen       total 87552K, used 29801K [0x00000000c0000000, 0x00000000c5580000, 0x00000000eab00000)
  object space 87552K, 34% used [0x00000000c0000000,0x00000000c1d1a710,0x00000000c5580000)
 Metaspace       used 6384K, capacity 7224K, committed 7296K, reserved 1056768K
  class space    used 612K, capacity 624K, committed 640K, reserved 1048576K
Event: 4.531 GC heap after
Heap after GC invocations=5 (full 0):
 PSYoungGen      total 138240K, used 5090K [0x00000000eab00000, 0x00000000f3700000, 0x0000000100000000)
  eden space 133120K, 0% used [0x00000000eab00000,0x00000000eab00000,0x00000000f2d00000)
  from space 5120K, 99% used [0x00000000f2d00000,0x00000000f31f8b88,0x00000000f3200000)
  to   space 5120K, 0% used [0x00000000f3200000,0x00000000f3200000,0x00000000f3700000)
 ParOldGen       total 87552K, used 50217K [0x00000000c0000000, 0x00000000c5580000, 0x00000000eab00000)
  object space 87552K, 57% used [0x00000000c0000000,0x00000000c310a788,0x00000000c5580000)
 Metaspace       used 6384K, capacity 7224K, committed 7296K, reserved 1056768K
  class space    used 612K, capacity 624K, committed 640K, reserved 1048576K
}
Event: 11.245 GC heap before
{Heap before GC invocations=6 (full 0):
 PSYoungGen      total 138240K, used 138210K [0x00000000eab00000, 0x00000000f3700000, 0x0000000100000000)
  eden space 133120K, 100% used [0x00000000eab00000,0x00000000f2d00000,0x00000000f2d00000)
  from space 5120K, 99% used [0x00000000f2d00000,0x00000000f31f8b88,0x00000000f3200000)
  to   space 5120K, 0% used [0x00000000f3200000,0x00000000f3200000,0x00000000f3700000)
 ParOldGen       total 87552K, used 50217K [0x00000000c0000000, 0x00000000c5580000, 0x00000000eab00000)
  object space 87552K, 57% used [0x00000000c0000000,0x00000000c310a788,0x00000000c5580000)
 Metaspace       used 6399K, capacity 7224K, committed 7296K, reserved 1056768K
  class space    used 612K, capacity 624K, committed 640K, reserved 1048576K
Event: 11.303 GC heap after
Heap after GC invocations=6 (full 0):
 PSYoungGen      total 109568K, used 5114K [0x00000000eab00000, 0x00000000ff100000, 0x0000000100000000)
  eden space 104448K, 0% used [0x00000000eab00000,0x00000000eab00000,0x00000000f1100000)
  from space 5120K, 99% used [0x00000000f3200000,0x00000000f36fe860,0x00000000f3700000)
  to   space 33792K, 0% used [0x00000000f1100000,0x00000000f1100000,0x00000000f3200000)
 ParOldGen       total 87552K, used 76005K [0x00000000c0000000, 0x00000000c5580000, 0x00000000eab00000)
  object space 87552K, 86% used [0x00000000c0000000,0x00000000c4a395f8,0x00000000c5580000)
 Metaspace       used 6399K, capacity 7224K, committed 7296K, reserved 1056768K
  class space    used 612K, capacity 624K, committed 640K, reserved 1048576K
}
Event: 11.303 GC heap before
{Heap before GC invocations=7 (full 1):
 PSYoungGen      total 109568K, used 5114K [0x00000000eab00000, 0x00000000ff100000, 0x0000000100000000)
  eden space 104448K, 0% used [0x00000000eab00000,0x00000000eab00000,0x00000000f1100000)
  from space 5120K, 99% used [0x00000000f3200000,0x00000000f36fe860,0x00000000f3700000)
  to   space 33792K, 0% used [0x00000000f1100000,0x00000000f1100000,0x00000000f3200000)
 ParOldGen       total 87552K, used 76005K [0x00000000c0000000, 0x00000000c5580000, 0x00000000eab00000)
  object space 87552K, 86% used [0x00000000c0000000,0x00000000c4a395f8,0x00000000c5580000)
 Metaspace       used 6399K, capacity 7224K, committed 7296K, reserved 1056768K
  class space    used 612K, capacity 624K, committed 640K, reserved 1048576K
Event: 11.608 GC heap after
Heap after GC invocations=7 (full 1):
 PSYoungGen      total 109568K, used 0K [0x00000000eab00000, 0x00000000ff100000, 0x0000000100000000)
  eden space 104448K, 0% used [0x00000000eab00000,0x00000000eab00000,0x00000000f1100000)
  from space 5120K, 0% used [0x00000000f3200000,0x00000000f3200000,0x00000000f3700000)
  to   space 33792K, 0% used [0x00000000f1100000,0x00000000f1100000,0x00000000f3200000)
 ParOldGen       total 87552K, used 75017K [0x00000000c0000000, 0x00000000c5580000, 0x00000000eab00000)
  object space 87552K, 85% used [0x00000000c0000000,0x00000000c4942400,0x00000000c5580000)
 Metaspace       used 6399K, capacity 7224K, committed 7296K, reserved 1056768K
  class space    used 612K, capacity 624K, committed 640K, reserved 1048576K
}

Deoptimization events (10 events):
Event: 6.723 Thread 0x000000001810d000 Uncommon trap: reason=bimorphic action=maybe_recompile pc=0x00000000040f6014 method=com.android.dx.cf.code.BytecodeArray.parseInstruction(ILcom/android/dx/cf/code/BytecodeArray$Visitor;)I @ 1035
Event: 13.048 Thread 0x0000000018109800 Uncommon trap: reason=class_check action=maybe_recompile pc=0x000000000397d918 method=java.util.Arrays.hashCode([Ljava/lang/Object;)I @ 43
Event: 13.048 Thread 0x0000000018109800 Uncommon trap: reason=class_check action=maybe_recompile pc=0x000000000397d918 method=java.util.Arrays.hashCode([Ljava/lang/Object;)I @ 43
Event: 13.048 Thread 0x0000000018109800 Uncommon trap: reason=class_check action=maybe_recompile pc=0x000000000397d918 method=java.util.Arrays.hashCode([Ljava/lang/Object;)I @ 43
Event: 13.048 Thread 0x0000000018109800 Uncommon trap: reason=class_check action=maybe_recompile pc=0x000000000397d918 method=java.util.Arrays.hashCode([Ljava/lang/Object;)I @ 43
Event: 13.048 Thread 0x0000000018109800 Uncommon trap: reason=class_check action=maybe_recompile pc=0x00000000038e35b8 method=java.util.Arrays.hashCode([Ljava/lang/Object;)I @ 43
Event: 13.054 Thread 0x0000000018109800 Uncommon trap: reason=bimorphic action=maybe_recompile pc=0x00000000039f933c method=java.util.Arrays.hashCode([Ljava/lang/Object;)I @ 43
Event: 13.054 Thread 0x0000000018109800 Uncommon trap: reason=bimorphic action=maybe_recompile pc=0x00000000039f933c method=java.util.Arrays.hashCode([Ljava/lang/Object;)I @ 43
Event: 13.054 Thread 0x0000000018109800 Uncommon trap: reason=bimorphic action=maybe_recompile pc=0x00000000039f933c method=java.util.Arrays.hashCode([Ljava/lang/Object;)I @ 43
Event: 13.054 Thread 0x0000000018109800 Uncommon trap: reason=bimorphic action=maybe_recompile pc=0x00000000039f933c method=java.util.Arrays.hashCode([Ljava/lang/Object;)I @ 43

Internal exceptions (8 events):
Event: 0.026 Thread 0x0000000003420800 Exception <a 'java/lang/NoSuchMethodError': Method sun.misc.Unsafe.defineClass(Ljava/lang/String;[BII)Ljava/lang/Class; name or signature does not match> (0x00000000eab07cc0) thrown at [D:\re\workspace\8-2-build-windows-amd64-cygwin\jdk8u92\6642\hotspot\srˆ€­±çºš?
Event: 0.026 Thread 0x0000000003420800 Exception <a 'java/lang/NoSuchMethodError': Method sun.misc.Unsafe.prefetchRead(Ljava/lang/Object;J)V name or signature does not match> (0x00000000eab07fa8) thrown at [D:\re\workspace\8-2-build-windows-amd64-cygwin\jdk8u92\6642\hotspot\src\share\vm\prims\jÎKß¼Õ?
Event: 0.328 Thread 0x000000001810c800 Implicit null exception at 0x0000000003788162 to 0x000000000378825a
Event: 0.564 Thread 0x000000001810d000 Exception <a 'java/lang/ArrayIndexOutOfBoundsException': 18> (0x00000000ec403b48) thrown at [D:\re\workspace\8-2-build-windows-amd64-cygwin\jdk8u92\6642\hotspot\src\share\vm\interpreter\interpreterRuntime.cpp, line 366]
Event: 0.564 Thread 0x000000001810d000 Exception <a 'java/lang/ArrayIndexOutOfBoundsException': 145> (0x00000000ec4056c8) thrown at [D:\re\workspace\8-2-build-windows-amd64-cygwin\jdk8u92\6642\hotspot\src\share\vm\interpreter\interpreterRuntime.cpp, line 366]
Event: 0.565 Thread 0x000000001810d000 Exception <a 'java/lang/ArrayIndexOutOfBoundsException': 40> (0x00000000ec4069b0) thrown at [D:\re\workspace\8-2-build-windows-amd64-cygwin\jdk8u92\6642\hotspot\src\share\vm\interpreter\interpreterRuntime.cpp, line 366]
Event: 0.625 Thread 0x000000001810c800 Implicit null exception at 0x000000000398ab7c to 0x000000000398d0a1
Event: 0.625 Thread 0x000000001810c800 Implicit null exception at 0x0000000003983c28 to 0x0000000003985ccd

Events (10 events):
Event: 13.054 Thread 0x0000000018109800 Uncommon trap: trap_request=0xffffffc6 fr.pc=0x00000000039f933c
Event: 13.054 Thread 0x0000000018109800 DEOPT PACKING pc=0x00000000039f933c sp=0x000000001d93e9e0
Event: 13.054 Thread 0x0000000018109800 DEOPT UNPACKING pc=0x000000000356582a sp=0x000000001d93e968 mode 2
Event: 13.054 Thread 0x0000000018109800 Uncommon trap: trap_request=0xffffffc6 fr.pc=0x00000000039f933c
Event: 13.054 Thread 0x0000000018109800 DEOPT PACKING pc=0x00000000039f933c sp=0x000000001d93e9d0
Event: 13.054 Thread 0x0000000018109800 DEOPT UNPACKING pc=0x000000000356582a sp=0x000000001d93e958 mode 2
Event: 13.108 loading class com/android/dx/dex/file/CatchStructs
Event: 13.108 loading class com/android/dx/dex/file/CatchStructs done
Event: 13.196 loading class com/android/dx/dex/file/ProtoIdItem
Event: 13.196 loading class com/android/dx/dex/file/ProtoIdItem done


Dynamic libraries:
0x00007ff76ba40000 - 0x00007ff76ba77000 	D:\java\JDK\bin\java.exe
0x00007ffb927a0000 - 0x00007ffb92971000 	C:\WINDOWS\SYSTEM32\ntdll.dll
0x00007ffb8fdf0000 - 0x00007ffb8fe9c000 	C:\WINDOWS\System32\KERNEL32.DLL
0x00007ffb8f800000 - 0x00007ffb8fa1d000 	C:\WINDOWS\System32\KERNELBASE.dll
0x00007ffb90d40000 - 0x00007ffb90de2000 	C:\WINDOWS\System32\ADVAPI32.dll
0x00007ffb90550000 - 0x00007ffb905ee000 	C:\WINDOWS\System32\msvcrt.dll
0x00007ffb90ff0000 - 0x00007ffb91049000 	C:\WINDOWS\System32\sechost.dll
0x00007ffb90ab0000 - 0x00007ffb90bd1000 	C:\WINDOWS\System32\RPCRT4.dll
0x00007ffb90e80000 - 0x00007ffb90fe5000 	C:\WINDOWS\System32\USER32.dll
0x00007ffb8fca0000 - 0x00007ffb8fcbe000 	C:\WINDOWS\System32\win32u.dll
0x00007ffb8fea0000 - 0x00007ffb8fed4000 	C:\WINDOWS\System32\GDI32.dll
0x00007ffb8ec90000 - 0x00007ffb8ee12000 	C:\WINDOWS\System32\gdi32full.dll
0x00007ffb7d960000 - 0x00007ffb7dbda000 	C:\WINDOWS\WinSxS\amd64_microsoft.windows.common-controls_6595b64144ccf1df_6.0.14393.953_none_42151e83c686086b\COMCTL32.dll
0x00007ffb90760000 - 0x00007ffb90a28000 	C:\WINDOWS\System32\combase.dll
0x00007ffb8f500000 - 0x00007ffb8f5f5000 	C:\WINDOWS\System32\ucrtbase.dll
0x00007ffb8fcc0000 - 0x00007ffb8fd2a000 	C:\WINDOWS\System32\bcryptPrimitives.dll
0x00007ffb8fee0000 - 0x00007ffb8ff0e000 	C:\WINDOWS\System32\IMM32.DLL
0x0000000061280000 - 0x0000000061352000 	D:\java\JDK\jre\bin\msvcr100.dll
0x00000000609e0000 - 0x0000000061276000 	D:\java\JDK\jre\bin\server\jvm.dll
0x00007ffb90a40000 - 0x00007ffb90a48000 	C:\WINDOWS\System32\PSAPI.DLL
0x00007ffb82250000 - 0x00007ffb82259000 	C:\WINDOWS\SYSTEM32\WSOCK32.dll
0x00007ffb8cc40000 - 0x00007ffb8cc63000 	C:\WINDOWS\SYSTEM32\WINMM.dll
0x00007ffb83410000 - 0x00007ffb8341a000 	C:\WINDOWS\SYSTEM32\VERSION.dll
0x00007ffb90690000 - 0x00007ffb906fa000 	C:\WINDOWS\System32\WS2_32.dll
0x00007ffb8cba0000 - 0x00007ffb8cbcb000 	C:\WINDOWS\SYSTEM32\WINMMBASE.dll
0x00007ffb8f660000 - 0x00007ffb8f6a2000 	C:\WINDOWS\System32\cfgmgr32.dll
0x00000000609d0000 - 0x00000000609df000 	D:\java\JDK\jre\bin\verify.dll
0x00000000609a0000 - 0x00000000609c9000 	D:\java\JDK\jre\bin\java.dll
0x0000000060980000 - 0x0000000060996000 	D:\java\JDK\jre\bin\zip.dll
0x00007ffb91150000 - 0x00007ffb92658000 	C:\WINDOWS\System32\SHELL32.dll
0x00007ffb8ee20000 - 0x00007ffb8f4fa000 	C:\WINDOWS\System32\windows.storage.dll
0x00007ffb8ec20000 - 0x00007ffb8ec6c000 	C:\WINDOWS\System32\powrprof.dll
0x00007ffb90a50000 - 0x00007ffb90aa2000 	C:\WINDOWS\System32\shlwapi.dll
0x00007ffb8ec70000 - 0x00007ffb8ec7f000 	C:\WINDOWS\System32\kernel.appcore.dll
0x00007ffb8fbf0000 - 0x00007ffb8fc99000 	C:\WINDOWS\System32\shcore.dll
0x00007ffb8ec00000 - 0x00007ffb8ec14000 	C:\WINDOWS\System32\profapi.dll

VM Arguments:
jvm_args: -Djava.awt.headless=true -Xmx1024M -Dfile.encoding=GBK -Duser.country=CN -Duser.language=zh -Duser.variant 
java_command: com.android.dx.command.Main --dex --num-threads=4 --multi-dex --output G:\nav\Navigation\app\build\intermediates\transforms\dex\debug\folders\1000\1\debug_b5ca384f949d5ea4fc2544da028b57e3b70ec661 G:\nav\Navigation\app\build\intermediates\classes\debug
java_class_path (initial): D:\java\SDK\build-tools\25.0.3\lib\dx.jar
Launcher Type: SUN_STANDARD

Environment Variables:
JAVA_HOME=D:\java\JDK
PATH=C:\ProgramData\Oracle\Java\javapath;C:\Program Files (x86)\Tesseract-OCR;C:\Python27\Scripts\;C:\WINDOWS\system32;C:\WINDOWS;C:\WINDOWS\System32\Wbem;C:\WINDOWS\System32\WindowsPowerShell\v1.0\;C:\Program Files\Microsoft SQL Server\110\Tools\Binn\;C:\Program Files\Microsoft SQL Server\120\Tools\Binn\;C:\WINDOWS\system32\config\systemprofile\.dnx\bin;C:\Program Files\Microsoft DNX\Dnvm\;C:\Program Files (x86)\Windows Kits\10\Windows Performance Toolkit\;C:\Python27;D:\Git\bin;C:\Program Files\MATLAB\MATLAB Runtime\v90\bin;C:\Program Files\MATLAB\MATLAB Runtime\v90\runtime\win64;D:\java\JDK\bin;D:\java\JRE\bin;C:\Program Files (x86)\IDM Computer Solutions\UltraEdit;D:\java\SDK\platform-tools;C:\Users\EdwardPC\AppData\Local\Microsoft\WindowsApps;C:\Users\EdwardPC\AppData\Roaming\npm;C:\Python27;C:\Python36;C:\Program Files\SQLite Expert\Personal 4;C:\Python27\Scripts\;C:\Program Files\MATLAB\MATLAB Runtime\v90\bin\win64;C:\Program Files\MATLAB\MATLAB Runtime\v90\bin;D:\java\SDK\platform-tools
USERNAME=EdwardPC
OS=Windows_NT
PROCESSOR_IDENTIFIER=Intel64 Family 6 Model 60 Stepping 3, GenuineIntel



---------------  S Y S T E M  ---------------

OS: Windows 10.0 , 64 bit Build 14393 (10.0.14393.1198)

CPU:total 8 (4 cores per cpu, 2 threads per core) family 6 model 60 stepping 3, cmov, cx8, fxsr, mmx, sse, sse2, sse3, ssse3, sse4.1, sse4.2, popcnt, avx, avx2, aes, clmul, erms, lzcnt, ht, tsc, tscinvbit, bmi1, bmi2

Memory: 4k page, physical 8277272k(1544512k free), swap 8277272k(4260k free)

vm_info: Java HotSpot(TM) 64-Bit Server VM (25.92-b14) for windows-amd64 JRE (1.8.0_92-b14), built on Mar 31 2016 21:03:04 by "java_re" with MS VC++ 10.0 (VS2010)

time: Thu Jun 15 11:16:34 2017
elapsed time: 13 seconds (0d 0h 0m 13s)

