#
# There is insufficient memory for the Java Runtime Environment to continue.
# Native memory allocation (malloc) failed to allocate 1048576 bytes for AllocateHeap
# Possible reasons:
#   The system is out of physical RAM or swap space
#   In 32 bit mode, the process size limit was hit
# Possible solutions:
#   Reduce memory load on the system
#   Increase physical memory or swap space
#   Check if swap backing store is full
#   Use 64 bit Java on a 64 bit OS
#   Decrease Java heap size (-Xmx/-Xms)
#   Decrease number of Java threads
#   Decrease Java thread stack sizes (-Xss)
#   Set larger code cache with -XX:ReservedCodeCacheSize=
# This output file may be truncated or incomplete.
#
#  Out of Memory Error (memory/allocation.inline.hpp:61), pid=22256, tid=0x0000000000003dc4
#
# JRE version:  (8.0_92-b14) (build )
# Java VM: Java HotSpot(TM) 64-Bit Server VM (25.92-b14 mixed mode windows-amd64 compressed oops)
# Failed to write core dump. Minidumps are not enabled by default on client versions of Windows
#

---------------  T H R E A D  ---------------

Current thread (0x00000000028e0800):  JavaThread "Unknown thread" [_thread_in_vm, id=15812, stack(0x0000000002420000,0x0000000002520000)]

Stack: [0x0000000002420000,0x0000000002520000]
[error occurred during error reporting (printing stack bounds), id 0xc0000005]

Native frames: (J=compiled Java code, j=interpreted, Vv=VM code, C=native code)


---------------  P R O C E S S  ---------------

Java Threads: ( => current thread )

Other Threads:

=>0x00000000028e0800 (exited) JavaThread "Unknown thread" [_thread_in_vm, id=15812, stack(0x0000000002420000,0x0000000002520000)]

VM state:not at safepoint (normal execution)

VM Mutex/Monitor currently owned by a thread: None

Heap:
 PSYoungGen      total 38400K, used 665K [0x00000000eab00000, 0x00000000ed580000, 0x0000000100000000)
  eden space 33280K, 2% used [0x00000000eab00000,0x00000000eaba6670,0x00000000ecb80000)
  from space 5120K, 0% used [0x00000000ed080000,0x00000000ed080000,0x00000000ed580000)
  to   space 5120K, 0% used [0x00000000ecb80000,0x00000000ecb80000,0x00000000ed080000)
 ParOldGen       total 87552K, used 0K [0x00000000c0000000, 0x00000000c5580000, 0x00000000eab00000)
  object space 87552K, 0% used [0x00000000c0000000,0x00000000c0000000,0x00000000c5580000)
 Metaspace       used 769K, capacity 4480K, committed 4480K, reserved 1056768K
  class space    used 75K, capacity 384K, committed 384K, reserved 1048576K

Card table byte_map: [0x0000000011da0000,0x0000000011fb0000] byte_map_base: 0x00000000117a0000

Marking Bits: (ParMarkBitMap*) 0x00000000620664f0
 Begin Bits: [0x0000000012910000, 0x0000000013910000)
 End Bits:   [0x0000000013910000, 0x0000000014910000)

Polling page: 0x0000000002520000

CodeCache: size=245760Kb used=328Kb max_used=328Kb free=245431Kb
 bounds [0x00000000029e0000, 0x0000000002c50000, 0x00000000119e0000]
 total_blobs=58 nmethods=0 adapters=38
 compilation: enabled

Compilation events (0 events):
No events

GC Heap History (0 events):
No events

Deoptimization events (0 events):
No events

Internal exceptions (0 events):
No events

Events (10 events):
Event: 0.037 loading class java/lang/Short
Event: 0.037 loading class java/lang/Short done
Event: 0.037 loading class java/lang/Integer
Event: 0.037 loading class java/lang/Integer done
Event: 0.037 loading class java/lang/Long
Event: 0.037 loading class java/lang/Long done
Event: 0.038 loading class java/lang/NullPointerException
Event: 0.038 loading class java/lang/NullPointerException done
Event: 0.038 loading class java/lang/ArithmeticException
Event: 0.039 loading class java/lang/ArithmeticException done


Dynamic libraries:
0x00007ff7f8990000 - 0x00007ff7f89c7000 	D:\java\JDK\bin\java.exe
0x00007ffdb0980000 - 0x00007ffdb0b51000 	C:\WINDOWS\SYSTEM32\ntdll.dll
0x00007ffdae680000 - 0x00007ffdae72b000 	C:\WINDOWS\System32\KERNEL32.DLL
0x00007ffdada80000 - 0x00007ffdadc9d000 	C:\WINDOWS\System32\KERNELBASE.dll
0x00007ffdb0810000 - 0x00007ffdb08b2000 	C:\WINDOWS\System32\ADVAPI32.dll
0x00007ffdae890000 - 0x00007ffdae92e000 	C:\WINDOWS\System32\msvcrt.dll
0x00007ffdb0680000 - 0x00007ffdb06d9000 	C:\WINDOWS\System32\sechost.dll
0x00007ffdb06e0000 - 0x00007ffdb0801000 	C:\WINDOWS\System32\RPCRT4.dll
0x00007ffdae330000 - 0x00007ffdae495000 	C:\WINDOWS\System32\USER32.dll
0x00007ffdace70000 - 0x00007ffdace8e000 	C:\WINDOWS\System32\win32u.dll
0x00007ffdae4d0000 - 0x00007ffdae504000 	C:\WINDOWS\System32\GDI32.dll
0x00007ffdad8f0000 - 0x00007ffdada72000 	C:\WINDOWS\System32\gdi32full.dll
0x00007ffda1790000 - 0x00007ffda1a0a000 	C:\WINDOWS\WinSxS\amd64_microsoft.windows.common-controls_6595b64144ccf1df_6.0.14393.953_none_42151e83c686086b\COMCTL32.dll
0x00007ffdaedd0000 - 0x00007ffdaf098000 	C:\WINDOWS\System32\combase.dll
0x00007ffdad0a0000 - 0x00007ffdad195000 	C:\WINDOWS\System32\ucrtbase.dll
0x00007ffdad880000 - 0x00007ffdad8ea000 	C:\WINDOWS\System32\bcryptPrimitives.dll
0x00007ffdae4a0000 - 0x00007ffdae4ce000 	C:\WINDOWS\System32\IMM32.DLL
0x0000000061030000 - 0x0000000061102000 	D:\java\JDK\jre\bin\msvcr100.dll
0x0000000061850000 - 0x00000000620e6000 	D:\java\JDK\jre\bin\server\jvm.dll
0x00007ffdae080000 - 0x00007ffdae088000 	C:\WINDOWS\System32\PSAPI.DLL
0x00007ffda84b0000 - 0x00007ffda84b9000 	C:\WINDOWS\SYSTEM32\WSOCK32.dll
0x00007ffdaaf50000 - 0x00007ffdaaf73000 	C:\WINDOWS\SYSTEM32\WINMM.dll
0x00007ffdb0610000 - 0x00007ffdb067a000 	C:\WINDOWS\System32\WS2_32.dll
0x00007ffda0700000 - 0x00007ffda070a000 	C:\WINDOWS\SYSTEM32\VERSION.dll
0x00007ffdaaea0000 - 0x00007ffdaaecb000 	C:\WINDOWS\SYSTEM32\WINMMBASE.dll
0x00007ffdacef0000 - 0x00007ffdacf32000 	C:\WINDOWS\System32\cfgmgr32.dll
0x0000000061840000 - 0x000000006184f000 	D:\java\JDK\jre\bin\verify.dll
0x0000000061810000 - 0x0000000061839000 	D:\java\JDK\jre\bin\java.dll
0x00000000617f0000 - 0x0000000061806000 	D:\java\JDK\jre\bin\zip.dll

VM Arguments:
jvm_args: -Djava.awt.headless=true -Xmx1024M -Dfile.encoding=GBK -Duser.country=CN -Duser.language=zh -Duser.variant 
java_command: com.android.dx.command.Main --dex --num-threads=4 --output G:\nav\Navigation\app\build\intermediates\pre-dexed\debug\com.android.support-support-fragment-25.3.1_bc670e9c2ad1ced38ef5b5773aca1f17c4aad26f.jar G:\nav\Navigation\app\build\intermediates\exploded-aar\com.android.support\support-fragment\25.3.1\jars\classes.jar
java_class_path (initial): D:\java\SDK\build-tools\23.0.3\lib\dx.jar
Launcher Type: SUN_STANDARD

Environment Variables:
JAVA_HOME=D:\java\JDK
PATH=C:\Program Files (x86)\Tesseract-OCR;C:\Python27\Scripts\;C:\WINDOWS\system32;C:\WINDOWS;C:\WINDOWS\System32\Wbem;C:\WINDOWS\System32\WindowsPowerShell\v1.0\;C:\Program Files\Microsoft SQL Server\110\Tools\Binn\;C:\Program Files\Microsoft SQL Server\120\Tools\Binn\;C:\WINDOWS\system32\config\systemprofile\.dnx\bin;C:\Program Files\Microsoft DNX\Dnvm\;C:\Program Files (x86)\Windows Kits\10\Windows Performance Toolkit\;C:\Python27;D:\Git\bin;C:\Program Files\MATLAB\MATLAB Runtime\v90\bin;C:\Program Files\MATLAB\MATLAB Runtime\v90\runtime\win64;D:\java\JDK\bin;D:\java\JRE\bin;C:\Program Files (x86)\IDM Computer Solutions\UltraEdit;C:\Users\EdwardPC\AppData\Local\Microsoft\WindowsApps;C:\Users\EdwardPC\AppData\Roaming\npm;C:\Python27;C:\Python36;C:\Program Files\SQLite Expert\Personal 4;C:\Python27\Scripts\;C:\Program Files\MATLAB\MATLAB Runtime\v90\bin\win64;C:\Program Files\MATLAB\MATLAB Runtime\v90\bin
USERNAME=EdwardPC
OS=Windows_NT
PROCESSOR_IDENTIFIER=Intel64 Family 6 Model 60 Stepping 3, GenuineIntel



---------------  S Y S T E M  ---------------

OS: Windows 10.0 , 64 bit Build 14393 (10.0.14393.0)

CPU:total 8 (4 cores per cpu, 2 threads per core) family 6 model 60 stepping 3, cmov, cx8, fxsr, mmx, sse, sse2, sse3, ssse3, sse4.1, sse4.2, popcnt, avx, avx2, aes, clmul, erms, lzcnt, ht, tsc, tscinvbit, bmi1, bmi2

Memory: 4k page, physical 8277272k(1045024k free), swap 8277272k(8204k free)

vm_info: Java HotSpot(TM) 64-Bit Server VM (25.92-b14) for windows-amd64 JRE (1.8.0_92-b14), built on Mar 31 2016 21:03:04 by "java_re" with MS VC++ 10.0 (VS2010)

time: Tue May 09 12:10:11 2017
elapsed time: 0 seconds (0d 0h 0m 0s)

