#
# There is insufficient memory for the Java Runtime Environment to continue.
# Native memory allocation (malloc) failed to allocate 308240 bytes for Chunk::new
# Possible reasons:
#   The system is out of physical RAM or swap space
#   In 32 bit mode, the process size limit was hit
# Possible solutions:
#   Reduce memory load on the system
#   Increase physical memory or swap space
#   Check if swap backing store is full
#   Use 64 bit Java on a 64 bit OS
#   Decrease Java heap size (-Xmx/-Xms)
#   Decrease number of Java threads
#   Decrease Java thread stack sizes (-Xss)
#   Set larger code cache with -XX:ReservedCodeCacheSize=
# This output file may be truncated or incomplete.
#
#  Out of Memory Error (allocation.cpp:390), pid=14096, tid=0x00000000000021c8
#
# JRE version: Java(TM) SE Runtime Environment (8.0_92-b14) (build 1.8.0_92-b14)
# Java VM: Java HotSpot(TM) 64-Bit Server VM (25.92-b14 mixed mode windows-amd64 compressed oops)
# Failed to write core dump. Minidumps are not enabled by default on client versions of Windows
#

---------------  T H R E A D  ---------------

Current thread (0x0000000017ae1000):  JavaThread "C2 CompilerThread2" daemon [_thread_in_native, id=8648, stack(0x0000000018350000,0x0000000018450000)]

Stack: [0x0000000018350000,0x0000000018450000]
[error occurred during error reporting (printing stack bounds), id 0xc0000005]

Native frames: (J=compiled Java code, j=interpreted, Vv=VM code, C=native code)


Current CompileTask:
C2:   6197 1952 %     4       com.android.dx.ssa.SCCP::run @ 53 (298 bytes)


---------------  P R O C E S S  ---------------

Java Threads: ( => current thread )
  0x0000000017def800 JavaThread "pool-1-thread-4" [_thread_blocked, id=11752, stack(0x0000000019350000,0x0000000019450000)]
  0x0000000017deb000 JavaThread "pool-1-thread-3" [_thread_blocked, id=16220, stack(0x0000000019250000,0x0000000019350000)]
  0x0000000017de8800 JavaThread "pool-1-thread-2" [_thread_blocked, id=14452, stack(0x0000000019150000,0x0000000019250000)]
  0x0000000017de5000 JavaThread "pool-2-thread-1" [_thread_blocked, id=16372, stack(0x0000000019050000,0x0000000019150000)]
  0x0000000017dd6000 JavaThread "pool-1-thread-1" [_thread_in_Java, id=9676, stack(0x0000000018f50000,0x0000000019050000)]
  0x0000000017aef800 JavaThread "Service Thread" daemon [_thread_blocked, id=13204, stack(0x0000000018550000,0x0000000018650000)]
  0x0000000017ae6000 JavaThread "C1 CompilerThread3" daemon [_thread_blocked, id=10428, stack(0x0000000018450000,0x0000000018550000)]
=>0x0000000017ae1000 JavaThread "C2 CompilerThread2" daemon [_thread_in_native, id=8648, stack(0x0000000018350000,0x0000000018450000)]
  0x0000000017adc800 JavaThread "C2 CompilerThread1" daemon [_thread_blocked, id=10360, stack(0x0000000018250000,0x0000000018350000)]
  0x0000000017ada800 JavaThread "C2 CompilerThread0" daemon [_thread_in_native, id=16436, stack(0x0000000018150000,0x0000000018250000)]
  0x0000000017ad4000 JavaThread "Attach Listener" daemon [_thread_blocked, id=14332, stack(0x0000000018050000,0x0000000018150000)]
  0x0000000017ad3000 JavaThread "Signal Dispatcher" daemon [_thread_blocked, id=17340, stack(0x0000000017f50000,0x0000000018050000)]
  0x0000000015b4d800 JavaThread "Finalizer" daemon [_thread_blocked, id=9640, stack(0x0000000017e50000,0x0000000017f50000)]
  0x0000000015b4c800 JavaThread "Reference Handler" daemon [_thread_blocked, id=3480, stack(0x0000000017950000,0x0000000017a50000)]
  0x0000000002f30800 JavaThread "main" [_thread_blocked, id=10592, stack(0x0000000002d00000,0x0000000002e00000)]

Other Threads:
  0x0000000015b49000 VMThread [stack: 0x0000000017850000,0x0000000017950000] [id=15788]
  0x0000000017af4000 WatcherThread [stack: 0x0000000018650000,0x0000000018750000] [id=10736]

VM state:not at safepoint (normal execution)

VM Mutex/Monitor currently owned by a thread: None

Heap:
 PSYoungGen      total 71680K, used 26299K [0x00000000eab00000, 0x00000000ef600000, 0x0000000100000000)
  eden space 66560K, 31% used [0x00000000eab00000,0x00000000ebfb2590,0x00000000eec00000)
  from space 5120K, 99% used [0x00000000eec00000,0x00000000ef0fc768,0x00000000ef100000)
  to   space 5120K, 0% used [0x00000000ef100000,0x00000000ef100000,0x00000000ef600000)
 ParOldGen       total 87552K, used 14298K [0x00000000c0000000, 0x00000000c5580000, 0x00000000eab00000)
  object space 87552K, 16% used [0x00000000c0000000,0x00000000c0df6be0,0x00000000c5580000)
 Metaspace       used 6327K, capacity 7156K, committed 7296K, reserved 1056768K
  class space    used 603K, capacity 620K, committed 640K, reserved 1048576K

Card table byte_map: [0x00000000123f0000,0x0000000012600000] byte_map_base: 0x0000000011df0000

Marking Bits: (ParMarkBitMap*) 0x00000000586e64f0
 Begin Bits: [0x0000000012f60000, 0x0000000013f60000)
 End Bits:   [0x0000000013f60000, 0x0000000014f60000)

Polling page: 0x0000000000eb0000

CodeCache: size=245760Kb used=8296Kb max_used=8312Kb free=237463Kb
 bounds [0x0000000003030000, 0x0000000003860000, 0x0000000012030000]
 total_blobs=2157 nmethods=1886 adapters=183
 compilation: enabled

Compilation events (10 events):
Event: 6.023 Thread 0x0000000017adc800 1953       4       com.android.dx.ssa.back.IdenticalBlockCombiner::combineBlocks (102 bytes)
Event: 6.066 Thread 0x0000000017ae6000 1957       1       com.android.dx.cf.direct.DirectClassFile$DcfTypeList::isMutable (2 bytes)
Event: 6.066 Thread 0x0000000017ae6000 nmethod 1957 0x00000000037a1710 code [0x00000000037a1860, 0x00000000037a1970]
Event: 6.127 Thread 0x0000000017adc800 nmethod 1953 0x0000000003851190 code [0x00000000038513e0, 0x0000000003853cf8]
Event: 6.127 Thread 0x0000000017adc800 1954       4       com.android.dx.cf.code.Ropper::addOrReplaceBlock (66 bytes)
Event: 6.147 Thread 0x0000000017adc800 nmethod 1954 0x00000000037e3a10 code [0x00000000037e3ba0, 0x00000000037e44b8]
Event: 6.147 Thread 0x0000000017adc800 1955       4       com.android.dx.cf.code.ByteBlockList::labelToBlock (46 bytes)
Event: 6.150 Thread 0x0000000017adc800 nmethod 1955 0x00000000037e34d0 code [0x00000000037e3620, 0x00000000037e3778]
Event: 6.150 Thread 0x0000000017adc800 1956       4       com.android.dx.ssa.back.FirstFitLocalCombiningAllocator::addMapping (76 bytes)
Event: 6.192 Thread 0x0000000017adc800 nmethod 1956 0x000000000382d290 code [0x000000000382d480, 0x000000000382e6c8]

GC Heap History (6 events):
Event: 1.426 GC heap before
{Heap before GC invocations=1 (full 0):
 PSYoungGen      total 38400K, used 33280K [0x00000000eab00000, 0x00000000ed580000, 0x0000000100000000)
  eden space 33280K, 100% used [0x00000000eab00000,0x00000000ecb80000,0x00000000ecb80000)
  from space 5120K, 0% used [0x00000000ed080000,0x00000000ed080000,0x00000000ed580000)
  to   space 5120K, 0% used [0x00000000ecb80000,0x00000000ecb80000,0x00000000ed080000)
 ParOldGen       total 87552K, used 0K [0x00000000c0000000, 0x00000000c5580000, 0x00000000eab00000)
  object space 87552K, 0% used [0x00000000c0000000,0x00000000c0000000,0x00000000c5580000)
 Metaspace       used 5954K, capacity 6836K, committed 7040K, reserved 1056768K
  class space    used 595K, capacity 620K, committed 640K, reserved 1048576K
Event: 1.446 GC heap after
Heap after GC invocations=1 (full 0):
 PSYoungGen      total 38400K, used 5100K [0x00000000eab00000, 0x00000000ef600000, 0x0000000100000000)
  eden space 33280K, 0% used [0x00000000eab00000,0x00000000eab00000,0x00000000ecb80000)
  from space 5120K, 99% used [0x00000000ecb80000,0x00000000ed07b2b8,0x00000000ed080000)
  to   space 5120K, 0% used [0x00000000ef100000,0x00000000ef100000,0x00000000ef600000)
 ParOldGen       total 87552K, used 1294K [0x00000000c0000000, 0x00000000c5580000, 0x00000000eab00000)
  object space 87552K, 1% used [0x00000000c0000000,0x00000000c01439e8,0x00000000c5580000)
 Metaspace       used 5954K, capacity 6836K, committed 7040K, reserved 1056768K
  class space    used 595K, capacity 620K, committed 640K, reserved 1048576K
}
Event: 1.986 GC heap before
{Heap before GC invocations=2 (full 0):
 PSYoungGen      total 38400K, used 38380K [0x00000000eab00000, 0x00000000ef600000, 0x0000000100000000)
  eden space 33280K, 100% used [0x00000000eab00000,0x00000000ecb80000,0x00000000ecb80000)
  from space 5120K, 99% used [0x00000000ecb80000,0x00000000ed07b2b8,0x00000000ed080000)
  to   space 5120K, 0% used [0x00000000ef100000,0x00000000ef100000,0x00000000ef600000)
 ParOldGen       total 87552K, used 1294K [0x00000000c0000000, 0x00000000c5580000, 0x00000000eab00000)
  object space 87552K, 1% used [0x00000000c0000000,0x00000000c01439e8,0x00000000c5580000)
 Metaspace       used 6090K, capacity 6964K, committed 7040K, reserved 1056768K
  class space    used 598K, capacity 620K, committed 640K, reserved 1048576K
Event: 2.113 GC heap after
Heap after GC invocations=2 (full 0):
 PSYoungGen      total 71680K, used 5106K [0x00000000eab00000, 0x00000000ef600000, 0x0000000100000000)
  eden space 66560K, 0% used [0x00000000eab00000,0x00000000eab00000,0x00000000eec00000)
  from space 5120K, 99% used [0x00000000ef100000,0x00000000ef5fcab8,0x00000000ef600000)
  to   space 5120K, 0% used [0x00000000eec00000,0x00000000eec00000,0x00000000ef100000)
 ParOldGen       total 87552K, used 5386K [0x00000000c0000000, 0x00000000c5580000, 0x00000000eab00000)
  object space 87552K, 6% used [0x00000000c0000000,0x00000000c0542b88,0x00000000c5580000)
 Metaspace       used 6090K, capacity 6964K, committed 7040K, reserved 1056768K
  class space    used 598K, capacity 620K, committed 640K, reserved 1048576K
}
Event: 4.211 GC heap before
{Heap before GC invocations=3 (full 0):
 PSYoungGen      total 71680K, used 71666K [0x00000000eab00000, 0x00000000ef600000, 0x0000000100000000)
  eden space 66560K, 100% used [0x00000000eab00000,0x00000000eec00000,0x00000000eec00000)
  from space 5120K, 99% used [0x00000000ef100000,0x00000000ef5fcab8,0x00000000ef600000)
  to   space 5120K, 0% used [0x00000000eec00000,0x00000000eec00000,0x00000000ef100000)
 ParOldGen       total 87552K, used 5386K [0x00000000c0000000, 0x00000000c5580000, 0x00000000eab00000)
  object space 87552K, 6% used [0x00000000c0000000,0x00000000c0542b88,0x00000000c5580000)
 Metaspace       used 6314K, capacity 7156K, committed 7296K, reserved 1056768K
  class space    used 603K, capacity 620K, committed 640K, reserved 1048576K
Event: 4.458 GC heap after
Heap after GC invocations=3 (full 0):
 PSYoungGen      total 71680K, used 5105K [0x00000000eab00000, 0x00000000ef600000, 0x0000000100000000)
  eden space 66560K, 0% used [0x00000000eab00000,0x00000000eab00000,0x00000000eec00000)
  from space 5120K, 99% used [0x00000000eec00000,0x00000000ef0fc768,0x00000000ef100000)
  to   space 5120K, 0% used [0x00000000ef100000,0x00000000ef100000,0x00000000ef600000)
 ParOldGen       total 87552K, used 14298K [0x00000000c0000000, 0x00000000c5580000, 0x00000000eab00000)
  object space 87552K, 16% used [0x00000000c0000000,0x00000000c0df6be0,0x00000000c5580000)
 Metaspace       used 6314K, capacity 7156K, committed 7296K, reserved 1056768K
  class space    used 603K, capacity 620K, committed 640K, reserved 1048576K
}

Deoptimization events (10 events):
Event: 3.738 Thread 0x0000000017de8800 Uncommon trap: reason=bimorphic action=maybe_recompile pc=0x00000000036df2f8 method=com.android.dx.cf.code.BytecodeArray.parseInstruction(ILcom/android/dx/cf/code/BytecodeArray$Visitor;)I @ 2484
Event: 3.887 Thread 0x0000000017de8800 Uncommon trap: reason=bimorphic action=maybe_recompile pc=0x00000000036df2f8 method=com.android.dx.cf.code.BytecodeArray.parseInstruction(ILcom/android/dx/cf/code/BytecodeArray$Visitor;)I @ 2484
Event: 4.202 Thread 0x0000000017dd6000 Uncommon trap: reason=class_check action=maybe_recompile pc=0x00000000033a63c4 method=java.util.HashMap.putVal(ILjava/lang/Object;Ljava/lang/Object;ZZ)Ljava/lang/Object; @ 203
Event: 4.208 Thread 0x0000000017dd6000 Uncommon trap: reason=class_check action=maybe_recompile pc=0x00000000033a63c4 method=java.util.HashMap.putVal(ILjava/lang/Object;Ljava/lang/Object;ZZ)Ljava/lang/Object; @ 203
Event: 4.208 Thread 0x0000000017dd6000 Uncommon trap: reason=class_check action=maybe_recompile pc=0x00000000033a63c4 method=java.util.HashMap.putVal(ILjava/lang/Object;Ljava/lang/Object;ZZ)Ljava/lang/Object; @ 203
Event: 5.086 Thread 0x0000000017dd6000 Uncommon trap: reason=unstable_if action=reinterpret pc=0x0000000003525b38 method=com.android.dx.util.BitIntSet.has(I)Z @ 8
Event: 5.086 Thread 0x0000000017dd6000 Uncommon trap: reason=unstable_if action=reinterpret pc=0x00000000033c6b58 method=com.android.dx.util.BitIntSet.has(I)Z @ 8
Event: 5.092 Thread 0x0000000017dd6000 Uncommon trap: reason=bimorphic action=maybe_recompile pc=0x00000000037bf0d8 method=com.android.dx.cf.code.BytecodeArray.parseInstruction(ILcom/android/dx/cf/code/BytecodeArray$Visitor;)I @ 1357
Event: 5.092 Thread 0x0000000017dd6000 Uncommon trap: reason=bimorphic action=maybe_recompile pc=0x00000000037bf0d8 method=com.android.dx.cf.code.BytecodeArray.parseInstruction(ILcom/android/dx/cf/code/BytecodeArray$Visitor;)I @ 1357
Event: 5.837 Thread 0x0000000017dd6000 Uncommon trap: reason=bimorphic action=maybe_recompile pc=0x000000000370a6c0 method=com.android.dx.cf.code.RopperMachine.run(Lcom/android/dx/cf/code/Frame;II)V @ 988

Internal exceptions (2 events):
Event: 0.163 Thread 0x0000000002f30800 Exception <a 'java/lang/NoSuchMethodError': Method sun.misc.Unsafe.defineClass(Ljava/lang/String;[BII)Ljava/lang/Class; name or signature does not match> (0x00000000eab07cc0) thrown at [D:\re\workspace\8-2-build-windows-amd64-cygwin\jdk8u92\6642\hotspot\srk^ø¦ãÄ?
Event: 0.163 Thread 0x0000000002f30800 Exception <a 'java/lang/NoSuchMethodError': Method sun.misc.Unsafe.prefetchRead(Ljava/lang/Object;J)V name or signature does not match> (0x00000000eab07fa8) thrown at [D:\re\workspace\8-2-build-windows-amd64-cygwin\jdk8u92\6642\hotspot\src\share\vm\prims\j

Events (10 events):
Event: 5.092 Thread 0x0000000017dd6000 DEOPT UNPACKING pc=0x000000000307582a sp=0x000000001904ea80 mode 2
Event: 5.092 Thread 0x0000000017dd6000 DEOPT PACKING pc=0x00000000035cdef7 sp=0x000000001904eb70
Event: 5.093 Thread 0x0000000017dd6000 DEOPT UNPACKING pc=0x000000000307787f sp=0x000000001904e8a0 mode 0
Event: 5.093 Thread 0x0000000017dd6000 DEOPT PACKING pc=0x00000000034468a5 sp=0x000000001904e8c0
Event: 5.093 Thread 0x0000000017dd6000 DEOPT UNPACKING pc=0x000000000307787f sp=0x000000001904e700 mode 0
Event: 5.247 Thread 0x0000000017deb000 DEOPT PACKING pc=0x00000000034b2ce8 sp=0x000000001934ebf0
Event: 5.247 Thread 0x0000000017deb000 DEOPT UNPACKING pc=0x000000000307787f sp=0x000000001934ea20 mode 0
Event: 5.837 Thread 0x0000000017dd6000 Uncommon trap: trap_request=0xffffffc6 fr.pc=0x000000000370a6c0
Event: 5.837 Thread 0x0000000017dd6000 DEOPT PACKING pc=0x000000000370a6c0 sp=0x000000001904ea70
Event: 5.837 Thread 0x0000000017dd6000 DEOPT UNPACKING pc=0x000000000307582a sp=0x000000001904ea28 mode 2


Dynamic libraries:
0x00007ff622aa0000 - 0x00007ff622ad7000 	D:\java\JDK\bin\java.exe
0x00007ff8e03c0000 - 0x00007ff8e0591000 	C:\WINDOWS\SYSTEM32\ntdll.dll
0x00007ff8ddf20000 - 0x00007ff8ddfcb000 	C:\WINDOWS\System32\KERNEL32.DLL
0x00007ff8dd1b0000 - 0x00007ff8dd3cd000 	C:\WINDOWS\System32\KERNELBASE.dll
0x00007ff8e0210000 - 0x00007ff8e02b2000 	C:\WINDOWS\System32\ADVAPI32.dll
0x00007ff8e0120000 - 0x00007ff8e01be000 	C:\WINDOWS\System32\msvcrt.dll
0x00007ff8ddfd0000 - 0x00007ff8de029000 	C:\WINDOWS\System32\sechost.dll
0x00007ff8de3b0000 - 0x00007ff8de4d1000 	C:\WINDOWS\System32\RPCRT4.dll
0x00007ff8de240000 - 0x00007ff8de3a5000 	C:\WINDOWS\System32\USER32.dll
0x00007ff8dd090000 - 0x00007ff8dd0ae000 	C:\WINDOWS\System32\win32u.dll
0x00007ff8e01c0000 - 0x00007ff8e01f4000 	C:\WINDOWS\System32\GDI32.dll
0x00007ff8dd710000 - 0x00007ff8dd892000 	C:\WINDOWS\System32\gdi32full.dll
0x00007ff8cb9d0000 - 0x00007ff8cbc4a000 	C:\WINDOWS\WinSxS\amd64_microsoft.windows.common-controls_6595b64144ccf1df_6.0.14393.953_none_42151e83c686086b\COMCTL32.dll
0x00007ff8dd950000 - 0x00007ff8ddc18000 	C:\WINDOWS\System32\combase.dll
0x00007ff8dd0b0000 - 0x00007ff8dd1a5000 	C:\WINDOWS\System32\ucrtbase.dll
0x00007ff8dd600000 - 0x00007ff8dd66a000 	C:\WINDOWS\System32\bcryptPrimitives.dll
0x00007ff8de9d0000 - 0x00007ff8de9fe000 	C:\WINDOWS\System32\IMM32.DLL
0x0000000057dc0000 - 0x0000000057e92000 	D:\java\JDK\jre\bin\msvcr100.dll
0x0000000057ed0000 - 0x0000000058766000 	D:\java\JDK\jre\bin\server\jvm.dll
0x00007ff8de590000 - 0x00007ff8de598000 	C:\WINDOWS\System32\PSAPI.DLL
0x00007ff8d6e20000 - 0x00007ff8d6e29000 	C:\WINDOWS\SYSTEM32\WSOCK32.dll
0x00007ff8dea60000 - 0x00007ff8deaca000 	C:\WINDOWS\System32\WS2_32.dll
0x00007ff8dab00000 - 0x00007ff8dab23000 	C:\WINDOWS\SYSTEM32\WINMM.dll
0x00007ff8d9de0000 - 0x00007ff8d9dea000 	C:\WINDOWS\SYSTEM32\VERSION.dll
0x00007ff8da400000 - 0x00007ff8da42b000 	C:\WINDOWS\SYSTEM32\WINMMBASE.dll
0x00007ff8dcf90000 - 0x00007ff8dcfd2000 	C:\WINDOWS\System32\cfgmgr32.dll
0x0000000058de0000 - 0x0000000058def000 	D:\java\JDK\jre\bin\verify.dll
0x0000000058db0000 - 0x0000000058dd9000 	D:\java\JDK\jre\bin\java.dll
0x0000000058d90000 - 0x0000000058da6000 	D:\java\JDK\jre\bin\zip.dll
0x00007ff8debf0000 - 0x00007ff8e00f9000 	C:\WINDOWS\System32\SHELL32.dll
0x00007ff8dc8b0000 - 0x00007ff8dcf8a000 	C:\WINDOWS\System32\windows.storage.dll
0x00007ff8dc860000 - 0x00007ff8dc8ac000 	C:\WINDOWS\System32\powrprof.dll
0x00007ff8dead0000 - 0x00007ff8deb22000 	C:\WINDOWS\System32\shlwapi.dll
0x00007ff8dc850000 - 0x00007ff8dc85f000 	C:\WINDOWS\System32\kernel.appcore.dll
0x00007ff8dcfe0000 - 0x00007ff8dd089000 	C:\WINDOWS\System32\shcore.dll
0x00007ff8dc820000 - 0x00007ff8dc834000 	C:\WINDOWS\System32\profapi.dll

VM Arguments:
jvm_args: -Djava.awt.headless=true -Xmx1024M -Dfile.encoding=GBK -Duser.country=CN -Duser.language=zh -Duser.variant 
java_command: com.android.dx.command.Main --dex --num-threads=4 --output G:\nav\Navigation\app\build\intermediates\pre-dexed\debug\AMap_Search_V3.4.0_20160811_b3d629faecdf378e2ef75c950726127627f98557.jar G:\nav\Navigation\app\libs\AMap_Search_V3.4.0_20160811.jar
java_class_path (initial): D:\java\SDK\build-tools\23.0.3\lib\dx.jar
Launcher Type: SUN_STANDARD

Environment Variables:
JAVA_HOME=D:\java\JDK
PATH=C:\Program Files (x86)\Tesseract-OCR;C:\Python27\Scripts\;C:\WINDOWS\system32;C:\WINDOWS;C:\WINDOWS\System32\Wbem;C:\WINDOWS\System32\WindowsPowerShell\v1.0\;C:\Program Files\Microsoft SQL Server\110\Tools\Binn\;C:\Program Files\Microsoft SQL Server\120\Tools\Binn\;C:\WINDOWS\system32\config\systemprofile\.dnx\bin;C:\Program Files\Microsoft DNX\Dnvm\;C:\Program Files (x86)\Windows Kits\10\Windows Performance Toolkit\;C:\Python27;D:\Git\bin;C:\Program Files\MATLAB\MATLAB Runtime\v90\bin;C:\Program Files\MATLAB\MATLAB Runtime\v90\runtime\win64;D:\java\JDK\bin;D:\java\JRE\bin;C:\Program Files (x86)\IDM Computer Solutions\UltraEdit;C:\Users\EdwardPC\AppData\Local\Microsoft\WindowsApps;C:\Users\EdwardPC\AppData\Roaming\npm;C:\Python27;C:\Python36;C:\Program Files\SQLite Expert\Personal 4;C:\Python27\Scripts\;C:\Program Files\MATLAB\MATLAB Runtime\v90\bin\win64;C:\Program Files\MATLAB\MATLAB Runtime\v90\bin
USERNAME=EdwardPC
OS=Windows_NT
PROCESSOR_IDENTIFIER=Intel64 Family 6 Model 60 Stepping 3, GenuineIntel



---------------  S Y S T E M  ---------------

OS: Windows 10.0 , 64 bit Build 14393 (10.0.14393.0)

CPU:total 8 (4 cores per cpu, 2 threads per core) family 6 model 60 stepping 3, cmov, cx8, fxsr, mmx, sse, sse2, sse3, ssse3, sse4.1, sse4.2, popcnt, avx, avx2, aes, clmul, erms, lzcnt, ht, tsc, tscinvbit, bmi1, bmi2

Memory: 4k page, physical 8277272k(1136128k free), swap 8277272k(5332k free)

vm_info: Java HotSpot(TM) 64-Bit Server VM (25.92-b14) for windows-amd64 JRE (1.8.0_92-b14), built on Mar 31 2016 21:03:04 by "java_re" with MS VC++ 10.0 (VS2010)

time: Wed May 10 19:50:40 2017
elapsed time: 6 seconds (0d 0h 0m 6s)

