#
# There is insufficient memory for the Java Runtime Environment to continue.
# Native memory allocation (malloc) failed to allocate 1048576 bytes for AllocateHeap
# Possible reasons:
#   The system is out of physical RAM or swap space
#   In 32 bit mode, the process size limit was hit
# Possible solutions:
#   Reduce memory load on the system
#   Increase physical memory or swap space
#   Check if swap backing store is full
#   Use 64 bit Java on a 64 bit OS
#   Decrease Java heap size (-Xmx/-Xms)
#   Decrease number of Java threads
#   Decrease Java thread stack sizes (-Xss)
#   Set larger code cache with -XX:ReservedCodeCacheSize=
# This output file may be truncated or incomplete.
#
#  Out of Memory Error (memory/allocation.inline.hpp:61), pid=3276, tid=0x0000000000003c4c
#
# JRE version:  (8.0_92-b14) (build )
# Java VM: Java HotSpot(TM) 64-Bit Server VM (25.92-b14 mixed mode windows-amd64 compressed oops)
# Failed to write core dump. Minidumps are not enabled by default on client versions of Windows
#

---------------  T H R E A D  ---------------

Current thread (0x00000000020fd800):  JavaThread "Unknown thread" [_thread_in_vm, id=15436, stack(0x0000000002530000,0x0000000002630000)]

Stack: [0x0000000002530000,0x0000000002630000]
[error occurred during error reporting (printing stack bounds), id 0xc0000005]

Native frames: (J=compiled Java code, j=interpreted, Vv=VM code, C=native code)


---------------  P R O C E S S  ---------------

Java Threads: ( => current thread )

Other Threads:

=>0x00000000020fd800 (exited) JavaThread "Unknown thread" [_thread_in_vm, id=15436, stack(0x0000000002530000,0x0000000002630000)]

VM state:not at safepoint (normal execution)

VM Mutex/Monitor currently owned by a thread: None

Heap:
 PSYoungGen      total 38400K, used 665K [0x00000000eab00000, 0x00000000ed580000, 0x0000000100000000)
  eden space 33280K, 2% used [0x00000000eab00000,0x00000000eaba6670,0x00000000ecb80000)
  from space 5120K, 0% used [0x00000000ed080000,0x00000000ed080000,0x00000000ed580000)
  to   space 5120K, 0% used [0x00000000ecb80000,0x00000000ecb80000,0x00000000ed080000)
 ParOldGen       total 87552K, used 0K [0x00000000c0000000, 0x00000000c5580000, 0x00000000eab00000)
  object space 87552K, 0% used [0x00000000c0000000,0x00000000c0000000,0x00000000c5580000)
 Metaspace       used 769K, capacity 4480K, committed 4480K, reserved 1056768K
  class space    used 75K, capacity 384K, committed 384K, reserved 1048576K

Card table byte_map: [0x0000000011af0000,0x0000000011d00000] byte_map_base: 0x00000000114f0000

Marking Bits: (ParMarkBitMap*) 0x00000000664964f0
 Begin Bits: [0x0000000012660000, 0x0000000013660000)
 End Bits:   [0x0000000013660000, 0x0000000014660000)

Polling page: 0x0000000000570000

CodeCache: size=245760Kb used=328Kb max_used=328Kb free=245431Kb
 bounds [0x0000000002730000, 0x00000000029a0000, 0x0000000011730000]
 total_blobs=58 nmethods=0 adapters=38
 compilation: enabled

Compilation events (0 events):
No events

GC Heap History (0 events):
No events

Deoptimization events (0 events):
No events

Internal exceptions (0 events):
No events

Events (10 events):
Event: 0.031 loading class java/lang/Short
Event: 0.031 loading class java/lang/Short done
Event: 0.031 loading class java/lang/Integer
Event: 0.032 loading class java/lang/Integer done
Event: 0.032 loading class java/lang/Long
Event: 0.032 loading class java/lang/Long done
Event: 0.032 loading class java/lang/NullPointerException
Event: 0.033 loading class java/lang/NullPointerException done
Event: 0.033 loading class java/lang/ArithmeticException
Event: 0.033 loading class java/lang/ArithmeticException done


Dynamic libraries:
0x00007ff601770000 - 0x00007ff6017a7000 	D:\java\JDK\bin\java.exe
0x00007ffcf0ea0000 - 0x00007ffcf1071000 	C:\WINDOWS\SYSTEM32\ntdll.dll
0x00007ffcee990000 - 0x00007ffceea3b000 	C:\WINDOWS\System32\KERNEL32.DLL
0x00007ffced5a0000 - 0x00007ffced7bd000 	C:\WINDOWS\System32\KERNELBASE.dll
0x00007ffcef4d0000 - 0x00007ffcef572000 	C:\WINDOWS\System32\ADVAPI32.dll
0x00007ffcee780000 - 0x00007ffcee81e000 	C:\WINDOWS\System32\msvcrt.dll
0x00007ffcef470000 - 0x00007ffcef4c9000 	C:\WINDOWS\System32\sechost.dll
0x00007ffceed90000 - 0x00007ffceeeb1000 	C:\WINDOWS\System32\RPCRT4.dll
0x00007ffcee820000 - 0x00007ffcee985000 	C:\WINDOWS\System32\USER32.dll
0x00007ffcedd30000 - 0x00007ffcedd4e000 	C:\WINDOWS\System32\win32u.dll
0x00007ffcef000000 - 0x00007ffcef034000 	C:\WINDOWS\System32\GDI32.dll
0x00007ffced830000 - 0x00007ffced9b2000 	C:\WINDOWS\System32\gdi32full.dll
0x00007ffce8cc0000 - 0x00007ffce8f39000 	C:\WINDOWS\WinSxS\amd64_microsoft.windows.common-controls_6595b64144ccf1df_6.0.14393.447_none_42191651c6827bb3\COMCTL32.dll
0x00007ffcef680000 - 0x00007ffcef948000 	C:\WINDOWS\System32\combase.dll
0x00007ffced9c0000 - 0x00007ffcedab5000 	C:\WINDOWS\System32\ucrtbase.dll
0x00007ffced7c0000 - 0x00007ffced82a000 	C:\WINDOWS\System32\bcryptPrimitives.dll
0x00007ffcf0e70000 - 0x00007ffcf0e9e000 	C:\WINDOWS\System32\IMM32.DLL
0x00000000651d0000 - 0x00000000652a2000 	D:\java\JDK\jre\bin\msvcr100.dll
0x0000000065c80000 - 0x0000000066516000 	D:\java\JDK\jre\bin\server\jvm.dll
0x00007ffceed20000 - 0x00007ffceed28000 	C:\WINDOWS\System32\PSAPI.DLL
0x00007ffce19d0000 - 0x00007ffce19d9000 	C:\WINDOWS\SYSTEM32\WSOCK32.dll
0x00007ffceb3d0000 - 0x00007ffceb3f3000 	C:\WINDOWS\SYSTEM32\WINMM.dll
0x00007ffcee5d0000 - 0x00007ffcee63a000 	C:\WINDOWS\System32\WS2_32.dll
0x00007ffce9ab0000 - 0x00007ffce9aba000 	C:\WINDOWS\SYSTEM32\VERSION.dll
0x00007ffceb180000 - 0x00007ffceb1ab000 	C:\WINDOWS\SYSTEM32\WINMMBASE.dll
0x00007ffced390000 - 0x00007ffced3d2000 	C:\WINDOWS\System32\cfgmgr32.dll
0x0000000065c70000 - 0x0000000065c7f000 	D:\java\JDK\jre\bin\verify.dll
0x0000000065c40000 - 0x0000000065c69000 	D:\java\JDK\jre\bin\java.dll
0x0000000065c20000 - 0x0000000065c36000 	D:\java\JDK\jre\bin\zip.dll

VM Arguments:
jvm_args: -Djava.awt.headless=true -Xmx1024M -Dfile.encoding=GBK -Duser.country=CN -Duser.language=zh -Duser.variant 
java_command: com.android.dx.command.Main --dex --num-threads=4 --output G:\nav\Navigation\app\build\intermediates\pre-dexed\debug\com.android.support-support-vector-drawable-24.1.1_e6e46b6128a798d95561e02fe066afe4bdd20395.jar G:\nav\Navigation\app\build\intermediates\exploded-aar\com.android.support\support-vector-drawable\24.1.1\jars\classes.jar
java_class_path (initial): D:\java\SDK\build-tools\23.0.3\lib\dx.jar
Launcher Type: SUN_STANDARD

Environment Variables:
JAVA_HOME=D:\java\JDK
PATH=C:\Python34\;C:\Python34\Scripts;D:\perl\site\bin;D:\perl\bin;C:\ProgramData\Oracle\Java\javapath;C:\Program Files (x86)\NVIDIA Corporation\PhysX\Common;C:\Program Files (x86)\Intel\iCLS Client\;C:\Program Files\Intel\iCLS Client\;C:\Windows\system32;C:\Windows;C:\Windows\System32\Wbem;C:\Windows\System32\WindowsPowerShell\v1.0\;C:\Program Files (x86)\Acer\abFiles\;C:\Program Files\Intel\Intel(R) Management Engine Components\DAL;C:\Program Files\Intel\Intel(R) Management Engine Components\IPT;C:\Program Files (x86)\Intel\Intel(R) Management Engine Components\DAL;C:\Program Files (x86)\Intel\Intel(R) Management Engine Components\IPT;D:\java\JDK\bin;C:\WINDOWS\system32;C:\WINDOWS;C:\WINDOWS\System32\Wbem;C:\WINDOWS\System32\WindowsPowerShell\v1.0\;C:\WINDOWS\system32\config\systemprofile\.dnx\bin;C:\Program Files\Microsoft DNX\Dnvm\;C:\Program Files\Microsoft SQL Server\120\Tools\Binn\;C:\Program Files\Microsoft SQL Server\130\Tools\Binn\;C:\Program Files (x86)\nodejs\;C:\Program Files (x86)\Windows Kits\10\Windows Performance Toolkit\;D:\Git\cmd;D:\matlab2\runtime\win64;D:\matlab2\bin;D:\matlab\runtime\win64;D:\matlab\bin;D:\matlab\polyspace\bin;C:\Python27;C:\Program Files\MySQL\MySQL Utilities 1.6\;C:\Program Files\MySQL\MySQL Server 5.7\bin;C:\Users\EdwardPC\AppData\Local\Microsoft\WindowsApps;C:\Users\EdwardPC\AppData\Roaming\npm;C:\Python27
USERNAME=EdwardPC
OS=Windows_NT
PROCESSOR_IDENTIFIER=Intel64 Family 6 Model 60 Stepping 3, GenuineIntel



---------------  S Y S T E M  ---------------

OS: Windows 10.0 , 64 bit Build 14393 (10.0.14393.0)

CPU:total 8 (4 cores per cpu, 2 threads per core) family 6 model 60 stepping 3, cmov, cx8, fxsr, mmx, sse, sse2, sse3, ssse3, sse4.1, sse4.2, popcnt, avx, avx2, aes, clmul, erms, lzcnt, ht, tsc, tscinvbit, bmi1, bmi2

Memory: 4k page, physical 8277272k(682456k free), swap 8277272k(105184k free)

vm_info: Java HotSpot(TM) 64-Bit Server VM (25.92-b14) for windows-amd64 JRE (1.8.0_92-b14), built on Mar 31 2016 21:03:04 by "java_re" with MS VC++ 10.0 (VS2010)

time: Thu Dec 15 22:30:35 2016
elapsed time: 0 seconds (0d 0h 0m 0s)

