#
# There is insufficient memory for the Java Runtime Environment to continue.
# Native memory allocation (malloc) failed to allocate 22536 bytes for AllocateHeap
# Possible reasons:
#   The system is out of physical RAM or swap space
#   In 32 bit mode, the process size limit was hit
# Possible solutions:
#   Reduce memory load on the system
#   Increase physical memory or swap space
#   Check if swap backing store is full
#   Use 64 bit Java on a 64 bit OS
#   Decrease Java heap size (-Xmx/-Xms)
#   Decrease number of Java threads
#   Decrease Java thread stack sizes (-Xss)
#   Set larger code cache with -XX:ReservedCodeCacheSize=
# This output file may be truncated or incomplete.
#
#  Out of Memory Error (memory/allocation.inline.hpp:61), pid=11720, tid=0x0000000000000100
#
# JRE version:  (8.0_92-b14) (build )
# Java VM: Java HotSpot(TM) 64-Bit Server VM (25.92-b14 mixed mode windows-amd64 compressed oops)
# Failed to write core dump. Minidumps are not enabled by default on client versions of Windows
#

---------------  T H R E A D  ---------------

Current thread (0x0000000002f14000):  JavaThread "Reference Handler" daemon [_thread_in_vm, id=256, stack(0x0000000017800000,0x0000000017900000)]

Stack: [0x0000000017800000,0x0000000017900000]
[error occurred during error reporting (printing stack bounds), id 0xc0000005]

Native frames: (J=compiled Java code, j=interpreted, Vv=VM code, C=native code)

Java frames: (J=compiled Java code, j=interpreted, Vv=VM code)
j  java.lang.ref.Reference$ReferenceHandler.run()V+1
v  ~StubRoutines::call_stub

---------------  P R O C E S S  ---------------

Java Threads: ( => current thread )
=>0x0000000002f14000 JavaThread "Reference Handler" daemon [_thread_in_vm, id=256, stack(0x0000000017800000,0x0000000017900000)]
  0x0000000002e20800 JavaThread "main" [_thread_in_native, id=13544, stack(0x0000000002c40000,0x0000000002d40000)]

Other Threads:
  0x0000000015a3a000 VMThread [stack: 0x0000000017700000,0x0000000017800000] [id=9072]

VM state:not at safepoint (normal execution)

VM Mutex/Monitor currently owned by a thread: None

Heap:
 PSYoungGen      total 38400K, used 665K [0x00000000eab00000, 0x00000000ed580000, 0x0000000100000000)
  eden space 33280K, 2% used [0x00000000eab00000,0x00000000eaba6670,0x00000000ecb80000)
  from space 5120K, 0% used [0x00000000ed080000,0x00000000ed080000,0x00000000ed580000)
  to   space 5120K, 0% used [0x00000000ecb80000,0x00000000ecb80000,0x00000000ed080000)
 ParOldGen       total 87552K, used 0K [0x00000000c0000000, 0x00000000c5580000, 0x00000000eab00000)
  object space 87552K, 0% used [0x00000000c0000000,0x00000000c0000000,0x00000000c5580000)
 Metaspace       used 1007K, capacity 4480K, committed 4480K, reserved 1056768K
  class space    used 108K, capacity 384K, committed 384K, reserved 1048576K

Card table byte_map: [0x00000000122e0000,0x00000000124f0000] byte_map_base: 0x0000000011ce0000

Marking Bits: (ParMarkBitMap*) 0x000000005f7964f0
 Begin Bits: [0x0000000012e50000, 0x0000000013e50000)
 End Bits:   [0x0000000013e50000, 0x0000000014e50000)

Polling page: 0x0000000001140000

CodeCache: size=245760Kb used=397Kb max_used=397Kb free=245362Kb
 bounds [0x0000000002f20000, 0x0000000003190000, 0x0000000011f20000]
 total_blobs=90 nmethods=0 adapters=64
 compilation: enabled

Compilation events (0 events):
No events

GC Heap History (0 events):
No events

Deoptimization events (0 events):
No events

Internal exceptions (0 events):
No events

Events (10 events):
Event: 5.077 loading class java/util/Collections$UnmodifiableRandomAccessList done
Event: 5.077 loading class java/lang/ref/ReferenceQueue
Event: 5.078 loading class java/lang/ref/ReferenceQueue done
Event: 5.078 loading class java/lang/ref/ReferenceQueue$Null
Event: 5.078 loading class java/lang/ref/ReferenceQueue$Null done
Event: 5.078 loading class java/lang/ref/ReferenceQueue$Lock
Event: 5.078 loading class java/lang/ref/ReferenceQueue$Lock done
Event: 5.078 Thread 0x0000000002f14000 Thread added: 0x0000000002f14000
Event: 5.078 loading class java/lang/ref/Reference$1
Event: 5.106 loading class sun/misc/JavaLangRefAccess


Dynamic libraries:
0x00007ff700fc0000 - 0x00007ff700ff7000 	D:\java\JDK\bin\java.exe
0x00007ffe294f0000 - 0x00007ffe296c1000 	C:\WINDOWS\SYSTEM32\ntdll.dll
0x00007ffe29070000 - 0x00007ffe2911b000 	C:\WINDOWS\System32\KERNEL32.DLL
0x00007ffe25a30000 - 0x00007ffe25c4d000 	C:\WINDOWS\System32\KERNELBASE.dll
0x00007ffe27870000 - 0x00007ffe27912000 	C:\WINDOWS\System32\ADVAPI32.dll
0x00007ffe277d0000 - 0x00007ffe2786e000 	C:\WINDOWS\System32\msvcrt.dll
0x00007ffe26db0000 - 0x00007ffe26e09000 	C:\WINDOWS\System32\sechost.dll
0x00007ffe26a80000 - 0x00007ffe26ba1000 	C:\WINDOWS\System32\RPCRT4.dll
0x00007ffe29180000 - 0x00007ffe292e5000 	C:\WINDOWS\System32\USER32.dll
0x00007ffe25c50000 - 0x00007ffe25c6e000 	C:\WINDOWS\System32\win32u.dll
0x00007ffe28f00000 - 0x00007ffe28f34000 	C:\WINDOWS\System32\GDI32.dll
0x00007ffe25ce0000 - 0x00007ffe25e62000 	C:\WINDOWS\System32\gdi32full.dll
0x00007ffe1a1b0000 - 0x00007ffe1a42a000 	C:\WINDOWS\WinSxS\amd64_microsoft.windows.common-controls_6595b64144ccf1df_6.0.14393.953_none_42151e83c686086b\COMCTL32.dll
0x00007ffe272e0000 - 0x00007ffe275a8000 	C:\WINDOWS\System32\combase.dll
0x00007ffe26980000 - 0x00007ffe26a75000 	C:\WINDOWS\System32\ucrtbase.dll
0x00007ffe25c70000 - 0x00007ffe25cda000 	C:\WINDOWS\System32\bcryptPrimitives.dll
0x00007ffe28f40000 - 0x00007ffe28f6e000 	C:\WINDOWS\System32\IMM32.DLL
0x000000005f820000 - 0x000000005f8f2000 	D:\java\JDK\jre\bin\msvcr100.dll
0x000000005ef80000 - 0x000000005f816000 	D:\java\JDK\jre\bin\server\jvm.dll
0x00007ffe277c0000 - 0x00007ffe277c8000 	C:\WINDOWS\System32\PSAPI.DLL
0x00007ffe23b60000 - 0x00007ffe23b83000 	C:\WINDOWS\SYSTEM32\WINMM.dll
0x00007ffe17b20000 - 0x00007ffe17b29000 	C:\WINDOWS\SYSTEM32\WSOCK32.dll
0x00007ffe164f0000 - 0x00007ffe164fa000 	C:\WINDOWS\SYSTEM32\VERSION.dll
0x00007ffe27720000 - 0x00007ffe2778a000 	C:\WINDOWS\System32\WS2_32.dll
0x00007ffe235c0000 - 0x00007ffe235eb000 	C:\WINDOWS\SYSTEM32\WINMMBASE.dll
0x00007ffe259e0000 - 0x00007ffe25a22000 	C:\WINDOWS\System32\cfgmgr32.dll
0x0000000061650000 - 0x000000006165f000 	D:\java\JDK\jre\bin\verify.dll
0x0000000060830000 - 0x0000000060859000 	D:\java\JDK\jre\bin\java.dll
0x0000000060810000 - 0x0000000060826000 	D:\java\JDK\jre\bin\zip.dll

VM Arguments:
jvm_args: -Djava.awt.headless=true -Xmx1024M -Dfile.encoding=GBK -Duser.country=CN -Duser.language=zh -Duser.variant 
java_command: com.android.dx.command.Main --dex --num-threads=4 --output G:\nav\Navigation\app\build\intermediates\pre-dexed\debug\AMap_3DMap_V4.0.0_20160920_c12fdb4051ce1af34698a8cb8c0e2e6b191d7c00.jar G:\nav\Navigation\app\libs\AMap_3DMap_V4.0.0_20160920.jar
java_class_path (initial): D:\java\SDK\build-tools\25.0.3\lib\dx.jar
Launcher Type: SUN_STANDARD

Environment Variables:
JAVA_HOME=D:\java\JDK
PATH=C:\Program Files (x86)\Tesseract-OCR;C:\Python27\Scripts\;C:\WINDOWS\system32;C:\WINDOWS;C:\WINDOWS\System32\Wbem;C:\WINDOWS\System32\WindowsPowerShell\v1.0\;C:\Program Files\Microsoft SQL Server\110\Tools\Binn\;C:\Program Files\Microsoft SQL Server\120\Tools\Binn\;C:\WINDOWS\system32\config\systemprofile\.dnx\bin;C:\Program Files\Microsoft DNX\Dnvm\;C:\Program Files (x86)\Windows Kits\10\Windows Performance Toolkit\;C:\Python27;D:\Git\bin;C:\Program Files\MATLAB\MATLAB Runtime\v90\bin;C:\Program Files\MATLAB\MATLAB Runtime\v90\runtime\win64;D:\java\JDK\bin;D:\java\JRE\bin;C:\Program Files (x86)\IDM Computer Solutions\UltraEdit;D:\java\SDK\platform-tools;C:\Users\EdwardPC\AppData\Local\Microsoft\WindowsApps;C:\Users\EdwardPC\AppData\Roaming\npm;C:\Python27;C:\Python36;C:\Program Files\SQLite Expert\Personal 4;C:\Python27\Scripts\;C:\Program Files\MATLAB\MATLAB Runtime\v90\bin\win64;C:\Program Files\MATLAB\MATLAB Runtime\v90\bin;D:\java\SDK\platform-tools
USERNAME=EdwardPC
OS=Windows_NT
PROCESSOR_IDENTIFIER=Intel64 Family 6 Model 60 Stepping 3, GenuineIntel



---------------  S Y S T E M  ---------------

OS: Windows 10.0 , 64 bit Build 14393 (10.0.14393.0)

CPU:total 8 (4 cores per cpu, 2 threads per core) family 6 model 60 stepping 3, cmov, cx8, fxsr, mmx, sse, sse2, sse3, ssse3, sse4.1, sse4.2, popcnt, avx, avx2, aes, clmul, erms, lzcnt, ht, tsc, tscinvbit, bmi1, bmi2

Memory: 4k page, physical 8277272k(663780k free), swap 8277272k(5312k free)

vm_info: Java HotSpot(TM) 64-Bit Server VM (25.92-b14) for windows-amd64 JRE (1.8.0_92-b14), built on Mar 31 2016 21:03:04 by "java_re" with MS VC++ 10.0 (VS2010)

time: Thu May 18 14:05:14 2017
elapsed time: 5 seconds (0d 0h 0m 5s)

