#
# There is insufficient memory for the Java Runtime Environment to continue.
# Native memory allocation (malloc) failed to allocate 813856 bytes for Chunk::new
# Possible reasons:
#   The system is out of physical RAM or swap space
#   In 32 bit mode, the process size limit was hit
# Possible solutions:
#   Reduce memory load on the system
#   Increase physical memory or swap space
#   Check if swap backing store is full
#   Use 64 bit Java on a 64 bit OS
#   Decrease Java heap size (-Xmx/-Xms)
#   Decrease number of Java threads
#   Decrease Java thread stack sizes (-Xss)
#   Set larger code cache with -XX:ReservedCodeCacheSize=
# This output file may be truncated or incomplete.
#
#  Out of Memory Error (allocation.cpp:390), pid=15740, tid=0x0000000000004b4c
#
# JRE version: Java(TM) SE Runtime Environment (8.0_92-b14) (build 1.8.0_92-b14)
# Java VM: Java HotSpot(TM) 64-Bit Server VM (25.92-b14 mixed mode windows-amd64 compressed oops)
# Failed to write core dump. Minidumps are not enabled by default on client versions of Windows
#

---------------  T H R E A D  ---------------

Current thread (0x0000000017337000):  JavaThread "C2 CompilerThread0" daemon [_thread_in_native, id=19276, stack(0x0000000017a10000,0x0000000017b10000)]

Stack: [0x0000000017a10000,0x0000000017b10000]
[error occurred during error reporting (printing stack bounds), id 0xc0000005]

Native frames: (J=compiled Java code, j=interpreted, Vv=VM code, C=native code)


Current CompileTask:
C2:   5784 1075   !   4       com.android.dx.cf.code.BytecodeArray::parseInstruction (2764 bytes)


---------------  P R O C E S S  ---------------

Java Threads: ( => current thread )
  0x000000001762f000 JavaThread "pool-2-thread-3" [_thread_in_vm, id=8212, stack(0x0000000018310000,0x0000000018410000)]
  0x00000000174b3800 JavaThread "pool-3-thread-1" [_thread_blocked, id=21180, stack(0x0000000018110000,0x0000000018210000)]
  0x00000000173c1000 JavaThread "Service Thread" daemon [_thread_blocked, id=5888, stack(0x0000000017e10000,0x0000000017f10000)]
  0x0000000017393000 JavaThread "C1 CompilerThread3" daemon [_thread_blocked, id=11032, stack(0x0000000017d10000,0x0000000017e10000)]
  0x0000000017344800 JavaThread "C2 CompilerThread2" daemon [_thread_in_native, id=15656, stack(0x0000000017c10000,0x0000000017d10000)]
  0x000000001733b000 JavaThread "C2 CompilerThread1" daemon [_thread_blocked, id=10652, stack(0x0000000017b10000,0x0000000017c10000)]
=>0x0000000017337000 JavaThread "C2 CompilerThread0" daemon [_thread_in_native, id=19276, stack(0x0000000017a10000,0x0000000017b10000)]
  0x0000000017333000 JavaThread "Attach Listener" daemon [_thread_blocked, id=4244, stack(0x0000000017910000,0x0000000017a10000)]
  0x0000000017332000 JavaThread "Signal Dispatcher" daemon [_thread_blocked, id=21188, stack(0x0000000017810000,0x0000000017910000)]
  0x00000000172d0800 JavaThread "Finalizer" daemon [_thread_blocked, id=5980, stack(0x00000000176b0000,0x00000000177b0000)]
  0x0000000002895000 JavaThread "Reference Handler" daemon [_thread_blocked, id=7572, stack(0x00000000171b0000,0x00000000172b0000)]
  0x00000000027a0800 JavaThread "main" [_thread_blocked, id=10940, stack(0x0000000002660000,0x0000000002760000)]

Other Threads:
  0x00000000153b9000 VMThread [stack: 0x00000000170b0000,0x00000000171b0000] [id=17572]
  0x000000001744f800 WatcherThread [stack: 0x0000000017f10000,0x0000000018010000] [id=16608]

VM state:not at safepoint (normal execution)

VM Mutex/Monitor currently owned by a thread: None

Heap:
 PSYoungGen      total 38400K, used 14337K [0x00000000eab00000, 0x00000000ed580000, 0x0000000100000000)
  eden space 33280K, 27% used [0x00000000eab00000,0x00000000eb404a30,0x00000000ecb80000)
  from space 5120K, 99% used [0x00000000ecb80000,0x00000000ed07b9f8,0x00000000ed080000)
  to   space 5120K, 0% used [0x00000000ed080000,0x00000000ed080000,0x00000000ed580000)
 ParOldGen       total 87552K, used 1773K [0x00000000c0000000, 0x00000000c5580000, 0x00000000eab00000)
  object space 87552K, 2% used [0x00000000c0000000,0x00000000c01bb428,0x00000000c5580000)
 Metaspace       used 6012K, capacity 6902K, committed 7040K, reserved 1056768K
  class space    used 602K, capacity 622K, committed 640K, reserved 1048576K

Card table byte_map: [0x0000000011c60000,0x0000000011e70000] byte_map_base: 0x0000000011660000

Marking Bits: (ParMarkBitMap*) 0x00000000611f64f0
 Begin Bits: [0x00000000127d0000, 0x00000000137d0000)
 End Bits:   [0x00000000137d0000, 0x00000000147d0000)

Polling page: 0x0000000000b80000

CodeCache: size=245760Kb used=4883Kb max_used=4894Kb free=240876Kb
 bounds [0x00000000028a0000, 0x0000000002d70000, 0x00000000118a0000]
 total_blobs=1483 nmethods=1212 adapters=184
 compilation: enabled

Compilation events (10 events):
Event: 5.664 Thread 0x000000001733b000 1209       4       com.android.dx.rop.cst.Constant::compareTo (9 bytes)
Event: 5.665 Thread 0x000000001733b000 nmethod 1209 0x0000000002d59410 code [0x0000000002d59560, 0x0000000002d59658]
Event: 5.665 Thread 0x000000001733b000 1206       4       com.android.dx.rop.code.ThrowingCstInsn::<init> (51 bytes)
Event: 5.667 Thread 0x000000001733b000 nmethod 1206 0x0000000002d53b90 code [0x0000000002d53ce0, 0x0000000002d53e98]
Event: 5.667 Thread 0x000000001733b000 1207       4       com.android.dx.rop.code.PlainInsn::withNewRegisters (18 bytes)
Event: 5.669 Thread 0x000000001733b000 nmethod 1207 0x0000000002d53690 code [0x0000000002d537e0, 0x0000000002d53998]
Event: 5.669 Thread 0x000000001733b000 1200   !   4       java.util.BitSet::clone (49 bytes)
Event: 5.673 Thread 0x000000001733b000 nmethod 1200 0x0000000002d42f50 code [0x0000000002d430c0, 0x0000000002d43488]
Event: 5.673 Thread 0x000000001733b000 1199       4       com.android.dx.ssa.SsaConverter::nodeNeedsUniquePredecessor (32 bytes)
Event: 5.676 Thread 0x000000001733b000 nmethod 1199 0x0000000002d42b50 code [0x0000000002d42ca0, 0x0000000002d42dd8]

GC Heap History (2 events):
Event: 5.468 GC heap before
{Heap before GC invocations=1 (full 0):
 PSYoungGen      total 38400K, used 33280K [0x00000000eab00000, 0x00000000ed580000, 0x0000000100000000)
  eden space 33280K, 100% used [0x00000000eab00000,0x00000000ecb80000,0x00000000ecb80000)
  from space 5120K, 0% used [0x00000000ed080000,0x00000000ed080000,0x00000000ed580000)
  to   space 5120K, 0% used [0x00000000ecb80000,0x00000000ecb80000,0x00000000ed080000)
 ParOldGen       total 87552K, used 0K [0x00000000c0000000, 0x00000000c5580000, 0x00000000eab00000)
  object space 87552K, 0% used [0x00000000c0000000,0x00000000c0000000,0x00000000c5580000)
 Metaspace       used 5938K, capacity 6838K, committed 7040K, reserved 1056768K
  class space    used 602K, capacity 622K, committed 640K, reserved 1048576K
Event: 5.477 GC heap after
Heap after GC invocations=1 (full 0):
 PSYoungGen      total 38400K, used 5102K [0x00000000eab00000, 0x00000000ed580000, 0x0000000100000000)
  eden space 33280K, 0% used [0x00000000eab00000,0x00000000eab00000,0x00000000ecb80000)
  from space 5120K, 99% used [0x00000000ecb80000,0x00000000ed07b9f8,0x00000000ed080000)
  to   space 5120K, 0% used [0x00000000ed080000,0x00000000ed080000,0x00000000ed580000)
 ParOldGen       total 87552K, used 1773K [0x00000000c0000000, 0x00000000c5580000, 0x00000000eab00000)
  object space 87552K, 2% used [0x00000000c0000000,0x00000000c01bb428,0x00000000c5580000)
 Metaspace       used 5938K, capacity 6838K, committed 7040K, reserved 1056768K
  class space    used 602K, capacity 622K, committed 640K, reserved 1048576K
}

Deoptimization events (8 events):
Event: 4.907 Thread 0x0000000017625000 Uncommon trap: reason=unstable_if action=reinterpret pc=0x0000000002a8eabc method=java.util.HashMap.getNode(ILjava/lang/Object;)Ljava/util/HashMap$Node; @ 62
Event: 5.116 Thread 0x00000000175db000 Uncommon trap: reason=unstable_if action=reinterpret pc=0x0000000002b82f28 method=com.android.dx.ssa.NormalSsaInsn.getLocalAssignment()Lcom/android/dx/rop/code/RegisterSpec; @ 12
Event: 5.116 Thread 0x00000000175db000 Uncommon trap: reason=unstable_if action=reinterpret pc=0x0000000002b7b930 method=com.android.dx.ssa.NormalSsaInsn.getLocalAssignment()Lcom/android/dx/rop/code/RegisterSpec; @ 12
Event: 5.347 Thread 0x0000000017625000 Uncommon trap: reason=class_check action=maybe_recompile pc=0x0000000002c82dbc method=com.android.dx.ssa.SCCP.simulatePhi(Lcom/android/dx/ssa/PhiInsn;)V @ 124
Event: 5.347 Thread 0x0000000017625000 Uncommon trap: reason=class_check action=maybe_recompile pc=0x0000000002c82dbc method=com.android.dx.ssa.SCCP.simulatePhi(Lcom/android/dx/ssa/PhiInsn;)V @ 124
Event: 5.347 Thread 0x0000000017625000 Uncommon trap: reason=class_check action=maybe_recompile pc=0x0000000002c82dbc method=com.android.dx.ssa.SCCP.simulatePhi(Lcom/android/dx/ssa/PhiInsn;)V @ 124
Event: 5.347 Thread 0x0000000017625000 Uncommon trap: reason=class_check action=maybe_recompile pc=0x0000000002c82dbc method=com.android.dx.ssa.SCCP.simulatePhi(Lcom/android/dx/ssa/PhiInsn;)V @ 124
Event: 5.621 Thread 0x000000001762f000 Uncommon trap: reason=class_check action=maybe_recompile pc=0x0000000002cf29dc method=com.android.dx.ssa.NormalSsaInsn.accept(Lcom/android/dx/ssa/SsaInsn$Visitor;)V @ 9

Internal exceptions (2 events):
Event: 0.227 Thread 0x00000000027a0800 Exception <a 'java/lang/NoSuchMethodError': Method sun.misc.Unsafe.defineClass(Ljava/lang/String;[BII)Ljava/lang/Class; name or signature does not match> (0x00000000eab07cc0) thrown at [D:\re\workspace\8-2-build-windows-amd64-cygwin\jdk8u92\6642\hotspot\sr5ùÏÏÍ?
Event: 0.227 Thread 0x00000000027a0800 Exception <a 'java/lang/NoSuchMethodError': Method sun.misc.Unsafe.prefetchRead(Ljava/lang/Object;J)V name or signature does not match> (0x00000000eab07fa8) thrown at [D:\re\workspace\8-2-build-windows-amd64-cygwin\jdk8u92\6642\hotspot\src\share\vm\prims\j

Events (10 events):
Event: 5.463 loading class com/android/dx/cf/code/BytecodeArray$ConstantParserVisitor
Event: 5.463 loading class com/android/dx/cf/code/BytecodeArray$ConstantParserVisitor done
Event: 5.468 Executing VM operation: ParallelGCFailedAllocation
Event: 5.477 Executing VM operation: ParallelGCFailedAllocation done
Event: 5.499 Thread 0x000000001763d800 Thread exited: 0x000000001763d800
Event: 5.507 Thread 0x0000000017625000 Thread exited: 0x0000000017625000
Event: 5.548 Thread 0x00000000175db000 Thread exited: 0x00000000175db000
Event: 5.621 Thread 0x000000001762f000 Uncommon trap: trap_request=0xffffffde fr.pc=0x0000000002cf29dc
Event: 5.621 Thread 0x000000001762f000 DEOPT PACKING pc=0x0000000002cf29dc sp=0x000000001840ed90
Event: 5.621 Thread 0x000000001762f000 DEOPT UNPACKING pc=0x00000000028e582a sp=0x000000001840ecb0 mode 2


Dynamic libraries:
0x00007ff76ba40000 - 0x00007ff76ba77000 	D:\java\JDK\bin\java.exe
0x00007ffb927a0000 - 0x00007ffb92971000 	C:\WINDOWS\SYSTEM32\ntdll.dll
0x00007ffb8fdf0000 - 0x00007ffb8fe9c000 	C:\WINDOWS\System32\KERNEL32.DLL
0x00007ffb8f800000 - 0x00007ffb8fa1d000 	C:\WINDOWS\System32\KERNELBASE.dll
0x00007ffb90d40000 - 0x00007ffb90de2000 	C:\WINDOWS\System32\ADVAPI32.dll
0x00007ffb90550000 - 0x00007ffb905ee000 	C:\WINDOWS\System32\msvcrt.dll
0x00007ffb90ff0000 - 0x00007ffb91049000 	C:\WINDOWS\System32\sechost.dll
0x00007ffb90ab0000 - 0x00007ffb90bd1000 	C:\WINDOWS\System32\RPCRT4.dll
0x00007ffb90e80000 - 0x00007ffb90fe5000 	C:\WINDOWS\System32\USER32.dll
0x00007ffb8fca0000 - 0x00007ffb8fcbe000 	C:\WINDOWS\System32\win32u.dll
0x00007ffb8fea0000 - 0x00007ffb8fed4000 	C:\WINDOWS\System32\GDI32.dll
0x00007ffb8ec90000 - 0x00007ffb8ee12000 	C:\WINDOWS\System32\gdi32full.dll
0x00007ffb7d960000 - 0x00007ffb7dbda000 	C:\WINDOWS\WinSxS\amd64_microsoft.windows.common-controls_6595b64144ccf1df_6.0.14393.953_none_42151e83c686086b\COMCTL32.dll
0x00007ffb90760000 - 0x00007ffb90a28000 	C:\WINDOWS\System32\combase.dll
0x00007ffb8f500000 - 0x00007ffb8f5f5000 	C:\WINDOWS\System32\ucrtbase.dll
0x00007ffb8fcc0000 - 0x00007ffb8fd2a000 	C:\WINDOWS\System32\bcryptPrimitives.dll
0x00007ffb8fee0000 - 0x00007ffb8ff0e000 	C:\WINDOWS\System32\IMM32.DLL
0x0000000061280000 - 0x0000000061352000 	D:\java\JDK\jre\bin\msvcr100.dll
0x00000000609e0000 - 0x0000000061276000 	D:\java\JDK\jre\bin\server\jvm.dll
0x00007ffb90a40000 - 0x00007ffb90a48000 	C:\WINDOWS\System32\PSAPI.DLL
0x00007ffb8cc40000 - 0x00007ffb8cc63000 	C:\WINDOWS\SYSTEM32\WINMM.dll
0x00007ffb82250000 - 0x00007ffb82259000 	C:\WINDOWS\SYSTEM32\WSOCK32.dll
0x00007ffb83410000 - 0x00007ffb8341a000 	C:\WINDOWS\SYSTEM32\VERSION.dll
0x00007ffb90690000 - 0x00007ffb906fa000 	C:\WINDOWS\System32\WS2_32.dll
0x0000000000b50000 - 0x0000000000b7b000 	C:\WINDOWS\SYSTEM32\WINMMBASE.dll
0x00007ffb8f660000 - 0x00007ffb8f6a2000 	C:\WINDOWS\System32\cfgmgr32.dll
0x00000000609d0000 - 0x00000000609df000 	D:\java\JDK\jre\bin\verify.dll
0x00000000609a0000 - 0x00000000609c9000 	D:\java\JDK\jre\bin\java.dll
0x0000000060980000 - 0x0000000060996000 	D:\java\JDK\jre\bin\zip.dll
0x00007ffb91150000 - 0x00007ffb92658000 	C:\WINDOWS\System32\SHELL32.dll
0x00007ffb8ee20000 - 0x00007ffb8f4fa000 	C:\WINDOWS\System32\windows.storage.dll
0x00007ffb8ec20000 - 0x00007ffb8ec6c000 	C:\WINDOWS\System32\powrprof.dll
0x00007ffb90a50000 - 0x00007ffb90aa2000 	C:\WINDOWS\System32\shlwapi.dll
0x00007ffb8ec70000 - 0x00007ffb8ec7f000 	C:\WINDOWS\System32\kernel.appcore.dll
0x00007ffb8fbf0000 - 0x00007ffb8fc99000 	C:\WINDOWS\System32\shcore.dll
0x00007ffb8ec00000 - 0x00007ffb8ec14000 	C:\WINDOWS\System32\profapi.dll

VM Arguments:
jvm_args: -Djava.awt.headless=true -Xmx1024M -Dfile.encoding=GBK -Duser.country=CN -Duser.language=zh -Duser.variant 
java_command: com.android.dx.command.Main --dex --num-threads=4 --multi-dex --output G:\nav\Navigation\app\build\intermediates\transforms\dex\debug\folders\1000\2\ShareSDK-SinaWeibo-2.8.2_0bba90dbb4fe4998aa03689ac23f29bd3ab9b397 G:\nav\Navigation\app\libs\ShareSDK-SinaWeibo-2.8.2.jar
java_class_path (initial): D:\java\SDK\build-tools\25.0.3\lib\dx.jar
Launcher Type: SUN_STANDARD

Environment Variables:
JAVA_HOME=D:\java\JDK
PATH=C:\ProgramData\Oracle\Java\javapath;C:\Program Files (x86)\Tesseract-OCR;C:\Python27\Scripts\;C:\WINDOWS\system32;C:\WINDOWS;C:\WINDOWS\System32\Wbem;C:\WINDOWS\System32\WindowsPowerShell\v1.0\;C:\Program Files\Microsoft SQL Server\110\Tools\Binn\;C:\Program Files\Microsoft SQL Server\120\Tools\Binn\;C:\WINDOWS\system32\config\systemprofile\.dnx\bin;C:\Program Files\Microsoft DNX\Dnvm\;C:\Program Files (x86)\Windows Kits\10\Windows Performance Toolkit\;C:\Python27;D:\Git\bin;C:\Program Files\MATLAB\MATLAB Runtime\v90\bin;C:\Program Files\MATLAB\MATLAB Runtime\v90\runtime\win64;D:\java\JDK\bin;D:\java\JRE\bin;C:\Program Files (x86)\IDM Computer Solutions\UltraEdit;D:\java\SDK\platform-tools;C:\Users\EdwardPC\AppData\Local\Microsoft\WindowsApps;C:\Users\EdwardPC\AppData\Roaming\npm;C:\Python27;C:\Python36;C:\Program Files\SQLite Expert\Personal 4;C:\Python27\Scripts\;C:\Program Files\MATLAB\MATLAB Runtime\v90\bin\win64;C:\Program Files\MATLAB\MATLAB Runtime\v90\bin;D:\java\SDK\platform-tools
USERNAME=EdwardPC
OS=Windows_NT
PROCESSOR_IDENTIFIER=Intel64 Family 6 Model 60 Stepping 3, GenuineIntel



---------------  S Y S T E M  ---------------

OS: Windows 10.0 , 64 bit Build 14393 (10.0.14393.1198)

CPU:total 8 (4 cores per cpu, 2 threads per core) family 6 model 60 stepping 3, cmov, cx8, fxsr, mmx, sse, sse2, sse3, ssse3, sse4.1, sse4.2, popcnt, avx, avx2, aes, clmul, erms, lzcnt, ht, tsc, tscinvbit, bmi1, bmi2

Memory: 4k page, physical 8277272k(1964184k free), swap 8277272k(3152k free)

vm_info: Java HotSpot(TM) 64-Bit Server VM (25.92-b14) for windows-amd64 JRE (1.8.0_92-b14), built on Mar 31 2016 21:03:04 by "java_re" with MS VC++ 10.0 (VS2010)

time: Thu Jun 15 11:21:57 2017
elapsed time: 5 seconds (0d 0h 0m 5s)

