#
# There is insufficient memory for the Java Runtime Environment to continue.
# Native memory allocation (malloc) failed to allocate 321216 bytes for Chunk::new
# Possible reasons:
#   The system is out of physical RAM or swap space
#   In 32 bit mode, the process size limit was hit
# Possible solutions:
#   Reduce memory load on the system
#   Increase physical memory or swap space
#   Check if swap backing store is full
#   Use 64 bit Java on a 64 bit OS
#   Decrease Java heap size (-Xmx/-Xms)
#   Decrease number of Java threads
#   Decrease Java thread stack sizes (-Xss)
#   Set larger code cache with -XX:ReservedCodeCacheSize=
# This output file may be truncated or incomplete.
#
#  Out of Memory Error (allocation.cpp:390), pid=19064, tid=0x0000000000003e88
#
# JRE version: Java(TM) SE Runtime Environment (8.0_92-b14) (build 1.8.0_92-b14)
# Java VM: Java HotSpot(TM) 64-Bit Server VM (25.92-b14 mixed mode windows-amd64 compressed oops)
# Failed to write core dump. Minidumps are not enabled by default on client versions of Windows
#

---------------  T H R E A D  ---------------

Current thread (0x000000001739c800):  JavaThread "C2 CompilerThread1" daemon [_thread_in_native, id=16008, stack(0x0000000017b70000,0x0000000017c70000)]

Stack: [0x0000000017b70000,0x0000000017c70000]
[error occurred during error reporting (printing stack bounds), id 0xc0000005]

Native frames: (J=compiled Java code, j=interpreted, Vv=VM code, C=native code)


Current CompileTask:
C2:   1544 1160       4       com.android.dx.ssa.SsaMethod::computeReachability (131 bytes)


---------------  P R O C E S S  ---------------

Java Threads: ( => current thread )
  0x00000000176fd000 JavaThread "pool-2-thread-4" [_thread_blocked, id=18104, stack(0x0000000018c70000,0x0000000018d70000)]
  0x00000000176fa000 JavaThread "pool-2-thread-3" [_thread_blocked, id=15264, stack(0x0000000018b70000,0x0000000018c70000)]
  0x00000000176f6000 JavaThread "pool-2-thread-2" [_thread_in_vm, id=11564, stack(0x0000000018a70000,0x0000000018b70000)]
  0x0000000017647000 JavaThread "pool-3-thread-1" [_thread_blocked, id=18740, stack(0x0000000018970000,0x0000000018a70000)]
  0x000000001807a800 JavaThread "pool-2-thread-1" [_thread_blocked, id=14360, stack(0x0000000018870000,0x0000000018970000)]
  0x0000000017447800 JavaThread "Service Thread" daemon [_thread_blocked, id=20896, stack(0x0000000017e70000,0x0000000017f70000)]
  0x00000000173af000 JavaThread "C1 CompilerThread3" daemon [_thread_blocked, id=18388, stack(0x0000000017d70000,0x0000000017e70000)]
  0x00000000173ac000 JavaThread "C2 CompilerThread2" daemon [_thread_in_vm, id=19332, stack(0x0000000017c70000,0x0000000017d70000)]
=>0x000000001739c800 JavaThread "C2 CompilerThread1" daemon [_thread_in_native, id=16008, stack(0x0000000017b70000,0x0000000017c70000)]
  0x000000001739a800 JavaThread "C2 CompilerThread0" daemon [_thread_in_native, id=19308, stack(0x0000000017a70000,0x0000000017b70000)]
  0x0000000017394000 JavaThread "Attach Listener" daemon [_thread_blocked, id=18764, stack(0x0000000017970000,0x0000000017a70000)]
  0x0000000017393800 JavaThread "Signal Dispatcher" daemon [_thread_blocked, id=412, stack(0x0000000017870000,0x0000000017970000)]
  0x000000000290e000 JavaThread "Finalizer" daemon [_thread_blocked, id=19192, stack(0x0000000017710000,0x0000000017810000)]
  0x0000000002905000 JavaThread "Reference Handler" daemon [_thread_blocked, id=15848, stack(0x0000000017210000,0x0000000017310000)]
  0x0000000002810800 JavaThread "main" [_thread_blocked, id=13384, stack(0x00000000023c0000,0x00000000024c0000)]

Other Threads:
  0x000000001542a000 VMThread [stack: 0x0000000017110000,0x0000000017210000] [id=12380]
  0x00000000174a3800 WatcherThread [stack: 0x0000000017f70000,0x0000000018070000] [id=6340]

VM state:not at safepoint (normal execution)

VM Mutex/Monitor currently owned by a thread:  ([mutex/lock_event])
[0x00000000023bbd60] Patching_lock - owner thread: 0x000000001807a800

Heap:
 PSYoungGen      total 38400K, used 30636K [0x00000000eab00000, 0x00000000ed580000, 0x0000000100000000)
  eden space 33280K, 92% used [0x00000000eab00000,0x00000000ec8eb318,0x00000000ecb80000)
  from space 5120K, 0% used [0x00000000ed080000,0x00000000ed080000,0x00000000ed580000)
  to   space 5120K, 0% used [0x00000000ecb80000,0x00000000ecb80000,0x00000000ed080000)
 ParOldGen       total 87552K, used 0K [0x00000000c0000000, 0x00000000c5580000, 0x00000000eab00000)
  object space 87552K, 0% used [0x00000000c0000000,0x00000000c0000000,0x00000000c5580000)
 Metaspace       used 5950K, capacity 6836K, committed 7040K, reserved 1056768K
  class space    used 600K, capacity 620K, committed 640K, reserved 1048576K

Card table byte_map: [0x0000000011cd0000,0x0000000011ee0000] byte_map_base: 0x00000000116d0000

Marking Bits: (ParMarkBitMap*) 0x00000000611f64f0
 Begin Bits: [0x0000000012840000, 0x0000000013840000)
 End Bits:   [0x0000000013840000, 0x0000000014840000)

Polling page: 0x0000000000bd0000

CodeCache: size=245760Kb used=4604Kb max_used=4615Kb free=241156Kb
 bounds [0x0000000002910000, 0x0000000002da0000, 0x0000000011910000]
 total_blobs=1431 nmethods=1161 adapters=183
 compilation: enabled

Compilation events (10 events):
Event: 1.537 Thread 0x00000000173af000 1167       3       com.android.dx.cf.code.Frame::mergeWith (80 bytes)
Event: 1.538 Thread 0x00000000173af000 nmethod 1167 0x0000000002d8eb50 code [0x0000000002d8ed80, 0x0000000002d8fd68]
Event: 1.538 Thread 0x00000000173af000 1166       3       com.android.dx.rop.cst.CstBaseMethodRef::getPrototype (41 bytes)
Event: 1.538 Thread 0x00000000173af000 nmethod 1166 0x0000000002d90210 code [0x0000000002d90380, 0x0000000002d90788]
Event: 1.538 Thread 0x00000000173af000 1168       3       com.android.dx.rop.type.Type::isCategory2 (36 bytes)
Event: 1.538 Thread 0x00000000173af000 nmethod 1168 0x0000000002d83290 code [0x0000000002d833e0, 0x0000000002d83550]
Event: 1.538 Thread 0x00000000173af000 1171       3       com.android.dx.cf.code.Ropper$CatchInfo::getSetup (53 bytes)
Event: 1.539 Thread 0x00000000173af000 nmethod 1171 0x0000000002d90890 code [0x0000000002d90a60, 0x0000000002d91148]
Event: 1.539 Thread 0x00000000173af000 1172       3       com.android.dx.rop.cst.CstMethodRef::<init> (7 bytes)
Event: 1.539 Thread 0x00000000173af000 nmethod 1172 0x0000000002d91490 code [0x0000000002d91620, 0x0000000002d91a38]

GC Heap History (0 events):
No events

Deoptimization events (10 events):
Event: 0.980 Thread 0x0000000002810800 Uncommon trap: reason=bimorphic action=maybe_recompile pc=0x0000000002b6d184 method=java.util.HashMap.getNode(ILjava/lang/Object;)Ljava/util/HashMap$Node; @ 126
Event: 0.980 Thread 0x0000000002810800 Uncommon trap: reason=class_check action=maybe_recompile pc=0x0000000002c527c0 method=java.util.HashMap.putVal(ILjava/lang/Object;Ljava/lang/Object;ZZ)Ljava/lang/Object; @ 203
Event: 0.980 Thread 0x0000000002810800 Uncommon trap: reason=bimorphic action=maybe_recompile pc=0x0000000002b6d184 method=java.util.HashMap.getNode(ILjava/lang/Object;)Ljava/util/HashMap$Node; @ 126
Event: 0.980 Thread 0x0000000002810800 Uncommon trap: reason=class_check action=maybe_recompile pc=0x0000000002c527c0 method=java.util.HashMap.putVal(ILjava/lang/Object;Ljava/lang/Object;ZZ)Ljava/lang/Object; @ 203
Event: 0.980 Thread 0x0000000002810800 Uncommon trap: reason=bimorphic action=maybe_recompile pc=0x0000000002b6d184 method=java.util.HashMap.getNode(ILjava/lang/Object;)Ljava/util/HashMap$Node; @ 126
Event: 0.980 Thread 0x0000000002810800 Uncommon trap: reason=class_check action=maybe_recompile pc=0x0000000002c527c0 method=java.util.HashMap.putVal(ILjava/lang/Object;Ljava/lang/Object;ZZ)Ljava/lang/Object; @ 203
Event: 0.980 Thread 0x0000000002810800 Uncommon trap: reason=bimorphic action=maybe_recompile pc=0x0000000002b6ba6c method=java.util.HashMap.getNode(ILjava/lang/Object;)Ljava/util/HashMap$Node; @ 126
Event: 0.981 Thread 0x0000000002810800 Uncommon trap: reason=predicate action=maybe_recompile pc=0x0000000002c7ef1c method=java.util.ArrayList.remove(Ljava/lang/Object;)Z @ 49
Event: 1.335 Thread 0x0000000002810800 Uncommon trap: reason=class_check action=maybe_recompile pc=0x0000000002babc54 method=com.android.dx.ssa.NormalSsaInsn.accept(Lcom/android/dx/ssa/SsaInsn$Visitor;)V @ 9
Event: 1.437 Thread 0x000000001807a800 Uncommon trap: reason=unstable_if action=reinterpret pc=0x0000000002cf64ec method=java.util.HashMap.putVal(ILjava/lang/Object;Ljava/lang/Object;ZZ)Ljava/lang/Object; @ 94

Internal exceptions (2 events):
Event: 0.034 Thread 0x0000000002810800 Exception <a 'java/lang/NoSuchMethodError': Method sun.misc.Unsafe.defineClass(Ljava/lang/String;[BII)Ljava/lang/Class; name or signature does not match> (0x00000000eab07cc0) thrown at [D:\re\workspace\8-2-build-windows-amd64-cygwin\jdk8u92\6642\hotspot\sr×½))3ˆ¡?
Event: 0.034 Thread 0x0000000002810800 Exception <a 'java/lang/NoSuchMethodError': Method sun.misc.Unsafe.prefetchRead(Ljava/lang/Object;J)V name or signature does not match> (0x00000000eab07fa8) thrown at [D:\re\workspace\8-2-build-windows-amd64-cygwin\jdk8u92\6642\hotspot\src\share\vm\prims\j

Events (10 events):
Event: 1.335 Thread 0x0000000002810800 DEOPT UNPACKING pc=0x000000000295582a sp=0x00000000024be380 mode 2
Event: 1.437 Thread 0x000000001807a800 Uncommon trap: trap_request=0xffffff65 fr.pc=0x0000000002cf64ec
Event: 1.437 Thread 0x000000001807a800 DEOPT PACKING pc=0x0000000002cf64ec sp=0x000000001896ec50
Event: 1.437 Thread 0x000000001807a800 DEOPT UNPACKING pc=0x000000000295582a sp=0x000000001896ebe0 mode 2
Event: 1.468 Executing VM operation: ForceSafepoint
Event: 1.479 Executing VM operation: ForceSafepoint done
Event: 1.502 Thread 0x00000000176fa000 DEOPT PACKING pc=0x0000000002c1e825 sp=0x0000000018c6e780
Event: 1.503 Thread 0x00000000176fa000 DEOPT UNPACKING pc=0x000000000295787f sp=0x0000000018c6e560 mode 0
Event: 1.515 Thread 0x00000000176f6000 DEOPT PACKING pc=0x0000000002c6ed04 sp=0x0000000018b6e4f0
Event: 1.515 Thread 0x00000000176f6000 DEOPT UNPACKING pc=0x000000000295787f sp=0x0000000018b6e2b8 mode 0


Dynamic libraries:
0x00007ff76ba40000 - 0x00007ff76ba77000 	D:\java\JDK\bin\java.exe
0x00007ffb927a0000 - 0x00007ffb92971000 	C:\WINDOWS\SYSTEM32\ntdll.dll
0x00007ffb8fdf0000 - 0x00007ffb8fe9c000 	C:\WINDOWS\System32\KERNEL32.DLL
0x00007ffb8f800000 - 0x00007ffb8fa1d000 	C:\WINDOWS\System32\KERNELBASE.dll
0x00007ffb90d40000 - 0x00007ffb90de2000 	C:\WINDOWS\System32\ADVAPI32.dll
0x00007ffb90550000 - 0x00007ffb905ee000 	C:\WINDOWS\System32\msvcrt.dll
0x00007ffb90ff0000 - 0x00007ffb91049000 	C:\WINDOWS\System32\sechost.dll
0x00007ffb90ab0000 - 0x00007ffb90bd1000 	C:\WINDOWS\System32\RPCRT4.dll
0x00007ffb90e80000 - 0x00007ffb90fe5000 	C:\WINDOWS\System32\USER32.dll
0x00007ffb8fca0000 - 0x00007ffb8fcbe000 	C:\WINDOWS\System32\win32u.dll
0x00007ffb8fea0000 - 0x00007ffb8fed4000 	C:\WINDOWS\System32\GDI32.dll
0x00007ffb8ec90000 - 0x00007ffb8ee12000 	C:\WINDOWS\System32\gdi32full.dll
0x00007ffb7d960000 - 0x00007ffb7dbda000 	C:\WINDOWS\WinSxS\amd64_microsoft.windows.common-controls_6595b64144ccf1df_6.0.14393.953_none_42151e83c686086b\COMCTL32.dll
0x00007ffb90760000 - 0x00007ffb90a28000 	C:\WINDOWS\System32\combase.dll
0x00007ffb8f500000 - 0x00007ffb8f5f5000 	C:\WINDOWS\System32\ucrtbase.dll
0x00007ffb8fcc0000 - 0x00007ffb8fd2a000 	C:\WINDOWS\System32\bcryptPrimitives.dll
0x00007ffb8fee0000 - 0x00007ffb8ff0e000 	C:\WINDOWS\System32\IMM32.DLL
0x0000000061280000 - 0x0000000061352000 	D:\java\JDK\jre\bin\msvcr100.dll
0x00000000609e0000 - 0x0000000061276000 	D:\java\JDK\jre\bin\server\jvm.dll
0x00007ffb90a40000 - 0x00007ffb90a48000 	C:\WINDOWS\System32\PSAPI.DLL
0x00007ffb82250000 - 0x00007ffb82259000 	C:\WINDOWS\SYSTEM32\WSOCK32.dll
0x00007ffb8cc40000 - 0x00007ffb8cc63000 	C:\WINDOWS\SYSTEM32\WINMM.dll
0x00007ffb83410000 - 0x00007ffb8341a000 	C:\WINDOWS\SYSTEM32\VERSION.dll
0x00007ffb90690000 - 0x00007ffb906fa000 	C:\WINDOWS\System32\WS2_32.dll
0x00007ffb8cba0000 - 0x00007ffb8cbcb000 	C:\WINDOWS\SYSTEM32\WINMMBASE.dll
0x00007ffb8f660000 - 0x00007ffb8f6a2000 	C:\WINDOWS\System32\cfgmgr32.dll
0x00000000609d0000 - 0x00000000609df000 	D:\java\JDK\jre\bin\verify.dll
0x00000000609a0000 - 0x00000000609c9000 	D:\java\JDK\jre\bin\java.dll
0x0000000060980000 - 0x0000000060996000 	D:\java\JDK\jre\bin\zip.dll
0x00007ffb91150000 - 0x00007ffb92658000 	C:\WINDOWS\System32\SHELL32.dll
0x00007ffb8ee20000 - 0x00007ffb8f4fa000 	C:\WINDOWS\System32\windows.storage.dll
0x00007ffb8ec20000 - 0x00007ffb8ec6c000 	C:\WINDOWS\System32\powrprof.dll
0x00007ffb90a50000 - 0x00007ffb90aa2000 	C:\WINDOWS\System32\shlwapi.dll
0x00007ffb8ec70000 - 0x00007ffb8ec7f000 	C:\WINDOWS\System32\kernel.appcore.dll
0x00007ffb8fbf0000 - 0x00007ffb8fc99000 	C:\WINDOWS\System32\shcore.dll
0x00007ffb8ec00000 - 0x00007ffb8ec14000 	C:\WINDOWS\System32\profapi.dll

VM Arguments:
jvm_args: -Djava.awt.headless=true -Xmx1024M -Dfile.encoding=GBK -Duser.country=CN -Duser.language=zh -Duser.variant 
java_command: com.android.dx.command.Main --dex --num-threads=4 --multi-dex --output G:\nav\Navigation\app\build\intermediates\transforms\dex\debug\folders\1000\2\TencentLocationSDK_v4.9.7.12_r247861_161205_1104_2560801edc3190d7d29e41a24b4384e316c0c410 G:\nav\Navigation\app\libs\TencentLocationSDK_v4.9.7.12_r247861_161205_1104.jar
java_class_path (initial): D:\java\SDK\build-tools\25.0.3\lib\dx.jar
Launcher Type: SUN_STANDARD

Environment Variables:
JAVA_HOME=D:\java\JDK
PATH=C:\ProgramData\Oracle\Java\javapath;C:\Program Files (x86)\Tesseract-OCR;C:\Python27\Scripts\;C:\WINDOWS\system32;C:\WINDOWS;C:\WINDOWS\System32\Wbem;C:\WINDOWS\System32\WindowsPowerShell\v1.0\;C:\Program Files\Microsoft SQL Server\110\Tools\Binn\;C:\Program Files\Microsoft SQL Server\120\Tools\Binn\;C:\WINDOWS\system32\config\systemprofile\.dnx\bin;C:\Program Files\Microsoft DNX\Dnvm\;C:\Program Files (x86)\Windows Kits\10\Windows Performance Toolkit\;C:\Python27;D:\Git\bin;C:\Program Files\MATLAB\MATLAB Runtime\v90\bin;C:\Program Files\MATLAB\MATLAB Runtime\v90\runtime\win64;D:\java\JDK\bin;D:\java\JRE\bin;C:\Program Files (x86)\IDM Computer Solutions\UltraEdit;D:\java\SDK\platform-tools;C:\Users\EdwardPC\AppData\Local\Microsoft\WindowsApps;C:\Users\EdwardPC\AppData\Roaming\npm;C:\Python27;C:\Python36;C:\Program Files\SQLite Expert\Personal 4;C:\Python27\Scripts\;C:\Program Files\MATLAB\MATLAB Runtime\v90\bin\win64;C:\Program Files\MATLAB\MATLAB Runtime\v90\bin;D:\java\SDK\platform-tools
USERNAME=EdwardPC
OS=Windows_NT
PROCESSOR_IDENTIFIER=Intel64 Family 6 Model 60 Stepping 3, GenuineIntel



---------------  S Y S T E M  ---------------

OS: Windows 10.0 , 64 bit Build 14393 (10.0.14393.1198)

CPU:total 8 (4 cores per cpu, 2 threads per core) family 6 model 60 stepping 3, cmov, cx8, fxsr, mmx, sse, sse2, sse3, ssse3, sse4.1, sse4.2, popcnt, avx, avx2, aes, clmul, erms, lzcnt, ht, tsc, tscinvbit, bmi1, bmi2

Memory: 4k page, physical 8277272k(1916088k free), swap 8277272k(5136k free)

vm_info: Java HotSpot(TM) 64-Bit Server VM (25.92-b14) for windows-amd64 JRE (1.8.0_92-b14), built on Mar 31 2016 21:03:04 by "java_re" with MS VC++ 10.0 (VS2010)

time: Thu Jun 15 11:21:41 2017
elapsed time: 1 seconds (0d 0h 0m 1s)

