#
# There is insufficient memory for the Java Runtime Environment to continue.
# Native memory allocation (malloc) failed to allocate 427088 bytes for Chunk::new
# Possible reasons:
#   The system is out of physical RAM or swap space
#   In 32 bit mode, the process size limit was hit
# Possible solutions:
#   Reduce memory load on the system
#   Increase physical memory or swap space
#   Check if swap backing store is full
#   Use 64 bit Java on a 64 bit OS
#   Decrease Java heap size (-Xmx/-Xms)
#   Decrease number of Java threads
#   Decrease Java thread stack sizes (-Xss)
#   Set larger code cache with -XX:ReservedCodeCacheSize=
# This output file may be truncated or incomplete.
#
#  Out of Memory Error (allocation.cpp:390), pid=19328, tid=0x0000000000002cec
#
# JRE version: Java(TM) SE Runtime Environment (8.0_92-b14) (build 1.8.0_92-b14)
# Java VM: Java HotSpot(TM) 64-Bit Server VM (25.92-b14 mixed mode windows-amd64 compressed oops)
# Failed to write core dump. Minidumps are not enabled by default on client versions of Windows
#

---------------  T H R E A D  ---------------

Current thread (0x0000000015e5b800):  JavaThread "C2 CompilerThread0" daemon [_thread_in_native, id=11500, stack(0x0000000018480000,0x0000000018580000)]

Stack: [0x0000000018480000,0x0000000018580000]
[error occurred during error reporting (printing stack bounds), id 0xc0000005]

Native frames: (J=compiled Java code, j=interpreted, Vv=VM code, C=native code)


Current CompileTask:
C2:   1771  979   !   4       com.android.dx.cf.code.BytecodeArray::parseInstruction (2764 bytes)


---------------  P R O C E S S  ---------------

Java Threads: ( => current thread )
  0x0000000018017800 JavaThread "pool-2-thread-2" [_thread_blocked, id=14860, stack(0x0000000018c80000,0x0000000018d80000)]
  0x0000000017f16800 JavaThread "pool-3-thread-1" [_thread_blocked, id=7900, stack(0x0000000018b80000,0x0000000018c80000)]
  0x0000000017dbd000 JavaThread "Service Thread" daemon [_thread_blocked, id=9628, stack(0x0000000018880000,0x0000000018980000)]
  0x0000000017db1000 JavaThread "C1 CompilerThread3" daemon [_thread_blocked, id=12156, stack(0x0000000018780000,0x0000000018880000)]
  0x0000000017dac000 JavaThread "C2 CompilerThread2" daemon [_thread_in_native, id=18360, stack(0x0000000018680000,0x0000000018780000)]
  0x0000000015e5d800 JavaThread "C2 CompilerThread1" daemon [_thread_blocked, id=10904, stack(0x0000000018580000,0x0000000018680000)]
=>0x0000000015e5b800 JavaThread "C2 CompilerThread0" daemon [_thread_in_native, id=11500, stack(0x0000000018480000,0x0000000018580000)]
  0x0000000017d5c000 JavaThread "Attach Listener" daemon [_thread_blocked, id=15272, stack(0x0000000018380000,0x0000000018480000)]
  0x0000000017d5b000 JavaThread "Signal Dispatcher" daemon [_thread_blocked, id=19140, stack(0x0000000018280000,0x0000000018380000)]
  0x000000000332d800 JavaThread "Finalizer" daemon [_thread_blocked, id=14396, stack(0x0000000018120000,0x0000000018220000)]
  0x0000000003324000 JavaThread "Reference Handler" daemon [_thread_blocked, id=7092, stack(0x0000000017c20000,0x0000000017d20000)]
  0x0000000003230800 JavaThread "main" [_thread_blocked, id=21188, stack(0x0000000003120000,0x0000000003220000)]

Other Threads:
  0x0000000015e49000 VMThread [stack: 0x0000000017b20000,0x0000000017c20000] [id=14440]
  0x0000000017e9e000 WatcherThread [stack: 0x0000000018980000,0x0000000018a80000] [id=1308]

VM state:not at safepoint (normal execution)

VM Mutex/Monitor currently owned by a thread: None

Heap:
 PSYoungGen      total 38400K, used 24638K [0x00000000eab00000, 0x00000000ed580000, 0x0000000100000000)
  eden space 33280K, 74% used [0x00000000eab00000,0x00000000ec30f9e0,0x00000000ecb80000)
  from space 5120K, 0% used [0x00000000ed080000,0x00000000ed080000,0x00000000ed580000)
  to   space 5120K, 0% used [0x00000000ecb80000,0x00000000ecb80000,0x00000000ed080000)
 ParOldGen       total 87552K, used 0K [0x00000000c0000000, 0x00000000c5580000, 0x00000000eab00000)
  object space 87552K, 0% used [0x00000000c0000000,0x00000000c0000000,0x00000000c5580000)
 Metaspace       used 5879K, capacity 6774K, committed 7040K, reserved 1056768K
  class space    used 600K, capacity 622K, committed 640K, reserved 1048576K

Card table byte_map: [0x00000000126f0000,0x0000000012900000] byte_map_base: 0x00000000120f0000

Marking Bits: (ParMarkBitMap*) 0x0000000064fd64f0
 Begin Bits: [0x0000000013260000, 0x0000000014260000)
 End Bits:   [0x0000000014260000, 0x0000000015260000)

Polling page: 0x0000000000df0000

CodeCache: size=245760Kb used=4043Kb max_used=4043Kb free=241716Kb
 bounds [0x0000000003330000, 0x0000000003730000, 0x0000000012330000]
 total_blobs=1300 nmethods=1027 adapters=184
 compilation: enabled

Compilation events (10 events):
Event: 1.766 Thread 0x0000000017db1000 1028       3       com.android.dx.rop.type.StdTypeList::withFirst (53 bytes)
Event: 1.767 Thread 0x0000000017db1000 nmethod 1028 0x000000000371e4d0 code [0x000000000371e740, 0x000000000371f878]
Event: 1.767 Thread 0x0000000017db1000 1024       3       com.android.dx.cf.code.OneLocalsArray::merge (22 bytes)
Event: 1.768 Thread 0x0000000015e5d800 nmethod 1020 0x0000000003718e90 code [0x0000000003719060, 0x00000000037193a0]
Event: 1.768 Thread 0x0000000017db1000 nmethod 1024 0x0000000003722950 code [0x0000000003722b20, 0x0000000003723258]
Event: 1.768 Thread 0x0000000017db1000 1025   !   3       com.android.dx.cf.code.OneLocalsArray::merge (31 bytes)
Event: 1.768 Thread 0x0000000017db1000 nmethod 1025 0x0000000003722250 code [0x0000000003722400, 0x00000000037227c8]
Event: 1.768 Thread 0x0000000017db1000 1026       3       com.android.dx.util.IntList::equals (82 bytes)
Event: 1.768 Thread 0x0000000017db1000 nmethod 1026 0x0000000003721910 code [0x0000000003721aa0, 0x0000000003722050]
Event: 1.768 Thread 0x0000000017db1000 1027       3       com.android.dx.rop.type.Prototype::withFirstParameter (68 bytes)

GC Heap History (0 events):
No events

Deoptimization events (8 events):
Event: 1.215 Thread 0x0000000018022000 Uncommon trap: reason=unstable_if action=reinterpret pc=0x000000000355f330 method=java.util.BitSet.nextSetBit(I)I @ 87
Event: 1.287 Thread 0x0000000018017800 Uncommon trap: reason=class_check action=maybe_recompile pc=0x000000000357e270 method=com.android.dx.ssa.NormalSsaInsn.accept(Lcom/android/dx/ssa/SsaInsn$Visitor;)V @ 9
Event: 1.287 Thread 0x0000000018017800 Uncommon trap: reason=class_check action=maybe_recompile pc=0x000000000357e270 method=com.android.dx.ssa.NormalSsaInsn.accept(Lcom/android/dx/ssa/SsaInsn$Visitor;)V @ 9
Event: 1.465 Thread 0x0000000018017800 Uncommon trap: reason=unstable_if action=reinterpret pc=0x000000000356d074 method=java.util.BitSet.ensureCapacity(I)V @ 6
Event: 1.661 Thread 0x0000000018022000 Uncommon trap: reason=bimorphic action=maybe_recompile pc=0x000000000356f30c method=java.util.HashMap.getNode(ILjava/lang/Object;)Ljava/util/HashMap$Node; @ 126
Event: 1.734 Thread 0x0000000017f15800 Uncommon trap: reason=class_check action=maybe_recompile pc=0x000000000357e270 method=com.android.dx.ssa.NormalSsaInsn.accept(Lcom/android/dx/ssa/SsaInsn$Visitor;)V @ 9
Event: 1.734 Thread 0x0000000017f15800 Uncommon trap: reason=class_check action=maybe_recompile pc=0x000000000356b1f0 method=com.android.dx.ssa.NormalSsaInsn.accept(Lcom/android/dx/ssa/SsaInsn$Visitor;)V @ 9
Event: 1.740 Thread 0x0000000017f15800 Uncommon trap: reason=class_check action=maybe_recompile pc=0x000000000357e270 method=com.android.dx.ssa.NormalSsaInsn.accept(Lcom/android/dx/ssa/SsaInsn$Visitor;)V @ 9

Internal exceptions (2 events):
Event: 0.165 Thread 0x0000000003230800 Exception <a 'java/lang/NoSuchMethodError': Method sun.misc.Unsafe.defineClass(Ljava/lang/String;[BII)Ljava/lang/Class; name or signature does not match> (0x00000000eab07cc0) thrown at [D:\re\workspace\8-2-build-windows-amd64-cygwin\jdk8u92\6642\hotspot\srv¡VÄÕ$Å?
Event: 0.165 Thread 0x0000000003230800 Exception <a 'java/lang/NoSuchMethodError': Method sun.misc.Unsafe.prefetchRead(Ljava/lang/Object;J)V name or signature does not match> (0x00000000eab07fa8) thrown at [D:\re\workspace\8-2-build-windows-amd64-cygwin\jdk8u92\6642\hotspot\src\share\vm\prims\j

Events (10 events):
Event: 1.740 Thread 0x0000000017f15800 DEOPT UNPACKING pc=0x000000000337582a sp=0x0000000018b7e520 mode 2
Event: 1.745 Thread 0x0000000017f15800 Thread exited: 0x0000000017f15800
Event: 1.764 Thread 0x0000000018017800 DEOPT PACKING pc=0x00000000036cf1ba sp=0x0000000018d7e5e0
Event: 1.764 Thread 0x0000000018017800 DEOPT UNPACKING pc=0x000000000337787f sp=0x0000000018d7e348 mode 0
Event: 1.765 Thread 0x0000000018017800 DEOPT PACKING pc=0x00000000036cf1ba sp=0x0000000018d7e5e0
Event: 1.765 Thread 0x0000000018017800 DEOPT UNPACKING pc=0x000000000337787f sp=0x0000000018d7e348 mode 0
Event: 1.766 Thread 0x0000000018017800 DEOPT PACKING pc=0x00000000036cf1ba sp=0x0000000018d7e5e0
Event: 1.766 Thread 0x0000000018017800 DEOPT UNPACKING pc=0x000000000337787f sp=0x0000000018d7e348 mode 0
Event: 1.767 Thread 0x0000000018017800 DEOPT PACKING pc=0x00000000036cf1ba sp=0x0000000018d7e5e0
Event: 1.767 Thread 0x0000000018017800 DEOPT UNPACKING pc=0x000000000337787f sp=0x0000000018d7e348 mode 0


Dynamic libraries:
0x00007ff6bf840000 - 0x00007ff6bf877000 	D:\java\JDK\bin\java.exe
0x00007ffa54f30000 - 0x00007ffa55101000 	C:\WINDOWS\SYSTEM32\ntdll.dll
0x00007ffa54e80000 - 0x00007ffa54f2c000 	C:\WINDOWS\System32\KERNEL32.DLL
0x00007ffa514c0000 - 0x00007ffa516dd000 	C:\WINDOWS\System32\KERNELBASE.dll
0x00007ffa526b0000 - 0x00007ffa52752000 	C:\WINDOWS\System32\ADVAPI32.dll
0x00007ffa54a30000 - 0x00007ffa54ace000 	C:\WINDOWS\System32\msvcrt.dll
0x00007ffa545c0000 - 0x00007ffa54619000 	C:\WINDOWS\System32\sechost.dll
0x00007ffa528c0000 - 0x00007ffa529e1000 	C:\WINDOWS\System32\RPCRT4.dll
0x00007ffa54ad0000 - 0x00007ffa54c35000 	C:\WINDOWS\System32\USER32.dll
0x00007ffa519e0000 - 0x00007ffa519fe000 	C:\WINDOWS\System32\win32u.dll
0x00007ffa524c0000 - 0x00007ffa524f4000 	C:\WINDOWS\System32\GDI32.dll
0x00007ffa51850000 - 0x00007ffa519d2000 	C:\WINDOWS\System32\gdi32full.dll
0x00007ffa40940000 - 0x00007ffa40bba000 	C:\WINDOWS\WinSxS\amd64_microsoft.windows.common-controls_6595b64144ccf1df_6.0.14393.953_none_42151e83c686086b\COMCTL32.dll
0x00007ffa546f0000 - 0x00007ffa549b8000 	C:\WINDOWS\System32\combase.dll
0x00007ffa516e0000 - 0x00007ffa517d5000 	C:\WINDOWS\System32\ucrtbase.dll
0x00007ffa517e0000 - 0x00007ffa5184a000 	C:\WINDOWS\System32\bcryptPrimitives.dll
0x00007ffa54590000 - 0x00007ffa545be000 	C:\WINDOWS\System32\IMM32.DLL
0x0000000065060000 - 0x0000000065132000 	D:\java\JDK\jre\bin\msvcr100.dll
0x00000000647c0000 - 0x0000000065056000 	D:\java\JDK\jre\bin\server\jvm.dll
0x00007ffa54620000 - 0x00007ffa54628000 	C:\WINDOWS\System32\PSAPI.DLL
0x00007ffa4f4b0000 - 0x00007ffa4f4d3000 	C:\WINDOWS\SYSTEM32\WINMM.dll
0x00007ffa4eb40000 - 0x00007ffa4eb49000 	C:\WINDOWS\SYSTEM32\WSOCK32.dll
0x00007ffa54e10000 - 0x00007ffa54e7a000 	C:\WINDOWS\System32\WS2_32.dll
0x00007ffa4eaa0000 - 0x00007ffa4eaaa000 	C:\WINDOWS\SYSTEM32\VERSION.dll
0x00007ffa4f1f0000 - 0x00007ffa4f21b000 	C:\WINDOWS\SYSTEM32\WINMMBASE.dll
0x00007ffa51ab0000 - 0x00007ffa51af2000 	C:\WINDOWS\System32\cfgmgr32.dll
0x0000000066440000 - 0x000000006644f000 	D:\java\JDK\jre\bin\verify.dll
0x0000000066410000 - 0x0000000066439000 	D:\java\JDK\jre\bin\java.dll
0x00000000663f0000 - 0x0000000066406000 	D:\java\JDK\jre\bin\zip.dll
0x00007ffa529f0000 - 0x00007ffa53ef8000 	C:\WINDOWS\System32\SHELL32.dll
0x00007ffa51d80000 - 0x00007ffa5245a000 	C:\WINDOWS\System32\windows.storage.dll
0x00007ffa51390000 - 0x00007ffa513dc000 	C:\WINDOWS\System32\powrprof.dll
0x00007ffa54690000 - 0x00007ffa546e2000 	C:\WINDOWS\System32\shlwapi.dll
0x00007ffa513f0000 - 0x00007ffa513ff000 	C:\WINDOWS\System32\kernel.appcore.dll
0x00007ffa51a00000 - 0x00007ffa51aa9000 	C:\WINDOWS\System32\shcore.dll
0x00007ffa51400000 - 0x00007ffa51414000 	C:\WINDOWS\System32\profapi.dll

VM Arguments:
jvm_args: -Djava.awt.headless=true -Xmx1024M -Dfile.encoding=GBK -Duser.country=CN -Duser.language=zh -Duser.variant 
java_command: com.android.dx.command.Main --dex --num-threads=4 --multi-dex --output G:\nav\Navigation\app\build\intermediates\transforms\dex\debug\folders\1000\2\ShareSDK-Facebook-2.8.2_0fa38f6ded270602d462e99ce1fed62bc17e94af G:\nav\Navigation\app\libs\ShareSDK-Facebook-2.8.2.jar
java_class_path (initial): D:\java\SDK\build-tools\25.0.3\lib\dx.jar
Launcher Type: SUN_STANDARD

Environment Variables:
JAVA_HOME=D:\java\JDK
PATH=C:\ProgramData\Oracle\Java\javapath;C:\Program Files (x86)\Tesseract-OCR;C:\Python27\Scripts\;C:\WINDOWS\system32;C:\WINDOWS;C:\WINDOWS\System32\Wbem;C:\WINDOWS\System32\WindowsPowerShell\v1.0\;C:\Program Files\Microsoft SQL Server\110\Tools\Binn\;C:\Program Files\Microsoft SQL Server\120\Tools\Binn\;C:\WINDOWS\system32\config\systemprofile\.dnx\bin;C:\Program Files\Microsoft DNX\Dnvm\;C:\Program Files (x86)\Windows Kits\10\Windows Performance Toolkit\;C:\Python27;D:\Git\bin;C:\Program Files\MATLAB\MATLAB Runtime\v90\bin;C:\Program Files\MATLAB\MATLAB Runtime\v90\runtime\win64;D:\java\JDK\bin;D:\java\JRE\bin;C:\Program Files (x86)\IDM Computer Solutions\UltraEdit;D:\java\SDK\platform-tools;C:\Users\EdwardPC\AppData\Local\Microsoft\WindowsApps;C:\Users\EdwardPC\AppData\Roaming\npm;C:\Python27;C:\Python36;C:\Program Files\SQLite Expert\Personal 4;C:\Python27\Scripts\;C:\Program Files\MATLAB\MATLAB Runtime\v90\bin\win64;C:\Program Files\MATLAB\MATLAB Runtime\v90\bin;D:\java\SDK\platform-tools
USERNAME=EdwardPC
OS=Windows_NT
PROCESSOR_IDENTIFIER=Intel64 Family 6 Model 60 Stepping 3, GenuineIntel



---------------  S Y S T E M  ---------------

OS: Windows 10.0 , 64 bit Build 14393 (10.0.14393.1198)

CPU:total 8 (4 cores per cpu, 2 threads per core) family 6 model 60 stepping 3, cmov, cx8, fxsr, mmx, sse, sse2, sse3, ssse3, sse4.1, sse4.2, popcnt, avx, avx2, aes, clmul, erms, lzcnt, ht, tsc, tscinvbit, bmi1, bmi2

Memory: 4k page, physical 8277272k(981660k free), swap 8277272k(556k free)

vm_info: Java HotSpot(TM) 64-Bit Server VM (25.92-b14) for windows-amd64 JRE (1.8.0_92-b14), built on Mar 31 2016 21:03:04 by "java_re" with MS VC++ 10.0 (VS2010)

time: Fri Jun 09 11:45:16 2017
elapsed time: 1 seconds (0d 0h 0m 1s)

